2019-01-29 09:02:47.263 +0900 - info: 메모리 로딩 시작. - index.js
2019-01-29 09:02:47.267 +0900 - info: 메모리 로딩 완료. - index.js
2019-01-29 09:02:47.269 +0900 - info: 메모리 로딩 시작. - write.js
2019-01-29 09:02:47.269 +0900 - info: 메모리 로딩 완료. - write.js
2019-01-29 09:02:47.271 +0900 - info: 메모리 로딩 시작. - read.js
2019-01-29 09:02:47.271 +0900 - info: 메모리 로딩 완료. - read.js
2019-01-29 09:02:47.277 +0900 - info: 서버 작동. - index.js
2019-01-29 09:03:57.498 +0900 - info: 공통페이지 진입 - app.js
2019-01-29 09:03:57.499 +0900 - info: 세션 아이디 : DzfNcd3kkKOA-v37smtIHBArIBAiRuqy
2019-01-29 09:03:58.450 +0900 - info: 공통페이지 진입 - app.js
2019-01-29 09:03:58.450 +0900 - info: 세션 아이디 : DzfNcd3kkKOA-v37smtIHBArIBAiRuqy
2019-01-29 09:03:59.074 +0900 - info: 공통페이지 진입 - app.js
2019-01-29 09:03:59.074 +0900 - info: 세션 아이디 : DzfNcd3kkKOA-v37smtIHBArIBAiRuqy
2019-01-29 09:03:59.148 +0900 - info: 공통페이지 진입 - app.js
2019-01-29 09:03:59.148 +0900 - info: 세션 아이디 : DzfNcd3kkKOA-v37smtIHBArIBAiRuqy
2019-01-29 09:03:59.180 +0900 - info: 공통페이지 진입 - app.js
2019-01-29 09:03:59.180 +0900 - info: 세션 아이디 : DzfNcd3kkKOA-v37smtIHBArIBAiRuqy
2019-01-29 09:04:03.176 +0900 - info: 공통페이지 진입 - app.js
2019-01-29 09:04:03.176 +0900 - info: 세션 아이디 : DzfNcd3kkKOA-v37smtIHBArIBAiRuqy
2019-01-29 09:15:53.793 +0900 - info: 공통페이지 진입 - app.js
2019-01-29 09:15:53.806 +0900 - info: 세션 아이디 : DzfNcd3kkKOA-v37smtIHBArIBAiRuqy
2019-01-29 09:16:21.823 +0900 - info: 공통페이지 진입 - app.js
2019-01-29 09:16:21.823 +0900 - info: 세션 아이디 : DzfNcd3kkKOA-v37smtIHBArIBAiRuqy
2019-01-29 09:16:49.594 +0900 - info: 공통페이지 진입 - app.js
2019-01-29 09:16:49.594 +0900 - info: 세션 아이디 : DzfNcd3kkKOA-v37smtIHBArIBAiRuqy
2019-01-29 09:19:30.836 +0900 - info: 공통페이지 진입 - app.js
2019-01-29 09:19:30.837 +0900 - info: 세션 아이디 : DzfNcd3kkKOA-v37smtIHBArIBAiRuqy
2019-01-29 09:25:34.016 +0900 - info: 공통페이지 진입 - app.js
2019-01-29 09:25:34.017 +0900 - info: 세션 아이디 : DzfNcd3kkKOA-v37smtIHBArIBAiRuqy
2019-01-29 09:26:43.386 +0900 - info: 공통페이지 진입 - app.js
2019-01-29 09:26:43.386 +0900 - info: 세션 아이디 : DzfNcd3kkKOA-v37smtIHBArIBAiRuqy
2019-01-29 09:27:04.242 +0900 - info: 공통페이지 진입 - app.js
2019-01-29 09:27:04.242 +0900 - info: 세션 아이디 : DzfNcd3kkKOA-v37smtIHBArIBAiRuqy
2019-01-29 09:27:25.604 +0900 - info: 공통페이지 진입 - app.js
2019-01-29 09:27:25.604 +0900 - info: 세션 아이디 : DzfNcd3kkKOA-v37smtIHBArIBAiRuqy
2019-01-29 09:27:45.191 +0900 - info: 공통페이지 진입 - app.js
2019-01-29 09:27:45.191 +0900 - info: 세션 아이디 : DzfNcd3kkKOA-v37smtIHBArIBAiRuqy
2019-01-29 09:30:29.831 +0900 - info: 공통페이지 진입 - app.js
2019-01-29 09:30:29.832 +0900 - info: 세션 아이디 : DzfNcd3kkKOA-v37smtIHBArIBAiRuqy
2019-01-29 09:33:29.189 +0900 - info: 공통페이지 진입 - app.js
2019-01-29 09:33:29.189 +0900 - info: 세션 아이디 : DzfNcd3kkKOA-v37smtIHBArIBAiRuqy
2019-01-29 09:33:29.436 +0900 - info: 공통페이지 진입 - app.js
2019-01-29 09:33:29.436 +0900 - info: 세션 아이디 : DzfNcd3kkKOA-v37smtIHBArIBAiRuqy
2019-01-29 09:33:29.455 +0900 - info: 공통페이지 진입 - app.js
2019-01-29 09:33:29.456 +0900 - info: 세션 아이디 : DzfNcd3kkKOA-v37smtIHBArIBAiRuqy
2019-01-29 09:33:29.480 +0900 - info: 공통페이지 진입 - app.js
2019-01-29 09:33:29.480 +0900 - info: 세션 아이디 : DzfNcd3kkKOA-v37smtIHBArIBAiRuqy
2019-01-29 10:09:44.045 +0900 - info: 공통페이지 진입 - app.js
2019-01-29 10:09:44.045 +0900 - info: 세션 아이디 : DzfNcd3kkKOA-v37smtIHBArIBAiRuqy
2019-01-29 10:09:44.403 +0900 - info: 공통페이지 진입 - app.js
2019-01-29 10:09:44.403 +0900 - info: 세션 아이디 : DzfNcd3kkKOA-v37smtIHBArIBAiRuqy
2019-01-29 10:09:44.423 +0900 - info: 공통페이지 진입 - app.js
2019-01-29 10:09:44.424 +0900 - info: 세션 아이디 : DzfNcd3kkKOA-v37smtIHBArIBAiRuqy
2019-01-29 10:09:44.434 +0900 - info: 공통페이지 진입 - app.js
2019-01-29 10:09:44.435 +0900 - info: 세션 아이디 : DzfNcd3kkKOA-v37smtIHBArIBAiRuqy
2019-01-29 10:09:49.695 +0900 - info: 공통페이지 진입 - app.js
2019-01-29 10:09:49.695 +0900 - info: 세션 아이디 : DzfNcd3kkKOA-v37smtIHBArIBAiRuqy
2019-01-29 10:15:14.835 +0900 - info: 공통페이지 진입 - app.js
2019-01-29 10:15:14.836 +0900 - info: 세션 아이디 : DzfNcd3kkKOA-v37smtIHBArIBAiRuqy
2019-01-29 10:19:43.472 +0900 - info: 공통페이지 진입 - app.js
2019-01-29 10:19:43.472 +0900 - info: 세션 아이디 : DzfNcd3kkKOA-v37smtIHBArIBAiRuqy
2019-01-29 10:41:04.726 +0900 - info: 메모리 로딩 시작. - index.js
2019-01-29 10:41:04.730 +0900 - info: 메모리 로딩 완료. - index.js
2019-01-29 10:41:04.731 +0900 - info: 메모리 로딩 시작. - write.js
2019-01-29 10:41:04.732 +0900 - info: 메모리 로딩 완료. - write.js
2019-01-29 10:41:04.733 +0900 - info: 메모리 로딩 시작. - read.js
2019-01-29 10:41:04.733 +0900 - info: 메모리 로딩 완료. - read.js
2019-01-29 10:41:04.738 +0900 - info: 서버 작동. - index.js
2019-01-29 11:00:09.226 +0900 - info: 메모리 로딩 시작. - index.js
2019-01-29 11:00:09.233 +0900 - info: 메모리 로딩 완료. - index.js
2019-01-29 11:00:09.235 +0900 - info: 메모리 로딩 시작. - write.js
2019-01-29 11:00:09.235 +0900 - info: 메모리 로딩 완료. - write.js
2019-01-29 11:00:09.236 +0900 - info: 메모리 로딩 시작. - read.js
2019-01-29 11:00:09.236 +0900 - info: 메모리 로딩 완료. - read.js
2019-01-29 11:00:09.244 +0900 - info: 서버 작동. - index.js
2019-01-29 11:00:10.069 +0900 - info: 공통페이지 진입 - app.js
2019-01-29 11:00:10.069 +0900 - info: 세션 아이디 : DzfNcd3kkKOA-v37smtIHBArIBAiRuqy
2019-01-29 11:00:10.520 +0900 - info: 공통페이지 진입 - app.js
2019-01-29 11:00:10.520 +0900 - info: 세션 아이디 : DzfNcd3kkKOA-v37smtIHBArIBAiRuqy
2019-01-29 11:01:56.694 +0900 - info: 공통페이지 진입 - app.js
2019-01-29 11:01:56.695 +0900 - info: 세션 아이디 : DzfNcd3kkKOA-v37smtIHBArIBAiRuqy
2019-01-29 11:01:57.064 +0900 - info: 공통페이지 진입 - app.js
2019-01-29 11:01:57.065 +0900 - info: 세션 아이디 : DzfNcd3kkKOA-v37smtIHBArIBAiRuqy
2019-01-29 11:03:41.047 +0900 - info: 공통페이지 진입 - app.js
2019-01-29 11:03:41.047 +0900 - info: 세션 아이디 : DzfNcd3kkKOA-v37smtIHBArIBAiRuqy
2019-01-29 11:03:41.527 +0900 - info: 공통페이지 진입 - app.js
2019-01-29 11:03:41.528 +0900 - info: 세션 아이디 : DzfNcd3kkKOA-v37smtIHBArIBAiRuqy
2019-01-29 11:04:53.810 +0900 - info: 공통페이지 진입 - app.js
2019-01-29 11:04:53.810 +0900 - info: 세션 아이디 : DzfNcd3kkKOA-v37smtIHBArIBAiRuqy
2019-01-29 11:04:54.352 +0900 - info: 공통페이지 진입 - app.js
2019-01-29 11:04:54.352 +0900 - info: 세션 아이디 : DzfNcd3kkKOA-v37smtIHBArIBAiRuqy
2019-01-29 11:18:36.180 +0900 - info: 공통페이지 진입 - app.js
2019-01-29 11:18:36.180 +0900 - info: 세션 아이디 : DzfNcd3kkKOA-v37smtIHBArIBAiRuqy
2019-01-29 11:18:36.724 +0900 - info: 공통페이지 진입 - app.js
2019-01-29 11:18:36.724 +0900 - info: 세션 아이디 : DzfNcd3kkKOA-v37smtIHBArIBAiRuqy
2019-01-29 11:40:53.873 +0900 - info: 메모리 로딩 시작. - index.js
2019-01-29 11:40:53.877 +0900 - info: 메모리 로딩 완료. - index.js
2019-01-29 11:40:53.878 +0900 - info: 메모리 로딩 시작. - write.js
2019-01-29 11:40:53.879 +0900 - info: 메모리 로딩 완료. - write.js
2019-01-29 11:40:53.880 +0900 - info: 메모리 로딩 시작. - read.js
2019-01-29 11:40:53.880 +0900 - info: 메모리 로딩 완료. - read.js
2019-01-29 11:40:53.887 +0900 - info: 서버 작동. - index.js
2019-01-29 11:41:02.725 +0900 - info: 공통페이지 진입 - app.js
2019-01-29 11:41:02.725 +0900 - info: 세션 아이디 : DzfNcd3kkKOA-v37smtIHBArIBAiRuqy
2019-01-29 11:41:03.301 +0900 - info: 공통페이지 진입 - app.js
2019-01-29 11:41:03.301 +0900 - info: 세션 아이디 : DzfNcd3kkKOA-v37smtIHBArIBAiRuqy
2019-01-29 11:41:16.877 +0900 - info: 공통페이지 진입 - app.js
2019-01-29 11:41:16.877 +0900 - info: 세션 아이디 : DzfNcd3kkKOA-v37smtIHBArIBAiRuqy
2019-01-29 11:41:16.878 +0900 - info: 대분류 저장 진입  - /write/bigwritesave - write.js 
2019-01-29 11:41:16.879 +0900 - info: 영상
2019-01-29 11:41:16.879 +0900 - info:  
2019-01-29 11:41:16.879 +0900 - info: 제목제목
2019-01-29 11:41:16.879 +0900 - info: true
2019-01-29 11:41:16.880 +0900 - info: true
2019-01-29 11:41:16.880 +0900 - info: 0
2019-01-29 11:41:16.880 +0900 - info: #설명 : <br><br> #학습대상 : <br><br> #학습목표 : <br><br> #레벨: <br><br>
2019-01-29 11:41:42.538 +0900 - info: 공통페이지 진입 - app.js
2019-01-29 11:41:42.538 +0900 - info: 세션 아이디 : DzfNcd3kkKOA-v37smtIHBArIBAiRuqy
2019-01-29 11:41:42.538 +0900 - info: 대분류 저장 진입  - /write/bigwritesave - write.js 
2019-01-29 11:41:42.539 +0900 - info: 영상
2019-01-29 11:41:42.539 +0900 - info: #
2019-01-29 11:41:42.539 +0900 - info: 제목제목
2019-01-29 11:41:42.539 +0900 - info: true
2019-01-29 11:41:42.540 +0900 - info: true
2019-01-29 11:41:42.540 +0900 - info: 0
2019-01-29 11:41:42.540 +0900 - info: #설명 : <br><br> #학습대상 : <br><br> #학습목표 : <br><br> #레벨: <br><br>
2019-01-29 11:42:45.869 +0900 - info: 공통페이지 진입 - app.js
2019-01-29 11:42:45.869 +0900 - info: 세션 아이디 : DzfNcd3kkKOA-v37smtIHBArIBAiRuqy
2019-01-29 11:42:46.395 +0900 - info: 공통페이지 진입 - app.js
2019-01-29 11:42:46.395 +0900 - info: 세션 아이디 : DzfNcd3kkKOA-v37smtIHBArIBAiRuqy
2019-01-29 11:42:54.848 +0900 - info: 공통페이지 진입 - app.js
2019-01-29 11:42:54.849 +0900 - info: 세션 아이디 : DzfNcd3kkKOA-v37smtIHBArIBAiRuqy
2019-01-29 11:42:54.849 +0900 - info: 대분류 저장 진입  - /write/bigwritesave - write.js 
2019-01-29 11:42:54.849 +0900 - info: 영상
2019-01-29 11:42:54.850 +0900 - info: #
2019-01-29 11:42:54.850 +0900 - info: 1234
2019-01-29 11:42:54.850 +0900 - info: false
2019-01-29 11:42:54.850 +0900 - info: false
2019-01-29 11:42:54.850 +0900 - info: 0
2019-01-29 11:42:54.850 +0900 - info: #설명 : <br><br> #학습대상 : <br><br> #학습목표 : <br><br> #레벨: <br><br>
2019-01-29 13:05:45.173 +0900 - info: 메모리 로딩 시작. - index.js
2019-01-29 13:05:45.178 +0900 - info: 메모리 로딩 완료. - index.js
2019-01-29 13:05:45.179 +0900 - info: 메모리 로딩 시작. - write.js
2019-01-29 13:05:45.180 +0900 - info: 메모리 로딩 완료. - write.js
2019-01-29 13:05:45.181 +0900 - info: 메모리 로딩 시작. - read.js
2019-01-29 13:05:45.181 +0900 - info: 메모리 로딩 완료. - read.js
2019-01-29 13:05:45.187 +0900 - info: 서버 작동. - index.js
2019-01-29 13:05:52.611 +0900 - info: 공통페이지 진입 - app.js
2019-01-29 13:05:52.611 +0900 - info: 세션 아이디 : DzfNcd3kkKOA-v37smtIHBArIBAiRuqy
2019-01-29 13:05:53.376 +0900 - info: 공통페이지 진입 - app.js
2019-01-29 13:05:53.376 +0900 - info: 세션 아이디 : DzfNcd3kkKOA-v37smtIHBArIBAiRuqy
2019-01-29 13:05:53.580 +0900 - info: 공통페이지 진입 - app.js
2019-01-29 13:05:53.580 +0900 - info: 세션 아이디 : DzfNcd3kkKOA-v37smtIHBArIBAiRuqy
2019-01-29 13:05:53.633 +0900 - info: 공통페이지 진입 - app.js
2019-01-29 13:05:53.633 +0900 - info: 세션 아이디 : DzfNcd3kkKOA-v37smtIHBArIBAiRuqy
2019-01-29 13:05:55.875 +0900 - info: 공통페이지 진입 - app.js
2019-01-29 13:05:55.875 +0900 - info: 세션 아이디 : DzfNcd3kkKOA-v37smtIHBArIBAiRuqy
2019-01-29 13:07:00.313 +0900 - info: 공통페이지 진입 - app.js
2019-01-29 13:07:00.315 +0900 - info: 세션 아이디 : DzfNcd3kkKOA-v37smtIHBArIBAiRuqy
2019-01-29 13:18:34.332 +0900 - info: 메모리 로딩 시작. - index.js
2019-01-29 13:18:34.336 +0900 - info: 메모리 로딩 완료. - index.js
2019-01-29 13:18:34.386 +0900 - info: 메모리 로딩 시작. - write.js
2019-01-29 13:18:34.387 +0900 - info: 메모리 로딩 완료. - write.js
2019-01-29 13:18:34.389 +0900 - info: 메모리 로딩 시작. - read.js
2019-01-29 13:18:34.389 +0900 - info: 메모리 로딩 완료. - read.js
2019-01-29 13:18:34.394 +0900 - info: 서버 작동. - index.js
2019-01-29 13:18:41.347 +0900 - info: 공통페이지 진입 - app.js
2019-01-29 13:18:41.348 +0900 - info: 세션 아이디 : DzfNcd3kkKOA-v37smtIHBArIBAiRuqy
2019-01-29 13:18:41.923 +0900 - info: 공통페이지 진입 - app.js
2019-01-29 13:18:41.924 +0900 - info: 세션 아이디 : DzfNcd3kkKOA-v37smtIHBArIBAiRuqy
2019-01-29 13:18:52.651 +0900 - info: 공통페이지 진입 - app.js
2019-01-29 13:18:52.651 +0900 - info: 세션 아이디 : DzfNcd3kkKOA-v37smtIHBArIBAiRuqy
2019-01-29 13:18:52.652 +0900 - info: 대분류 저장 진입  - /write/bigwritesave - write.js 
2019-01-29 13:18:52.653 +0900 - info: 영상
2019-01-29 13:18:52.653 +0900 - info: #
2019-01-29 13:18:52.653 +0900 - info: 121212
2019-01-29 13:18:52.653 +0900 - info: false
2019-01-29 13:18:52.653 +0900 - info: false
2019-01-29 13:18:52.653 +0900 - info: 0
2019-01-29 13:18:52.654 +0900 - info: #설명 : <br><br> #학습대상 : <br><br> #학습목표 : <br><br> #레벨: <br><br>
2019-01-29 13:29:59.201 +0900 - info: 메모리 로딩 시작. - index.js
2019-01-29 13:29:59.206 +0900 - info: 메모리 로딩 완료. - index.js
2019-01-29 13:29:59.247 +0900 - info: 메모리 로딩 시작. - write.js
2019-01-29 13:29:59.248 +0900 - info: 메모리 로딩 완료. - write.js
2019-01-29 13:29:59.249 +0900 - info: 메모리 로딩 시작. - read.js
2019-01-29 13:29:59.249 +0900 - info: 메모리 로딩 완료. - read.js
2019-01-29 13:29:59.254 +0900 - info: 서버 작동. - index.js
2019-01-29 13:30:04.720 +0900 - info: 공통페이지 진입 - app.js
2019-01-29 13:30:04.720 +0900 - info: 세션 아이디 : DzfNcd3kkKOA-v37smtIHBArIBAiRuqy
2019-01-29 13:30:05.326 +0900 - info: 공통페이지 진입 - app.js
2019-01-29 13:30:05.327 +0900 - info: 세션 아이디 : DzfNcd3kkKOA-v37smtIHBArIBAiRuqy
2019-01-29 13:36:52.851 +0900 - info: 메모리 로딩 시작. - index.js
2019-01-29 13:36:52.855 +0900 - info: 메모리 로딩 완료. - index.js
2019-01-29 13:36:52.894 +0900 - info: 메모리 로딩 시작. - write.js
2019-01-29 13:36:52.894 +0900 - info: 메모리 로딩 완료. - write.js
2019-01-29 13:36:52.896 +0900 - info: 메모리 로딩 시작. - read.js
2019-01-29 13:36:52.897 +0900 - info: 메모리 로딩 완료. - read.js
2019-01-29 13:36:52.903 +0900 - info: 서버 작동. - index.js
2019-01-29 13:36:57.538 +0900 - info: 공통페이지 진입 - app.js
2019-01-29 13:36:57.538 +0900 - info: 세션 아이디 : DzfNcd3kkKOA-v37smtIHBArIBAiRuqy
2019-01-29 13:36:58.092 +0900 - info: 공통페이지 진입 - app.js
2019-01-29 13:36:58.092 +0900 - info: 세션 아이디 : DzfNcd3kkKOA-v37smtIHBArIBAiRuqy
2019-01-29 15:06:13.985 +0900 - info: 메모리 로딩 시작. - index.js
2019-01-29 15:06:13.990 +0900 - info: 메모리 로딩 완료. - index.js
2019-01-29 15:06:14.033 +0900 - info: 메모리 로딩 시작. - write.js
2019-01-29 15:06:14.034 +0900 - info: 메모리 로딩 완료. - write.js
2019-01-29 15:06:14.035 +0900 - info: 메모리 로딩 시작. - read.js
2019-01-29 15:06:14.035 +0900 - info: 메모리 로딩 완료. - read.js
2019-01-29 15:06:14.042 +0900 - info: 서버 작동. - index.js
2019-01-29 15:06:18.696 +0900 - info: 공통페이지 진입 - app.js
2019-01-29 15:06:18.696 +0900 - info: 세션 아이디 : DzfNcd3kkKOA-v37smtIHBArIBAiRuqy
2019-01-29 15:06:19.474 +0900 - info: 공통페이지 진입 - app.js
2019-01-29 15:06:19.475 +0900 - info: 세션 아이디 : DzfNcd3kkKOA-v37smtIHBArIBAiRuqy
2019-01-29 15:06:19.660 +0900 - info: 공통페이지 진입 - app.js
2019-01-29 15:06:19.660 +0900 - info: 세션 아이디 : DzfNcd3kkKOA-v37smtIHBArIBAiRuqy
2019-01-29 15:06:19.714 +0900 - info: 공통페이지 진입 - app.js
2019-01-29 15:06:19.714 +0900 - info: 세션 아이디 : DzfNcd3kkKOA-v37smtIHBArIBAiRuqy
2019-01-29 15:06:21.057 +0900 - info: 공통페이지 진입 - app.js
2019-01-29 15:06:21.057 +0900 - info: 세션 아이디 : DzfNcd3kkKOA-v37smtIHBArIBAiRuqy
2019-01-29 15:06:30.655 +0900 - info: 공통페이지 진입 - app.js
2019-01-29 15:06:30.656 +0900 - info: 세션 아이디 : DzfNcd3kkKOA-v37smtIHBArIBAiRuqy
2019-01-29 15:20:30.707 +0900 - info: 메모리 로딩 시작. - index.js
2019-01-29 15:20:30.711 +0900 - info: 메모리 로딩 완료. - index.js
2019-01-29 15:20:30.762 +0900 - info: 메모리 로딩 시작. - write.js
2019-01-29 15:20:30.763 +0900 - info: 메모리 로딩 완료. - write.js
2019-01-29 15:20:30.765 +0900 - info: 메모리 로딩 시작. - read.js
2019-01-29 15:20:30.765 +0900 - info: 메모리 로딩 완료. - read.js
2019-01-29 15:20:30.775 +0900 - info: 서버 작동. - index.js
2019-01-29 15:21:12.961 +0900 - info: 공통페이지 진입 - app.js
2019-01-29 15:21:12.961 +0900 - info: 세션 아이디 : DzfNcd3kkKOA-v37smtIHBArIBAiRuqy
2019-01-29 15:21:13.365 +0900 - info: 공통페이지 진입 - app.js
2019-01-29 15:21:13.365 +0900 - info: 세션 아이디 : DzfNcd3kkKOA-v37smtIHBArIBAiRuqy
2019-01-29 15:31:34.534 +0900 - info: 공통페이지 진입 - app.js
2019-01-29 15:31:34.536 +0900 - info: 세션 아이디 : DzfNcd3kkKOA-v37smtIHBArIBAiRuqy
2019-01-29 15:31:34.947 +0900 - info: 공통페이지 진입 - app.js
2019-01-29 15:31:34.948 +0900 - info: 세션 아이디 : DzfNcd3kkKOA-v37smtIHBArIBAiRuqy
2019-01-29 15:32:03.933 +0900 - info: 공통페이지 진입 - app.js
2019-01-29 15:32:03.934 +0900 - info: 세션 아이디 : DzfNcd3kkKOA-v37smtIHBArIBAiRuqy
2019-01-29 15:32:04.383 +0900 - info: 공통페이지 진입 - app.js
2019-01-29 15:32:04.383 +0900 - info: 세션 아이디 : DzfNcd3kkKOA-v37smtIHBArIBAiRuqy
2019-01-29 15:40:40.637 +0900 - info: 메모리 로딩 시작. - index.js
2019-01-29 15:40:40.641 +0900 - info: 메모리 로딩 완료. - index.js
2019-01-29 15:40:40.685 +0900 - info: 메모리 로딩 시작. - write.js
2019-01-29 15:40:40.685 +0900 - info: 메모리 로딩 완료. - write.js
2019-01-29 15:40:40.687 +0900 - info: 메모리 로딩 시작. - read.js
2019-01-29 15:40:40.687 +0900 - info: 메모리 로딩 완료. - read.js
2019-01-29 15:40:40.693 +0900 - info: 서버 작동. - index.js
2019-01-29 15:41:31.244 +0900 - info: 공통페이지 진입 - app.js
2019-01-29 15:41:31.244 +0900 - info: 세션 아이디 : DzfNcd3kkKOA-v37smtIHBArIBAiRuqy
2019-01-29 15:41:31.635 +0900 - info: 공통페이지 진입 - app.js
2019-01-29 15:41:31.635 +0900 - info: 세션 아이디 : DzfNcd3kkKOA-v37smtIHBArIBAiRuqy
2019-01-29 15:41:38.617 +0900 - info: 공통페이지 진입 - app.js
2019-01-29 15:43:03.256 +0900 - info: 메모리 로딩 시작. - index.js
2019-01-29 15:43:03.260 +0900 - info: 메모리 로딩 완료. - index.js
2019-01-29 15:43:03.304 +0900 - info: 메모리 로딩 시작. - write.js
2019-01-29 15:43:03.305 +0900 - info: 메모리 로딩 완료. - write.js
2019-01-29 15:43:03.306 +0900 - info: 메모리 로딩 시작. - read.js
2019-01-29 15:43:03.306 +0900 - info: 메모리 로딩 완료. - read.js
2019-01-29 15:43:03.313 +0900 - info: 서버 작동. - index.js
2019-01-29 15:43:06.626 +0900 - info: 공통페이지 진입 - app.js
2019-01-29 15:43:06.626 +0900 - info: 세션 아이디 : DzfNcd3kkKOA-v37smtIHBArIBAiRuqy
2019-01-29 15:43:07.139 +0900 - info: 공통페이지 진입 - app.js
2019-01-29 15:43:07.139 +0900 - info: 세션 아이디 : DzfNcd3kkKOA-v37smtIHBArIBAiRuqy
2019-01-29 15:43:17.288 +0900 - info: 공통페이지 진입 - app.js
2019-01-29 15:43:17.288 +0900 - info: 세션 아이디 : DzfNcd3kkKOA-v37smtIHBArIBAiRuqy
2019-01-29 15:43:17.300 +0900 - info: 대분류 저장 진입  - /write/bigwritesaveimage - write.js 
2019-01-29 15:49:32.903 +0900 - info: 메모리 로딩 시작. - index.js
2019-01-29 15:49:32.907 +0900 - info: 메모리 로딩 완료. - index.js
2019-01-29 15:49:32.950 +0900 - info: 메모리 로딩 시작. - write.js
2019-01-29 15:49:32.951 +0900 - info: 메모리 로딩 완료. - write.js
2019-01-29 15:49:32.953 +0900 - info: 메모리 로딩 시작. - read.js
2019-01-29 15:49:32.953 +0900 - info: 메모리 로딩 완료. - read.js
2019-01-29 15:49:32.959 +0900 - info: 서버 작동. - index.js
2019-01-29 15:49:38.631 +0900 - info: 공통페이지 진입 - app.js
2019-01-29 15:49:38.631 +0900 - info: 세션 아이디 : DzfNcd3kkKOA-v37smtIHBArIBAiRuqy
2019-01-29 15:49:39.088 +0900 - info: 공통페이지 진입 - app.js
2019-01-29 15:49:39.089 +0900 - info: 세션 아이디 : DzfNcd3kkKOA-v37smtIHBArIBAiRuqy
2019-01-29 15:49:50.487 +0900 - info: 공통페이지 진입 - app.js
2019-01-29 15:49:50.487 +0900 - info: 세션 아이디 : DzfNcd3kkKOA-v37smtIHBArIBAiRuqy
2019-01-29 15:49:50.496 +0900 - info: 대분류 이미지 저장 진입  - /write/bigwritesaveimage - write.js 
2019-01-29 15:51:38.489 +0900 - info: 메모리 로딩 시작. - index.js
2019-01-29 15:51:38.492 +0900 - info: 메모리 로딩 완료. - index.js
2019-01-29 15:51:38.535 +0900 - info: 메모리 로딩 시작. - write.js
2019-01-29 15:51:38.536 +0900 - info: 메모리 로딩 완료. - write.js
2019-01-29 15:51:38.538 +0900 - info: 메모리 로딩 시작. - read.js
2019-01-29 15:51:38.539 +0900 - info: 메모리 로딩 완료. - read.js
2019-01-29 15:51:38.545 +0900 - info: 서버 작동. - index.js
2019-01-29 15:51:46.529 +0900 - info: 공통페이지 진입 - app.js
2019-01-29 15:51:46.530 +0900 - info: 세션 아이디 : DzfNcd3kkKOA-v37smtIHBArIBAiRuqy
2019-01-29 15:51:47.114 +0900 - info: 공통페이지 진입 - app.js
2019-01-29 15:51:47.114 +0900 - info: 세션 아이디 : DzfNcd3kkKOA-v37smtIHBArIBAiRuqy
2019-01-29 15:51:56.891 +0900 - info: 공통페이지 진입 - app.js
2019-01-29 15:51:56.891 +0900 - info: 세션 아이디 : DzfNcd3kkKOA-v37smtIHBArIBAiRuqy
2019-01-29 15:51:56.901 +0900 - info: 대분류 이미지 저장 진입  - /write/bigwritesaveimage - write.js 
2019-01-29 15:51:56.951 +0900 - info: 공통페이지 진입 - app.js
2019-01-29 15:51:56.951 +0900 - info: 세션 아이디 : DzfNcd3kkKOA-v37smtIHBArIBAiRuqy
2019-01-29 15:51:56.952 +0900 - info: 대분류 저장 진입  - /write/bigwritesave - write.js 
2019-01-29 15:51:56.952 +0900 - info: 영상
2019-01-29 15:51:56.952 +0900 - info: #
2019-01-29 15:51:56.952 +0900 - info: 568867
2019-01-29 15:51:56.952 +0900 - info: false
2019-01-29 15:51:56.953 +0900 - info: false
2019-01-29 15:51:56.953 +0900 - info: 0
2019-01-29 15:51:56.953 +0900 - info: #설명 : <br><br> #학습대상 : <br><br> #학습목표 : <br><br> #레벨: <br><br>
2019-01-29 15:52:56.251 +0900 - info: 메모리 로딩 시작. - index.js
2019-01-29 15:52:56.257 +0900 - info: 메모리 로딩 완료. - index.js
2019-01-29 15:52:56.299 +0900 - info: 메모리 로딩 시작. - write.js
2019-01-29 15:52:56.300 +0900 - info: 메모리 로딩 완료. - write.js
2019-01-29 15:52:56.301 +0900 - info: 메모리 로딩 시작. - read.js
2019-01-29 15:52:56.301 +0900 - info: 메모리 로딩 완료. - read.js
2019-01-29 15:52:56.307 +0900 - info: 서버 작동. - index.js
2019-01-29 15:52:59.596 +0900 - info: 공통페이지 진입 - app.js
2019-01-29 15:52:59.596 +0900 - info: 세션 아이디 : DzfNcd3kkKOA-v37smtIHBArIBAiRuqy
2019-01-29 15:53:00.040 +0900 - info: 공통페이지 진입 - app.js
2019-01-29 15:53:00.041 +0900 - info: 세션 아이디 : DzfNcd3kkKOA-v37smtIHBArIBAiRuqy
2019-01-29 15:53:02.067 +0900 - info: 공통페이지 진입 - app.js
2019-01-29 15:53:02.068 +0900 - info: 세션 아이디 : DzfNcd3kkKOA-v37smtIHBArIBAiRuqy
2019-01-29 15:53:02.375 +0900 - info: 공통페이지 진입 - app.js
2019-01-29 15:53:02.375 +0900 - info: 세션 아이디 : DzfNcd3kkKOA-v37smtIHBArIBAiRuqy
2019-01-29 15:53:14.490 +0900 - info: 공통페이지 진입 - app.js
2019-01-29 15:53:14.490 +0900 - info: 세션 아이디 : DzfNcd3kkKOA-v37smtIHBArIBAiRuqy
2019-01-29 15:53:14.500 +0900 - info: 대분류 이미지 저장 진입  - /write/bigwritesaveimage - write.js 
2019-01-29 15:53:14.533 +0900 - info: 공통페이지 진입 - app.js
2019-01-29 15:53:14.534 +0900 - info: 세션 아이디 : DzfNcd3kkKOA-v37smtIHBArIBAiRuqy
2019-01-29 15:53:14.534 +0900 - info: 대분류 저장 진입  - /write/bigwritesave - write.js 
2019-01-29 15:53:14.534 +0900 - info: 영상
2019-01-29 15:53:14.534 +0900 - info: #
2019-01-29 15:53:14.534 +0900 - info: ㅛㅕㅛㅕㅛㅕㅛㅕㅛㅕ
2019-01-29 15:53:14.535 +0900 - info: false
2019-01-29 15:53:14.535 +0900 - info: false
2019-01-29 15:53:14.535 +0900 - info: 0
2019-01-29 15:53:14.535 +0900 - info: #설명 : <br><br> #학습대상 : <br><br> #학습목표 : <br><br> #레벨: <br><br>
2019-01-29 15:57:03.424 +0900 - info: 메모리 로딩 시작. - index.js
2019-01-29 15:57:03.429 +0900 - info: 메모리 로딩 완료. - index.js
2019-01-29 15:57:03.473 +0900 - info: 메모리 로딩 시작. - write.js
2019-01-29 15:57:03.474 +0900 - info: 메모리 로딩 완료. - write.js
2019-01-29 15:57:03.476 +0900 - info: 메모리 로딩 시작. - read.js
2019-01-29 15:57:03.476 +0900 - info: 메모리 로딩 완료. - read.js
2019-01-29 15:57:03.481 +0900 - info: 서버 작동. - index.js
2019-01-29 15:57:11.799 +0900 - info: 메모리 로딩 시작. - index.js
2019-01-29 15:57:11.803 +0900 - info: 메모리 로딩 완료. - index.js
2019-01-29 15:57:11.829 +0900 - info: 메모리 로딩 시작. - write.js
2019-01-29 15:57:11.830 +0900 - info: 메모리 로딩 완료. - write.js
2019-01-29 15:57:11.831 +0900 - info: 메모리 로딩 시작. - read.js
2019-01-29 15:57:11.831 +0900 - info: 메모리 로딩 완료. - read.js
2019-01-29 15:57:11.835 +0900 - info: 서버 작동. - index.js
2019-01-29 15:57:16.129 +0900 - info: 공통페이지 진입 - app.js
2019-01-29 15:57:16.129 +0900 - info: 세션 아이디 : DzfNcd3kkKOA-v37smtIHBArIBAiRuqy
2019-01-29 15:57:16.516 +0900 - info: 공통페이지 진입 - app.js
2019-01-29 15:57:16.516 +0900 - info: 세션 아이디 : DzfNcd3kkKOA-v37smtIHBArIBAiRuqy
2019-01-29 15:57:24.553 +0900 - info: 공통페이지 진입 - app.js
2019-01-29 15:57:24.554 +0900 - info: 세션 아이디 : DzfNcd3kkKOA-v37smtIHBArIBAiRuqy
2019-01-29 15:57:24.563 +0900 - info: 대분류 이미지 저장 진입  - /write/bigwritesaveimage - write.js 
2019-01-29 15:58:10.548 +0900 - info: 메모리 로딩 시작. - index.js
2019-01-29 15:58:10.552 +0900 - info: 메모리 로딩 완료. - index.js
2019-01-29 15:58:10.594 +0900 - info: 메모리 로딩 시작. - write.js
2019-01-29 15:58:10.594 +0900 - info: 메모리 로딩 완료. - write.js
2019-01-29 15:58:10.595 +0900 - info: 메모리 로딩 시작. - read.js
2019-01-29 15:58:10.596 +0900 - info: 메모리 로딩 완료. - read.js
2019-01-29 15:58:10.602 +0900 - info: 서버 작동. - index.js
2019-01-29 15:58:18.112 +0900 - info: 공통페이지 진입 - app.js
2019-01-29 15:58:18.113 +0900 - info: 세션 아이디 : DzfNcd3kkKOA-v37smtIHBArIBAiRuqy
2019-01-29 15:58:18.591 +0900 - info: 공통페이지 진입 - app.js
2019-01-29 15:58:18.591 +0900 - info: 세션 아이디 : DzfNcd3kkKOA-v37smtIHBArIBAiRuqy
2019-01-29 15:58:30.814 +0900 - info: 공통페이지 진입 - app.js
2019-01-29 15:58:30.815 +0900 - info: 세션 아이디 : DzfNcd3kkKOA-v37smtIHBArIBAiRuqy
2019-01-29 15:58:30.823 +0900 - info: 대분류 이미지 저장 진입  - /write/bigwritesaveimage - write.js 
2019-01-29 15:58:30.929 +0900 - info: 공통페이지 진입 - app.js
2019-01-29 15:58:30.929 +0900 - info: 세션 아이디 : DzfNcd3kkKOA-v37smtIHBArIBAiRuqy
2019-01-29 15:58:30.930 +0900 - info: 대분류 저장 진입  - /write/bigwritesave - write.js 
2019-01-29 15:58:30.930 +0900 - info: 영상
2019-01-29 15:58:30.930 +0900 - info: #
2019-01-29 15:58:30.930 +0900 - info: 565656
2019-01-29 15:58:30.930 +0900 - info: false
2019-01-29 15:58:30.931 +0900 - info: false
2019-01-29 15:58:30.931 +0900 - info: 0
2019-01-29 15:58:30.931 +0900 - info: #설명 : <br><br> #학습대상 : <br><br> #학습목표 : <br><br> #레벨: <br><br>
2019-01-29 16:03:05.953 +0900 - info: 메모리 로딩 시작. - index.js
2019-01-29 16:03:05.957 +0900 - info: 메모리 로딩 완료. - index.js
2019-01-29 16:03:06.002 +0900 - info: 메모리 로딩 시작. - write.js
2019-01-29 16:03:06.003 +0900 - info: 메모리 로딩 완료. - write.js
2019-01-29 16:03:06.005 +0900 - info: 메모리 로딩 시작. - read.js
2019-01-29 16:03:06.005 +0900 - info: 메모리 로딩 완료. - read.js
2019-01-29 16:03:06.010 +0900 - info: 서버 작동. - index.js
2019-01-29 16:03:14.782 +0900 - info: 공통페이지 진입 - app.js
2019-01-29 16:03:14.783 +0900 - info: 세션 아이디 : DzfNcd3kkKOA-v37smtIHBArIBAiRuqy
2019-01-29 16:03:15.175 +0900 - info: 공통페이지 진입 - app.js
2019-01-29 16:03:15.176 +0900 - info: 세션 아이디 : DzfNcd3kkKOA-v37smtIHBArIBAiRuqy
2019-01-29 16:03:23.433 +0900 - info: 공통페이지 진입 - app.js
2019-01-29 16:03:23.434 +0900 - info: 세션 아이디 : DzfNcd3kkKOA-v37smtIHBArIBAiRuqy
2019-01-29 16:03:23.443 +0900 - info: 대분류 이미지 저장 진입  - /write/bigwritesaveimage - write.js 
2019-01-29 16:03:23.559 +0900 - info: 공통페이지 진입 - app.js
2019-01-29 16:03:23.559 +0900 - info: 세션 아이디 : DzfNcd3kkKOA-v37smtIHBArIBAiRuqy
2019-01-29 16:03:23.560 +0900 - info: 대분류 저장 진입  - /write/bigwritesave - write.js 
2019-01-29 16:03:23.560 +0900 - info: 글
2019-01-29 16:03:23.560 +0900 - info: #
2019-01-29 16:03:23.560 +0900 - info: ㅁㄴㅇㄹ
2019-01-29 16:03:23.560 +0900 - info: false
2019-01-29 16:03:23.560 +0900 - info: false
2019-01-29 16:03:23.562 +0900 - info: 0
2019-01-29 16:03:23.562 +0900 - info: #설명 : <br><br> #학습대상 : <br><br> #학습목표 : <br><br> #레벨: <br><br>
2019-01-29 16:03:58.054 +0900 - info: 메모리 로딩 시작. - index.js
2019-01-29 16:03:58.059 +0900 - info: 메모리 로딩 완료. - index.js
2019-01-29 16:03:58.099 +0900 - info: 메모리 로딩 시작. - write.js
2019-01-29 16:03:58.100 +0900 - info: 메모리 로딩 완료. - write.js
2019-01-29 16:03:58.102 +0900 - info: 메모리 로딩 시작. - read.js
2019-01-29 16:03:58.102 +0900 - info: 메모리 로딩 완료. - read.js
2019-01-29 16:03:58.108 +0900 - info: 서버 작동. - index.js
2019-01-29 16:04:09.804 +0900 - info: 공통페이지 진입 - app.js
2019-01-29 16:04:09.805 +0900 - info: 세션 아이디 : DzfNcd3kkKOA-v37smtIHBArIBAiRuqy
2019-01-29 16:04:10.263 +0900 - info: 공통페이지 진입 - app.js
2019-01-29 16:04:10.263 +0900 - info: 세션 아이디 : DzfNcd3kkKOA-v37smtIHBArIBAiRuqy
2019-01-29 16:04:18.841 +0900 - info: 공통페이지 진입 - app.js
2019-01-29 16:04:18.841 +0900 - info: 세션 아이디 : DzfNcd3kkKOA-v37smtIHBArIBAiRuqy
2019-01-29 16:04:18.851 +0900 - info: 대분류 이미지 저장 진입  - /write/bigwritesaveimage - write.js 
2019-01-29 16:04:18.866 +0900 - info: 공통페이지 진입 - app.js
2019-01-29 16:04:18.867 +0900 - info: 세션 아이디 : DzfNcd3kkKOA-v37smtIHBArIBAiRuqy
2019-01-29 16:04:18.867 +0900 - info: 대분류 저장 진입  - /write/bigwritesave - write.js 
2019-01-29 16:04:18.867 +0900 - info: 영상
2019-01-29 16:04:18.868 +0900 - info: #
2019-01-29 16:04:18.868 +0900 - info: ㅇㄹ
2019-01-29 16:04:18.868 +0900 - info: false
2019-01-29 16:04:18.868 +0900 - info: false
2019-01-29 16:04:18.869 +0900 - info: 0
2019-01-29 16:04:18.869 +0900 - info: #설명 : <br><br> #학습대상 : <br><br> #학습목표 : <br><br> #레벨: <br><br>
2019-01-29 16:05:01.367 +0900 - info: 메모리 로딩 시작. - index.js
2019-01-29 16:05:01.371 +0900 - info: 메모리 로딩 완료. - index.js
2019-01-29 16:05:01.412 +0900 - info: 메모리 로딩 시작. - write.js
2019-01-29 16:05:01.413 +0900 - info: 메모리 로딩 완료. - write.js
2019-01-29 16:05:01.414 +0900 - info: 메모리 로딩 시작. - read.js
2019-01-29 16:05:01.414 +0900 - info: 메모리 로딩 완료. - read.js
2019-01-29 16:05:01.420 +0900 - info: 서버 작동. - index.js
2019-01-29 16:05:10.475 +0900 - info: 공통페이지 진입 - app.js
2019-01-29 16:05:10.476 +0900 - info: 세션 아이디 : DzfNcd3kkKOA-v37smtIHBArIBAiRuqy
2019-01-29 16:05:10.934 +0900 - info: 공통페이지 진입 - app.js
2019-01-29 16:05:10.935 +0900 - info: 세션 아이디 : DzfNcd3kkKOA-v37smtIHBArIBAiRuqy
2019-01-29 16:05:18.225 +0900 - info: 공통페이지 진입 - app.js
2019-01-29 16:05:18.225 +0900 - info: 세션 아이디 : DzfNcd3kkKOA-v37smtIHBArIBAiRuqy
2019-01-29 16:05:18.236 +0900 - info: 대분류 이미지 저장 진입  - /write/bigwritesaveimage - write.js 
2019-01-29 16:05:18.328 +0900 - info: 공통페이지 진입 - app.js
2019-01-29 16:05:18.328 +0900 - info: 세션 아이디 : DzfNcd3kkKOA-v37smtIHBArIBAiRuqy
2019-01-29 16:05:18.328 +0900 - info: 대분류 저장 진입  - /write/bigwritesave - write.js 
2019-01-29 16:05:18.328 +0900 - info: 글
2019-01-29 16:05:18.328 +0900 - info: #
2019-01-29 16:05:18.329 +0900 - info: ㅁㄴㅇㄹ
2019-01-29 16:05:18.329 +0900 - info: false
2019-01-29 16:05:18.329 +0900 - info: false
2019-01-29 16:05:18.329 +0900 - info: 0
2019-01-29 16:05:18.329 +0900 - info: #설명 : <br><br> #학습대상 : <br><br> #학습목표 : <br><br> #레벨: <br><br>
2019-01-29 16:06:37.332 +0900 - info: 메모리 로딩 시작. - index.js
2019-01-29 16:06:37.336 +0900 - info: 메모리 로딩 완료. - index.js
2019-01-29 16:06:37.363 +0900 - info: 메모리 로딩 시작. - write.js
2019-01-29 16:06:37.364 +0900 - info: 메모리 로딩 완료. - write.js
2019-01-29 16:06:37.364 +0900 - info: 메모리 로딩 시작. - read.js
2019-01-29 16:06:37.365 +0900 - info: 메모리 로딩 완료. - read.js
2019-01-29 16:06:37.369 +0900 - info: 서버 작동. - index.js
2019-01-29 16:06:45.752 +0900 - info: 공통페이지 진입 - app.js
2019-01-29 16:06:45.752 +0900 - info: 세션 아이디 : DzfNcd3kkKOA-v37smtIHBArIBAiRuqy
2019-01-29 16:06:46.210 +0900 - info: 공통페이지 진입 - app.js
2019-01-29 16:06:46.211 +0900 - info: 세션 아이디 : DzfNcd3kkKOA-v37smtIHBArIBAiRuqy
2019-01-29 16:06:53.838 +0900 - info: 공통페이지 진입 - app.js
2019-01-29 16:06:53.838 +0900 - info: 세션 아이디 : DzfNcd3kkKOA-v37smtIHBArIBAiRuqy
2019-01-29 16:06:53.848 +0900 - info: 대분류 이미지 저장 진입  - /write/bigwritesaveimage - write.js 
2019-01-29 16:06:53.897 +0900 - info: 공통페이지 진입 - app.js
2019-01-29 16:06:53.897 +0900 - info: 세션 아이디 : DzfNcd3kkKOA-v37smtIHBArIBAiRuqy
2019-01-29 16:06:53.898 +0900 - info: 대분류 저장 진입  - /write/bigwritesave - write.js 
2019-01-29 16:06:53.898 +0900 - info: 글
2019-01-29 16:06:53.898 +0900 - info: #
2019-01-29 16:06:53.898 +0900 - info: ㅁㄴㄹㅇ
2019-01-29 16:06:53.898 +0900 - info: false
2019-01-29 16:06:53.898 +0900 - info: false
2019-01-29 16:06:53.899 +0900 - info: 0
2019-01-29 16:06:53.899 +0900 - info: false
2019-01-29 16:06:53.899 +0900 - info: #설명 : <br><br> #학습대상 : <br><br> #학습목표 : <br><br> #레벨: <br><br>
2019-01-29 16:09:02.379 +0900 - info: 메모리 로딩 시작. - index.js
2019-01-29 16:09:02.383 +0900 - info: 메모리 로딩 완료. - index.js
2019-01-29 16:09:02.426 +0900 - info: 메모리 로딩 시작. - write.js
2019-01-29 16:09:02.426 +0900 - info: 메모리 로딩 완료. - write.js
2019-01-29 16:09:02.428 +0900 - info: 메모리 로딩 시작. - read.js
2019-01-29 16:09:02.428 +0900 - info: 메모리 로딩 완료. - read.js
2019-01-29 16:09:02.434 +0900 - info: 서버 작동. - index.js
2019-01-29 16:09:08.279 +0900 - info: 공통페이지 진입 - app.js
2019-01-29 16:09:08.279 +0900 - info: 세션 아이디 : DzfNcd3kkKOA-v37smtIHBArIBAiRuqy
2019-01-29 16:09:08.668 +0900 - info: 공통페이지 진입 - app.js
2019-01-29 16:09:08.669 +0900 - info: 세션 아이디 : DzfNcd3kkKOA-v37smtIHBArIBAiRuqy
2019-01-29 16:09:15.935 +0900 - info: 공통페이지 진입 - app.js
2019-01-29 16:09:15.936 +0900 - info: 세션 아이디 : DzfNcd3kkKOA-v37smtIHBArIBAiRuqy
2019-01-29 16:09:15.946 +0900 - info: 대분류 이미지 저장 진입  - /write/bigwritesaveimage - write.js 
2019-01-29 16:09:16.070 +0900 - info: 공통페이지 진입 - app.js
2019-01-29 16:09:16.071 +0900 - info: 세션 아이디 : DzfNcd3kkKOA-v37smtIHBArIBAiRuqy
2019-01-29 16:09:16.071 +0900 - info: 대분류 저장 진입  - /write/bigwritesave - write.js 
2019-01-29 16:09:16.071 +0900 - info: 영상
2019-01-29 16:09:16.071 +0900 - info: #
2019-01-29 16:09:16.071 +0900 - info: ㅁㄴㅇㄹ
2019-01-29 16:09:16.071 +0900 - info: false
2019-01-29 16:09:16.072 +0900 - info: false
2019-01-29 16:09:16.072 +0900 - info: 0
2019-01-29 16:09:16.072 +0900 - info: false
2019-01-29 16:09:16.072 +0900 - info: #설명 : <br><br> #학습대상 : <br><br> #학습목표 : <br><br> #레벨: <br><br>
2019-01-29 16:09:49.735 +0900 - info: 메모리 로딩 시작. - index.js
2019-01-29 16:09:49.739 +0900 - info: 메모리 로딩 완료. - index.js
2019-01-29 16:09:49.769 +0900 - info: 메모리 로딩 시작. - write.js
2019-01-29 16:09:49.770 +0900 - info: 메모리 로딩 완료. - write.js
2019-01-29 16:09:49.770 +0900 - info: 메모리 로딩 시작. - read.js
2019-01-29 16:09:49.771 +0900 - info: 메모리 로딩 완료. - read.js
2019-01-29 16:09:49.776 +0900 - info: 서버 작동. - index.js
2019-01-29 16:09:55.224 +0900 - info: 공통페이지 진입 - app.js
2019-01-29 16:09:55.224 +0900 - info: 세션 아이디 : DzfNcd3kkKOA-v37smtIHBArIBAiRuqy
2019-01-29 16:09:55.609 +0900 - info: 공통페이지 진입 - app.js
2019-01-29 16:09:55.609 +0900 - info: 세션 아이디 : DzfNcd3kkKOA-v37smtIHBArIBAiRuqy
2019-01-29 16:10:03.724 +0900 - info: 공통페이지 진입 - app.js
2019-01-29 16:10:03.724 +0900 - info: 세션 아이디 : DzfNcd3kkKOA-v37smtIHBArIBAiRuqy
2019-01-29 16:10:03.733 +0900 - info: 대분류 이미지 저장 진입  - /write/bigwritesaveimage - write.js 
2019-01-29 16:10:03.779 +0900 - info: 공통페이지 진입 - app.js
2019-01-29 16:10:03.780 +0900 - info: 세션 아이디 : DzfNcd3kkKOA-v37smtIHBArIBAiRuqy
2019-01-29 16:10:03.780 +0900 - info: 대분류 저장 진입  - /write/bigwritesave - write.js 
2019-01-29 16:10:03.780 +0900 - info: 영상
2019-01-29 16:10:03.780 +0900 - info: #
2019-01-29 16:10:03.780 +0900 - info: 7777
2019-01-29 16:10:03.781 +0900 - info: false
2019-01-29 16:10:03.781 +0900 - info: false
2019-01-29 16:10:03.781 +0900 - info: 0
2019-01-29 16:10:03.782 +0900 - info: false
2019-01-29 16:10:03.782 +0900 - info: #설명 : <br><br> #학습대상 : <br><br> #학습목표 : <br><br> #레벨: <br><br>
2019-01-29 16:11:03.584 +0900 - info: 공통페이지 진입 - app.js
2019-01-29 16:11:03.585 +0900 - info: 세션 아이디 : DzfNcd3kkKOA-v37smtIHBArIBAiRuqy
2019-01-29 16:11:04.007 +0900 - info: 공통페이지 진입 - app.js
2019-01-29 16:11:04.007 +0900 - info: 세션 아이디 : DzfNcd3kkKOA-v37smtIHBArIBAiRuqy
2019-01-29 16:11:11.899 +0900 - info: 공통페이지 진입 - app.js
2019-01-29 16:11:11.900 +0900 - info: 세션 아이디 : DzfNcd3kkKOA-v37smtIHBArIBAiRuqy
2019-01-29 16:11:11.904 +0900 - info: 대분류 이미지 저장 진입  - /write/bigwritesaveimage - write.js 
2019-01-29 16:11:11.907 +0900 - info: 공통페이지 진입 - app.js
2019-01-29 16:11:11.907 +0900 - info: 세션 아이디 : DzfNcd3kkKOA-v37smtIHBArIBAiRuqy
2019-01-29 16:11:11.907 +0900 - info: 대분류 저장 진입  - /write/bigwritesave - write.js 
2019-01-29 16:11:11.907 +0900 - info: 영상
2019-01-29 16:11:11.908 +0900 - info: #
2019-01-29 16:11:11.908 +0900 - info: 23
2019-01-29 16:11:11.908 +0900 - info: false
2019-01-29 16:11:11.908 +0900 - info: false
2019-01-29 16:11:11.908 +0900 - info: 0
2019-01-29 16:11:11.909 +0900 - info: false
2019-01-29 16:11:11.909 +0900 - info: #설명 : <br><br> #학습대상 : <br><br> #학습목표 : <br><br> #레벨: <br><br>
2019-01-29 16:13:41.792 +0900 - info: 메모리 로딩 시작. - index.js
2019-01-29 16:13:41.796 +0900 - info: 메모리 로딩 완료. - index.js
2019-01-29 16:13:41.838 +0900 - info: 메모리 로딩 시작. - write.js
2019-01-29 16:13:41.839 +0900 - info: 메모리 로딩 완료. - write.js
2019-01-29 16:13:41.840 +0900 - info: 메모리 로딩 시작. - read.js
2019-01-29 16:13:41.840 +0900 - info: 메모리 로딩 완료. - read.js
2019-01-29 16:13:41.846 +0900 - info: 서버 작동. - index.js
2019-01-29 16:13:46.905 +0900 - info: 공통페이지 진입 - app.js
2019-01-29 16:13:46.905 +0900 - info: 세션 아이디 : DzfNcd3kkKOA-v37smtIHBArIBAiRuqy
2019-01-29 16:13:47.335 +0900 - info: 공통페이지 진입 - app.js
2019-01-29 16:13:47.335 +0900 - info: 세션 아이디 : DzfNcd3kkKOA-v37smtIHBArIBAiRuqy
2019-01-29 16:13:56.182 +0900 - info: 공통페이지 진입 - app.js
2019-01-29 16:13:56.182 +0900 - info: 세션 아이디 : DzfNcd3kkKOA-v37smtIHBArIBAiRuqy
2019-01-29 16:13:56.193 +0900 - info: 대분류 이미지 저장 진입  - /write/bigwritesaveimage - write.js 
2019-01-29 16:13:56.309 +0900 - info: 공통페이지 진입 - app.js
2019-01-29 16:13:56.309 +0900 - info: 세션 아이디 : DzfNcd3kkKOA-v37smtIHBArIBAiRuqy
2019-01-29 16:13:56.309 +0900 - info: 대분류 저장 진입  - /write/bigwritesave - write.js 
2019-01-29 16:13:56.309 +0900 - info: 글
2019-01-29 16:13:56.310 +0900 - info: #
2019-01-29 16:13:56.310 +0900 - info: ㅇㄹ
2019-01-29 16:13:56.310 +0900 - info: false
2019-01-29 16:13:56.310 +0900 - info: false
2019-01-29 16:13:56.310 +0900 - info: 0
2019-01-29 16:13:56.310 +0900 - info: false
2019-01-29 16:13:56.311 +0900 - info: #설명 : <br><br> #학습대상 : <br><br> #학습목표 : <br><br> #레벨: <br><br>
2019-01-29 16:14:35.967 +0900 - info: 메모리 로딩 시작. - index.js
2019-01-29 16:14:35.971 +0900 - info: 메모리 로딩 완료. - index.js
2019-01-29 16:14:35.997 +0900 - info: 메모리 로딩 시작. - write.js
2019-01-29 16:14:35.998 +0900 - info: 메모리 로딩 완료. - write.js
2019-01-29 16:14:35.998 +0900 - info: 메모리 로딩 시작. - read.js
2019-01-29 16:14:35.999 +0900 - info: 메모리 로딩 완료. - read.js
2019-01-29 16:14:36.003 +0900 - info: 서버 작동. - index.js
2019-01-29 16:14:39.274 +0900 - info: 공통페이지 진입 - app.js
2019-01-29 16:14:39.274 +0900 - info: 세션 아이디 : DzfNcd3kkKOA-v37smtIHBArIBAiRuqy
2019-01-29 16:14:39.730 +0900 - info: 공통페이지 진입 - app.js
2019-01-29 16:14:39.730 +0900 - info: 세션 아이디 : DzfNcd3kkKOA-v37smtIHBArIBAiRuqy
2019-01-29 16:14:49.146 +0900 - info: 공통페이지 진입 - app.js
2019-01-29 16:14:49.147 +0900 - info: 세션 아이디 : DzfNcd3kkKOA-v37smtIHBArIBAiRuqy
2019-01-29 16:14:49.155 +0900 - info: 대분류 이미지 저장 진입  - /write/bigwritesaveimage - write.js 
2019-01-29 16:14:49.230 +0900 - info: 공통페이지 진입 - app.js
2019-01-29 16:14:49.230 +0900 - info: 세션 아이디 : DzfNcd3kkKOA-v37smtIHBArIBAiRuqy
2019-01-29 16:14:49.230 +0900 - info: 대분류 저장 진입  - /write/bigwritesave - write.js 
2019-01-29 16:14:49.230 +0900 - info: 영상
2019-01-29 16:14:49.230 +0900 - info: #
2019-01-29 16:14:49.230 +0900 - info: ㅇㄹ
2019-01-29 16:14:49.231 +0900 - info: false
2019-01-29 16:14:49.231 +0900 - info: false
2019-01-29 16:14:49.231 +0900 - info: 0
2019-01-29 16:14:49.231 +0900 - info: false
2019-01-29 16:14:49.232 +0900 - info: #설명 : <br><br> #학습대상 : <br><br> #학습목표 : <br><br> #레벨: <br><br>
2019-01-29 16:16:12.786 +0900 - info: 메모리 로딩 시작. - index.js
2019-01-29 16:16:12.789 +0900 - info: 메모리 로딩 완료. - index.js
2019-01-29 16:16:12.816 +0900 - info: 메모리 로딩 시작. - write.js
2019-01-29 16:16:12.817 +0900 - info: 메모리 로딩 완료. - write.js
2019-01-29 16:16:12.817 +0900 - info: 메모리 로딩 시작. - read.js
2019-01-29 16:16:12.818 +0900 - info: 메모리 로딩 완료. - read.js
2019-01-29 16:16:12.822 +0900 - info: 서버 작동. - index.js
2019-01-29 16:16:23.651 +0900 - info: 공통페이지 진입 - app.js
2019-01-29 16:16:23.652 +0900 - info: 세션 아이디 : DzfNcd3kkKOA-v37smtIHBArIBAiRuqy
2019-01-29 16:16:24.141 +0900 - info: 공통페이지 진입 - app.js
2019-01-29 16:16:24.141 +0900 - info: 세션 아이디 : DzfNcd3kkKOA-v37smtIHBArIBAiRuqy
2019-01-29 16:16:33.348 +0900 - info: 공통페이지 진입 - app.js
2019-01-29 16:16:33.349 +0900 - info: 세션 아이디 : DzfNcd3kkKOA-v37smtIHBArIBAiRuqy
2019-01-29 16:16:33.349 +0900 - info: 대분류 저장 진입  - /write/bigwritesave - write.js 
2019-01-29 16:16:33.349 +0900 - info: 영상
2019-01-29 16:16:33.350 +0900 - info: #
2019-01-29 16:16:33.350 +0900 - info: ljh
2019-01-29 16:16:33.350 +0900 - info: false
2019-01-29 16:16:33.350 +0900 - info: false
2019-01-29 16:16:33.350 +0900 - info: 0
2019-01-29 16:16:33.351 +0900 - info: false
2019-01-29 16:16:33.351 +0900 - info: #설명 : <br><br> #학습대상 : <br><br> #학습목표 : <br><br> #레벨: <br><br>
2019-01-29 16:50:18.349 +0900 - info: 공통페이지 진입 - app.js
2019-01-29 16:50:18.349 +0900 - info: 세션 아이디 : DzfNcd3kkKOA-v37smtIHBArIBAiRuqy
2019-01-29 16:50:18.700 +0900 - info: 공통페이지 진입 - app.js
2019-01-29 16:50:18.700 +0900 - info: 세션 아이디 : DzfNcd3kkKOA-v37smtIHBArIBAiRuqy
2019-01-29 16:50:23.512 +0900 - info: 공통페이지 진입 - app.js
2019-01-29 16:50:23.512 +0900 - info: 세션 아이디 : DzfNcd3kkKOA-v37smtIHBArIBAiRuqy
2019-01-29 16:50:23.835 +0900 - info: 공통페이지 진입 - app.js
2019-01-29 16:50:23.835 +0900 - info: 세션 아이디 : DzfNcd3kkKOA-v37smtIHBArIBAiRuqy
2019-01-29 16:51:20.749 +0900 - info: 공통페이지 진입 - app.js
2019-01-29 16:51:20.749 +0900 - info: 세션 아이디 : DzfNcd3kkKOA-v37smtIHBArIBAiRuqy
2019-01-29 16:51:21.099 +0900 - info: 공통페이지 진입 - app.js
2019-01-29 16:51:21.100 +0900 - info: 세션 아이디 : DzfNcd3kkKOA-v37smtIHBArIBAiRuqy
2019-01-29 16:52:14.268 +0900 - info: 공통페이지 진입 - app.js
2019-01-29 16:52:14.268 +0900 - info: 세션 아이디 : DzfNcd3kkKOA-v37smtIHBArIBAiRuqy
2019-01-29 16:52:14.693 +0900 - info: 공통페이지 진입 - app.js
2019-01-29 16:52:14.693 +0900 - info: 세션 아이디 : DzfNcd3kkKOA-v37smtIHBArIBAiRuqy
2019-01-29 16:56:57.840 +0900 - info: 메모리 로딩 시작. - index.js
2019-01-29 16:56:57.844 +0900 - info: 메모리 로딩 완료. - index.js
2019-01-29 16:56:57.884 +0900 - info: 메모리 로딩 시작. - write.js
2019-01-29 16:56:57.885 +0900 - info: 메모리 로딩 완료. - write.js
2019-01-29 16:56:57.886 +0900 - info: 메모리 로딩 시작. - read.js
2019-01-29 16:56:57.886 +0900 - info: 메모리 로딩 완료. - read.js
2019-01-29 16:56:57.891 +0900 - info: 서버 작동. - index.js
2019-01-29 16:57:02.049 +0900 - info: 공통페이지 진입 - app.js
2019-01-29 16:57:02.049 +0900 - info: 세션 아이디 : DzfNcd3kkKOA-v37smtIHBArIBAiRuqy
2019-01-29 16:57:02.536 +0900 - info: 공통페이지 진입 - app.js
2019-01-29 16:57:02.536 +0900 - info: 세션 아이디 : DzfNcd3kkKOA-v37smtIHBArIBAiRuqy
2019-01-29 16:57:14.623 +0900 - info: 공통페이지 진입 - app.js
2019-01-29 16:57:14.624 +0900 - info: 세션 아이디 : DzfNcd3kkKOA-v37smtIHBArIBAiRuqy
2019-01-29 16:57:14.630 +0900 - info: 대분류 이미지 저장 진입  - /write/bigwritesaveimage - write.js 
2019-01-29 16:57:14.724 +0900 - info: 공통페이지 진입 - app.js
2019-01-29 16:57:14.724 +0900 - info: 세션 아이디 : DzfNcd3kkKOA-v37smtIHBArIBAiRuqy
2019-01-29 16:57:14.724 +0900 - info: 대분류 저장 진입  - /write/bigwritesave - write.js 
2019-01-29 16:57:14.725 +0900 - info: 글
2019-01-29 16:57:14.725 +0900 - info: #
2019-01-29 16:57:14.725 +0900 - info: 111123
2019-01-29 16:57:14.725 +0900 - info: false
2019-01-29 16:57:14.725 +0900 - info: false
2019-01-29 16:57:14.726 +0900 - info: 0
2019-01-29 16:57:14.726 +0900 - info: false
2019-01-29 16:57:14.726 +0900 - info: #설명 : <br><br> #학습대상 : <br><br> #학습목표 : <br><br> #레벨: <br><br>
2019-01-29 16:59:07.612 +0900 - info: 메모리 로딩 시작. - index.js
2019-01-29 16:59:07.617 +0900 - info: 메모리 로딩 완료. - index.js
2019-01-29 16:59:07.660 +0900 - info: 메모리 로딩 시작. - write.js
2019-01-29 16:59:07.661 +0900 - info: 메모리 로딩 완료. - write.js
2019-01-29 16:59:07.662 +0900 - info: 메모리 로딩 시작. - read.js
2019-01-29 16:59:07.662 +0900 - info: 메모리 로딩 완료. - read.js
2019-01-29 16:59:07.669 +0900 - info: 서버 작동. - index.js
2019-01-29 16:59:12.322 +0900 - info: 공통페이지 진입 - app.js
2019-01-29 16:59:12.322 +0900 - info: 세션 아이디 : DzfNcd3kkKOA-v37smtIHBArIBAiRuqy
2019-01-29 16:59:12.741 +0900 - info: 공통페이지 진입 - app.js
2019-01-29 16:59:12.741 +0900 - info: 세션 아이디 : DzfNcd3kkKOA-v37smtIHBArIBAiRuqy
2019-01-29 17:00:17.113 +0900 - info: 메모리 로딩 시작. - index.js
2019-01-29 17:00:17.117 +0900 - info: 메모리 로딩 완료. - index.js
2019-01-29 17:00:17.158 +0900 - info: 메모리 로딩 시작. - write.js
2019-01-29 17:00:17.159 +0900 - info: 메모리 로딩 완료. - write.js
2019-01-29 17:00:17.160 +0900 - info: 메모리 로딩 시작. - read.js
2019-01-29 17:00:17.160 +0900 - info: 메모리 로딩 완료. - read.js
2019-01-29 17:00:17.166 +0900 - info: 서버 작동. - index.js
2019-01-29 17:00:21.452 +0900 - info: 공통페이지 진입 - app.js
2019-01-29 17:00:21.452 +0900 - info: 세션 아이디 : DzfNcd3kkKOA-v37smtIHBArIBAiRuqy
2019-01-29 17:00:21.913 +0900 - info: 공통페이지 진입 - app.js
2019-01-29 17:00:21.913 +0900 - info: 세션 아이디 : DzfNcd3kkKOA-v37smtIHBArIBAiRuqy
2019-01-29 17:00:30.730 +0900 - info: 공통페이지 진입 - app.js
2019-01-29 17:00:30.731 +0900 - info: 세션 아이디 : DzfNcd3kkKOA-v37smtIHBArIBAiRuqy
2019-01-29 17:00:30.741 +0900 - info: 대분류 이미지 저장 진입  - /write/bigwritesaveimage - write.js 
2019-01-29 17:00:30.741 +0900 - info: 
2019-01-29 17:00:30.742 +0900 - info: #
2019-01-29 17:00:30.742 +0900 - info: df
2019-01-29 17:00:30.742 +0900 - info: 
2019-01-29 17:00:30.742 +0900 - info: 
2019-01-29 17:00:30.742 +0900 - info: 0
2019-01-29 17:00:30.742 +0900 - info: 
2019-01-29 17:00:30.743 +0900 - info: 
2019-01-29 17:04:42.659 +0900 - info: 메모리 로딩 시작. - index.js
2019-01-29 17:04:42.663 +0900 - info: 메모리 로딩 완료. - index.js
2019-01-29 17:04:42.702 +0900 - info: 메모리 로딩 시작. - write.js
2019-01-29 17:04:42.703 +0900 - info: 메모리 로딩 완료. - write.js
2019-01-29 17:04:42.704 +0900 - info: 메모리 로딩 시작. - read.js
2019-01-29 17:04:42.704 +0900 - info: 메모리 로딩 완료. - read.js
2019-01-29 17:04:42.709 +0900 - info: 서버 작동. - index.js
2019-01-29 17:04:52.716 +0900 - info: 공통페이지 진입 - app.js
2019-01-29 17:04:52.717 +0900 - info: 세션 아이디 : DzfNcd3kkKOA-v37smtIHBArIBAiRuqy
2019-01-29 17:04:53.238 +0900 - info: 공통페이지 진입 - app.js
2019-01-29 17:04:53.238 +0900 - info: 세션 아이디 : DzfNcd3kkKOA-v37smtIHBArIBAiRuqy
2019-01-29 17:04:54.811 +0900 - info: 공통페이지 진입 - app.js
2019-01-29 17:04:54.812 +0900 - info: 세션 아이디 : DzfNcd3kkKOA-v37smtIHBArIBAiRuqy
2019-01-29 17:04:55.063 +0900 - info: 공통페이지 진입 - app.js
2019-01-29 17:04:55.063 +0900 - info: 세션 아이디 : DzfNcd3kkKOA-v37smtIHBArIBAiRuqy
2019-01-29 17:05:03.879 +0900 - info: 공통페이지 진입 - app.js
2019-01-29 17:05:03.879 +0900 - info: 세션 아이디 : DzfNcd3kkKOA-v37smtIHBArIBAiRuqy
2019-01-29 17:05:03.880 +0900 - info: 대분류 저장 진입  - /write/bigwritesave - write.js 
2019-01-29 17:05:03.880 +0900 - info: 영상
2019-01-29 17:05:03.880 +0900 - info: #
2019-01-29 17:05:03.880 +0900 - info: 456546
2019-01-29 17:05:03.880 +0900 - info: false
2019-01-29 17:05:03.880 +0900 - info: false
2019-01-29 17:05:03.881 +0900 - info: 0
2019-01-29 17:05:03.881 +0900 - info: false
2019-01-29 17:05:03.881 +0900 - info: #설명 : <br><br> #학습대상 : <br><br> #학습목표 : <br><br> #레벨: <br><br>
2019-01-29 17:06:21.915 +0900 - info: 공통페이지 진입 - app.js
2019-01-29 17:06:21.915 +0900 - info: 세션 아이디 : DzfNcd3kkKOA-v37smtIHBArIBAiRuqy
2019-01-29 17:06:27.953 +0900 - info: 공통페이지 진입 - app.js
2019-01-29 17:06:27.953 +0900 - info: 세션 아이디 : DzfNcd3kkKOA-v37smtIHBArIBAiRuqy
2019-01-29 17:06:31.558 +0900 - info: 메모리 로딩 시작. - index.js
2019-01-29 17:06:31.563 +0900 - info: 메모리 로딩 완료. - index.js
2019-01-29 17:06:31.607 +0900 - info: 메모리 로딩 시작. - write.js
2019-01-29 17:06:31.608 +0900 - info: 메모리 로딩 완료. - write.js
2019-01-29 17:06:31.609 +0900 - info: 메모리 로딩 시작. - read.js
2019-01-29 17:06:31.610 +0900 - info: 메모리 로딩 완료. - read.js
2019-01-29 17:06:31.615 +0900 - info: 서버 작동. - index.js
2019-01-29 17:06:41.745 +0900 - info: 공통페이지 진입 - app.js
2019-01-29 17:06:41.745 +0900 - info: 세션 아이디 : DzfNcd3kkKOA-v37smtIHBArIBAiRuqy
2019-01-29 17:06:41.754 +0900 - info: 대분류 이미지 저장 진입  - /write/bigwritesaveimage - write.js 
2019-01-29 17:08:34.311 +0900 - info: 메모리 로딩 시작. - index.js
2019-01-29 17:08:34.315 +0900 - info: 메모리 로딩 완료. - index.js
2019-01-29 17:08:34.372 +0900 - info: 메모리 로딩 시작. - write.js
2019-01-29 17:08:34.375 +0900 - info: 메모리 로딩 완료. - write.js
2019-01-29 17:08:34.378 +0900 - info: 메모리 로딩 시작. - read.js
2019-01-29 17:08:34.379 +0900 - info: 메모리 로딩 완료. - read.js
2019-01-29 17:08:34.387 +0900 - info: 서버 작동. - index.js
2019-01-29 17:08:42.486 +0900 - info: 공통페이지 진입 - app.js
2019-01-29 17:08:42.486 +0900 - info: 세션 아이디 : DzfNcd3kkKOA-v37smtIHBArIBAiRuqy
2019-01-29 17:08:42.990 +0900 - info: 공통페이지 진입 - app.js
2019-01-29 17:08:42.991 +0900 - info: 세션 아이디 : DzfNcd3kkKOA-v37smtIHBArIBAiRuqy
2019-01-29 17:08:52.564 +0900 - info: 공통페이지 진입 - app.js
2019-01-29 17:08:52.564 +0900 - info: 세션 아이디 : DzfNcd3kkKOA-v37smtIHBArIBAiRuqy
2019-01-29 17:08:52.573 +0900 - info: 대분류 이미지 저장 진입  - /write/bigwritesaveimage - write.js 
2019-01-29 17:08:52.683 +0900 - info: 공통페이지 진입 - app.js
2019-01-29 17:08:52.683 +0900 - info: 세션 아이디 : DzfNcd3kkKOA-v37smtIHBArIBAiRuqy
2019-01-29 17:08:52.685 +0900 - info: 대분류 저장 진입  - /write/bigwritesave - write.js 
2019-01-29 17:08:52.685 +0900 - info: 영상
2019-01-29 17:08:52.685 +0900 - info: #
2019-01-29 17:08:52.685 +0900 - info: df
2019-01-29 17:08:52.685 +0900 - info: false
2019-01-29 17:08:52.686 +0900 - info: false
2019-01-29 17:08:52.686 +0900 - info: 0
2019-01-29 17:08:52.686 +0900 - info: false
2019-01-29 17:08:52.687 +0900 - info: #설명 : <br><br> #학습대상 : <br><br> #학습목표 : <br><br> #레벨: <br><br>
2019-01-29 17:10:54.461 +0900 - info: 메모리 로딩 시작. - index.js
2019-01-29 17:10:54.464 +0900 - info: 메모리 로딩 완료. - index.js
2019-01-29 17:10:54.503 +0900 - info: 메모리 로딩 시작. - write.js
2019-01-29 17:10:54.504 +0900 - info: 메모리 로딩 완료. - write.js
2019-01-29 17:10:54.505 +0900 - info: 메모리 로딩 시작. - read.js
2019-01-29 17:10:54.505 +0900 - info: 메모리 로딩 완료. - read.js
2019-01-29 17:10:54.510 +0900 - info: 서버 작동. - index.js
2019-01-29 17:10:59.583 +0900 - info: 공통페이지 진입 - app.js
2019-01-29 17:10:59.584 +0900 - info: 세션 아이디 : DzfNcd3kkKOA-v37smtIHBArIBAiRuqy
2019-01-29 17:11:00.041 +0900 - info: 공통페이지 진입 - app.js
2019-01-29 17:11:00.041 +0900 - info: 세션 아이디 : DzfNcd3kkKOA-v37smtIHBArIBAiRuqy
2019-01-29 17:11:08.622 +0900 - info: 공통페이지 진입 - app.js
2019-01-29 17:11:08.623 +0900 - info: 세션 아이디 : DzfNcd3kkKOA-v37smtIHBArIBAiRuqy
2019-01-29 17:11:08.646 +0900 - info: 공통페이지 진입 - app.js
2019-01-29 17:11:08.646 +0900 - info: 세션 아이디 : DzfNcd3kkKOA-v37smtIHBArIBAiRuqy
2019-01-29 17:11:08.646 +0900 - info: 대분류 저장 진입  - /write/bigwritesave - write.js 
2019-01-29 17:11:08.646 +0900 - info: 글
2019-01-29 17:11:08.646 +0900 - info: #
2019-01-29 17:11:08.647 +0900 - info: 2323
2019-01-29 17:11:08.647 +0900 - info: false
2019-01-29 17:11:08.647 +0900 - info: false
2019-01-29 17:11:08.648 +0900 - info: 0
2019-01-29 17:11:08.648 +0900 - info: false
2019-01-29 17:11:08.648 +0900 - info: #설명 : <br><br> #학습대상 : <br><br> #학습목표 : <br><br> #레벨: <br><br>
2019-01-29 17:11:08.652 +0900 - info: 대분류 이미지 저장 진입  - /write/bigwritesaveimage - write.js 
2019-01-29 17:12:14.407 +0900 - info: 메모리 로딩 시작. - index.js
2019-01-29 17:12:14.411 +0900 - info: 메모리 로딩 완료. - index.js
2019-01-29 17:12:14.454 +0900 - info: 메모리 로딩 시작. - write.js
2019-01-29 17:12:14.455 +0900 - info: 메모리 로딩 완료. - write.js
2019-01-29 17:12:14.456 +0900 - info: 메모리 로딩 시작. - read.js
2019-01-29 17:12:14.456 +0900 - info: 메모리 로딩 완료. - read.js
2019-01-29 17:12:14.462 +0900 - info: 서버 작동. - index.js
2019-01-29 17:12:21.884 +0900 - info: 공통페이지 진입 - app.js
2019-01-29 17:12:21.885 +0900 - info: 세션 아이디 : DzfNcd3kkKOA-v37smtIHBArIBAiRuqy
2019-01-29 17:12:22.340 +0900 - info: 공통페이지 진입 - app.js
2019-01-29 17:12:22.341 +0900 - info: 세션 아이디 : DzfNcd3kkKOA-v37smtIHBArIBAiRuqy
2019-01-29 17:12:29.508 +0900 - info: 공통페이지 진입 - app.js
2019-01-29 17:12:29.508 +0900 - info: 세션 아이디 : DzfNcd3kkKOA-v37smtIHBArIBAiRuqy
2019-01-29 17:12:29.508 +0900 - info: 대분류 저장 진입  - /write/bigwritesave - write.js 
2019-01-29 17:12:29.508 +0900 - info: 영상
2019-01-29 17:12:29.509 +0900 - info: #
2019-01-29 17:12:29.509 +0900 - info: asd
2019-01-29 17:12:29.509 +0900 - info: false
2019-01-29 17:12:29.509 +0900 - info: false
2019-01-29 17:12:29.509 +0900 - info: 0
2019-01-29 17:12:29.509 +0900 - info: false
2019-01-29 17:12:29.510 +0900 - info: #설명 : <br><br> #학습대상 : <br><br> #학습목표 : <br><br> #레벨: <br><br>
2019-01-29 17:13:43.125 +0900 - info: 메모리 로딩 시작. - index.js
2019-01-29 17:13:43.129 +0900 - info: 메모리 로딩 완료. - index.js
2019-01-29 17:13:43.174 +0900 - info: 메모리 로딩 시작. - write.js
2019-01-29 17:13:43.175 +0900 - info: 메모리 로딩 완료. - write.js
2019-01-29 17:13:43.176 +0900 - info: 메모리 로딩 시작. - read.js
2019-01-29 17:13:43.176 +0900 - info: 메모리 로딩 완료. - read.js
2019-01-29 17:13:43.182 +0900 - info: 서버 작동. - index.js
2019-01-29 17:13:50.014 +0900 - info: 공통페이지 진입 - app.js
2019-01-29 17:13:50.015 +0900 - info: 세션 아이디 : DzfNcd3kkKOA-v37smtIHBArIBAiRuqy
2019-01-29 17:13:50.555 +0900 - info: 공통페이지 진입 - app.js
2019-01-29 17:13:50.556 +0900 - info: 세션 아이디 : DzfNcd3kkKOA-v37smtIHBArIBAiRuqy
2019-01-29 17:19:46.004 +0900 - info: 메모리 로딩 시작. - index.js
2019-01-29 17:19:46.008 +0900 - info: 메모리 로딩 완료. - index.js
2019-01-29 17:19:46.047 +0900 - info: 메모리 로딩 시작. - write.js
2019-01-29 17:19:46.048 +0900 - info: 메모리 로딩 완료. - write.js
2019-01-29 17:19:46.049 +0900 - info: 메모리 로딩 시작. - read.js
2019-01-29 17:19:46.049 +0900 - info: 메모리 로딩 완료. - read.js
2019-01-29 17:19:46.055 +0900 - info: 서버 작동. - index.js
2019-01-29 17:19:51.904 +0900 - info: 공통페이지 진입 - app.js
2019-01-29 17:19:51.904 +0900 - info: 세션 아이디 : DzfNcd3kkKOA-v37smtIHBArIBAiRuqy
2019-01-29 17:19:52.288 +0900 - info: 공통페이지 진입 - app.js
2019-01-29 17:19:52.289 +0900 - info: 세션 아이디 : DzfNcd3kkKOA-v37smtIHBArIBAiRuqy
2019-01-29 17:19:59.246 +0900 - info: 공통페이지 진입 - app.js
2019-01-29 17:19:59.246 +0900 - info: 세션 아이디 : DzfNcd3kkKOA-v37smtIHBArIBAiRuqy
2019-01-29 17:19:59.246 +0900 - info: 대분류 저장 진입  - /write/bigwritesave - write.js 
2019-01-29 17:19:59.246 +0900 - info: 영상
2019-01-29 17:19:59.247 +0900 - info: #
2019-01-29 17:19:59.247 +0900 - info: 11212
2019-01-29 17:19:59.247 +0900 - info: false
2019-01-29 17:19:59.247 +0900 - info: false
2019-01-29 17:19:59.247 +0900 - info: 0
2019-01-29 17:19:59.247 +0900 - info: false
2019-01-29 17:19:59.247 +0900 - info: #설명 : <br><br> #학습대상 : <br><br> #학습목표 : <br><br> #레벨: <br><br>
2019-01-29 17:20:24.355 +0900 - info: 공통페이지 진입 - app.js
2019-01-29 17:20:24.355 +0900 - info: 세션 아이디 : DzfNcd3kkKOA-v37smtIHBArIBAiRuqy
2019-01-29 17:20:24.801 +0900 - info: 공통페이지 진입 - app.js
2019-01-29 17:20:24.801 +0900 - info: 세션 아이디 : DzfNcd3kkKOA-v37smtIHBArIBAiRuqy
2019-01-29 17:20:32.063 +0900 - info: 공통페이지 진입 - app.js
2019-01-29 17:20:32.064 +0900 - info: 세션 아이디 : DzfNcd3kkKOA-v37smtIHBArIBAiRuqy
2019-01-29 17:20:32.076 +0900 - info: 공통페이지 진입 - app.js
2019-01-29 17:20:32.076 +0900 - info: 세션 아이디 : DzfNcd3kkKOA-v37smtIHBArIBAiRuqy
2019-01-29 17:20:32.076 +0900 - info: 대분류 저장 진입  - /write/bigwritesave - write.js 
2019-01-29 17:20:32.076 +0900 - info: 영상
2019-01-29 17:20:32.077 +0900 - info: #
2019-01-29 17:20:32.077 +0900 - info: 2234324
2019-01-29 17:20:32.077 +0900 - info: false
2019-01-29 17:20:32.077 +0900 - info: false
2019-01-29 17:20:32.078 +0900 - info: 0
2019-01-29 17:20:32.078 +0900 - info: false
2019-01-29 17:20:32.079 +0900 - info: #설명 : <br><br> #학습대상 : <br><br> #학습목표 : <br><br> #레벨: <br><br>
2019-01-29 17:20:32.080 +0900 - info: 대분류 이미지 저장 진입  - /write/bigwritesaveimage - write.js 
2019-01-29 17:26:24.790 +0900 - info: 메모리 로딩 시작. - index.js
2019-01-29 17:26:24.795 +0900 - info: 메모리 로딩 완료. - index.js
2019-01-29 17:26:24.841 +0900 - info: 메모리 로딩 시작. - write.js
2019-01-29 17:26:24.842 +0900 - info: 메모리 로딩 완료. - write.js
2019-01-29 17:26:24.843 +0900 - info: 메모리 로딩 시작. - read.js
2019-01-29 17:26:24.843 +0900 - info: 메모리 로딩 완료. - read.js
2019-01-29 17:26:24.850 +0900 - info: 서버 작동. - index.js
2019-01-29 17:26:32.674 +0900 - info: 공통페이지 진입 - app.js
2019-01-29 17:26:32.675 +0900 - info: 세션 아이디 : DzfNcd3kkKOA-v37smtIHBArIBAiRuqy
2019-01-29 17:26:33.076 +0900 - info: 공통페이지 진입 - app.js
2019-01-29 17:26:33.076 +0900 - info: 세션 아이디 : DzfNcd3kkKOA-v37smtIHBArIBAiRuqy
2019-01-29 17:26:42.060 +0900 - info: 공통페이지 진입 - app.js
2019-01-29 17:26:42.061 +0900 - info: 세션 아이디 : DzfNcd3kkKOA-v37smtIHBArIBAiRuqy
2019-01-29 17:26:42.069 +0900 - info: 대분류 이미지 저장 진입  - /write/bigwritesaveimage - write.js 
2019-01-29 17:26:42.164 +0900 - info: 공통페이지 진입 - app.js
2019-01-29 17:26:42.165 +0900 - info: 세션 아이디 : DzfNcd3kkKOA-v37smtIHBArIBAiRuqy
2019-01-29 17:26:42.165 +0900 - info: 대분류 저장 진입  - /write/bigwritesave - write.js 
2019-01-29 17:26:42.165 +0900 - info: 영상
2019-01-29 17:26:42.165 +0900 - info: #
2019-01-29 17:26:42.166 +0900 - info: f
2019-01-29 17:26:42.166 +0900 - info: false
2019-01-29 17:26:42.166 +0900 - info: false
2019-01-29 17:26:42.166 +0900 - info: 0
2019-01-29 17:26:42.166 +0900 - info: false
2019-01-29 17:26:42.167 +0900 - info: #설명 : <br><br> #학습대상 : <br><br> #학습목표 : <br><br> #레벨: <br><br>
2019-01-29 17:28:41.811 +0900 - info: 메모리 로딩 시작. - index.js
2019-01-29 17:28:41.815 +0900 - info: 메모리 로딩 완료. - index.js
2019-01-29 17:28:41.857 +0900 - info: 메모리 로딩 시작. - write.js
2019-01-29 17:28:41.858 +0900 - info: 메모리 로딩 완료. - write.js
2019-01-29 17:28:41.859 +0900 - info: 메모리 로딩 시작. - read.js
2019-01-29 17:28:41.859 +0900 - info: 메모리 로딩 완료. - read.js
2019-01-29 17:28:41.864 +0900 - info: 서버 작동. - index.js
2019-01-29 17:28:56.584 +0900 - info: 공통페이지 진입 - app.js
2019-01-29 17:28:56.584 +0900 - info: 세션 아이디 : DzfNcd3kkKOA-v37smtIHBArIBAiRuqy
2019-01-29 17:28:57.059 +0900 - info: 공통페이지 진입 - app.js
2019-01-29 17:28:57.060 +0900 - info: 세션 아이디 : DzfNcd3kkKOA-v37smtIHBArIBAiRuqy
2019-01-29 17:29:05.607 +0900 - info: 공통페이지 진입 - app.js
2019-01-29 17:29:05.608 +0900 - info: 세션 아이디 : DzfNcd3kkKOA-v37smtIHBArIBAiRuqy
2019-01-29 17:29:05.618 +0900 - info: 대분류 이미지 저장 진입  - /write/bigwritesaveimage - write.js 
2019-01-29 17:29:05.726 +0900 - info: 공통페이지 진입 - app.js
2019-01-29 17:29:05.727 +0900 - info: 세션 아이디 : DzfNcd3kkKOA-v37smtIHBArIBAiRuqy
2019-01-29 17:29:05.728 +0900 - info: 대분류 저장 진입  - /write/bigwritesave - write.js 
2019-01-29 17:29:05.728 +0900 - info: 영상
2019-01-29 17:29:05.728 +0900 - info: #
2019-01-29 17:29:05.729 +0900 - info: df
2019-01-29 17:29:05.729 +0900 - info: false
2019-01-29 17:29:05.729 +0900 - info: false
2019-01-29 17:29:05.730 +0900 - info: 0
2019-01-29 17:29:05.730 +0900 - info: false
2019-01-29 17:29:05.730 +0900 - info: #설명 : <br><br> #학습대상 : <br><br> #학습목표 : <br><br> #레벨: <br><br>
2019-01-29 17:29:05.730 +0900 - info: /public/bigwriteimages/car.jpg
2019-01-29 18:51:04.788 +0900 - info: 메모리 로딩 시작. - index.js
2019-01-29 18:51:04.792 +0900 - info: 메모리 로딩 완료. - index.js
2019-01-29 18:51:04.836 +0900 - info: 메모리 로딩 시작. - write.js
2019-01-29 18:51:04.837 +0900 - info: 메모리 로딩 완료. - write.js
2019-01-29 18:51:04.839 +0900 - info: 메모리 로딩 시작. - read.js
2019-01-29 18:51:04.839 +0900 - info: 메모리 로딩 완료. - read.js
2019-01-29 18:51:04.846 +0900 - info: 서버 작동. - index.js
2019-01-29 18:51:10.353 +0900 - info: 공통페이지 진입 - app.js
2019-01-29 18:51:10.354 +0900 - info: 세션 아이디 : DzfNcd3kkKOA-v37smtIHBArIBAiRuqy
2019-01-29 18:51:11.280 +0900 - info: 공통페이지 진입 - app.js
2019-01-29 18:51:11.281 +0900 - info: 세션 아이디 : DzfNcd3kkKOA-v37smtIHBArIBAiRuqy
2019-01-29 18:51:11.426 +0900 - info: 공통페이지 진입 - app.js
2019-01-29 18:51:11.426 +0900 - info: 세션 아이디 : DzfNcd3kkKOA-v37smtIHBArIBAiRuqy
2019-01-29 18:51:11.480 +0900 - info: 공통페이지 진입 - app.js
2019-01-29 18:51:11.480 +0900 - info: 세션 아이디 : DzfNcd3kkKOA-v37smtIHBArIBAiRuqy
2019-01-29 18:51:13.491 +0900 - info: 공통페이지 진입 - app.js
2019-01-29 18:51:13.491 +0900 - info: 세션 아이디 : DzfNcd3kkKOA-v37smtIHBArIBAiRuqy
2019-01-29 18:51:13.730 +0900 - info: 공통페이지 진입 - app.js
2019-01-29 18:51:13.730 +0900 - info: 세션 아이디 : DzfNcd3kkKOA-v37smtIHBArIBAiRuqy
2019-01-29 18:51:13.759 +0900 - info: 공통페이지 진입 - app.js
2019-01-29 18:51:13.759 +0900 - info: 세션 아이디 : DzfNcd3kkKOA-v37smtIHBArIBAiRuqy
2019-01-29 18:51:13.785 +0900 - info: 공통페이지 진입 - app.js
2019-01-29 18:51:13.785 +0900 - info: 세션 아이디 : DzfNcd3kkKOA-v37smtIHBArIBAiRuqy
2019-01-29 18:51:14.119 +0900 - info: 공통페이지 진입 - app.js
2019-01-29 18:51:14.119 +0900 - info: 세션 아이디 : DzfNcd3kkKOA-v37smtIHBArIBAiRuqy
2019-01-29 18:51:32.175 +0900 - info: 공통페이지 진입 - app.js
2019-01-29 18:51:32.175 +0900 - info: 세션 아이디 : DzfNcd3kkKOA-v37smtIHBArIBAiRuqy
2019-01-29 18:51:32.184 +0900 - info: 대분류 이미지 저장 진입  - /write/bigwritesaveimage - write.js 
2019-01-29 18:51:32.304 +0900 - info: 공통페이지 진입 - app.js
2019-01-29 18:51:32.305 +0900 - info: 세션 아이디 : DzfNcd3kkKOA-v37smtIHBArIBAiRuqy
2019-01-29 18:51:32.305 +0900 - info: 대분류 저장 진입  - /write/bigwritesave - write.js 
2019-01-29 18:51:32.330 +0900 - info: 2019-1-29 18:51:32
2019-01-29 18:51:32.330 +0900 - info: 영상
2019-01-29 18:51:32.330 +0900 - info: #
2019-01-29 18:51:32.330 +0900 - info: 545454
2019-01-29 18:51:32.331 +0900 - info: false
2019-01-29 18:51:32.331 +0900 - info: false
2019-01-29 18:51:32.331 +0900 - info: 0
2019-01-29 18:51:32.331 +0900 - info: false
2019-01-29 18:51:32.331 +0900 - info: #설명 : <br><br> #학습대상 : <br><br> #학습목표 : <br><br> #레벨: <br><br>
2019-01-29 18:51:32.331 +0900 - info: /public/bigwriteimages/car.jpg
2019-01-29 18:51:37.757 +0900 - info: 공통페이지 진입 - app.js
2019-01-29 18:51:37.758 +0900 - info: 세션 아이디 : DzfNcd3kkKOA-v37smtIHBArIBAiRuqy
2019-01-29 18:55:14.509 +0900 - info: 메모리 로딩 시작. - index.js
2019-01-29 18:55:14.513 +0900 - info: 메모리 로딩 완료. - index.js
2019-01-29 18:55:14.554 +0900 - info: 메모리 로딩 시작. - write.js
2019-01-29 18:55:14.555 +0900 - info: 메모리 로딩 완료. - write.js
2019-01-29 18:55:14.556 +0900 - info: 메모리 로딩 시작. - read.js
2019-01-29 18:55:14.556 +0900 - info: 메모리 로딩 완료. - read.js
2019-01-29 18:55:14.562 +0900 - info: 서버 작동. - index.js
2019-01-29 18:55:18.148 +0900 - info: 공통페이지 진입 - app.js
2019-01-29 18:55:18.148 +0900 - info: 세션 아이디 : DzfNcd3kkKOA-v37smtIHBArIBAiRuqy
2019-01-29 18:55:18.694 +0900 - info: 공통페이지 진입 - app.js
2019-01-29 18:55:18.694 +0900 - info: 세션 아이디 : DzfNcd3kkKOA-v37smtIHBArIBAiRuqy
2019-01-29 18:55:31.439 +0900 - info: 공통페이지 진입 - app.js
2019-01-29 18:55:31.440 +0900 - info: 세션 아이디 : DzfNcd3kkKOA-v37smtIHBArIBAiRuqy
2019-01-29 18:55:31.452 +0900 - info: 대분류 이미지 저장 진입  - /write/bigwritesaveimage - write.js 
2019-01-29 18:55:31.528 +0900 - info: 공통페이지 진입 - app.js
2019-01-29 18:55:31.528 +0900 - info: 세션 아이디 : DzfNcd3kkKOA-v37smtIHBArIBAiRuqy
2019-01-29 18:55:31.528 +0900 - info: 대분류 저장 진입  - /write/bigwritesave - write.js 
2019-01-29 18:55:31.532 +0900 - info: 20191-291855:31
2019-01-29 18:55:31.532 +0900 - info: 영상
2019-01-29 18:55:31.532 +0900 - info: #
2019-01-29 18:55:31.532 +0900 - info: 121212
2019-01-29 18:55:31.533 +0900 - info: false
2019-01-29 18:55:31.533 +0900 - info: false
2019-01-29 18:55:31.534 +0900 - info: 0
2019-01-29 18:55:31.534 +0900 - info: false
2019-01-29 18:55:31.534 +0900 - info: #설명 : <br><br> #학습대상 : <br><br> #학습목표 : <br><br> #레벨: <br><br>
2019-01-29 18:55:31.534 +0900 - info: /public/bigwriteimages/car.jpg
2019-01-29 18:56:56.806 +0900 - info: 메모리 로딩 시작. - index.js
2019-01-29 18:56:56.810 +0900 - info: 메모리 로딩 완료. - index.js
2019-01-29 18:56:56.848 +0900 - info: 메모리 로딩 시작. - write.js
2019-01-29 18:56:56.849 +0900 - info: 메모리 로딩 완료. - write.js
2019-01-29 18:56:56.850 +0900 - info: 메모리 로딩 시작. - read.js
2019-01-29 18:56:56.850 +0900 - info: 메모리 로딩 완료. - read.js
2019-01-29 18:56:56.855 +0900 - info: 서버 작동. - index.js
2019-01-29 18:57:01.260 +0900 - info: 공통페이지 진입 - app.js
2019-01-29 18:57:01.261 +0900 - info: 세션 아이디 : DzfNcd3kkKOA-v37smtIHBArIBAiRuqy
2019-01-29 18:57:01.833 +0900 - info: 공통페이지 진입 - app.js
2019-01-29 18:57:01.833 +0900 - info: 세션 아이디 : DzfNcd3kkKOA-v37smtIHBArIBAiRuqy
2019-01-29 18:57:10.439 +0900 - info: 공통페이지 진입 - app.js
2019-01-29 18:57:10.439 +0900 - info: 세션 아이디 : DzfNcd3kkKOA-v37smtIHBArIBAiRuqy
2019-01-29 18:57:10.452 +0900 - info: 대분류 이미지 저장 진입  - /write/bigwritesaveimage - write.js 
2019-01-29 18:57:10.501 +0900 - info: 공통페이지 진입 - app.js
2019-01-29 18:57:10.502 +0900 - info: 세션 아이디 : DzfNcd3kkKOA-v37smtIHBArIBAiRuqy
2019-01-29 18:57:10.502 +0900 - info: 대분류 저장 진입  - /write/bigwritesave - write.js 
2019-01-29 18:57:10.505 +0900 - info: 20191-291857:10
2019-01-29 18:57:10.505 +0900 - info: 영상
2019-01-29 18:57:10.505 +0900 - info: #
2019-01-29 18:57:10.505 +0900 - info: 565656
2019-01-29 18:57:10.505 +0900 - info: false
2019-01-29 18:57:10.505 +0900 - info: false
2019-01-29 18:57:10.505 +0900 - info: 0
2019-01-29 18:57:10.506 +0900 - info: false
2019-01-29 18:57:10.506 +0900 - info: #설명 : <br><br> #학습대상 : <br><br> #학습목표 : <br><br> #레벨: <br><br>
2019-01-29 18:57:10.506 +0900 - info: /public/bigwriteimages/car.jpg
2019-01-29 19:04:31.018 +0900 - info: 메모리 로딩 시작. - index.js
2019-01-29 19:04:31.025 +0900 - info: 메모리 로딩 완료. - index.js
2019-01-29 19:04:31.065 +0900 - info: 메모리 로딩 시작. - write.js
2019-01-29 19:04:31.066 +0900 - info: 메모리 로딩 완료. - write.js
2019-01-29 19:04:31.068 +0900 - info: 메모리 로딩 시작. - read.js
2019-01-29 19:04:31.068 +0900 - info: 메모리 로딩 완료. - read.js
2019-01-29 19:04:31.073 +0900 - info: 서버 작동. - index.js
2019-01-29 19:04:46.415 +0900 - info: 공통페이지 진입 - app.js
2019-01-29 19:04:46.416 +0900 - info: 세션 아이디 : DzfNcd3kkKOA-v37smtIHBArIBAiRuqy
2019-01-29 19:04:46.908 +0900 - info: 공통페이지 진입 - app.js
2019-01-29 19:04:46.910 +0900 - info: 세션 아이디 : DzfNcd3kkKOA-v37smtIHBArIBAiRuqy
2019-01-29 19:04:53.618 +0900 - info: 공통페이지 진입 - app.js
2019-01-29 19:04:53.618 +0900 - info: 세션 아이디 : DzfNcd3kkKOA-v37smtIHBArIBAiRuqy
2019-01-29 19:04:53.630 +0900 - info: 대분류 이미지 저장 진입  - /write/bigwritesaveimage - write.js 
2019-01-29 19:04:53.754 +0900 - info: 공통페이지 진입 - app.js
2019-01-29 19:04:53.754 +0900 - info: 세션 아이디 : DzfNcd3kkKOA-v37smtIHBArIBAiRuqy
2019-01-29 19:04:53.754 +0900 - info: 대분류 저장 진입  - /write/bigwritesave - write.js 
2019-01-29 19:04:53.755 +0900 - info: InvalidDate
2019-01-29 19:04:53.755 +0900 - info: 영상
2019-01-29 19:04:53.755 +0900 - info: #
2019-01-29 19:04:53.756 +0900 - info: adsf
2019-01-29 19:04:53.756 +0900 - info: false
2019-01-29 19:04:53.756 +0900 - info: false
2019-01-29 19:04:53.757 +0900 - info: 0
2019-01-29 19:04:53.757 +0900 - info: false
2019-01-29 19:04:53.757 +0900 - info: #설명 : <br><br> #학습대상 : <br><br> #학습목표 : <br><br> #레벨: <br><br>
2019-01-29 19:04:53.758 +0900 - info: /public/bigwriteimages/car.jpg
2019-01-29 19:05:50.075 +0900 - info: 메모리 로딩 시작. - index.js
2019-01-29 19:05:50.079 +0900 - info: 메모리 로딩 완료. - index.js
2019-01-29 19:05:50.119 +0900 - info: 메모리 로딩 시작. - write.js
2019-01-29 19:05:50.120 +0900 - info: 메모리 로딩 완료. - write.js
2019-01-29 19:05:50.121 +0900 - info: 메모리 로딩 시작. - read.js
2019-01-29 19:05:50.121 +0900 - info: 메모리 로딩 완료. - read.js
2019-01-29 19:05:50.127 +0900 - info: 서버 작동. - index.js
2019-01-29 19:05:53.341 +0900 - info: 공통페이지 진입 - app.js
2019-01-29 19:05:53.341 +0900 - info: 세션 아이디 : DzfNcd3kkKOA-v37smtIHBArIBAiRuqy
2019-01-29 19:05:53.922 +0900 - info: 공통페이지 진입 - app.js
2019-01-29 19:05:53.923 +0900 - info: 세션 아이디 : DzfNcd3kkKOA-v37smtIHBArIBAiRuqy
2019-01-29 19:06:03.927 +0900 - info: 공통페이지 진입 - app.js
2019-01-29 19:06:03.928 +0900 - info: 세션 아이디 : DzfNcd3kkKOA-v37smtIHBArIBAiRuqy
2019-01-29 19:06:03.939 +0900 - info: 대분류 이미지 저장 진입  - /write/bigwritesaveimage - write.js 
2019-01-29 19:06:04.017 +0900 - info: 공통페이지 진입 - app.js
2019-01-29 19:06:04.018 +0900 - info: 세션 아이디 : DzfNcd3kkKOA-v37smtIHBArIBAiRuqy
2019-01-29 19:06:04.018 +0900 - info: 대분류 저장 진입  - /write/bigwritesave - write.js 
2019-01-29 19:06:04.022 +0900 - info: 2019129190604
2019-01-29 19:06:04.023 +0900 - info: 영상
2019-01-29 19:06:04.024 +0900 - info: #
2019-01-29 19:06:04.024 +0900 - info: asdf
2019-01-29 19:06:04.026 +0900 - info: false
2019-01-29 19:06:04.027 +0900 - info: false
2019-01-29 19:06:04.028 +0900 - info: 0
2019-01-29 19:06:04.028 +0900 - info: false
2019-01-29 19:06:04.028 +0900 - info: #설명 : <br><br> #학습대상 : <br><br> #학습목표 : <br><br> #레벨: <br><br>
2019-01-29 19:06:04.028 +0900 - info: /public/bigwriteimages/car.jpg
2019-01-29 19:06:36.206 +0900 - info: 메모리 로딩 시작. - index.js
2019-01-29 19:06:36.210 +0900 - info: 메모리 로딩 완료. - index.js
2019-01-29 19:06:36.255 +0900 - info: 메모리 로딩 시작. - write.js
2019-01-29 19:06:36.256 +0900 - info: 메모리 로딩 완료. - write.js
2019-01-29 19:06:36.258 +0900 - info: 메모리 로딩 시작. - read.js
2019-01-29 19:06:36.258 +0900 - info: 메모리 로딩 완료. - read.js
2019-01-29 19:06:36.264 +0900 - info: 서버 작동. - index.js
2019-01-29 19:06:42.804 +0900 - info: 공통페이지 진입 - app.js
2019-01-29 19:06:42.804 +0900 - info: 세션 아이디 : DzfNcd3kkKOA-v37smtIHBArIBAiRuqy
2019-01-29 19:06:43.236 +0900 - info: 공통페이지 진입 - app.js
2019-01-29 19:06:43.237 +0900 - info: 세션 아이디 : DzfNcd3kkKOA-v37smtIHBArIBAiRuqy
2019-01-29 19:06:52.956 +0900 - info: 공통페이지 진입 - app.js
2019-01-29 19:06:52.957 +0900 - info: 세션 아이디 : DzfNcd3kkKOA-v37smtIHBArIBAiRuqy
2019-01-29 19:06:52.968 +0900 - info: 대분류 이미지 저장 진입  - /write/bigwritesaveimage - write.js 
2019-01-29 19:06:52.971 +0900 - info: 2019129190652
2019-01-29 19:06:53.037 +0900 - info: 공통페이지 진입 - app.js
2019-01-29 19:06:53.037 +0900 - info: 세션 아이디 : DzfNcd3kkKOA-v37smtIHBArIBAiRuqy
2019-01-29 19:06:53.037 +0900 - info: 대분류 저장 진입  - /write/bigwritesave - write.js 
2019-01-29 19:06:53.038 +0900 - info: 2019129190653
2019-01-29 19:06:53.038 +0900 - info: 영상
2019-01-29 19:06:53.038 +0900 - info: #
2019-01-29 19:06:53.038 +0900 - info: 76767677667
2019-01-29 19:06:53.039 +0900 - info: false
2019-01-29 19:06:53.039 +0900 - info: false
2019-01-29 19:06:53.040 +0900 - info: 0
2019-01-29 19:06:53.040 +0900 - info: false
2019-01-29 19:06:53.040 +0900 - info: #설명 : <br><br> #학습대상 : <br><br> #학습목표 : <br><br> #레벨: <br><br>
2019-01-29 19:06:53.040 +0900 - info: /public/bigwriteimages/car.jpg
2019-01-29 19:10:25.711 +0900 - info: 메모리 로딩 시작. - index.js
2019-01-29 19:10:25.715 +0900 - info: 메모리 로딩 완료. - index.js
2019-01-29 19:10:25.761 +0900 - info: 메모리 로딩 시작. - write.js
2019-01-29 19:10:25.762 +0900 - info: 메모리 로딩 완료. - write.js
2019-01-29 19:10:25.763 +0900 - info: 메모리 로딩 시작. - read.js
2019-01-29 19:10:25.764 +0900 - info: 메모리 로딩 완료. - read.js
2019-01-29 19:10:25.770 +0900 - info: 서버 작동. - index.js
2019-01-29 19:10:29.328 +0900 - info: 공통페이지 진입 - app.js
2019-01-29 19:10:29.328 +0900 - info: 세션 아이디 : DzfNcd3kkKOA-v37smtIHBArIBAiRuqy
2019-01-29 19:10:29.821 +0900 - info: 공통페이지 진입 - app.js
2019-01-29 19:10:29.821 +0900 - info: 세션 아이디 : DzfNcd3kkKOA-v37smtIHBArIBAiRuqy
2019-01-29 19:10:37.596 +0900 - info: 공통페이지 진입 - app.js
2019-01-29 19:10:37.596 +0900 - info: 세션 아이디 : DzfNcd3kkKOA-v37smtIHBArIBAiRuqy
2019-01-29 19:10:37.605 +0900 - info: 2019129191037
2019-01-29 19:10:37.609 +0900 - info: 대분류 이미지 저장 진입  - /write/bigwritesaveimage - write.js 
2019-01-29 19:10:37.609 +0900 - info: 2019129191037
2019-01-29 19:10:37.654 +0900 - info: 공통페이지 진입 - app.js
2019-01-29 19:10:37.654 +0900 - info: 세션 아이디 : DzfNcd3kkKOA-v37smtIHBArIBAiRuqy
2019-01-29 19:10:37.654 +0900 - info: 대분류 저장 진입  - /write/bigwritesave - write.js 
2019-01-29 19:10:37.654 +0900 - info: 영상
2019-01-29 19:10:37.654 +0900 - info: #
2019-01-29 19:10:37.655 +0900 - info: asdf
2019-01-29 19:10:37.655 +0900 - info: false
2019-01-29 19:10:37.656 +0900 - info: false
2019-01-29 19:10:37.656 +0900 - info: 0
2019-01-29 19:10:37.656 +0900 - info: false
2019-01-29 19:10:37.656 +0900 - info: #설명 : <br><br> #학습대상 : <br><br> #학습목표 : <br><br> #레벨: <br><br>
2019-01-29 19:10:37.656 +0900 - info: /public/bigwriteimages/car.jpg
2019-01-29 19:11:13.890 +0900 - info: 메모리 로딩 시작. - index.js
2019-01-29 19:11:13.894 +0900 - info: 메모리 로딩 완료. - index.js
2019-01-29 19:11:13.922 +0900 - info: 메모리 로딩 시작. - write.js
2019-01-29 19:11:13.923 +0900 - info: 메모리 로딩 완료. - write.js
2019-01-29 19:11:13.924 +0900 - info: 메모리 로딩 시작. - read.js
2019-01-29 19:11:13.924 +0900 - info: 메모리 로딩 완료. - read.js
2019-01-29 19:11:13.929 +0900 - info: 서버 작동. - index.js
2019-01-29 19:11:19.016 +0900 - info: 공통페이지 진입 - app.js
2019-01-29 19:11:19.017 +0900 - info: 세션 아이디 : DzfNcd3kkKOA-v37smtIHBArIBAiRuqy
2019-01-29 19:11:19.541 +0900 - info: 공통페이지 진입 - app.js
2019-01-29 19:11:19.542 +0900 - info: 세션 아이디 : DzfNcd3kkKOA-v37smtIHBArIBAiRuqy
2019-01-29 19:11:30.361 +0900 - info: 공통페이지 진입 - app.js
2019-01-29 19:11:30.361 +0900 - info: 세션 아이디 : DzfNcd3kkKOA-v37smtIHBArIBAiRuqy
2019-01-29 19:11:30.372 +0900 - info: 2019129191130
2019-01-29 19:11:30.372 +0900 - info:  fieldname=fileupload, originalname=aaa.jpeg, encoding=7bit, mimetype=image/jpeg
2019-01-29 19:11:30.375 +0900 - info: 대분류 이미지 저장 진입  - /write/bigwritesaveimage - write.js 
2019-01-29 19:11:30.375 +0900 - info: 2019129191130
2019-01-29 19:11:30.441 +0900 - info: 공통페이지 진입 - app.js
2019-01-29 19:11:30.441 +0900 - info: 세션 아이디 : DzfNcd3kkKOA-v37smtIHBArIBAiRuqy
2019-01-29 19:11:30.442 +0900 - info: 대분류 저장 진입  - /write/bigwritesave - write.js 
2019-01-29 19:11:30.442 +0900 - info: 글
2019-01-29 19:11:30.443 +0900 - info: #
2019-01-29 19:11:30.443 +0900 - info: 7u75677
2019-01-29 19:11:30.444 +0900 - info: false
2019-01-29 19:11:30.444 +0900 - info: false
2019-01-29 19:11:30.445 +0900 - info: 0
2019-01-29 19:11:30.445 +0900 - info: false
2019-01-29 19:11:30.446 +0900 - info: #설명 : <br><br> #학습대상 : <br><br> #학습목표 : <br><br> #레벨: <br><br>
2019-01-29 19:11:30.446 +0900 - info: /public/bigwriteimages/car.jpg
2019-01-29 19:16:51.940 +0900 - info: 메모리 로딩 시작. - index.js
2019-01-29 19:16:51.943 +0900 - info: 메모리 로딩 완료. - index.js
2019-01-29 19:16:51.981 +0900 - info: 메모리 로딩 시작. - write.js
2019-01-29 19:16:51.982 +0900 - info: 메모리 로딩 완료. - write.js
2019-01-29 19:16:51.984 +0900 - info: 메모리 로딩 시작. - read.js
2019-01-29 19:16:51.984 +0900 - info: 메모리 로딩 완료. - read.js
2019-01-29 19:16:51.989 +0900 - info: 서버 작동. - index.js
2019-01-29 19:16:59.706 +0900 - info: 공통페이지 진입 - app.js
2019-01-29 19:16:59.706 +0900 - info: 세션 아이디 : DzfNcd3kkKOA-v37smtIHBArIBAiRuqy
2019-01-29 19:17:00.177 +0900 - info: 공통페이지 진입 - app.js
2019-01-29 19:17:00.177 +0900 - info: 세션 아이디 : DzfNcd3kkKOA-v37smtIHBArIBAiRuqy
2019-01-29 19:17:08.362 +0900 - info: 공통페이지 진입 - app.js
2019-01-29 19:17:08.362 +0900 - info: 세션 아이디 : DzfNcd3kkKOA-v37smtIHBArIBAiRuqy
2019-01-29 19:17:08.372 +0900 - info: 2019129191708
2019-01-29 19:17:08.372 +0900 - info: 스크린샷 2019-01-28 오후 7.48.58.png
2019-01-29 19:17:08.376 +0900 - info: 대분류 이미지 저장 진입  - /write/bigwritesaveimage - write.js 
2019-01-29 19:17:08.376 +0900 - info: 2019129191708
2019-01-29 19:17:08.376 +0900 - info: 스크린샷 2019-01-28 오후 7.48.58.png
2019-01-29 19:17:08.419 +0900 - info: 공통페이지 진입 - app.js
2019-01-29 19:17:08.419 +0900 - info: 세션 아이디 : DzfNcd3kkKOA-v37smtIHBArIBAiRuqy
2019-01-29 19:17:08.420 +0900 - info: 대분류 저장 진입  - /write/bigwritesave - write.js 
2019-01-29 19:17:08.420 +0900 - info: 글
2019-01-29 19:17:08.420 +0900 - info: #
2019-01-29 19:17:08.420 +0900 - info: asdf32
2019-01-29 19:17:08.421 +0900 - info: false
2019-01-29 19:17:08.421 +0900 - info: false
2019-01-29 19:17:08.421 +0900 - info: 0
2019-01-29 19:17:08.421 +0900 - info: false
2019-01-29 19:17:08.421 +0900 - info: #설명 : <br><br> #학습대상 : <br><br> #학습목표 : <br><br> #레벨: <br><br>
2019-01-29 19:17:08.421 +0900 - info: /public/bigwriteimages/car.jpg
2019-01-29 19:28:17.002 +0900 - info: 메모리 로딩 시작. - index.js
2019-01-29 19:28:17.007 +0900 - info: 메모리 로딩 완료. - index.js
2019-01-29 19:28:17.052 +0900 - info: 메모리 로딩 시작. - write.js
2019-01-29 19:28:17.053 +0900 - info: 메모리 로딩 완료. - write.js
2019-01-29 19:28:17.055 +0900 - info: 메모리 로딩 시작. - read.js
2019-01-29 19:28:17.055 +0900 - info: 메모리 로딩 완료. - read.js
2019-01-29 19:28:17.061 +0900 - info: 서버 작동. - index.js
2019-01-29 19:29:13.312 +0900 - info: 메모리 로딩 시작. - index.js
2019-01-29 19:29:13.316 +0900 - info: 메모리 로딩 완료. - index.js
2019-01-29 19:29:13.343 +0900 - info: 메모리 로딩 시작. - write.js
2019-01-29 19:29:13.344 +0900 - info: 메모리 로딩 완료. - write.js
2019-01-29 19:29:13.345 +0900 - info: 메모리 로딩 시작. - read.js
2019-01-29 19:29:13.345 +0900 - info: 메모리 로딩 완료. - read.js
2019-01-29 19:29:13.350 +0900 - info: 서버 작동. - index.js
2019-01-29 19:29:16.284 +0900 - info: 공통페이지 진입 - app.js
2019-01-29 19:29:16.285 +0900 - info: 세션 아이디 : DzfNcd3kkKOA-v37smtIHBArIBAiRuqy
2019-01-29 19:29:16.774 +0900 - info: 공통페이지 진입 - app.js
2019-01-29 19:29:16.775 +0900 - info: 세션 아이디 : DzfNcd3kkKOA-v37smtIHBArIBAiRuqy
2019-01-29 19:29:43.442 +0900 - info: 공통페이지 진입 - app.js
2019-01-29 19:29:43.442 +0900 - info: 세션 아이디 : DzfNcd3kkKOA-v37smtIHBArIBAiRuqy
2019-01-29 19:29:43.458 +0900 - info: 대분류 이미지 저장 진입  - /write/bigwritesaveimage - write.js 
2019-01-29 19:29:43.517 +0900 - info: 공통페이지 진입 - app.js
2019-01-29 19:29:43.517 +0900 - info: 세션 아이디 : DzfNcd3kkKOA-v37smtIHBArIBAiRuqy
2019-01-29 19:29:43.518 +0900 - info: 대분류 저장 진입  - /write/bigwritesave - write.js
2019-01-29 19:29:43.518 +0900 - info: 영상
2019-01-29 19:29:43.518 +0900 - info: #
2019-01-29 19:29:43.518 +0900 - info: rgdf
2019-01-29 19:29:43.518 +0900 - info: false
2019-01-29 19:29:43.518 +0900 - info: false
2019-01-29 19:29:43.520 +0900 - info: 0
2019-01-29 19:29:43.521 +0900 - info: false
2019-01-29 19:29:43.521 +0900 - info: <p>#설명 : 음음음<br><br> #학습대상 :&nbsp; 초보<br><br> #학습목표 : 아자아자<br><br> #레벨: 초급</p><p><br></p><p><br><br></p>
2019-01-29 19:29:43.521 +0900 - info: public/bigwriteimages/2019129192943.png
2019-01-29 19:32:03.683 +0900 - info: 메모리 로딩 시작. - index.js
2019-01-29 19:32:03.687 +0900 - info: 메모리 로딩 완료. - index.js
2019-01-29 19:32:03.713 +0900 - info: 메모리 로딩 시작. - write.js
2019-01-29 19:32:03.714 +0900 - info: 메모리 로딩 완료. - write.js
2019-01-29 19:32:03.715 +0900 - info: 메모리 로딩 시작. - read.js
2019-01-29 19:32:03.715 +0900 - info: 메모리 로딩 완료. - read.js
2019-01-29 19:32:03.720 +0900 - info: 서버 작동. - index.js
2019-01-29 19:32:16.030 +0900 - info: 공통페이지 진입 - app.js
2019-01-29 19:32:16.031 +0900 - info: 세션 아이디 : DzfNcd3kkKOA-v37smtIHBArIBAiRuqy
2019-01-29 19:32:16.503 +0900 - info: 공통페이지 진입 - app.js
2019-01-29 19:32:16.503 +0900 - info: 세션 아이디 : DzfNcd3kkKOA-v37smtIHBArIBAiRuqy
2019-01-29 19:32:28.756 +0900 - info: 공통페이지 진입 - app.js
2019-01-29 19:32:28.756 +0900 - info: 세션 아이디 : DzfNcd3kkKOA-v37smtIHBArIBAiRuqy
2019-01-29 19:32:28.771 +0900 - info: 대분류 이미지 저장 진입  - /write/bigwritesaveimage - write.js 
2019-01-29 19:32:28.856 +0900 - info: 공통페이지 진입 - app.js
2019-01-29 19:32:28.856 +0900 - info: 세션 아이디 : DzfNcd3kkKOA-v37smtIHBArIBAiRuqy
2019-01-29 19:32:28.858 +0900 - info: 대분류 저장 진입  - /write/bigwritesave - write.js
2019-01-29 19:32:28.859 +0900 - info: 영상
2019-01-29 19:32:28.859 +0900 - info: #
2019-01-29 19:32:28.859 +0900 - info: 제목1234
2019-01-29 19:32:28.859 +0900 - info: false
2019-01-29 19:32:28.860 +0900 - info: false
2019-01-29 19:32:28.861 +0900 - info: 0
2019-01-29 19:32:28.861 +0900 - info: false
2019-01-29 19:32:28.861 +0900 - info: #설명 : <br><br> #학습대상 : <br><br> #학습목표 : <br><br> #레벨: <br><br>
2019-01-29 19:32:28.861 +0900 - info: public/bigwriteimages/2019129193228.png
2019-01-29 19:33:44.487 +0900 - info: 공통페이지 진입 - app.js
2019-01-29 19:33:44.487 +0900 - info: 세션 아이디 : DzfNcd3kkKOA-v37smtIHBArIBAiRuqy
2019-01-29 19:33:44.903 +0900 - info: 공통페이지 진입 - app.js
2019-01-29 19:33:44.903 +0900 - info: 세션 아이디 : DzfNcd3kkKOA-v37smtIHBArIBAiRuqy
2019-01-29 19:34:25.797 +0900 - info: 공통페이지 진입 - app.js
2019-01-29 19:34:25.798 +0900 - info: 세션 아이디 : DzfNcd3kkKOA-v37smtIHBArIBAiRuqy
2019-01-29 19:34:25.801 +0900 - info: 대분류 이미지 저장 진입  - /write/bigwritesaveimage - write.js 
2019-01-29 19:34:25.915 +0900 - info: 공통페이지 진입 - app.js
2019-01-29 19:34:25.916 +0900 - info: 세션 아이디 : DzfNcd3kkKOA-v37smtIHBArIBAiRuqy
2019-01-29 19:34:25.916 +0900 - info: 대분류 저장 진입  - /write/bigwritesave - write.js
2019-01-29 19:34:25.916 +0900 - info: 글
2019-01-29 19:34:25.916 +0900 - info: fileurlhahahahahaha
2019-01-29 19:34:25.917 +0900 - info: 제목이에욧!!!!!
2019-01-29 19:34:25.917 +0900 - info: false
2019-01-29 19:34:25.917 +0900 - info: false
2019-01-29 19:34:25.917 +0900 - info: 0
2019-01-29 19:34:25.917 +0900 - info: false
2019-01-29 19:34:25.918 +0900 - info: <span style="background-color: rgb(255, 255, 0);">#설명 : </span><br><br> #학습대상 : <br><br><span style="background-color: rgb(255, 255, 0);"> #학습목표 : </span><br><br> #레벨: <br><br>
2019-01-29 19:34:25.918 +0900 - info: public/bigwriteimages/2019129193425.png
2019-01-29 19:41:22.770 +0900 - info: 메모리 로딩 시작. - index.js
2019-01-29 19:41:22.774 +0900 - info: 메모리 로딩 완료. - index.js
2019-01-29 19:41:22.815 +0900 - info: 메모리 로딩 시작. - write.js
2019-01-29 19:41:22.816 +0900 - info: 메모리 로딩 완료. - write.js
2019-01-29 19:41:22.817 +0900 - info: 메모리 로딩 시작. - read.js
2019-01-29 19:41:22.817 +0900 - info: 메모리 로딩 완료. - read.js
2019-01-29 19:41:22.824 +0900 - info: 서버 작동. - index.js
2019-01-29 19:41:27.973 +0900 - info: 공통페이지 진입 - app.js
2019-01-29 19:41:27.974 +0900 - info: 세션 아이디 : DzfNcd3kkKOA-v37smtIHBArIBAiRuqy
2019-01-29 19:41:28.349 +0900 - info: 공통페이지 진입 - app.js
2019-01-29 19:41:28.349 +0900 - info: 세션 아이디 : DzfNcd3kkKOA-v37smtIHBArIBAiRuqy
2019-01-29 19:41:49.325 +0900 - info: 공통페이지 진입 - app.js
2019-01-29 19:41:49.325 +0900 - info: 세션 아이디 : DzfNcd3kkKOA-v37smtIHBArIBAiRuqy
2019-01-29 19:41:49.339 +0900 - info: 대분류 이미지 저장 진입  - /write/bigwritesaveimage - write.js 
2019-01-29 19:41:49.414 +0900 - info: 공통페이지 진입 - app.js
2019-01-29 19:41:49.414 +0900 - info: 세션 아이디 : DzfNcd3kkKOA-v37smtIHBArIBAiRuqy
2019-01-29 19:41:49.415 +0900 - info: 대분류 저장 진입  - /write/bigwritesave - write.js
2019-01-29 19:41:49.421 +0900 - info: rows.insertId : 3
2019-01-29 19:44:11.284 +0900 - info: 메모리 로딩 시작. - index.js
2019-01-29 19:44:11.288 +0900 - info: 메모리 로딩 완료. - index.js
2019-01-29 19:44:11.327 +0900 - info: 메모리 로딩 시작. - write.js
2019-01-29 19:44:11.329 +0900 - info: 메모리 로딩 완료. - write.js
2019-01-29 19:44:11.330 +0900 - info: 메모리 로딩 시작. - read.js
2019-01-29 19:44:11.330 +0900 - info: 메모리 로딩 완료. - read.js
2019-01-29 19:44:11.335 +0900 - info: 서버 작동. - index.js
2019-01-29 19:44:14.844 +0900 - info: 공통페이지 진입 - app.js
2019-01-29 19:44:14.844 +0900 - info: 세션 아이디 : DzfNcd3kkKOA-v37smtIHBArIBAiRuqy
2019-01-29 19:44:15.298 +0900 - info: 공통페이지 진입 - app.js
2019-01-29 19:44:15.299 +0900 - info: 세션 아이디 : DzfNcd3kkKOA-v37smtIHBArIBAiRuqy
2019-01-29 19:44:32.167 +0900 - info: 공통페이지 진입 - app.js
2019-01-29 19:44:32.168 +0900 - info: 세션 아이디 : DzfNcd3kkKOA-v37smtIHBArIBAiRuqy
2019-01-29 19:44:32.180 +0900 - info: 대분류 이미지 저장 진입  - /write/bigwritesaveimage - write.js 
2019-01-29 19:44:32.289 +0900 - info: 공통페이지 진입 - app.js
2019-01-29 19:44:32.289 +0900 - info: 세션 아이디 : DzfNcd3kkKOA-v37smtIHBArIBAiRuqy
2019-01-29 19:44:32.289 +0900 - info: 대분류 저장 진입  - /write/bigwritesave - write.js
2019-01-29 19:44:33.517 +0900 - info: 공통페이지 진입 - app.js
2019-01-29 19:44:33.517 +0900 - info: 세션 아이디 : DzfNcd3kkKOA-v37smtIHBArIBAiRuqy
2019-01-29 19:44:33.952 +0900 - info: 공통페이지 진입 - app.js
2019-01-29 19:44:33.953 +0900 - info: 세션 아이디 : DzfNcd3kkKOA-v37smtIHBArIBAiRuqy
2019-01-29 19:44:50.132 +0900 - info: 공통페이지 진입 - app.js
2019-01-29 19:44:50.132 +0900 - info: 세션 아이디 : DzfNcd3kkKOA-v37smtIHBArIBAiRuqy
2019-01-29 19:44:50.661 +0900 - info: 공통페이지 진입 - app.js
2019-01-29 19:44:50.661 +0900 - info: 세션 아이디 : DzfNcd3kkKOA-v37smtIHBArIBAiRuqy
2019-01-29 19:46:03.850 +0900 - info: 공통페이지 진입 - app.js
2019-01-29 19:46:03.850 +0900 - info: 세션 아이디 : DzfNcd3kkKOA-v37smtIHBArIBAiRuqy
2019-01-29 19:46:03.852 +0900 - info: 대분류 이미지 저장 진입  - /write/bigwritesaveimage - write.js 
2019-01-29 19:46:03.912 +0900 - info: 공통페이지 진입 - app.js
2019-01-29 19:46:03.912 +0900 - info: 세션 아이디 : DzfNcd3kkKOA-v37smtIHBArIBAiRuqy
2019-01-29 19:46:03.912 +0900 - info: 대분류 저장 진입  - /write/bigwritesave - write.js
2019-01-29 19:46:05.350 +0900 - info: 공통페이지 진입 - app.js
2019-01-29 19:46:05.351 +0900 - info: 세션 아이디 : DzfNcd3kkKOA-v37smtIHBArIBAiRuqy
2019-01-29 19:46:05.819 +0900 - info: 공통페이지 진입 - app.js
2019-01-29 19:46:05.819 +0900 - info: 세션 아이디 : DzfNcd3kkKOA-v37smtIHBArIBAiRuqy
2019-01-29 19:57:02.332 +0900 - info: 메모리 로딩 시작. - index.js
2019-01-29 19:57:02.337 +0900 - info: 메모리 로딩 완료. - index.js
2019-01-29 19:57:02.379 +0900 - info: 메모리 로딩 시작. - write.js
2019-01-29 19:57:02.380 +0900 - info: 메모리 로딩 완료. - write.js
2019-01-29 19:57:02.381 +0900 - info: 메모리 로딩 시작. - read.js
2019-01-29 19:57:02.381 +0900 - info: 메모리 로딩 완료. - read.js
2019-01-29 19:57:02.387 +0900 - info: 서버 작동. - index.js
2019-01-29 19:57:07.347 +0900 - info: 공통페이지 진입 - app.js
2019-01-29 19:57:07.347 +0900 - info: 세션 아이디 : DzfNcd3kkKOA-v37smtIHBArIBAiRuqy
2019-01-29 19:57:08.203 +0900 - info: 공통페이지 진입 - app.js
2019-01-29 19:57:08.204 +0900 - info: 세션 아이디 : DzfNcd3kkKOA-v37smtIHBArIBAiRuqy
2019-01-29 19:57:08.365 +0900 - info: 공통페이지 진입 - app.js
2019-01-29 19:57:08.366 +0900 - info: 세션 아이디 : DzfNcd3kkKOA-v37smtIHBArIBAiRuqy
2019-01-29 19:57:08.425 +0900 - info: 공통페이지 진입 - app.js
2019-01-29 19:57:08.425 +0900 - info: 세션 아이디 : DzfNcd3kkKOA-v37smtIHBArIBAiRuqy
2019-01-29 19:57:08.505 +0900 - info: 공통페이지 진입 - app.js
2019-01-29 19:57:08.506 +0900 - info: 세션 아이디 : DzfNcd3kkKOA-v37smtIHBArIBAiRuqy
2019-01-29 19:57:09.820 +0900 - info: 공통페이지 진입 - app.js
2019-01-29 19:57:09.821 +0900 - info: 세션 아이디 : DzfNcd3kkKOA-v37smtIHBArIBAiRuqy
2019-01-29 19:57:10.005 +0900 - info: 공통페이지 진입 - app.js
2019-01-29 19:57:10.006 +0900 - info: 세션 아이디 : DzfNcd3kkKOA-v37smtIHBArIBAiRuqy
2019-01-29 19:57:10.037 +0900 - info: 공통페이지 진입 - app.js
2019-01-29 19:57:10.037 +0900 - info: 세션 아이디 : DzfNcd3kkKOA-v37smtIHBArIBAiRuqy
2019-01-29 19:57:10.064 +0900 - info: 공통페이지 진입 - app.js
2019-01-29 19:57:10.064 +0900 - info: 세션 아이디 : DzfNcd3kkKOA-v37smtIHBArIBAiRuqy
2019-01-29 19:57:10.619 +0900 - info: 공통페이지 진입 - app.js
2019-01-29 19:57:10.619 +0900 - info: 세션 아이디 : DzfNcd3kkKOA-v37smtIHBArIBAiRuqy
2019-01-29 19:57:19.487 +0900 - info: 공통페이지 진입 - app.js
2019-01-29 19:57:19.488 +0900 - info: 세션 아이디 : DzfNcd3kkKOA-v37smtIHBArIBAiRuqy
2019-01-29 19:57:19.496 +0900 - info: 대분류 이미지 저장 진입  - /write/bigwritesaveimage - write.js 
2019-01-29 19:57:19.590 +0900 - info: 공통페이지 진입 - app.js
2019-01-29 19:57:19.590 +0900 - info: 세션 아이디 : DzfNcd3kkKOA-v37smtIHBArIBAiRuqy
2019-01-29 19:57:19.590 +0900 - info: 대분류 저장 진입  - /write/bigwritesave - write.js
2019-01-29 19:57:20.827 +0900 - info: 공통페이지 진입 - app.js
2019-01-29 19:57:20.828 +0900 - info: 세션 아이디 : DzfNcd3kkKOA-v37smtIHBArIBAiRuqy
2019-01-29 19:59:08.791 +0900 - info: 메모리 로딩 시작. - index.js
2019-01-29 19:59:08.797 +0900 - info: 메모리 로딩 완료. - index.js
2019-01-29 19:59:08.838 +0900 - info: 메모리 로딩 시작. - write.js
2019-01-29 19:59:08.839 +0900 - info: 메모리 로딩 완료. - write.js
2019-01-29 19:59:08.841 +0900 - info: 메모리 로딩 시작. - read.js
2019-01-29 19:59:08.841 +0900 - info: 메모리 로딩 완료. - read.js
2019-01-29 19:59:08.849 +0900 - info: 서버 작동. - index.js
2019-01-29 19:59:12.579 +0900 - info: 공통페이지 진입 - app.js
2019-01-29 19:59:12.580 +0900 - info: 세션 아이디 : DzfNcd3kkKOA-v37smtIHBArIBAiRuqy
2019-01-29 19:59:18.767 +0900 - info: 공통페이지 진입 - app.js
2019-01-29 19:59:18.768 +0900 - info: 세션 아이디 : DzfNcd3kkKOA-v37smtIHBArIBAiRuqy
2019-01-29 19:59:18.775 +0900 - info: 대분류 이미지 저장 진입  - /write/bigwritesaveimage - write.js 
2019-01-29 19:59:18.828 +0900 - info: 공통페이지 진입 - app.js
2019-01-29 19:59:18.828 +0900 - info: 세션 아이디 : DzfNcd3kkKOA-v37smtIHBArIBAiRuqy
2019-01-29 19:59:18.828 +0900 - info: 대분류 저장 진입  - /write/bigwritesave - write.js
2019-01-29 19:59:20.072 +0900 - info: 공통페이지 진입 - app.js
2019-01-29 19:59:20.072 +0900 - info: 세션 아이디 : DzfNcd3kkKOA-v37smtIHBArIBAiRuqy
2019-01-29 19:59:25.729 +0900 - info: 공통페이지 진입 - app.js
2019-01-29 19:59:25.729 +0900 - info: 세션 아이디 : DzfNcd3kkKOA-v37smtIHBArIBAiRuqy
2019-01-29 20:01:53.419 +0900 - info: 메모리 로딩 시작. - index.js
2019-01-29 20:01:53.423 +0900 - info: 메모리 로딩 완료. - index.js
2019-01-29 20:01:53.466 +0900 - info: 메모리 로딩 시작. - write.js
2019-01-29 20:01:53.467 +0900 - info: 메모리 로딩 완료. - write.js
2019-01-29 20:01:53.468 +0900 - info: 메모리 로딩 시작. - read.js
2019-01-29 20:01:53.469 +0900 - info: 메모리 로딩 완료. - read.js
2019-01-29 20:01:53.475 +0900 - info: 서버 작동. - index.js
2019-01-29 20:01:57.613 +0900 - info: 공통페이지 진입 - app.js
2019-01-29 20:01:57.613 +0900 - info: 세션 아이디 : DzfNcd3kkKOA-v37smtIHBArIBAiRuqy
2019-01-29 20:01:58.038 +0900 - info: 공통페이지 진입 - app.js
2019-01-29 20:01:58.039 +0900 - info: 세션 아이디 : DzfNcd3kkKOA-v37smtIHBArIBAiRuqy
2019-01-29 20:02:13.680 +0900 - info: 공통페이지 진입 - app.js
2019-01-29 20:02:13.680 +0900 - info: 세션 아이디 : DzfNcd3kkKOA-v37smtIHBArIBAiRuqy
2019-01-29 20:02:13.696 +0900 - info: 대분류 이미지 저장 진입  - /write/bigwritesaveimage - write.js 
2019-01-29 20:02:13.789 +0900 - info: 공통페이지 진입 - app.js
2019-01-29 20:02:13.790 +0900 - info: 세션 아이디 : DzfNcd3kkKOA-v37smtIHBArIBAiRuqy
2019-01-29 20:02:13.790 +0900 - info: 대분류 저장 진입  - /write/bigwritesave - write.js
2019-01-29 20:02:14.861 +0900 - info: 공통페이지 진입 - app.js
2019-01-29 20:02:14.861 +0900 - info: 세션 아이디 : DzfNcd3kkKOA-v37smtIHBArIBAiRuqy
2019-01-29 20:02:15.313 +0900 - info: 공통페이지 진입 - app.js
2019-01-29 20:02:15.313 +0900 - info: 세션 아이디 : DzfNcd3kkKOA-v37smtIHBArIBAiRuqy
2019-01-29 20:05:26.289 +0900 - info: 공통페이지 진입 - app.js
2019-01-29 20:05:26.290 +0900 - info: 세션 아이디 : DzfNcd3kkKOA-v37smtIHBArIBAiRuqy
2019-01-29 20:05:26.688 +0900 - info: 공통페이지 진입 - app.js
2019-01-29 20:05:26.688 +0900 - info: 세션 아이디 : DzfNcd3kkKOA-v37smtIHBArIBAiRuqy
2019-01-29 20:05:26.718 +0900 - info: 공통페이지 진입 - app.js
2019-01-29 20:05:26.718 +0900 - info: 세션 아이디 : DzfNcd3kkKOA-v37smtIHBArIBAiRuqy
2019-01-29 20:05:26.729 +0900 - info: 공통페이지 진입 - app.js
2019-01-29 20:05:26.729 +0900 - info: 세션 아이디 : DzfNcd3kkKOA-v37smtIHBArIBAiRuqy
2019-01-29 20:05:26.760 +0900 - info: 공통페이지 진입 - app.js
2019-01-29 20:05:26.760 +0900 - info: 세션 아이디 : DzfNcd3kkKOA-v37smtIHBArIBAiRuqy
2019-01-29 20:06:07.103 +0900 - info: 공통페이지 진입 - app.js
2019-01-29 20:06:07.104 +0900 - info: 세션 아이디 : DzfNcd3kkKOA-v37smtIHBArIBAiRuqy
2019-01-29 20:06:07.313 +0900 - info: 공통페이지 진입 - app.js
2019-01-29 20:06:07.313 +0900 - info: 세션 아이디 : DzfNcd3kkKOA-v37smtIHBArIBAiRuqy
2019-01-29 20:06:07.345 +0900 - info: 공통페이지 진입 - app.js
2019-01-29 20:06:07.345 +0900 - info: 세션 아이디 : DzfNcd3kkKOA-v37smtIHBArIBAiRuqy
2019-01-29 20:06:07.374 +0900 - info: 공통페이지 진입 - app.js
2019-01-29 20:06:07.374 +0900 - info: 세션 아이디 : DzfNcd3kkKOA-v37smtIHBArIBAiRuqy
2019-01-29 20:06:07.409 +0900 - info: 공통페이지 진입 - app.js
2019-01-29 20:06:07.409 +0900 - info: 세션 아이디 : DzfNcd3kkKOA-v37smtIHBArIBAiRuqy
2019-01-29 20:07:25.668 +0900 - info: 공통페이지 진입 - app.js
2019-01-29 20:07:25.668 +0900 - info: 세션 아이디 : DzfNcd3kkKOA-v37smtIHBArIBAiRuqy
2019-01-29 20:07:26.248 +0900 - info: 공통페이지 진입 - app.js
2019-01-29 20:07:26.248 +0900 - info: 세션 아이디 : DzfNcd3kkKOA-v37smtIHBArIBAiRuqy
2019-01-29 20:07:26.277 +0900 - info: 공통페이지 진입 - app.js
2019-01-29 20:07:26.277 +0900 - info: 세션 아이디 : DzfNcd3kkKOA-v37smtIHBArIBAiRuqy
2019-01-29 20:07:26.291 +0900 - info: 공통페이지 진입 - app.js
2019-01-29 20:07:26.291 +0900 - info: 세션 아이디 : DzfNcd3kkKOA-v37smtIHBArIBAiRuqy
2019-01-29 20:07:26.317 +0900 - info: 공통페이지 진입 - app.js
2019-01-29 20:07:26.317 +0900 - info: 세션 아이디 : DzfNcd3kkKOA-v37smtIHBArIBAiRuqy
2019-01-29 20:08:03.906 +0900 - info: 공통페이지 진입 - app.js
2019-01-29 20:08:03.906 +0900 - info: 세션 아이디 : DzfNcd3kkKOA-v37smtIHBArIBAiRuqy
2019-01-29 20:08:04.237 +0900 - info: 공통페이지 진입 - app.js
2019-01-29 20:08:04.237 +0900 - info: 세션 아이디 : DzfNcd3kkKOA-v37smtIHBArIBAiRuqy
2019-01-29 20:08:04.275 +0900 - info: 공통페이지 진입 - app.js
2019-01-29 20:08:04.275 +0900 - info: 세션 아이디 : DzfNcd3kkKOA-v37smtIHBArIBAiRuqy
2019-01-29 20:08:04.298 +0900 - info: 공통페이지 진입 - app.js
2019-01-29 20:08:04.298 +0900 - info: 세션 아이디 : DzfNcd3kkKOA-v37smtIHBArIBAiRuqy
