2019-01-28 09:33:24.784 +0900 - info: 서버 작동. - index.js
2019-01-28 09:58:05.668 +0900 - info: 서버 작동. - index.js
2019-01-28 09:58:20.990 +0900 - info: 공통페이지 진입
2019-01-28 10:05:38.364 +0900 - info: 서버 작동. - index.js
2019-01-28 10:05:42.730 +0900 - info: 공통페이지 진입
2019-01-28 10:12:25.570 +0900 - info: 메모리 로딩 시작. - index.js
2019-01-28 10:12:25.574 +0900 - info: 메모리 로딩 완료. - index.js
2019-01-28 10:12:25.579 +0900 - info: 서버 작동. - index.js
2019-01-28 10:12:30.345 +0900 - info: 공통페이지 진입
2019-01-28 10:16:51.026 +0900 - info: 메모리 로딩 시작. - index.js
2019-01-28 10:16:51.031 +0900 - info: 메모리 로딩 완료. - index.js
2019-01-28 10:16:51.032 +0900 - info: 메모리 로딩 시작. - write.js
2019-01-28 10:16:51.032 +0900 - info: 메모리 로딩 완료. - write.js
2019-01-28 10:16:51.039 +0900 - info: 서버 작동. - index.js
2019-01-28 10:16:55.540 +0900 - info: 공통페이지 진입
2019-01-28 10:16:56.744 +0900 - info: 공통페이지 진입
2019-01-28 10:16:56.745 +0900 - error: error msg : Not Found
2019-01-28 10:16:56.746 +0900 - error: error msg2 : NotFoundError: Not Found
2019-01-28 10:17:01.804 +0900 - info: 공통페이지 진입
2019-01-28 10:17:01.805 +0900 - error: error msg : Not Found
2019-01-28 10:17:01.805 +0900 - error: error msg2 : NotFoundError: Not Found
2019-01-28 10:17:57.222 +0900 - info: 메모리 로딩 시작. - index.js
2019-01-28 10:17:57.227 +0900 - info: 메모리 로딩 완료. - index.js
2019-01-28 10:17:57.227 +0900 - info: 메모리 로딩 시작. - write.js
2019-01-28 10:17:57.228 +0900 - info: 메모리 로딩 완료. - write.js
2019-01-28 10:17:57.232 +0900 - info: 서버 작동. - index.js
2019-01-28 10:18:00.417 +0900 - info: 공통페이지 진입
2019-01-28 10:18:00.425 +0900 - error: error msg : Could not find the include file "./head"
2019-01-28 10:18:00.425 +0900 - error: error msg2 : Error: Could not find the include file "./head"
2019-01-28 10:18:02.431 +0900 - info: 공통페이지 진입
2019-01-28 10:18:02.711 +0900 - info: 공통페이지 진입
2019-01-28 10:18:03.399 +0900 - info: 공통페이지 진입
2019-01-28 10:18:04.152 +0900 - info: 공통페이지 진입
2019-01-28 10:18:04.152 +0900 - error: error msg : Could not find the include file "./head"
2019-01-28 10:18:04.152 +0900 - error: error msg2 : Error: Could not find the include file "./head"
2019-01-28 10:19:13.979 +0900 - info: 메모리 로딩 시작. - index.js
2019-01-28 10:19:13.983 +0900 - info: 메모리 로딩 완료. - index.js
2019-01-28 10:19:13.984 +0900 - info: 메모리 로딩 시작. - write.js
2019-01-28 10:19:13.985 +0900 - info: 메모리 로딩 완료. - write.js
2019-01-28 10:19:13.990 +0900 - info: 서버 작동. - index.js
2019-01-28 10:19:17.810 +0900 - info: 공통페이지 진입
2019-01-28 10:19:19.168 +0900 - info: 공통페이지 진입
2019-01-28 10:19:19.196 +0900 - info: 공통페이지 진입
2019-01-28 10:19:19.197 +0900 - error: error msg : Not Found
2019-01-28 10:19:19.197 +0900 - error: error msg2 : NotFoundError: Not Found
2019-01-28 10:19:19.200 +0900 - info: 공통페이지 진입
2019-01-28 10:19:19.200 +0900 - error: error msg : Not Found
2019-01-28 10:19:19.200 +0900 - error: error msg2 : NotFoundError: Not Found
2019-01-28 10:19:19.204 +0900 - info: 공통페이지 진입
2019-01-28 10:19:19.205 +0900 - error: error msg : Not Found
2019-01-28 10:19:19.206 +0900 - error: error msg2 : NotFoundError: Not Found
2019-01-28 10:19:19.211 +0900 - info: 공통페이지 진입
2019-01-28 10:19:19.211 +0900 - error: error msg : Not Found
2019-01-28 10:19:19.215 +0900 - error: error msg2 : NotFoundError: Not Found
2019-01-28 10:19:19.250 +0900 - info: 공통페이지 진입
2019-01-28 10:19:19.251 +0900 - error: error msg : Not Found
2019-01-28 10:19:19.251 +0900 - error: error msg2 : NotFoundError: Not Found
2019-01-28 10:19:19.285 +0900 - info: 공통페이지 진입
2019-01-28 10:19:19.285 +0900 - error: error msg : Not Found
2019-01-28 10:19:19.285 +0900 - error: error msg2 : NotFoundError: Not Found
2019-01-28 10:19:41.588 +0900 - info: 공통페이지 진입
2019-01-28 10:19:42.434 +0900 - info: 공통페이지 진입
2019-01-28 10:19:42.455 +0900 - info: 공통페이지 진입
2019-01-28 10:19:42.455 +0900 - error: error msg : Not Found
2019-01-28 10:19:42.456 +0900 - error: error msg2 : NotFoundError: Not Found
2019-01-28 10:19:42.457 +0900 - info: 공통페이지 진입
2019-01-28 10:19:42.458 +0900 - error: error msg : Not Found
2019-01-28 10:19:42.458 +0900 - error: error msg2 : NotFoundError: Not Found
2019-01-28 10:19:43.566 +0900 - info: 공통페이지 진입
2019-01-28 10:19:43.593 +0900 - info: 공통페이지 진입
2019-01-28 10:19:43.593 +0900 - error: error msg : Not Found
2019-01-28 10:19:43.593 +0900 - error: error msg2 : NotFoundError: Not Found
2019-01-28 10:19:43.596 +0900 - info: 공통페이지 진입
2019-01-28 10:19:43.597 +0900 - error: error msg : Not Found
2019-01-28 10:19:43.597 +0900 - error: error msg2 : NotFoundError: Not Found
2019-01-28 10:20:24.286 +0900 - info: 메모리 로딩 시작. - index.js
2019-01-28 10:20:24.290 +0900 - info: 메모리 로딩 완료. - index.js
2019-01-28 10:20:24.292 +0900 - info: 메모리 로딩 시작. - write.js
2019-01-28 10:20:24.292 +0900 - info: 메모리 로딩 완료. - write.js
2019-01-28 10:20:24.297 +0900 - info: 서버 작동. - index.js
2019-01-28 10:20:27.314 +0900 - info: 공통페이지 진입
2019-01-28 10:20:35.056 +0900 - info: 공통페이지 진입
2019-01-28 10:20:35.732 +0900 - info: 공통페이지 진입
2019-01-28 10:20:36.405 +0900 - info: 공통페이지 진입
2019-01-28 10:20:38.716 +0900 - info: 공통페이지 진입
2019-01-28 10:21:46.500 +0900 - info: 메모리 로딩 시작. - index.js
2019-01-28 10:21:46.506 +0900 - info: 메모리 로딩 완료. - index.js
2019-01-28 10:21:46.508 +0900 - info: 메모리 로딩 시작. - write.js
2019-01-28 10:21:46.508 +0900 - info: 메모리 로딩 완료. - write.js
2019-01-28 10:21:46.514 +0900 - info: 서버 작동. - index.js
2019-01-28 10:21:49.505 +0900 - info: 공통페이지 진입
2019-01-28 10:21:50.587 +0900 - info: 공통페이지 진입
2019-01-28 10:21:59.806 +0900 - info: 공통페이지 진입
2019-01-28 10:22:35.526 +0900 - info: 메모리 로딩 시작. - index.js
2019-01-28 10:22:35.530 +0900 - info: 메모리 로딩 완료. - index.js
2019-01-28 10:22:35.531 +0900 - info: 메모리 로딩 시작. - write.js
2019-01-28 10:22:35.531 +0900 - info: 메모리 로딩 완료. - write.js
2019-01-28 10:22:35.536 +0900 - info: 서버 작동. - index.js
2019-01-28 10:22:38.471 +0900 - info: 공통페이지 진입
2019-01-28 10:22:41.851 +0900 - info: 공통페이지 진입
2019-01-28 11:18:27.441 +0900 - info: 메모리 로딩 시작. - index.js
2019-01-28 11:18:27.447 +0900 - info: 메모리 로딩 완료. - index.js
2019-01-28 11:18:27.448 +0900 - info: 메모리 로딩 시작. - write.js
2019-01-28 11:18:27.449 +0900 - info: 메모리 로딩 완료. - write.js
2019-01-28 11:18:27.455 +0900 - info: 서버 작동. - index.js
2019-01-28 11:18:28.000 +0900 - info: 공통페이지 진입
2019-01-28 11:24:52.176 +0900 - info: 메모리 로딩 시작. - index.js
2019-01-28 11:24:52.180 +0900 - info: 메모리 로딩 완료. - index.js
2019-01-28 11:24:52.182 +0900 - info: 메모리 로딩 시작. - write.js
2019-01-28 11:24:52.182 +0900 - info: 메모리 로딩 완료. - write.js
2019-01-28 11:24:52.188 +0900 - info: 서버 작동. - index.js
2019-01-28 11:24:55.256 +0900 - info: 공통페이지 진입
2019-01-28 11:25:10.288 +0900 - info: 공통페이지 진입
2019-01-28 11:28:48.941 +0900 - info: 메모리 로딩 시작. - index.js
2019-01-28 11:28:48.945 +0900 - info: 메모리 로딩 완료. - index.js
2019-01-28 11:28:48.947 +0900 - info: 메모리 로딩 시작. - write.js
2019-01-28 11:28:48.947 +0900 - info: 메모리 로딩 완료. - write.js
2019-01-28 11:28:48.952 +0900 - info: 서버 작동. - index.js
2019-01-28 11:28:54.705 +0900 - info: 공통페이지 진입
2019-01-28 11:28:56.059 +0900 - info: 공통페이지 진입
2019-01-28 11:29:19.066 +0900 - info: 공통페이지 진입
2019-01-28 11:29:20.966 +0900 - info: 공통페이지 진입
2019-01-28 11:30:08.013 +0900 - info: 공통페이지 진입
2019-01-28 11:30:32.515 +0900 - info: 공통페이지 진입
2019-01-28 11:30:35.634 +0900 - info: 공통페이지 진입
2019-01-28 11:30:35.655 +0900 - info: 공통페이지 진입
2019-01-28 11:30:35.655 +0900 - error: error msg : Not Found
2019-01-28 11:30:35.656 +0900 - error: error msg2 : NotFoundError: Not Found
2019-01-28 11:30:35.662 +0900 - info: 공통페이지 진입
2019-01-28 11:30:35.662 +0900 - error: error msg : Not Found
2019-01-28 11:30:35.663 +0900 - error: error msg2 : NotFoundError: Not Found
2019-01-28 11:30:43.316 +0900 - info: 공통페이지 진입
2019-01-28 11:30:48.956 +0900 - info: 공통페이지 진입
2019-01-28 11:30:48.981 +0900 - info: 공통페이지 진입
2019-01-28 11:30:48.982 +0900 - error: error msg : Not Found
2019-01-28 11:30:48.982 +0900 - error: error msg2 : NotFoundError: Not Found
2019-01-28 11:30:48.983 +0900 - info: 공통페이지 진입
2019-01-28 11:30:48.984 +0900 - error: error msg : Not Found
2019-01-28 11:30:48.984 +0900 - error: error msg2 : NotFoundError: Not Found
2019-01-28 11:31:18.646 +0900 - info: 메모리 로딩 시작. - index.js
2019-01-28 11:31:18.650 +0900 - info: 메모리 로딩 완료. - index.js
2019-01-28 11:31:18.652 +0900 - info: 메모리 로딩 시작. - write.js
2019-01-28 11:31:18.652 +0900 - info: 메모리 로딩 완료. - write.js
2019-01-28 11:31:18.657 +0900 - info: 서버 작동. - index.js
2019-01-28 11:31:21.122 +0900 - info: 공통페이지 진입
2019-01-28 11:31:22.116 +0900 - info: 공통페이지 진입
2019-01-28 11:31:22.837 +0900 - info: 공통페이지 진입
2019-01-28 11:32:03.853 +0900 - info: 공통페이지 진입
2019-01-28 11:33:43.943 +0900 - info: 공통페이지 진입
2019-01-28 11:33:43.976 +0900 - info: 공통페이지 진입
2019-01-28 11:33:43.976 +0900 - error: error msg : Not Found
2019-01-28 11:33:43.977 +0900 - error: error msg2 : NotFoundError: Not Found
2019-01-28 11:33:43.979 +0900 - info: 공통페이지 진입
2019-01-28 11:33:43.979 +0900 - error: error msg : Not Found
2019-01-28 11:33:43.980 +0900 - error: error msg2 : NotFoundError: Not Found
2019-01-28 11:33:44.109 +0900 - info: 공통페이지 진입
2019-01-28 11:33:44.110 +0900 - error: error msg : Not Found
2019-01-28 11:33:44.119 +0900 - error: error msg2 : NotFoundError: Not Found
2019-01-28 11:33:45.484 +0900 - info: 공통페이지 진입
2019-01-28 11:33:45.517 +0900 - info: 공통페이지 진입
2019-01-28 11:33:45.517 +0900 - error: error msg : Not Found
2019-01-28 11:33:45.518 +0900 - error: error msg2 : NotFoundError: Not Found
2019-01-28 11:33:45.518 +0900 - info: 공통페이지 진입
2019-01-28 11:33:45.519 +0900 - error: error msg : Not Found
2019-01-28 11:33:45.519 +0900 - error: error msg2 : NotFoundError: Not Found
2019-01-28 11:33:45.570 +0900 - info: 공통페이지 진입
2019-01-28 11:33:45.570 +0900 - error: error msg : Not Found
2019-01-28 11:33:45.570 +0900 - error: error msg2 : NotFoundError: Not Found
2019-01-28 11:38:24.776 +0900 - info: 메모리 로딩 시작. - index.js
2019-01-28 11:38:24.780 +0900 - info: 메모리 로딩 완료. - index.js
2019-01-28 11:38:24.781 +0900 - info: 메모리 로딩 시작. - write.js
2019-01-28 11:38:24.782 +0900 - info: 메모리 로딩 완료. - write.js
2019-01-28 11:38:24.787 +0900 - info: 서버 작동. - index.js
2019-01-28 11:38:28.238 +0900 - info: 공통페이지 진입
2019-01-28 11:38:28.286 +0900 - info: 공통페이지 진입
2019-01-28 11:38:28.287 +0900 - error: error msg : Not Found
2019-01-28 11:38:28.287 +0900 - error: error msg2 : NotFoundError: Not Found
2019-01-28 11:38:28.290 +0900 - info: 공통페이지 진입
2019-01-28 11:38:28.290 +0900 - error: error msg : Not Found
2019-01-28 11:38:28.290 +0900 - error: error msg2 : NotFoundError: Not Found
2019-01-28 11:38:28.574 +0900 - info: 공통페이지 진입
2019-01-28 11:38:28.574 +0900 - error: error msg : Not Found
2019-01-28 11:38:28.575 +0900 - error: error msg2 : NotFoundError: Not Found
2019-01-28 11:38:28.582 +0900 - info: 공통페이지 진입
2019-01-28 11:38:28.582 +0900 - error: error msg : Not Found
2019-01-28 11:38:28.582 +0900 - error: error msg2 : NotFoundError: Not Found
2019-01-28 11:38:35.865 +0900 - info: 공통페이지 진입
2019-01-28 11:39:01.438 +0900 - info: 공통페이지 진입
2019-01-28 11:39:02.493 +0900 - info: 공통페이지 진입
2019-01-28 11:39:03.663 +0900 - info: 공통페이지 진입
2019-01-28 11:39:37.247 +0900 - info: 공통페이지 진입
2019-01-28 11:39:38.121 +0900 - info: 공통페이지 진입
2019-01-28 12:18:48.688 +0900 - info: 메모리 로딩 시작. - index.js
2019-01-28 12:18:48.692 +0900 - info: 메모리 로딩 완료. - index.js
2019-01-28 12:18:48.693 +0900 - info: 메모리 로딩 시작. - write.js
2019-01-28 12:18:48.694 +0900 - info: 메모리 로딩 완료. - write.js
2019-01-28 12:18:48.699 +0900 - info: 서버 작동. - index.js
2019-01-28 12:18:51.303 +0900 - info: 공통페이지 진입
2019-01-28 12:18:51.596 +0900 - info: 공통페이지 진입
2019-01-28 12:18:51.596 +0900 - error: error msg : Not Found
2019-01-28 12:18:51.597 +0900 - error: error msg2 : NotFoundError: Not Found
2019-01-28 12:18:51.664 +0900 - info: 공통페이지 진입
2019-01-28 12:18:51.664 +0900 - error: error msg : Not Found
2019-01-28 12:18:51.665 +0900 - error: error msg2 : NotFoundError: Not Found
2019-01-28 12:18:51.680 +0900 - info: 공통페이지 진입
2019-01-28 12:18:51.680 +0900 - error: error msg : Not Found
2019-01-28 12:18:51.681 +0900 - error: error msg2 : NotFoundError: Not Found
2019-01-28 12:19:32.468 +0900 - info: 메모리 로딩 시작. - index.js
2019-01-28 12:19:32.472 +0900 - info: 메모리 로딩 완료. - index.js
2019-01-28 12:19:32.473 +0900 - info: 메모리 로딩 시작. - write.js
2019-01-28 12:19:32.474 +0900 - info: 메모리 로딩 완료. - write.js
2019-01-28 12:19:32.480 +0900 - info: 서버 작동. - index.js
2019-01-28 12:19:36.734 +0900 - info: 공통페이지 진입
2019-01-28 12:19:37.072 +0900 - info: 공통페이지 진입
2019-01-28 12:19:37.073 +0900 - error: error msg : Not Found
2019-01-28 12:19:37.074 +0900 - error: error msg2 : NotFoundError: Not Found
2019-01-28 12:19:37.085 +0900 - info: 공통페이지 진입
2019-01-28 12:19:37.086 +0900 - error: error msg : Not Found
2019-01-28 12:19:37.086 +0900 - error: error msg2 : NotFoundError: Not Found
2019-01-28 12:19:37.104 +0900 - info: 공통페이지 진입
2019-01-28 12:19:37.105 +0900 - error: error msg : Not Found
2019-01-28 12:19:37.105 +0900 - error: error msg2 : NotFoundError: Not Found
2019-01-28 12:19:37.943 +0900 - info: 공통페이지 진입
2019-01-28 12:19:37.969 +0900 - info: 공통페이지 진입
2019-01-28 12:19:37.970 +0900 - error: error msg : Not Found
2019-01-28 12:19:37.970 +0900 - error: error msg2 : NotFoundError: Not Found
2019-01-28 12:19:37.973 +0900 - info: 공통페이지 진입
2019-01-28 12:19:37.974 +0900 - error: error msg : Not Found
2019-01-28 12:19:37.974 +0900 - error: error msg2 : NotFoundError: Not Found
2019-01-28 12:19:37.975 +0900 - info: 공통페이지 진입
2019-01-28 12:19:37.976 +0900 - error: error msg : Not Found
2019-01-28 12:19:37.976 +0900 - error: error msg2 : NotFoundError: Not Found
2019-01-28 12:19:37.977 +0900 - info: 공통페이지 진입
2019-01-28 12:19:37.978 +0900 - error: error msg : Not Found
2019-01-28 12:19:37.978 +0900 - error: error msg2 : NotFoundError: Not Found
2019-01-28 12:19:37.983 +0900 - info: 공통페이지 진입
2019-01-28 12:19:37.984 +0900 - error: error msg : Not Found
2019-01-28 12:19:37.984 +0900 - error: error msg2 : NotFoundError: Not Found
2019-01-28 12:19:37.988 +0900 - info: 공통페이지 진입
2019-01-28 12:19:37.989 +0900 - error: error msg : Not Found
2019-01-28 12:19:37.989 +0900 - error: error msg2 : NotFoundError: Not Found
2019-01-28 12:19:38.056 +0900 - info: 공통페이지 진입
2019-01-28 12:19:38.057 +0900 - error: error msg : Not Found
2019-01-28 12:19:38.057 +0900 - error: error msg2 : NotFoundError: Not Found
2019-01-28 12:19:38.061 +0900 - info: 공통페이지 진입
2019-01-28 12:19:38.061 +0900 - error: error msg : Not Found
2019-01-28 12:19:38.061 +0900 - error: error msg2 : NotFoundError: Not Found
2019-01-28 12:20:42.432 +0900 - info: 공통페이지 진입
2019-01-28 12:20:51.374 +0900 - info: 공통페이지 진입
2019-01-28 12:20:51.449 +0900 - info: 공통페이지 진입
2019-01-28 12:20:51.449 +0900 - error: error msg : Not Found
2019-01-28 12:20:51.449 +0900 - error: error msg2 : NotFoundError: Not Found
2019-01-28 12:20:51.455 +0900 - info: 공통페이지 진입
2019-01-28 12:20:51.456 +0900 - error: error msg : Not Found
2019-01-28 12:20:51.456 +0900 - error: error msg2 : NotFoundError: Not Found
2019-01-28 12:20:51.458 +0900 - info: 공통페이지 진입
2019-01-28 12:20:51.459 +0900 - error: error msg : Not Found
2019-01-28 12:20:51.459 +0900 - error: error msg2 : NotFoundError: Not Found
2019-01-28 12:20:53.603 +0900 - info: 공통페이지 진입
2019-01-28 12:21:33.938 +0900 - info: 공통페이지 진입
2019-01-28 12:22:39.702 +0900 - info: 공통페이지 진입
2019-01-28 12:22:49.823 +0900 - info: 공통페이지 진입
2019-01-28 12:22:49.969 +0900 - info: 공통페이지 진입
2019-01-28 12:22:49.969 +0900 - error: error msg : Not Found
2019-01-28 12:22:49.970 +0900 - error: error msg2 : NotFoundError: Not Found
2019-01-28 12:22:49.981 +0900 - info: 공통페이지 진입
2019-01-28 12:22:49.982 +0900 - error: error msg : Not Found
2019-01-28 12:22:49.982 +0900 - error: error msg2 : NotFoundError: Not Found
2019-01-28 12:22:50.001 +0900 - info: 공통페이지 진입
2019-01-28 12:22:50.001 +0900 - error: error msg : Not Found
2019-01-28 12:22:50.002 +0900 - error: error msg2 : NotFoundError: Not Found
2019-01-28 13:28:00.577 +0900 - info: 공통페이지 진입
2019-01-28 13:28:00.894 +0900 - info: 공통페이지 진입
2019-01-28 13:28:00.895 +0900 - error: error msg : Not Found
2019-01-28 13:28:00.895 +0900 - error: error msg2 : NotFoundError: Not Found
2019-01-28 13:28:00.908 +0900 - info: 공통페이지 진입
2019-01-28 13:28:00.909 +0900 - error: error msg : Not Found
2019-01-28 13:28:00.909 +0900 - error: error msg2 : NotFoundError: Not Found
2019-01-28 13:28:00.927 +0900 - info: 공통페이지 진입
2019-01-28 13:28:00.927 +0900 - error: error msg : Not Found
2019-01-28 13:28:00.928 +0900 - error: error msg2 : NotFoundError: Not Found
2019-01-28 13:28:02.546 +0900 - info: 공통페이지 진입
2019-01-28 13:31:08.843 +0900 - info: 공통페이지 진입
2019-01-28 13:31:30.194 +0900 - info: 공통페이지 진입
2019-01-28 13:31:50.928 +0900 - info: 공통페이지 진입
2019-01-28 13:32:53.308 +0900 - info: 공통페이지 진입
2019-01-28 13:36:01.887 +0900 - info: 공통페이지 진입
2019-01-28 13:50:06.247 +0900 - info: 공통페이지 진입
2019-01-28 13:50:27.090 +0900 - info: 공통페이지 진입
2019-01-28 13:50:42.197 +0900 - info: 공통페이지 진입
2019-01-28 13:52:05.310 +0900 - info: 공통페이지 진입
2019-01-28 13:56:47.186 +0900 - info: 공통페이지 진입
2019-01-28 13:58:08.173 +0900 - info: 공통페이지 진입
2019-01-28 13:58:26.275 +0900 - info: 공통페이지 진입
2019-01-28 13:59:25.645 +0900 - info: 공통페이지 진입
2019-01-28 13:59:43.565 +0900 - info: 공통페이지 진입
2019-01-28 14:01:34.340 +0900 - info: 공통페이지 진입
2019-01-28 14:01:51.784 +0900 - info: 공통페이지 진입
2019-01-28 14:01:52.906 +0900 - info: 공통페이지 진입
2019-01-28 14:02:10.952 +0900 - info: 공통페이지 진입
2019-01-28 14:03:09.037 +0900 - info: 공통페이지 진입
2019-01-28 14:03:22.996 +0900 - info: 공통페이지 진입
2019-01-28 14:04:48.080 +0900 - info: 공통페이지 진입
2019-01-28 14:06:39.350 +0900 - info: 공통페이지 진입
2019-01-28 14:09:24.390 +0900 - info: 공통페이지 진입
2019-01-28 14:10:03.214 +0900 - info: 공통페이지 진입
2019-01-28 14:10:17.576 +0900 - info: 공통페이지 진입
2019-01-28 14:11:02.543 +0900 - info: 공통페이지 진입
2019-01-28 14:11:30.329 +0900 - info: 공통페이지 진입
2019-01-28 14:13:52.510 +0900 - info: 공통페이지 진입
2019-01-28 14:15:02.640 +0900 - info: 공통페이지 진입
2019-01-28 14:15:26.955 +0900 - info: 공통페이지 진입
2019-01-28 14:15:48.179 +0900 - info: 공통페이지 진입
2019-01-28 14:16:24.603 +0900 - info: 공통페이지 진입
2019-01-28 14:16:26.223 +0900 - info: 공통페이지 진입
2019-01-28 14:16:27.346 +0900 - info: 공통페이지 진입
2019-01-28 14:16:54.856 +0900 - info: 공통페이지 진입
2019-01-28 14:17:09.363 +0900 - info: 공통페이지 진입
2019-01-28 14:18:48.364 +0900 - info: 공통페이지 진입
2019-01-28 14:18:54.780 +0900 - info: 공통페이지 진입
2019-01-28 14:18:54.891 +0900 - info: 공통페이지 진입
2019-01-28 14:18:54.891 +0900 - error: error msg : Not Found
2019-01-28 14:18:54.892 +0900 - error: error msg2 : NotFoundError: Not Found
2019-01-28 14:18:54.906 +0900 - info: 공통페이지 진입
2019-01-28 14:18:54.907 +0900 - error: error msg : Not Found
2019-01-28 14:18:54.907 +0900 - error: error msg2 : NotFoundError: Not Found
2019-01-28 14:18:54.923 +0900 - info: 공통페이지 진입
2019-01-28 14:18:54.924 +0900 - error: error msg : Not Found
2019-01-28 14:18:54.924 +0900 - error: error msg2 : NotFoundError: Not Found
2019-01-28 14:45:23.604 +0900 - info: 공통페이지 진입
2019-01-28 14:48:58.824 +0900 - info: 공통페이지 진입
2019-01-28 14:48:59.154 +0900 - info: 공통페이지 진입
2019-01-28 14:48:59.155 +0900 - error: error msg : Not Found
2019-01-28 14:48:59.156 +0900 - error: error msg2 : NotFoundError: Not Found
2019-01-28 14:48:59.175 +0900 - info: 공통페이지 진입
2019-01-28 14:48:59.176 +0900 - error: error msg : Not Found
2019-01-28 14:48:59.176 +0900 - error: error msg2 : NotFoundError: Not Found
2019-01-28 14:48:59.195 +0900 - info: 공통페이지 진입
2019-01-28 14:48:59.196 +0900 - error: error msg : Not Found
2019-01-28 14:48:59.196 +0900 - error: error msg2 : NotFoundError: Not Found
2019-01-28 14:50:35.940 +0900 - info: 공통페이지 진입
2019-01-28 14:50:36.186 +0900 - info: 공통페이지 진입
2019-01-28 14:50:36.186 +0900 - error: error msg : Not Found
2019-01-28 14:50:36.187 +0900 - error: error msg2 : NotFoundError: Not Found
2019-01-28 14:50:36.243 +0900 - info: 공통페이지 진입
2019-01-28 14:50:36.243 +0900 - error: error msg : Not Found
2019-01-28 14:50:36.243 +0900 - error: error msg2 : NotFoundError: Not Found
2019-01-28 14:50:36.276 +0900 - info: 공통페이지 진입
2019-01-28 14:50:36.277 +0900 - error: error msg : Not Found
2019-01-28 14:50:36.280 +0900 - error: error msg2 : NotFoundError: Not Found
2019-01-28 14:52:18.033 +0900 - info: 공통페이지 진입
2019-01-28 14:52:18.279 +0900 - info: 공통페이지 진입
2019-01-28 14:52:18.279 +0900 - error: error msg : Not Found
2019-01-28 14:52:18.280 +0900 - error: error msg2 : NotFoundError: Not Found
2019-01-28 14:52:18.293 +0900 - info: 공통페이지 진입
2019-01-28 14:52:18.294 +0900 - error: error msg : Not Found
2019-01-28 14:52:18.294 +0900 - error: error msg2 : NotFoundError: Not Found
2019-01-28 14:52:18.317 +0900 - info: 공통페이지 진입
2019-01-28 14:52:18.317 +0900 - error: error msg : Not Found
2019-01-28 14:52:18.318 +0900 - error: error msg2 : NotFoundError: Not Found
2019-01-28 14:52:18.774 +0900 - info: 공통페이지 진입
2019-01-28 14:52:18.895 +0900 - info: 공통페이지 진입
2019-01-28 14:52:18.896 +0900 - error: error msg : Not Found
2019-01-28 14:52:18.896 +0900 - error: error msg2 : NotFoundError: Not Found
2019-01-28 14:52:18.907 +0900 - info: 공통페이지 진입
2019-01-28 14:52:18.908 +0900 - error: error msg : Not Found
2019-01-28 14:52:18.908 +0900 - error: error msg2 : NotFoundError: Not Found
2019-01-28 14:52:18.930 +0900 - info: 공통페이지 진입
2019-01-28 14:52:18.931 +0900 - error: error msg : Not Found
2019-01-28 14:52:18.931 +0900 - error: error msg2 : NotFoundError: Not Found
2019-01-28 14:54:47.237 +0900 - info: 공통페이지 진입
2019-01-28 14:54:47.512 +0900 - info: 공통페이지 진입
2019-01-28 14:54:47.512 +0900 - error: error msg : Not Found
2019-01-28 14:54:47.513 +0900 - error: error msg2 : NotFoundError: Not Found
2019-01-28 14:54:47.541 +0900 - info: 공통페이지 진입
2019-01-28 14:54:47.542 +0900 - error: error msg : Not Found
2019-01-28 14:54:47.542 +0900 - error: error msg2 : NotFoundError: Not Found
2019-01-28 14:54:47.566 +0900 - info: 공통페이지 진입
2019-01-28 14:54:47.566 +0900 - error: error msg : Not Found
2019-01-28 14:54:47.567 +0900 - error: error msg2 : NotFoundError: Not Found
2019-01-28 16:03:35.457 +0900 - info: 메모리 로딩 시작. - index.js
2019-01-28 16:03:35.462 +0900 - info: 메모리 로딩 완료. - index.js
2019-01-28 16:03:35.464 +0900 - info: 메모리 로딩 시작. - write.js
2019-01-28 16:03:35.464 +0900 - info: 메모리 로딩 완료. - write.js
2019-01-28 16:03:35.469 +0900 - info: 서버 작동. - index.js
2019-01-28 16:03:55.890 +0900 - info: 공통페이지 진입
2019-01-28 16:03:56.375 +0900 - info: 공통페이지 진입
2019-01-28 16:03:56.376 +0900 - error: error msg : Not Found
2019-01-28 16:03:56.377 +0900 - error: error msg2 : NotFoundError: Not Found
2019-01-28 16:03:56.440 +0900 - info: 공통페이지 진입
2019-01-28 16:03:56.440 +0900 - error: error msg : Not Found
2019-01-28 16:03:56.440 +0900 - error: error msg2 : NotFoundError: Not Found
2019-01-28 16:03:56.496 +0900 - info: 공통페이지 진입
2019-01-28 16:03:56.496 +0900 - error: error msg : Not Found
2019-01-28 16:03:56.497 +0900 - error: error msg2 : NotFoundError: Not Found
2019-01-28 16:03:57.776 +0900 - info: 공통페이지 진입
2019-01-28 16:04:57.891 +0900 - info: 공통페이지 진입
2019-01-28 16:12:17.988 +0900 - info: 공통페이지 진입
2019-01-28 16:15:05.785 +0900 - info: 메모리 로딩 시작. - index.js
2019-01-28 16:15:05.789 +0900 - info: 메모리 로딩 완료. - index.js
2019-01-28 16:15:05.790 +0900 - info: 메모리 로딩 시작. - write.js
2019-01-28 16:15:05.790 +0900 - info: 메모리 로딩 완료. - write.js
2019-01-28 16:15:05.795 +0900 - info: 서버 작동. - index.js
2019-01-28 16:15:10.398 +0900 - info: 공통페이지 진입
2019-01-28 16:15:12.430 +0900 - info: 공통페이지 진입
2019-01-28 16:16:26.786 +0900 - info: 공통페이지 진입
2019-01-28 16:16:28.463 +0900 - info: 공통페이지 진입
2019-01-28 16:16:36.876 +0900 - info: 공통페이지 진입
2019-01-28 16:16:50.051 +0900 - info: 공통페이지 진입
2019-01-28 16:17:17.352 +0900 - info: 공통페이지 진입
2019-01-28 16:17:19.841 +0900 - info: 공통페이지 진입
2019-01-28 16:17:21.212 +0900 - info: 공통페이지 진입
2019-01-28 16:18:56.394 +0900 - info: 공통페이지 진입
2019-01-28 16:21:32.743 +0900 - info: 공통페이지 진입
2019-01-28 16:23:50.206 +0900 - info: 공통페이지 진입
2019-01-28 16:25:35.114 +0900 - info: 공통페이지 진입
2019-01-28 16:26:07.843 +0900 - info: 공통페이지 진입
2019-01-28 16:27:06.702 +0900 - info: 공통페이지 진입
2019-01-28 16:39:12.959 +0900 - info: 메모리 로딩 시작. - index.js
2019-01-28 16:39:12.963 +0900 - info: 메모리 로딩 완료. - index.js
2019-01-28 16:39:12.964 +0900 - info: 메모리 로딩 시작. - write.js
2019-01-28 16:39:12.964 +0900 - info: 메모리 로딩 완료. - write.js
2019-01-28 16:39:12.964 +0900 - info: 메모리 로딩 시작. - read.js
2019-01-28 16:39:12.964 +0900 - info: 메모리 로딩 완료. - read.js
2019-01-28 16:39:12.969 +0900 - info: 서버 작동. - index.js
2019-01-28 16:39:16.909 +0900 - info: 공통페이지 진입
2019-01-28 16:39:16.910 +0900 - error: error msg : Not Found
2019-01-28 16:39:16.910 +0900 - error: error msg2 : NotFoundError: Not Found
2019-01-28 16:40:00.510 +0900 - info: 메모리 로딩 시작. - index.js
2019-01-28 16:40:00.514 +0900 - info: 메모리 로딩 완료. - index.js
2019-01-28 16:40:00.515 +0900 - info: 메모리 로딩 시작. - write.js
2019-01-28 16:40:00.515 +0900 - info: 메모리 로딩 완료. - write.js
2019-01-28 16:40:00.516 +0900 - info: 메모리 로딩 시작. - read.js
2019-01-28 16:40:00.516 +0900 - info: 메모리 로딩 완료. - read.js
2019-01-28 16:40:00.521 +0900 - info: 서버 작동. - index.js
2019-01-28 16:40:03.891 +0900 - info: 공통페이지 진입
2019-01-28 16:40:06.145 +0900 - info: 공통페이지 진입
2019-01-28 16:40:06.263 +0900 - info: 공통페이지 진입
2019-01-28 16:40:06.264 +0900 - error: error msg : Not Found
2019-01-28 16:40:06.264 +0900 - error: error msg2 : NotFoundError: Not Found
2019-01-28 16:40:06.313 +0900 - info: 공통페이지 진입
2019-01-28 16:40:06.314 +0900 - error: error msg : Not Found
2019-01-28 16:40:06.314 +0900 - error: error msg2 : NotFoundError: Not Found
2019-01-28 16:40:06.336 +0900 - info: 공통페이지 진입
2019-01-28 16:40:06.336 +0900 - error: error msg : Not Found
2019-01-28 16:40:06.337 +0900 - error: error msg2 : NotFoundError: Not Found
2019-01-28 16:40:56.767 +0900 - info: 공통페이지 진입
2019-01-28 16:40:57.020 +0900 - info: 공통페이지 진입
2019-01-28 16:40:57.020 +0900 - error: error msg : Not Found
2019-01-28 16:40:57.020 +0900 - error: error msg2 : NotFoundError: Not Found
2019-01-28 16:40:57.070 +0900 - info: 공통페이지 진입
2019-01-28 16:40:57.071 +0900 - error: error msg : Not Found
2019-01-28 16:40:57.071 +0900 - error: error msg2 : NotFoundError: Not Found
2019-01-28 16:40:57.106 +0900 - info: 공통페이지 진입
2019-01-28 16:40:57.107 +0900 - error: error msg : Not Found
2019-01-28 16:40:57.107 +0900 - error: error msg2 : NotFoundError: Not Found
2019-01-28 16:43:42.154 +0900 - info: 공통페이지 진입
2019-01-28 16:43:42.430 +0900 - info: 공통페이지 진입
2019-01-28 16:43:42.431 +0900 - error: error msg : Not Found
2019-01-28 16:43:42.431 +0900 - error: error msg2 : NotFoundError: Not Found
2019-01-28 16:43:42.462 +0900 - info: 공통페이지 진입
2019-01-28 16:43:42.462 +0900 - error: error msg : Not Found
2019-01-28 16:43:42.463 +0900 - error: error msg2 : NotFoundError: Not Found
2019-01-28 16:43:42.484 +0900 - info: 공통페이지 진입
2019-01-28 16:43:42.484 +0900 - error: error msg : Not Found
2019-01-28 16:43:42.484 +0900 - error: error msg2 : NotFoundError: Not Found
2019-01-28 16:44:29.446 +0900 - info: 공통페이지 진입
2019-01-28 16:44:29.719 +0900 - info: 공통페이지 진입
2019-01-28 16:44:29.720 +0900 - error: error msg : Not Found
2019-01-28 16:44:29.720 +0900 - error: error msg2 : NotFoundError: Not Found
2019-01-28 16:44:29.760 +0900 - info: 공통페이지 진입
2019-01-28 16:44:29.761 +0900 - error: error msg : Not Found
2019-01-28 16:44:29.761 +0900 - error: error msg2 : NotFoundError: Not Found
2019-01-28 16:44:29.787 +0900 - info: 공통페이지 진입
2019-01-28 16:44:29.788 +0900 - error: error msg : Not Found
2019-01-28 16:44:29.789 +0900 - error: error msg2 : NotFoundError: Not Found
2019-01-28 16:45:08.788 +0900 - info: 공통페이지 진입
2019-01-28 16:45:09.061 +0900 - info: 공통페이지 진입
2019-01-28 16:45:09.061 +0900 - error: error msg : Not Found
2019-01-28 16:45:09.061 +0900 - error: error msg2 : NotFoundError: Not Found
2019-01-28 16:45:09.104 +0900 - info: 공통페이지 진입
2019-01-28 16:45:09.104 +0900 - error: error msg : Not Found
2019-01-28 16:45:09.104 +0900 - error: error msg2 : NotFoundError: Not Found
2019-01-28 16:45:09.122 +0900 - info: 공통페이지 진입
2019-01-28 16:45:09.123 +0900 - error: error msg : Not Found
2019-01-28 16:45:09.123 +0900 - error: error msg2 : NotFoundError: Not Found
2019-01-28 16:46:05.284 +0900 - info: 공통페이지 진입
2019-01-28 16:46:05.528 +0900 - info: 공통페이지 진입
2019-01-28 16:46:05.528 +0900 - error: error msg : Not Found
2019-01-28 16:46:05.529 +0900 - error: error msg2 : NotFoundError: Not Found
2019-01-28 16:46:05.583 +0900 - info: 공통페이지 진입
2019-01-28 16:46:05.583 +0900 - error: error msg : Not Found
2019-01-28 16:46:05.584 +0900 - error: error msg2 : NotFoundError: Not Found
2019-01-28 16:46:05.615 +0900 - info: 공통페이지 진입
2019-01-28 16:46:05.616 +0900 - error: error msg : Not Found
2019-01-28 16:46:05.616 +0900 - error: error msg2 : NotFoundError: Not Found
2019-01-28 16:54:29.649 +0900 - info: 메모리 로딩 시작. - index.js
2019-01-28 16:54:29.653 +0900 - info: 메모리 로딩 완료. - index.js
2019-01-28 16:54:29.654 +0900 - info: 메모리 로딩 시작. - write.js
2019-01-28 16:54:29.655 +0900 - info: 메모리 로딩 완료. - write.js
2019-01-28 16:54:29.656 +0900 - info: 메모리 로딩 시작. - read.js
2019-01-28 16:54:29.656 +0900 - info: 메모리 로딩 완료. - read.js
2019-01-28 16:54:29.661 +0900 - info: 서버 작동. - index.js
2019-01-28 16:54:34.035 +0900 - info: 공통페이지 진입
2019-01-28 16:54:34.264 +0900 - info: 공통페이지 진입
2019-01-28 16:54:34.265 +0900 - error: error msg : Not Found
2019-01-28 16:54:34.265 +0900 - error: error msg2 : NotFoundError: Not Found
2019-01-28 16:54:34.309 +0900 - info: 공통페이지 진입
2019-01-28 16:54:34.309 +0900 - error: error msg : Not Found
2019-01-28 16:54:34.310 +0900 - error: error msg2 : NotFoundError: Not Found
2019-01-28 16:54:34.336 +0900 - info: 공통페이지 진입
2019-01-28 16:54:34.336 +0900 - error: error msg : Not Found
2019-01-28 16:54:34.336 +0900 - error: error msg2 : NotFoundError: Not Found
2019-01-28 16:54:35.951 +0900 - info: 공통페이지 진입
2019-01-28 16:54:36.063 +0900 - info: 공통페이지 진입
2019-01-28 16:54:36.063 +0900 - error: error msg : Not Found
2019-01-28 16:54:36.063 +0900 - error: error msg2 : NotFoundError: Not Found
2019-01-28 16:54:36.082 +0900 - info: 공통페이지 진입
2019-01-28 16:54:36.082 +0900 - error: error msg : Not Found
2019-01-28 16:54:36.082 +0900 - error: error msg2 : NotFoundError: Not Found
2019-01-28 16:54:36.097 +0900 - info: 공통페이지 진입
2019-01-28 16:54:36.097 +0900 - error: error msg : Not Found
2019-01-28 16:54:36.098 +0900 - error: error msg2 : NotFoundError: Not Found
2019-01-28 16:55:26.027 +0900 - info: 공통페이지 진입
2019-01-28 16:55:26.320 +0900 - info: 공통페이지 진입
2019-01-28 16:55:26.320 +0900 - error: error msg : Not Found
2019-01-28 16:55:26.320 +0900 - error: error msg2 : NotFoundError: Not Found
2019-01-28 16:55:26.340 +0900 - info: 공통페이지 진입
2019-01-28 16:55:26.343 +0900 - error: error msg : Not Found
2019-01-28 16:55:26.343 +0900 - error: error msg2 : NotFoundError: Not Found
2019-01-28 16:55:26.358 +0900 - info: 공통페이지 진입
2019-01-28 16:55:26.359 +0900 - error: error msg : Not Found
2019-01-28 16:55:26.359 +0900 - error: error msg2 : NotFoundError: Not Found
2019-01-28 16:55:56.667 +0900 - info: 공통페이지 진입
2019-01-28 16:55:56.885 +0900 - info: 공통페이지 진입
2019-01-28 16:55:56.886 +0900 - error: error msg : Not Found
2019-01-28 16:55:56.886 +0900 - error: error msg2 : NotFoundError: Not Found
2019-01-28 16:55:56.925 +0900 - info: 공통페이지 진입
2019-01-28 16:55:56.925 +0900 - error: error msg : Not Found
2019-01-28 16:55:56.926 +0900 - error: error msg2 : NotFoundError: Not Found
2019-01-28 16:55:56.949 +0900 - info: 공통페이지 진입
2019-01-28 16:55:56.949 +0900 - error: error msg : Not Found
2019-01-28 16:55:56.950 +0900 - error: error msg2 : NotFoundError: Not Found
2019-01-28 16:56:56.314 +0900 - info: 공통페이지 진입
2019-01-28 16:56:56.556 +0900 - info: 공통페이지 진입
2019-01-28 16:56:56.557 +0900 - error: error msg : Not Found
2019-01-28 16:56:56.557 +0900 - error: error msg2 : NotFoundError: Not Found
2019-01-28 16:56:56.585 +0900 - info: 공통페이지 진입
2019-01-28 16:56:56.585 +0900 - error: error msg : Not Found
2019-01-28 16:56:56.585 +0900 - error: error msg2 : NotFoundError: Not Found
2019-01-28 16:56:56.608 +0900 - info: 공통페이지 진입
2019-01-28 16:56:56.608 +0900 - error: error msg : Not Found
2019-01-28 16:56:56.609 +0900 - error: error msg2 : NotFoundError: Not Found
2019-01-28 16:57:27.285 +0900 - info: 공통페이지 진입
2019-01-28 16:57:27.543 +0900 - info: 공통페이지 진입
2019-01-28 16:57:27.543 +0900 - error: error msg : Not Found
2019-01-28 16:57:27.543 +0900 - error: error msg2 : NotFoundError: Not Found
2019-01-28 16:57:27.591 +0900 - info: 공통페이지 진입
2019-01-28 16:57:27.591 +0900 - error: error msg : Not Found
2019-01-28 16:57:27.592 +0900 - error: error msg2 : NotFoundError: Not Found
2019-01-28 16:57:27.612 +0900 - info: 공통페이지 진입
2019-01-28 16:57:27.613 +0900 - error: error msg : Not Found
2019-01-28 16:57:27.613 +0900 - error: error msg2 : NotFoundError: Not Found
2019-01-28 16:57:28.296 +0900 - info: 공통페이지 진입
2019-01-28 16:57:28.396 +0900 - info: 공통페이지 진입
2019-01-28 16:57:28.397 +0900 - error: error msg : Not Found
2019-01-28 16:57:28.397 +0900 - error: error msg2 : NotFoundError: Not Found
2019-01-28 16:57:28.415 +0900 - info: 공통페이지 진입
2019-01-28 16:57:28.415 +0900 - error: error msg : Not Found
2019-01-28 16:57:28.416 +0900 - error: error msg2 : NotFoundError: Not Found
2019-01-28 16:57:28.432 +0900 - info: 공통페이지 진입
2019-01-28 16:57:28.432 +0900 - error: error msg : Not Found
2019-01-28 16:57:28.433 +0900 - error: error msg2 : NotFoundError: Not Found
2019-01-28 16:58:05.187 +0900 - info: 공통페이지 진입
2019-01-28 16:58:05.473 +0900 - info: 공통페이지 진입
2019-01-28 16:58:05.474 +0900 - error: error msg : Not Found
2019-01-28 16:58:05.474 +0900 - error: error msg2 : NotFoundError: Not Found
2019-01-28 16:58:05.505 +0900 - info: 공통페이지 진입
2019-01-28 16:58:05.505 +0900 - error: error msg : Not Found
2019-01-28 16:58:05.505 +0900 - error: error msg2 : NotFoundError: Not Found
2019-01-28 16:58:05.526 +0900 - info: 공통페이지 진입
2019-01-28 16:58:05.526 +0900 - error: error msg : Not Found
2019-01-28 16:58:05.526 +0900 - error: error msg2 : NotFoundError: Not Found
2019-01-28 17:00:28.667 +0900 - info: 공통페이지 진입
2019-01-28 17:00:28.884 +0900 - info: 공통페이지 진입
2019-01-28 17:00:28.884 +0900 - error: error msg : Not Found
2019-01-28 17:00:28.885 +0900 - error: error msg2 : NotFoundError: Not Found
2019-01-28 17:00:28.924 +0900 - info: 공통페이지 진입
2019-01-28 17:00:28.924 +0900 - error: error msg : Not Found
2019-01-28 17:00:28.925 +0900 - error: error msg2 : NotFoundError: Not Found
2019-01-28 17:00:28.949 +0900 - info: 공통페이지 진입
2019-01-28 17:00:28.949 +0900 - error: error msg : Not Found
2019-01-28 17:00:28.949 +0900 - error: error msg2 : NotFoundError: Not Found
2019-01-28 17:14:40.048 +0900 - info: 메모리 로딩 시작. - index.js
2019-01-28 17:14:40.053 +0900 - info: 메모리 로딩 완료. - index.js
2019-01-28 17:14:40.054 +0900 - info: 메모리 로딩 시작. - write.js
2019-01-28 17:14:40.055 +0900 - info: 메모리 로딩 완료. - write.js
2019-01-28 17:14:40.056 +0900 - info: 메모리 로딩 시작. - read.js
2019-01-28 17:14:40.056 +0900 - info: 메모리 로딩 완료. - read.js
2019-01-28 17:14:40.063 +0900 - info: 서버 작동. - index.js
2019-01-28 17:14:47.329 +0900 - info: 공통페이지 진입
2019-01-28 17:14:47.566 +0900 - info: 공통페이지 진입
2019-01-28 17:14:47.567 +0900 - error: error msg : Not Found
2019-01-28 17:14:47.567 +0900 - error: error msg2 : NotFoundError: Not Found
2019-01-28 17:14:47.613 +0900 - info: 공통페이지 진입
2019-01-28 17:14:47.614 +0900 - error: error msg : Not Found
2019-01-28 17:14:47.614 +0900 - error: error msg2 : NotFoundError: Not Found
2019-01-28 17:14:47.641 +0900 - info: 공통페이지 진입
2019-01-28 17:14:47.641 +0900 - error: error msg : Not Found
2019-01-28 17:14:47.641 +0900 - error: error msg2 : NotFoundError: Not Found
2019-01-28 17:14:49.934 +0900 - info: 공통페이지 진입
2019-01-28 17:14:50.045 +0900 - info: 공통페이지 진입
2019-01-28 17:14:50.045 +0900 - error: error msg : Not Found
2019-01-28 17:14:50.046 +0900 - error: error msg2 : NotFoundError: Not Found
2019-01-28 17:14:50.064 +0900 - info: 공통페이지 진입
2019-01-28 17:14:50.064 +0900 - error: error msg : Not Found
2019-01-28 17:14:50.064 +0900 - error: error msg2 : NotFoundError: Not Found
2019-01-28 17:14:50.091 +0900 - info: 공통페이지 진입
2019-01-28 17:14:50.091 +0900 - error: error msg : Not Found
2019-01-28 17:14:50.091 +0900 - error: error msg2 : NotFoundError: Not Found
2019-01-28 17:24:07.846 +0900 - info: 공통페이지 진입
2019-01-28 17:24:07.987 +0900 - info: 공통페이지 진입
2019-01-28 17:24:07.987 +0900 - error: error msg : Not Found
2019-01-28 17:24:07.987 +0900 - error: error msg2 : NotFoundError: Not Found
2019-01-28 17:24:08.006 +0900 - info: 공통페이지 진입
2019-01-28 17:24:08.006 +0900 - error: error msg : Not Found
2019-01-28 17:24:08.007 +0900 - error: error msg2 : NotFoundError: Not Found
2019-01-28 17:24:08.025 +0900 - info: 공통페이지 진입
2019-01-28 17:24:08.025 +0900 - error: error msg : Not Found
2019-01-28 17:24:08.026 +0900 - error: error msg2 : NotFoundError: Not Found
2019-01-28 17:24:11.189 +0900 - info: 공통페이지 진입
2019-01-28 17:24:11.298 +0900 - info: 공통페이지 진입
2019-01-28 17:24:11.299 +0900 - error: error msg : Not Found
2019-01-28 17:24:11.299 +0900 - error: error msg2 : NotFoundError: Not Found
2019-01-28 17:24:11.317 +0900 - info: 공통페이지 진입
2019-01-28 17:24:11.318 +0900 - error: error msg : Not Found
2019-01-28 17:24:11.318 +0900 - error: error msg2 : NotFoundError: Not Found
2019-01-28 17:24:11.338 +0900 - info: 공통페이지 진입
2019-01-28 17:24:11.339 +0900 - error: error msg : Not Found
2019-01-28 17:24:11.339 +0900 - error: error msg2 : NotFoundError: Not Found
2019-01-28 17:24:12.582 +0900 - info: 공통페이지 진입
2019-01-28 17:24:13.629 +0900 - info: 공통페이지 진입
2019-01-28 17:24:14.304 +0900 - info: 공통페이지 진입
2019-01-28 18:27:48.255 +0900 - info: 공통페이지 진입
2019-01-28 18:58:08.961 +0900 - info: 메모리 로딩 시작. - index.js
2019-01-28 18:58:08.965 +0900 - info: 메모리 로딩 완료. - index.js
2019-01-28 18:58:08.966 +0900 - info: 메모리 로딩 시작. - write.js
2019-01-28 18:58:08.966 +0900 - info: 메모리 로딩 완료. - write.js
2019-01-28 18:58:08.967 +0900 - info: 메모리 로딩 시작. - read.js
2019-01-28 18:58:08.968 +0900 - info: 메모리 로딩 완료. - read.js
2019-01-28 18:58:08.972 +0900 - info: 서버 작동. - index.js
2019-01-28 18:58:15.158 +0900 - info: 공통페이지 진입 - app.js
2019-01-28 18:58:15.159 +0900 - info: 세션 아이디 : DzfNcd3kkKOA-v37smtIHBArIBAiRuqy
2019-01-28 18:58:15.454 +0900 - info: 공통페이지 진입 - app.js
2019-01-28 18:58:15.455 +0900 - info: 세션 아이디 : DzfNcd3kkKOA-v37smtIHBArIBAiRuqy
2019-01-28 18:58:15.455 +0900 - error: error msg : Not Found
2019-01-28 18:58:15.456 +0900 - error: error msg2 : NotFoundError: Not Found
2019-01-28 18:58:15.483 +0900 - info: 공통페이지 진입 - app.js
2019-01-28 18:58:15.484 +0900 - info: 세션 아이디 : DzfNcd3kkKOA-v37smtIHBArIBAiRuqy
2019-01-28 18:58:15.484 +0900 - error: error msg : Not Found
2019-01-28 18:58:15.485 +0900 - error: error msg2 : NotFoundError: Not Found
2019-01-28 18:58:15.519 +0900 - info: 공통페이지 진입 - app.js
2019-01-28 18:58:15.519 +0900 - info: 세션 아이디 : DzfNcd3kkKOA-v37smtIHBArIBAiRuqy
2019-01-28 18:58:15.520 +0900 - error: error msg : Not Found
2019-01-28 18:58:15.520 +0900 - error: error msg2 : NotFoundError: Not Found
2019-01-28 18:59:03.127 +0900 - info: 메모리 로딩 시작. - index.js
2019-01-28 18:59:03.131 +0900 - info: 메모리 로딩 완료. - index.js
2019-01-28 18:59:03.132 +0900 - info: 메모리 로딩 시작. - write.js
2019-01-28 18:59:03.133 +0900 - info: 메모리 로딩 완료. - write.js
2019-01-28 18:59:03.134 +0900 - info: 메모리 로딩 시작. - read.js
2019-01-28 18:59:03.134 +0900 - info: 메모리 로딩 완료. - read.js
2019-01-28 18:59:03.140 +0900 - info: 서버 작동. - index.js
2019-01-28 18:59:06.027 +0900 - info: 공통페이지 진입 - app.js
2019-01-28 18:59:06.028 +0900 - info: 세션 아이디 : DzfNcd3kkKOA-v37smtIHBArIBAiRuqy
2019-01-28 18:59:06.403 +0900 - info: 공통페이지 진입 - app.js
2019-01-28 18:59:06.403 +0900 - info: 세션 아이디 : DzfNcd3kkKOA-v37smtIHBArIBAiRuqy
2019-01-28 18:59:06.425 +0900 - info: 공통페이지 진입 - app.js
2019-01-28 18:59:06.425 +0900 - info: 세션 아이디 : DzfNcd3kkKOA-v37smtIHBArIBAiRuqy
2019-01-28 18:59:06.436 +0900 - info: 공통페이지 진입 - app.js
2019-01-28 18:59:06.436 +0900 - info: 세션 아이디 : DzfNcd3kkKOA-v37smtIHBArIBAiRuqy
2019-01-28 18:59:07.498 +0900 - info: 공통페이지 진입 - app.js
2019-01-28 18:59:07.498 +0900 - info: 세션 아이디 : DzfNcd3kkKOA-v37smtIHBArIBAiRuqy
2019-01-28 18:59:07.669 +0900 - info: 공통페이지 진입 - app.js
2019-01-28 18:59:07.669 +0900 - info: 세션 아이디 : DzfNcd3kkKOA-v37smtIHBArIBAiRuqy
2019-01-28 18:59:07.691 +0900 - info: 공통페이지 진입 - app.js
2019-01-28 18:59:07.691 +0900 - info: 세션 아이디 : DzfNcd3kkKOA-v37smtIHBArIBAiRuqy
2019-01-28 18:59:07.726 +0900 - info: 공통페이지 진입 - app.js
2019-01-28 18:59:07.727 +0900 - info: 세션 아이디 : DzfNcd3kkKOA-v37smtIHBArIBAiRuqy
2019-01-28 18:59:08.157 +0900 - info: 공통페이지 진입 - app.js
2019-01-28 18:59:08.158 +0900 - info: 세션 아이디 : DzfNcd3kkKOA-v37smtIHBArIBAiRuqy
2019-01-28 18:59:08.344 +0900 - info: 공통페이지 진입 - app.js
2019-01-28 18:59:08.344 +0900 - info: 세션 아이디 : DzfNcd3kkKOA-v37smtIHBArIBAiRuqy
2019-01-28 18:59:08.375 +0900 - info: 공통페이지 진입 - app.js
2019-01-28 18:59:08.376 +0900 - info: 세션 아이디 : DzfNcd3kkKOA-v37smtIHBArIBAiRuqy
2019-01-28 18:59:08.410 +0900 - info: 공통페이지 진입 - app.js
2019-01-28 18:59:08.410 +0900 - info: 세션 아이디 : DzfNcd3kkKOA-v37smtIHBArIBAiRuqy
2019-01-28 18:59:08.809 +0900 - info: 공통페이지 진입 - app.js
2019-01-28 18:59:08.809 +0900 - info: 세션 아이디 : DzfNcd3kkKOA-v37smtIHBArIBAiRuqy
2019-01-28 18:59:09.599 +0900 - info: 공통페이지 진입 - app.js
2019-01-28 18:59:09.599 +0900 - info: 세션 아이디 : DzfNcd3kkKOA-v37smtIHBArIBAiRuqy
2019-01-28 18:59:10.331 +0900 - info: 공통페이지 진입 - app.js
2019-01-28 18:59:10.332 +0900 - info: 세션 아이디 : DzfNcd3kkKOA-v37smtIHBArIBAiRuqy
2019-01-28 18:59:10.924 +0900 - info: 공통페이지 진입 - app.js
2019-01-28 18:59:10.924 +0900 - info: 세션 아이디 : DzfNcd3kkKOA-v37smtIHBArIBAiRuqy
2019-01-28 18:59:11.077 +0900 - info: 공통페이지 진입 - app.js
2019-01-28 18:59:11.077 +0900 - info: 세션 아이디 : DzfNcd3kkKOA-v37smtIHBArIBAiRuqy
2019-01-28 18:59:11.095 +0900 - info: 공통페이지 진입 - app.js
2019-01-28 18:59:11.095 +0900 - info: 세션 아이디 : DzfNcd3kkKOA-v37smtIHBArIBAiRuqy
2019-01-28 18:59:11.124 +0900 - info: 공통페이지 진입 - app.js
2019-01-28 18:59:11.126 +0900 - info: 세션 아이디 : DzfNcd3kkKOA-v37smtIHBArIBAiRuqy
