2019-02-01 09:34:12.419 +0900 - info: 메모리 로딩 시작. - index.js
2019-02-01 09:34:12.425 +0900 - info: 메모리 로딩 완료. - index.js
2019-02-01 09:34:12.472 +0900 - info: 메모리 로딩 시작. - write.js
2019-02-01 09:34:12.473 +0900 - info: 메모리 로딩 완료. - write.js
2019-02-01 09:34:12.475 +0900 - info: 메모리 로딩 시작. - read.js
2019-02-01 09:34:12.475 +0900 - info: 메모리 로딩 완료. - read.js
2019-02-01 09:34:12.476 +0900 - info: 메모리 로딩 시작. - read.js
2019-02-01 09:34:12.477 +0900 - info: 메모리 로딩 완료. - read.js
2019-02-01 09:34:12.478 +0900 - info: 메모리 로딩 시작. - login.js
2019-02-01 09:34:12.478 +0900 - info: 메모리 로딩 완료. - login.js
2019-02-01 09:34:12.481 +0900 - info: 서버 작동. - index.js
2019-02-01 09:34:17.627 +0900 - info: 공통페이지 진입 - app.js
2019-02-01 09:34:17.628 +0900 - info: 세션 아이디 : DzfNcd3kkKOA-v37smtIHBArIBAiRuqy
2019-02-01 09:34:17.628 +0900 - info: / 메인화면 진입. - index.js
2019-02-01 09:34:18.467 +0900 - info: 공통페이지 진입 - app.js
2019-02-01 09:34:18.468 +0900 - info: 세션 아이디 : DzfNcd3kkKOA-v37smtIHBArIBAiRuqy
2019-02-01 09:34:19.871 +0900 - info: 공통페이지 진입 - app.js
2019-02-01 09:34:19.872 +0900 - info: 세션 아이디 : DzfNcd3kkKOA-v37smtIHBArIBAiRuqy
2019-02-01 09:34:22.427 +0900 - info: 공통페이지 진입 - app.js
2019-02-01 09:34:22.427 +0900 - info: 세션 아이디 : DzfNcd3kkKOA-v37smtIHBArIBAiRuqy
2019-02-01 09:34:26.138 +0900 - info: 공통페이지 진입 - app.js
2019-02-01 09:34:26.138 +0900 - info: 세션 아이디 : DzfNcd3kkKOA-v37smtIHBArIBAiRuqy
2019-02-01 09:34:48.735 +0900 - info: 공통페이지 진입 - app.js
2019-02-01 09:34:48.735 +0900 - info: 세션 아이디 : DzfNcd3kkKOA-v37smtIHBArIBAiRuqy
2019-02-01 09:34:48.771 +0900 - info: 대분류 이미지 저장 진입  - /write/bigwritesaveimage - write.js 
2019-02-01 09:34:48.881 +0900 - info: 공통페이지 진입 - app.js
2019-02-01 09:34:48.882 +0900 - info: 세션 아이디 : DzfNcd3kkKOA-v37smtIHBArIBAiRuqy
2019-02-01 09:34:48.882 +0900 - info: 대분류 저장 진입  - /write/bigwritesave - write.js
2019-02-01 09:34:50.558 +0900 - info: 공통페이지 진입 - app.js
2019-02-01 09:34:50.558 +0900 - info: 세션 아이디 : DzfNcd3kkKOA-v37smtIHBArIBAiRuqy
2019-02-01 09:34:53.845 +0900 - info: 공통페이지 진입 - app.js
2019-02-01 09:34:53.845 +0900 - info: 세션 아이디 : DzfNcd3kkKOA-v37smtIHBArIBAiRuqy
2019-02-01 09:34:55.766 +0900 - info: 공통페이지 진입 - app.js
2019-02-01 09:34:55.767 +0900 - info: 세션 아이디 : DzfNcd3kkKOA-v37smtIHBArIBAiRuqy
2019-02-01 09:35:06.357 +0900 - info: 공통페이지 진입 - app.js
2019-02-01 09:35:06.357 +0900 - info: 세션 아이디 : DzfNcd3kkKOA-v37smtIHBArIBAiRuqy
2019-02-01 09:35:22.552 +0900 - info: 공통페이지 진입 - app.js
2019-02-01 09:35:22.552 +0900 - info: 세션 아이디 : DzfNcd3kkKOA-v37smtIHBArIBAiRuqy
2019-02-01 09:35:22.553 +0900 - info: 중분류 저장 진입  - /write/middlewritesave - write.js
2019-02-01 09:35:23.756 +0900 - info: 공통페이지 진입 - app.js
2019-02-01 09:35:23.756 +0900 - info: 세션 아이디 : DzfNcd3kkKOA-v37smtIHBArIBAiRuqy
2019-02-01 09:35:25.095 +0900 - info: 공통페이지 진입 - app.js
2019-02-01 09:35:25.095 +0900 - info: 세션 아이디 : DzfNcd3kkKOA-v37smtIHBArIBAiRuqy
2019-02-01 09:35:27.311 +0900 - info: 공통페이지 진입 - app.js
2019-02-01 09:35:27.312 +0900 - info: 세션 아이디 : DzfNcd3kkKOA-v37smtIHBArIBAiRuqy
2019-02-01 09:36:10.611 +0900 - info: 공통페이지 진입 - app.js
2019-02-01 09:36:10.611 +0900 - info: 세션 아이디 : DzfNcd3kkKOA-v37smtIHBArIBAiRuqy
2019-02-01 09:36:13.378 +0900 - info: 공통페이지 진입 - app.js
2019-02-01 09:36:13.378 +0900 - info: 세션 아이디 : DzfNcd3kkKOA-v37smtIHBArIBAiRuqy
