2019-01-30 09:23:04.475 +0900 - info: 메모리 로딩 시작. - index.js
2019-01-30 09:23:04.479 +0900 - info: 메모리 로딩 완료. - index.js
2019-01-30 09:23:04.505 +0900 - info: 메모리 로딩 시작. - write.js
2019-01-30 09:23:04.506 +0900 - info: 메모리 로딩 완료. - write.js
2019-01-30 09:23:04.507 +0900 - info: 메모리 로딩 시작. - read.js
2019-01-30 09:23:04.507 +0900 - info: 메모리 로딩 완료. - read.js
2019-01-30 09:23:04.512 +0900 - info: 서버 작동. - index.js
2019-01-30 09:26:11.728 +0900 - info: 공통페이지 진입 - app.js
2019-01-30 09:26:11.728 +0900 - info: 세션 아이디 : DzfNcd3kkKOA-v37smtIHBArIBAiRuqy
2019-01-30 09:26:12.513 +0900 - info: 공통페이지 진입 - app.js
2019-01-30 09:26:12.514 +0900 - info: 세션 아이디 : DzfNcd3kkKOA-v37smtIHBArIBAiRuqy
2019-01-30 09:26:12.652 +0900 - info: 공통페이지 진입 - app.js
2019-01-30 09:26:12.652 +0900 - info: 세션 아이디 : DzfNcd3kkKOA-v37smtIHBArIBAiRuqy
2019-01-30 09:26:12.701 +0900 - info: 공통페이지 진입 - app.js
2019-01-30 09:26:12.701 +0900 - info: 세션 아이디 : DzfNcd3kkKOA-v37smtIHBArIBAiRuqy
2019-01-30 09:26:12.765 +0900 - info: 공통페이지 진입 - app.js
2019-01-30 09:26:12.766 +0900 - info: 세션 아이디 : DzfNcd3kkKOA-v37smtIHBArIBAiRuqy
2019-01-30 09:54:18.101 +0900 - info: 메모리 로딩 시작. - index.js
2019-01-30 09:54:18.106 +0900 - info: 메모리 로딩 완료. - index.js
2019-01-30 09:54:18.151 +0900 - info: 메모리 로딩 시작. - write.js
2019-01-30 09:54:18.152 +0900 - info: 메모리 로딩 완료. - write.js
2019-01-30 09:54:18.153 +0900 - info: 메모리 로딩 시작. - read.js
2019-01-30 09:54:18.154 +0900 - info: 메모리 로딩 완료. - read.js
2019-01-30 09:54:18.157 +0900 - info: 서버 작동. - index.js
2019-01-30 09:54:30.800 +0900 - info: 공통페이지 진입 - app.js
2019-01-30 09:54:30.801 +0900 - info: 세션 아이디 : DzfNcd3kkKOA-v37smtIHBArIBAiRuqy
2019-01-30 09:54:30.804 +0900 - info:  bignum=1, title=제목1234, description=#설명 : <br><br> #학습대상 : <br><br> #학습목표 : <br><br> #레벨: <br><br>, close=false, pay=false, mainclose=false, regdate=2019-01-29 19:32:28, section=영상, price=0, fileurl=#, image=public/bigwriteimages/2019129193228.png, bignum=2, title=제목이에욧!!!!!, description=<span style="background-color: rgb(255, 255, 0);">#설명 : </span><br><br> #학습대상 : <br><br><span style="background-color: rgb(255, 255, 0);"> #학습목표 : </span><br><br> #레벨: <br><br>, close=false, pay=false, mainclose=false, regdate=2019-01-29 19:34:25, section=글, price=0, fileurl=fileurlhahahahahaha, image=public/bigwriteimages/2019129193425.png, bignum=3, title=dfdfdfdfdfsafsdfasdfdsf, description=#설명 : <br><br> #학습대상 : <br><br> #학습목표 : <br><br> #레벨: <br><br>, close=true, pay=true, mainclose=true, regdate=2019-01-29 19:41:49, section=글, price=0, fileurl=#, image=public/bigwriteimages/2019129194149.png, bignum=4, title=tttttttt, description=#설명 : <br><br> #학습대상 : <br><br> #학습목표 : <br><br> #레벨: <br><br>, close=true, pay=true, mainclose=true, regdate=2019-01-29 19:44:32, section=영상, price=0, fileurl=uuuuuuu, image=public/bigwriteimages/2019129194432.png, bignum=5, title=asdf, description=#설명 : <br><br> #학습대상 : <br><br> #학습목표 : <br><br> #레벨: <br><br>, close=false, pay=false, mainclose=false, regdate=2019-01-29 19:46:03, section=영상, price=0, fileurl=#asdf, image=public/bigwriteimages/2019129194603.png, bignum=6, title=asfsdfdf, description=#설명 : <br><br> #학습대상 : <br><br> #학습목표 : <br><br> #레벨: <br><br>, close=false, pay=false, mainclose=false, regdate=2019-01-29 19:57:19, section=영상, price=0, fileurl=#asd, image=public/bigwriteimages/2019129195719.png, bignum=7, title=ㅇㅇㅇㅇㅇㅇ, description=#설명 : <br><br> #학습대상 : <br><br> #학습목표 : <br><br> #레벨: <br><br>, close=false, pay=false, mainclose=false, regdate=2019-01-29 19:59:18, section=글, price=0, fileurl=ㄹㄹㄹㄹ#, image=public/bigwriteimages/2019129195918.png, bignum=8, title=23234324234, description=#설명 : <br><br> #학습대상 : <br><br> #학습목표 : <br><br> #레벨: <br><br>, close=false, pay=false, mainclose=false, regdate=2019-01-29 20:02:13, section=영상, price=0, fileurl=#623232323, image=public/bigwriteimages/2019129200213.png
2019-01-30 09:54:49.615 +0900 - info: 메모리 로딩 시작. - index.js
2019-01-30 09:54:49.620 +0900 - info: 메모리 로딩 완료. - index.js
2019-01-30 09:54:49.659 +0900 - info: 메모리 로딩 시작. - write.js
2019-01-30 09:54:49.659 +0900 - info: 메모리 로딩 완료. - write.js
2019-01-30 09:54:49.660 +0900 - info: 메모리 로딩 시작. - read.js
2019-01-30 09:54:49.660 +0900 - info: 메모리 로딩 완료. - read.js
2019-01-30 09:54:49.663 +0900 - info: 서버 작동. - index.js
2019-01-30 09:54:50.789 +0900 - info: 메모리 로딩 시작. - index.js
2019-01-30 09:54:50.793 +0900 - info: 메모리 로딩 완료. - index.js
2019-01-30 09:54:50.820 +0900 - info: 메모리 로딩 시작. - write.js
2019-01-30 09:54:50.821 +0900 - info: 메모리 로딩 완료. - write.js
2019-01-30 09:54:50.821 +0900 - info: 메모리 로딩 시작. - read.js
2019-01-30 09:54:50.821 +0900 - info: 메모리 로딩 완료. - read.js
2019-01-30 09:54:50.824 +0900 - info: 서버 작동. - index.js
2019-01-30 09:54:51.672 +0900 - info: 공통페이지 진입 - app.js
2019-01-30 09:54:51.672 +0900 - info: 세션 아이디 : DzfNcd3kkKOA-v37smtIHBArIBAiRuqy
2019-01-30 09:54:51.678 +0900 - info:  bignum=1, title=제목1234, description=#설명 : <br><br> #학습대상 : <br><br> #학습목표 : <br><br> #레벨: <br><br>, close=false, pay=false, mainclose=false, regdate=2019-01-29 19:32:28, section=영상, price=0, fileurl=#, image=public/bigwriteimages/2019129193228.png, bignum=2, title=제목이에욧!!!!!, description=<span style="background-color: rgb(255, 255, 0);">#설명 : </span><br><br> #학습대상 : <br><br><span style="background-color: rgb(255, 255, 0);"> #학습목표 : </span><br><br> #레벨: <br><br>, close=false, pay=false, mainclose=false, regdate=2019-01-29 19:34:25, section=글, price=0, fileurl=fileurlhahahahahaha, image=public/bigwriteimages/2019129193425.png, bignum=3, title=dfdfdfdfdfsafsdfasdfdsf, description=#설명 : <br><br> #학습대상 : <br><br> #학습목표 : <br><br> #레벨: <br><br>, close=true, pay=true, mainclose=true, regdate=2019-01-29 19:41:49, section=글, price=0, fileurl=#, image=public/bigwriteimages/2019129194149.png, bignum=4, title=tttttttt, description=#설명 : <br><br> #학습대상 : <br><br> #학습목표 : <br><br> #레벨: <br><br>, close=true, pay=true, mainclose=true, regdate=2019-01-29 19:44:32, section=영상, price=0, fileurl=uuuuuuu, image=public/bigwriteimages/2019129194432.png, bignum=5, title=asdf, description=#설명 : <br><br> #학습대상 : <br><br> #학습목표 : <br><br> #레벨: <br><br>, close=false, pay=false, mainclose=false, regdate=2019-01-29 19:46:03, section=영상, price=0, fileurl=#asdf, image=public/bigwriteimages/2019129194603.png, bignum=6, title=asfsdfdf, description=#설명 : <br><br> #학습대상 : <br><br> #학습목표 : <br><br> #레벨: <br><br>, close=false, pay=false, mainclose=false, regdate=2019-01-29 19:57:19, section=영상, price=0, fileurl=#asd, image=public/bigwriteimages/2019129195719.png, bignum=7, title=ㅇㅇㅇㅇㅇㅇ, description=#설명 : <br><br> #학습대상 : <br><br> #학습목표 : <br><br> #레벨: <br><br>, close=false, pay=false, mainclose=false, regdate=2019-01-29 19:59:18, section=글, price=0, fileurl=ㄹㄹㄹㄹ#, image=public/bigwriteimages/2019129195918.png, bignum=8, title=23234324234, description=#설명 : <br><br> #학습대상 : <br><br> #학습목표 : <br><br> #레벨: <br><br>, close=false, pay=false, mainclose=false, regdate=2019-01-29 20:02:13, section=영상, price=0, fileurl=#623232323, image=public/bigwriteimages/2019129200213.png
2019-01-30 09:54:52.024 +0900 - info: 공통페이지 진입 - app.js
2019-01-30 09:54:52.024 +0900 - info: 세션 아이디 : DzfNcd3kkKOA-v37smtIHBArIBAiRuqy
2019-01-30 09:54:52.187 +0900 - info: 공통페이지 진입 - app.js
2019-01-30 09:54:52.187 +0900 - info: 세션 아이디 : DzfNcd3kkKOA-v37smtIHBArIBAiRuqy
2019-01-30 09:54:52.252 +0900 - info: 공통페이지 진입 - app.js
2019-01-30 09:54:52.252 +0900 - info: 세션 아이디 : DzfNcd3kkKOA-v37smtIHBArIBAiRuqy
2019-01-30 09:56:20.632 +0900 - info: 메모리 로딩 시작. - index.js
2019-01-30 09:56:20.636 +0900 - info: 메모리 로딩 완료. - index.js
2019-01-30 09:56:20.671 +0900 - info: 메모리 로딩 시작. - write.js
2019-01-30 09:56:20.672 +0900 - info: 메모리 로딩 완료. - write.js
2019-01-30 09:56:20.673 +0900 - info: 메모리 로딩 시작. - read.js
2019-01-30 09:56:20.673 +0900 - info: 메모리 로딩 완료. - read.js
2019-01-30 09:56:20.675 +0900 - info: 서버 작동. - index.js
2019-01-30 09:56:21.800 +0900 - info: 메모리 로딩 시작. - index.js
2019-01-30 09:56:21.804 +0900 - info: 메모리 로딩 완료. - index.js
2019-01-30 09:56:21.831 +0900 - info: 메모리 로딩 시작. - write.js
2019-01-30 09:56:21.832 +0900 - info: 메모리 로딩 완료. - write.js
2019-01-30 09:56:21.833 +0900 - info: 메모리 로딩 시작. - read.js
2019-01-30 09:56:21.833 +0900 - info: 메모리 로딩 완료. - read.js
2019-01-30 09:56:21.835 +0900 - info: 서버 작동. - index.js
2019-01-30 09:56:26.158 +0900 - info: 메모리 로딩 시작. - index.js
2019-01-30 09:56:26.162 +0900 - info: 메모리 로딩 완료. - index.js
2019-01-30 09:56:26.188 +0900 - info: 메모리 로딩 시작. - write.js
2019-01-30 09:56:26.189 +0900 - info: 메모리 로딩 완료. - write.js
2019-01-30 09:56:26.189 +0900 - info: 메모리 로딩 시작. - read.js
2019-01-30 09:56:26.189 +0900 - info: 메모리 로딩 완료. - read.js
2019-01-30 09:56:26.192 +0900 - info: 서버 작동. - index.js
2019-01-30 09:56:27.192 +0900 - info: 메모리 로딩 시작. - index.js
2019-01-30 09:56:27.196 +0900 - info: 메모리 로딩 완료. - index.js
2019-01-30 09:56:27.222 +0900 - info: 메모리 로딩 시작. - write.js
2019-01-30 09:56:27.223 +0900 - info: 메모리 로딩 완료. - write.js
2019-01-30 09:56:27.224 +0900 - info: 메모리 로딩 시작. - read.js
2019-01-30 09:56:27.224 +0900 - info: 메모리 로딩 완료. - read.js
2019-01-30 09:56:27.226 +0900 - info: 서버 작동. - index.js
2019-01-30 09:56:46.213 +0900 - info: 메모리 로딩 시작. - index.js
2019-01-30 09:56:46.217 +0900 - info: 메모리 로딩 완료. - index.js
2019-01-30 09:56:46.243 +0900 - info: 메모리 로딩 시작. - write.js
2019-01-30 09:56:46.244 +0900 - info: 메모리 로딩 완료. - write.js
2019-01-30 09:56:46.245 +0900 - info: 메모리 로딩 시작. - read.js
2019-01-30 09:56:46.245 +0900 - info: 메모리 로딩 완료. - read.js
2019-01-30 09:56:46.247 +0900 - info: 서버 작동. - index.js
2019-01-30 09:56:47.798 +0900 - info: 메모리 로딩 시작. - index.js
2019-01-30 09:56:47.802 +0900 - info: 메모리 로딩 완료. - index.js
2019-01-30 09:56:47.828 +0900 - info: 메모리 로딩 시작. - write.js
2019-01-30 09:56:47.829 +0900 - info: 메모리 로딩 완료. - write.js
2019-01-30 09:56:47.830 +0900 - info: 메모리 로딩 시작. - read.js
2019-01-30 09:56:47.830 +0900 - info: 메모리 로딩 완료. - read.js
2019-01-30 09:56:47.832 +0900 - info: 서버 작동. - index.js
2019-01-30 09:57:18.899 +0900 - info: 메모리 로딩 시작. - index.js
2019-01-30 09:57:18.903 +0900 - info: 메모리 로딩 완료. - index.js
2019-01-30 09:57:18.932 +0900 - info: 메모리 로딩 시작. - write.js
2019-01-30 09:57:18.933 +0900 - info: 메모리 로딩 완료. - write.js
2019-01-30 09:57:18.934 +0900 - info: 메모리 로딩 시작. - read.js
2019-01-30 09:57:18.935 +0900 - info: 메모리 로딩 완료. - read.js
2019-01-30 09:57:18.937 +0900 - info: 서버 작동. - index.js
2019-01-30 09:57:20.171 +0900 - info: 메모리 로딩 시작. - index.js
2019-01-30 09:57:20.175 +0900 - info: 메모리 로딩 완료. - index.js
2019-01-30 09:57:20.201 +0900 - info: 메모리 로딩 시작. - write.js
2019-01-30 09:57:20.202 +0900 - info: 메모리 로딩 완료. - write.js
2019-01-30 09:57:20.202 +0900 - info: 메모리 로딩 시작. - read.js
2019-01-30 09:57:20.203 +0900 - info: 메모리 로딩 완료. - read.js
2019-01-30 09:57:20.205 +0900 - info: 서버 작동. - index.js
2019-01-30 09:57:29.128 +0900 - info: 메모리 로딩 시작. - index.js
2019-01-30 09:57:29.132 +0900 - info: 메모리 로딩 완료. - index.js
2019-01-30 09:57:29.160 +0900 - info: 메모리 로딩 시작. - write.js
2019-01-30 09:57:29.161 +0900 - info: 메모리 로딩 완료. - write.js
2019-01-30 09:57:29.162 +0900 - info: 메모리 로딩 시작. - read.js
2019-01-30 09:57:29.162 +0900 - info: 메모리 로딩 완료. - read.js
2019-01-30 09:57:29.164 +0900 - info: 서버 작동. - index.js
2019-01-30 09:57:30.048 +0900 - info: 메모리 로딩 시작. - index.js
2019-01-30 09:57:30.053 +0900 - info: 메모리 로딩 완료. - index.js
2019-01-30 09:57:30.081 +0900 - info: 메모리 로딩 시작. - write.js
2019-01-30 09:57:30.081 +0900 - info: 메모리 로딩 완료. - write.js
2019-01-30 09:57:30.082 +0900 - info: 메모리 로딩 시작. - read.js
2019-01-30 09:57:30.082 +0900 - info: 메모리 로딩 완료. - read.js
2019-01-30 09:57:30.084 +0900 - info: 서버 작동. - index.js
2019-01-30 09:57:30.488 +0900 - info: 메모리 로딩 시작. - index.js
2019-01-30 09:57:30.492 +0900 - info: 메모리 로딩 완료. - index.js
2019-01-30 09:57:30.520 +0900 - info: 메모리 로딩 시작. - write.js
2019-01-30 09:57:30.521 +0900 - info: 메모리 로딩 완료. - write.js
2019-01-30 09:57:30.522 +0900 - info: 메모리 로딩 시작. - read.js
2019-01-30 09:57:30.522 +0900 - info: 메모리 로딩 완료. - read.js
2019-01-30 09:57:30.524 +0900 - info: 서버 작동. - index.js
2019-01-30 09:57:31.246 +0900 - info: 메모리 로딩 시작. - index.js
2019-01-30 09:57:31.250 +0900 - info: 메모리 로딩 완료. - index.js
2019-01-30 09:57:31.278 +0900 - info: 메모리 로딩 시작. - write.js
2019-01-30 09:57:31.278 +0900 - info: 메모리 로딩 완료. - write.js
2019-01-30 09:57:31.279 +0900 - info: 메모리 로딩 시작. - read.js
2019-01-30 09:57:31.279 +0900 - info: 메모리 로딩 완료. - read.js
2019-01-30 09:57:31.282 +0900 - info: 서버 작동. - index.js
2019-01-30 09:57:32.491 +0900 - info: 메모리 로딩 시작. - index.js
2019-01-30 09:57:32.496 +0900 - info: 메모리 로딩 완료. - index.js
2019-01-30 09:57:32.522 +0900 - info: 메모리 로딩 시작. - write.js
2019-01-30 09:57:32.523 +0900 - info: 메모리 로딩 완료. - write.js
2019-01-30 09:57:32.524 +0900 - info: 메모리 로딩 시작. - read.js
2019-01-30 09:57:32.524 +0900 - info: 메모리 로딩 완료. - read.js
2019-01-30 09:57:32.527 +0900 - info: 서버 작동. - index.js
2019-01-30 09:57:33.643 +0900 - info: 메모리 로딩 시작. - index.js
2019-01-30 09:57:33.647 +0900 - info: 메모리 로딩 완료. - index.js
2019-01-30 09:57:33.675 +0900 - info: 메모리 로딩 시작. - write.js
2019-01-30 09:57:33.676 +0900 - info: 메모리 로딩 완료. - write.js
2019-01-30 09:57:33.677 +0900 - info: 메모리 로딩 시작. - read.js
2019-01-30 09:57:33.677 +0900 - info: 메모리 로딩 완료. - read.js
2019-01-30 09:57:33.680 +0900 - info: 서버 작동. - index.js
2019-01-30 10:00:05.603 +0900 - info: 공통페이지 진입 - app.js
2019-01-30 10:00:05.603 +0900 - info: 세션 아이디 : DzfNcd3kkKOA-v37smtIHBArIBAiRuqy
2019-01-30 10:00:20.884 +0900 - info: 공통페이지 진입 - app.js
2019-01-30 10:00:20.885 +0900 - info: 세션 아이디 : DzfNcd3kkKOA-v37smtIHBArIBAiRuqy
2019-01-30 10:00:22.449 +0900 - info: 공통페이지 진입 - app.js
2019-01-30 10:00:22.450 +0900 - info: 세션 아이디 : DzfNcd3kkKOA-v37smtIHBArIBAiRuqy
2019-01-30 10:04:51.086 +0900 - info: 공통페이지 진입 - app.js
2019-01-30 10:04:51.086 +0900 - info: 세션 아이디 : DzfNcd3kkKOA-v37smtIHBArIBAiRuqy
2019-01-30 10:07:08.933 +0900 - info: 공통페이지 진입 - app.js
2019-01-30 10:07:08.934 +0900 - info: 세션 아이디 : DzfNcd3kkKOA-v37smtIHBArIBAiRuqy
2019-01-30 10:07:09.661 +0900 - info: 공통페이지 진입 - app.js
2019-01-30 10:07:09.663 +0900 - info: 세션 아이디 : DzfNcd3kkKOA-v37smtIHBArIBAiRuqy
2019-01-30 10:07:09.666 +0900 - info: 공통페이지 진입 - app.js
2019-01-30 10:07:09.666 +0900 - info: 세션 아이디 : DzfNcd3kkKOA-v37smtIHBArIBAiRuqy
2019-01-30 10:07:09.827 +0900 - info: 공통페이지 진입 - app.js
2019-01-30 10:07:09.827 +0900 - info: 세션 아이디 : DzfNcd3kkKOA-v37smtIHBArIBAiRuqy
2019-01-30 10:07:09.829 +0900 - info: 공통페이지 진입 - app.js
2019-01-30 10:07:09.830 +0900 - info: 세션 아이디 : DzfNcd3kkKOA-v37smtIHBArIBAiRuqy
2019-01-30 10:07:09.858 +0900 - info: 공통페이지 진입 - app.js
2019-01-30 10:07:09.859 +0900 - info: 세션 아이디 : DzfNcd3kkKOA-v37smtIHBArIBAiRuqy
2019-01-30 10:07:09.861 +0900 - info: 공통페이지 진입 - app.js
2019-01-30 10:07:09.861 +0900 - info: 세션 아이디 : DzfNcd3kkKOA-v37smtIHBArIBAiRuqy
2019-01-30 10:07:09.875 +0900 - info: 공통페이지 진입 - app.js
2019-01-30 10:07:09.875 +0900 - info: 세션 아이디 : DzfNcd3kkKOA-v37smtIHBArIBAiRuqy
2019-01-30 10:07:09.877 +0900 - info: 공통페이지 진입 - app.js
2019-01-30 10:07:09.877 +0900 - info: 세션 아이디 : DzfNcd3kkKOA-v37smtIHBArIBAiRuqy
2019-01-30 10:55:09.932 +0900 - info: 공통페이지 진입 - app.js
2019-01-30 10:55:09.933 +0900 - info: 세션 아이디 : DzfNcd3kkKOA-v37smtIHBArIBAiRuqy
2019-01-30 10:55:32.743 +0900 - info: 공통페이지 진입 - app.js
2019-01-30 10:55:32.743 +0900 - info: 세션 아이디 : DzfNcd3kkKOA-v37smtIHBArIBAiRuqy
2019-01-30 10:56:37.229 +0900 - info: 공통페이지 진입 - app.js
2019-01-30 10:56:37.230 +0900 - info: 세션 아이디 : DzfNcd3kkKOA-v37smtIHBArIBAiRuqy
2019-01-30 10:56:37.357 +0900 - info: 공통페이지 진입 - app.js
2019-01-30 10:56:37.357 +0900 - info: 세션 아이디 : DzfNcd3kkKOA-v37smtIHBArIBAiRuqy
2019-01-30 10:56:37.360 +0900 - info: 공통페이지 진입 - app.js
2019-01-30 10:56:37.360 +0900 - info: 세션 아이디 : DzfNcd3kkKOA-v37smtIHBArIBAiRuqy
2019-01-30 10:56:37.541 +0900 - info: 공통페이지 진입 - app.js
2019-01-30 10:56:37.541 +0900 - info: 세션 아이디 : DzfNcd3kkKOA-v37smtIHBArIBAiRuqy
2019-01-30 10:56:37.617 +0900 - info: 공통페이지 진입 - app.js
2019-01-30 10:56:37.617 +0900 - info: 세션 아이디 : DzfNcd3kkKOA-v37smtIHBArIBAiRuqy
2019-01-30 10:56:37.623 +0900 - info: 공통페이지 진입 - app.js
2019-01-30 10:56:37.623 +0900 - info: 세션 아이디 : DzfNcd3kkKOA-v37smtIHBArIBAiRuqy
2019-01-30 10:56:37.625 +0900 - info: 공통페이지 진입 - app.js
2019-01-30 10:56:37.625 +0900 - info: 세션 아이디 : DzfNcd3kkKOA-v37smtIHBArIBAiRuqy
2019-01-30 10:56:37.627 +0900 - info: 공통페이지 진입 - app.js
2019-01-30 10:56:37.627 +0900 - info: 세션 아이디 : DzfNcd3kkKOA-v37smtIHBArIBAiRuqy
2019-01-30 10:56:37.629 +0900 - info: 공통페이지 진입 - app.js
2019-01-30 10:56:37.630 +0900 - info: 세션 아이디 : DzfNcd3kkKOA-v37smtIHBArIBAiRuqy
2019-01-30 10:56:58.446 +0900 - info: 공통페이지 진입 - app.js
2019-01-30 10:56:58.447 +0900 - info: 세션 아이디 : DzfNcd3kkKOA-v37smtIHBArIBAiRuqy
2019-01-30 10:56:58.548 +0900 - info: 공통페이지 진입 - app.js
2019-01-30 10:56:58.549 +0900 - info: 세션 아이디 : DzfNcd3kkKOA-v37smtIHBArIBAiRuqy
2019-01-30 10:56:58.551 +0900 - info: 공통페이지 진입 - app.js
2019-01-30 10:56:58.551 +0900 - info: 세션 아이디 : DzfNcd3kkKOA-v37smtIHBArIBAiRuqy
2019-01-30 10:56:58.661 +0900 - info: 공통페이지 진입 - app.js
2019-01-30 10:56:58.662 +0900 - info: 세션 아이디 : DzfNcd3kkKOA-v37smtIHBArIBAiRuqy
2019-01-30 10:56:58.664 +0900 - info: 공통페이지 진입 - app.js
2019-01-30 10:56:58.664 +0900 - info: 세션 아이디 : DzfNcd3kkKOA-v37smtIHBArIBAiRuqy
2019-01-30 10:56:58.672 +0900 - info: 공통페이지 진입 - app.js
2019-01-30 10:56:58.672 +0900 - info: 세션 아이디 : DzfNcd3kkKOA-v37smtIHBArIBAiRuqy
2019-01-30 10:56:58.674 +0900 - info: 공통페이지 진입 - app.js
2019-01-30 10:56:58.674 +0900 - info: 세션 아이디 : DzfNcd3kkKOA-v37smtIHBArIBAiRuqy
2019-01-30 10:56:58.755 +0900 - info: 공통페이지 진입 - app.js
2019-01-30 10:56:58.755 +0900 - info: 세션 아이디 : DzfNcd3kkKOA-v37smtIHBArIBAiRuqy
2019-01-30 10:56:58.758 +0900 - info: 공통페이지 진입 - app.js
2019-01-30 10:56:58.758 +0900 - info: 세션 아이디 : DzfNcd3kkKOA-v37smtIHBArIBAiRuqy
2019-01-30 10:56:59.908 +0900 - info: 공통페이지 진입 - app.js
2019-01-30 10:56:59.909 +0900 - info: 세션 아이디 : DzfNcd3kkKOA-v37smtIHBArIBAiRuqy
2019-01-30 10:57:00.035 +0900 - info: 공통페이지 진입 - app.js
2019-01-30 10:57:00.035 +0900 - info: 세션 아이디 : DzfNcd3kkKOA-v37smtIHBArIBAiRuqy
2019-01-30 10:57:00.039 +0900 - info: 공통페이지 진입 - app.js
2019-01-30 10:57:00.039 +0900 - info: 세션 아이디 : DzfNcd3kkKOA-v37smtIHBArIBAiRuqy
2019-01-30 10:57:00.057 +0900 - info: 공통페이지 진입 - app.js
2019-01-30 10:57:00.058 +0900 - info: 세션 아이디 : DzfNcd3kkKOA-v37smtIHBArIBAiRuqy
2019-01-30 10:57:00.059 +0900 - info: 공통페이지 진입 - app.js
2019-01-30 10:57:00.059 +0900 - info: 세션 아이디 : DzfNcd3kkKOA-v37smtIHBArIBAiRuqy
2019-01-30 10:57:00.067 +0900 - info: 공통페이지 진입 - app.js
2019-01-30 10:57:00.068 +0900 - info: 세션 아이디 : DzfNcd3kkKOA-v37smtIHBArIBAiRuqy
2019-01-30 10:57:00.078 +0900 - info: 공통페이지 진입 - app.js
2019-01-30 10:57:00.078 +0900 - info: 세션 아이디 : DzfNcd3kkKOA-v37smtIHBArIBAiRuqy
2019-01-30 10:57:00.080 +0900 - info: 공통페이지 진입 - app.js
2019-01-30 10:57:00.080 +0900 - info: 세션 아이디 : DzfNcd3kkKOA-v37smtIHBArIBAiRuqy
2019-01-30 10:57:00.082 +0900 - info: 공통페이지 진입 - app.js
2019-01-30 10:57:00.082 +0900 - info: 세션 아이디 : DzfNcd3kkKOA-v37smtIHBArIBAiRuqy
2019-01-30 10:57:20.967 +0900 - info: 공통페이지 진입 - app.js
2019-01-30 10:57:20.968 +0900 - info: 세션 아이디 : DzfNcd3kkKOA-v37smtIHBArIBAiRuqy
2019-01-30 10:57:21.058 +0900 - info: 공통페이지 진입 - app.js
2019-01-30 10:57:21.058 +0900 - info: 세션 아이디 : DzfNcd3kkKOA-v37smtIHBArIBAiRuqy
2019-01-30 10:57:21.061 +0900 - info: 공통페이지 진입 - app.js
2019-01-30 10:57:21.061 +0900 - info: 세션 아이디 : DzfNcd3kkKOA-v37smtIHBArIBAiRuqy
2019-01-30 10:57:21.214 +0900 - info: 공통페이지 진입 - app.js
2019-01-30 10:57:21.214 +0900 - info: 세션 아이디 : DzfNcd3kkKOA-v37smtIHBArIBAiRuqy
2019-01-30 10:57:21.293 +0900 - info: 공통페이지 진입 - app.js
2019-01-30 10:57:21.294 +0900 - info: 세션 아이디 : DzfNcd3kkKOA-v37smtIHBArIBAiRuqy
2019-01-30 10:57:21.335 +0900 - info: 공통페이지 진입 - app.js
2019-01-30 10:57:21.335 +0900 - info: 세션 아이디 : DzfNcd3kkKOA-v37smtIHBArIBAiRuqy
2019-01-30 10:57:21.337 +0900 - info: 공통페이지 진입 - app.js
2019-01-30 10:57:21.337 +0900 - info: 세션 아이디 : DzfNcd3kkKOA-v37smtIHBArIBAiRuqy
2019-01-30 10:57:21.340 +0900 - info: 공통페이지 진입 - app.js
2019-01-30 10:57:21.340 +0900 - info: 세션 아이디 : DzfNcd3kkKOA-v37smtIHBArIBAiRuqy
2019-01-30 10:57:21.342 +0900 - info: 공통페이지 진입 - app.js
2019-01-30 10:57:21.343 +0900 - info: 세션 아이디 : DzfNcd3kkKOA-v37smtIHBArIBAiRuqy
2019-01-30 11:06:35.830 +0900 - info: 공통페이지 진입 - app.js
2019-01-30 11:06:35.831 +0900 - info: 세션 아이디 : DzfNcd3kkKOA-v37smtIHBArIBAiRuqy
2019-01-30 11:06:35.996 +0900 - info: 공통페이지 진입 - app.js
2019-01-30 11:06:35.996 +0900 - info: 세션 아이디 : DzfNcd3kkKOA-v37smtIHBArIBAiRuqy
2019-01-30 11:06:36.000 +0900 - info: 공통페이지 진입 - app.js
2019-01-30 11:06:36.000 +0900 - info: 세션 아이디 : DzfNcd3kkKOA-v37smtIHBArIBAiRuqy
2019-01-30 11:06:36.033 +0900 - info: 공통페이지 진입 - app.js
2019-01-30 11:06:36.033 +0900 - info: 세션 아이디 : DzfNcd3kkKOA-v37smtIHBArIBAiRuqy
2019-01-30 11:06:36.063 +0900 - info: 공통페이지 진입 - app.js
2019-01-30 11:06:36.063 +0900 - info: 세션 아이디 : DzfNcd3kkKOA-v37smtIHBArIBAiRuqy
2019-01-30 11:06:36.076 +0900 - info: 공통페이지 진입 - app.js
2019-01-30 11:06:36.076 +0900 - info: 세션 아이디 : DzfNcd3kkKOA-v37smtIHBArIBAiRuqy
2019-01-30 11:06:36.081 +0900 - info: 공통페이지 진입 - app.js
2019-01-30 11:06:36.081 +0900 - info: 세션 아이디 : DzfNcd3kkKOA-v37smtIHBArIBAiRuqy
2019-01-30 11:06:36.084 +0900 - info: 공통페이지 진입 - app.js
2019-01-30 11:06:36.084 +0900 - info: 세션 아이디 : DzfNcd3kkKOA-v37smtIHBArIBAiRuqy
2019-01-30 11:06:36.086 +0900 - info: 공통페이지 진입 - app.js
2019-01-30 11:06:36.086 +0900 - info: 세션 아이디 : DzfNcd3kkKOA-v37smtIHBArIBAiRuqy
2019-01-30 11:06:42.549 +0900 - info: 공통페이지 진입 - app.js
2019-01-30 11:06:42.549 +0900 - info: 세션 아이디 : DzfNcd3kkKOA-v37smtIHBArIBAiRuqy
2019-01-30 11:09:04.572 +0900 - info: 공통페이지 진입 - app.js
2019-01-30 11:09:04.572 +0900 - info: 세션 아이디 : DzfNcd3kkKOA-v37smtIHBArIBAiRuqy
2019-01-30 11:09:04.764 +0900 - info: 공통페이지 진입 - app.js
2019-01-30 11:09:04.764 +0900 - info: 세션 아이디 : DzfNcd3kkKOA-v37smtIHBArIBAiRuqy
2019-01-30 11:09:04.775 +0900 - info: 공통페이지 진입 - app.js
2019-01-30 11:09:04.776 +0900 - info: 세션 아이디 : DzfNcd3kkKOA-v37smtIHBArIBAiRuqy
2019-01-30 11:09:04.911 +0900 - info: 공통페이지 진입 - app.js
2019-01-30 11:09:04.911 +0900 - info: 세션 아이디 : DzfNcd3kkKOA-v37smtIHBArIBAiRuqy
2019-01-30 11:09:04.913 +0900 - info: 공통페이지 진입 - app.js
2019-01-30 11:09:04.914 +0900 - info: 세션 아이디 : DzfNcd3kkKOA-v37smtIHBArIBAiRuqy
2019-01-30 11:09:04.927 +0900 - info: 공통페이지 진입 - app.js
2019-01-30 11:09:04.927 +0900 - info: 세션 아이디 : DzfNcd3kkKOA-v37smtIHBArIBAiRuqy
2019-01-30 11:09:04.933 +0900 - info: 공통페이지 진입 - app.js
2019-01-30 11:09:04.933 +0900 - info: 세션 아이디 : DzfNcd3kkKOA-v37smtIHBArIBAiRuqy
2019-01-30 11:09:04.962 +0900 - info: 공통페이지 진입 - app.js
2019-01-30 11:09:04.963 +0900 - info: 세션 아이디 : DzfNcd3kkKOA-v37smtIHBArIBAiRuqy
2019-01-30 11:09:04.966 +0900 - info: 공통페이지 진입 - app.js
2019-01-30 11:09:04.966 +0900 - info: 세션 아이디 : DzfNcd3kkKOA-v37smtIHBArIBAiRuqy
2019-01-30 11:09:05.023 +0900 - info: 공통페이지 진입 - app.js
2019-01-30 11:09:05.023 +0900 - info: 세션 아이디 : DzfNcd3kkKOA-v37smtIHBArIBAiRuqy
2019-01-30 11:09:48.246 +0900 - info: 공통페이지 진입 - app.js
2019-01-30 11:09:48.247 +0900 - info: 세션 아이디 : DzfNcd3kkKOA-v37smtIHBArIBAiRuqy
2019-01-30 11:09:48.363 +0900 - info: 공통페이지 진입 - app.js
2019-01-30 11:09:48.363 +0900 - info: 세션 아이디 : DzfNcd3kkKOA-v37smtIHBArIBAiRuqy
2019-01-30 11:09:48.365 +0900 - info: 공통페이지 진입 - app.js
2019-01-30 11:09:48.365 +0900 - info: 세션 아이디 : DzfNcd3kkKOA-v37smtIHBArIBAiRuqy
2019-01-30 11:09:48.437 +0900 - info: 공통페이지 진입 - app.js
2019-01-30 11:09:48.437 +0900 - info: 세션 아이디 : DzfNcd3kkKOA-v37smtIHBArIBAiRuqy
2019-01-30 11:09:48.440 +0900 - info: 공통페이지 진입 - app.js
2019-01-30 11:09:48.441 +0900 - info: 세션 아이디 : DzfNcd3kkKOA-v37smtIHBArIBAiRuqy
2019-01-30 11:09:48.454 +0900 - info: 공통페이지 진입 - app.js
2019-01-30 11:09:48.455 +0900 - info: 세션 아이디 : DzfNcd3kkKOA-v37smtIHBArIBAiRuqy
2019-01-30 11:09:48.471 +0900 - info: 공통페이지 진입 - app.js
2019-01-30 11:09:48.472 +0900 - info: 세션 아이디 : DzfNcd3kkKOA-v37smtIHBArIBAiRuqy
2019-01-30 11:09:48.474 +0900 - info: 공통페이지 진입 - app.js
2019-01-30 11:09:48.474 +0900 - info: 세션 아이디 : DzfNcd3kkKOA-v37smtIHBArIBAiRuqy
2019-01-30 11:09:48.477 +0900 - info: 공통페이지 진입 - app.js
2019-01-30 11:09:48.477 +0900 - info: 세션 아이디 : DzfNcd3kkKOA-v37smtIHBArIBAiRuqy
2019-01-30 11:09:48.537 +0900 - info: 공통페이지 진입 - app.js
2019-01-30 11:09:48.537 +0900 - info: 세션 아이디 : DzfNcd3kkKOA-v37smtIHBArIBAiRuqy
2019-01-30 11:13:00.782 +0900 - info: 공통페이지 진입 - app.js
2019-01-30 11:13:00.783 +0900 - info: 세션 아이디 : DzfNcd3kkKOA-v37smtIHBArIBAiRuqy
2019-01-30 11:13:00.951 +0900 - info: 공통페이지 진입 - app.js
2019-01-30 11:13:00.951 +0900 - info: 세션 아이디 : DzfNcd3kkKOA-v37smtIHBArIBAiRuqy
2019-01-30 11:13:00.955 +0900 - info: 공통페이지 진입 - app.js
2019-01-30 11:13:00.955 +0900 - info: 세션 아이디 : DzfNcd3kkKOA-v37smtIHBArIBAiRuqy
2019-01-30 11:13:01.198 +0900 - info: 공통페이지 진입 - app.js
2019-01-30 11:13:01.199 +0900 - info: 세션 아이디 : DzfNcd3kkKOA-v37smtIHBArIBAiRuqy
2019-01-30 11:13:01.206 +0900 - info: 공통페이지 진입 - app.js
2019-01-30 11:13:01.206 +0900 - info: 세션 아이디 : DzfNcd3kkKOA-v37smtIHBArIBAiRuqy
2019-01-30 11:13:01.246 +0900 - info: 공통페이지 진입 - app.js
2019-01-30 11:13:01.246 +0900 - info: 세션 아이디 : DzfNcd3kkKOA-v37smtIHBArIBAiRuqy
2019-01-30 11:13:01.265 +0900 - info: 공통페이지 진입 - app.js
2019-01-30 11:13:01.265 +0900 - info: 세션 아이디 : DzfNcd3kkKOA-v37smtIHBArIBAiRuqy
2019-01-30 11:13:01.267 +0900 - info: 공통페이지 진입 - app.js
2019-01-30 11:13:01.267 +0900 - info: 세션 아이디 : DzfNcd3kkKOA-v37smtIHBArIBAiRuqy
2019-01-30 11:13:01.277 +0900 - info: 공통페이지 진입 - app.js
2019-01-30 11:13:01.277 +0900 - info: 세션 아이디 : DzfNcd3kkKOA-v37smtIHBArIBAiRuqy
2019-01-30 11:13:01.328 +0900 - info: 공통페이지 진입 - app.js
2019-01-30 11:13:01.328 +0900 - info: 세션 아이디 : DzfNcd3kkKOA-v37smtIHBArIBAiRuqy
2019-01-30 11:13:39.423 +0900 - info: 공통페이지 진입 - app.js
2019-01-30 11:13:39.424 +0900 - info: 세션 아이디 : DzfNcd3kkKOA-v37smtIHBArIBAiRuqy
2019-01-30 11:13:39.560 +0900 - info: 공통페이지 진입 - app.js
2019-01-30 11:13:39.561 +0900 - info: 세션 아이디 : DzfNcd3kkKOA-v37smtIHBArIBAiRuqy
2019-01-30 11:13:39.562 +0900 - info: 공통페이지 진입 - app.js
2019-01-30 11:13:39.562 +0900 - info: 세션 아이디 : DzfNcd3kkKOA-v37smtIHBArIBAiRuqy
2019-01-30 11:13:39.754 +0900 - info: 공통페이지 진입 - app.js
2019-01-30 11:13:39.754 +0900 - info: 세션 아이디 : DzfNcd3kkKOA-v37smtIHBArIBAiRuqy
2019-01-30 11:13:39.791 +0900 - info: 공통페이지 진입 - app.js
2019-01-30 11:13:39.791 +0900 - info: 세션 아이디 : DzfNcd3kkKOA-v37smtIHBArIBAiRuqy
2019-01-30 11:13:39.794 +0900 - info: 공통페이지 진입 - app.js
2019-01-30 11:13:39.794 +0900 - info: 세션 아이디 : DzfNcd3kkKOA-v37smtIHBArIBAiRuqy
2019-01-30 11:13:39.815 +0900 - info: 공통페이지 진입 - app.js
2019-01-30 11:13:39.815 +0900 - info: 세션 아이디 : DzfNcd3kkKOA-v37smtIHBArIBAiRuqy
2019-01-30 11:13:39.816 +0900 - info: 공통페이지 진입 - app.js
2019-01-30 11:13:39.817 +0900 - info: 세션 아이디 : DzfNcd3kkKOA-v37smtIHBArIBAiRuqy
2019-01-30 11:13:39.819 +0900 - info: 공통페이지 진입 - app.js
2019-01-30 11:13:39.819 +0900 - info: 세션 아이디 : DzfNcd3kkKOA-v37smtIHBArIBAiRuqy
2019-01-30 11:13:39.883 +0900 - info: 공통페이지 진입 - app.js
2019-01-30 11:13:39.884 +0900 - info: 세션 아이디 : DzfNcd3kkKOA-v37smtIHBArIBAiRuqy
2019-01-30 11:14:09.470 +0900 - info: 공통페이지 진입 - app.js
2019-01-30 11:14:09.472 +0900 - info: 세션 아이디 : DzfNcd3kkKOA-v37smtIHBArIBAiRuqy
2019-01-30 11:14:09.685 +0900 - info: 공통페이지 진입 - app.js
2019-01-30 11:14:09.686 +0900 - info: 세션 아이디 : DzfNcd3kkKOA-v37smtIHBArIBAiRuqy
2019-01-30 11:14:09.688 +0900 - info: 공통페이지 진입 - app.js
2019-01-30 11:14:09.689 +0900 - info: 세션 아이디 : DzfNcd3kkKOA-v37smtIHBArIBAiRuqy
2019-01-30 11:14:09.810 +0900 - info: 공통페이지 진입 - app.js
2019-01-30 11:14:09.811 +0900 - info: 세션 아이디 : DzfNcd3kkKOA-v37smtIHBArIBAiRuqy
2019-01-30 11:14:09.813 +0900 - info: 공통페이지 진입 - app.js
2019-01-30 11:14:09.813 +0900 - info: 세션 아이디 : DzfNcd3kkKOA-v37smtIHBArIBAiRuqy
2019-01-30 11:14:09.836 +0900 - info: 공통페이지 진입 - app.js
2019-01-30 11:14:09.836 +0900 - info: 세션 아이디 : DzfNcd3kkKOA-v37smtIHBArIBAiRuqy
2019-01-30 11:14:09.838 +0900 - info: 공통페이지 진입 - app.js
2019-01-30 11:14:09.839 +0900 - info: 세션 아이디 : DzfNcd3kkKOA-v37smtIHBArIBAiRuqy
2019-01-30 11:14:09.892 +0900 - info: 공통페이지 진입 - app.js
2019-01-30 11:14:09.892 +0900 - info: 세션 아이디 : DzfNcd3kkKOA-v37smtIHBArIBAiRuqy
2019-01-30 11:14:09.894 +0900 - info: 공통페이지 진입 - app.js
2019-01-30 11:14:09.895 +0900 - info: 세션 아이디 : DzfNcd3kkKOA-v37smtIHBArIBAiRuqy
2019-01-30 11:14:09.930 +0900 - info: 공통페이지 진입 - app.js
2019-01-30 11:14:09.933 +0900 - info: 세션 아이디 : DzfNcd3kkKOA-v37smtIHBArIBAiRuqy
2019-01-30 11:15:00.741 +0900 - info: 공통페이지 진입 - app.js
2019-01-30 11:15:00.742 +0900 - info: 세션 아이디 : DzfNcd3kkKOA-v37smtIHBArIBAiRuqy
2019-01-30 11:15:00.948 +0900 - info: 공통페이지 진입 - app.js
2019-01-30 11:15:00.948 +0900 - info: 세션 아이디 : DzfNcd3kkKOA-v37smtIHBArIBAiRuqy
2019-01-30 11:15:00.952 +0900 - info: 공통페이지 진입 - app.js
2019-01-30 11:15:00.952 +0900 - info: 세션 아이디 : DzfNcd3kkKOA-v37smtIHBArIBAiRuqy
2019-01-30 11:15:01.084 +0900 - info: 공통페이지 진입 - app.js
2019-01-30 11:15:01.084 +0900 - info: 세션 아이디 : DzfNcd3kkKOA-v37smtIHBArIBAiRuqy
2019-01-30 11:15:01.145 +0900 - info: 공통페이지 진입 - app.js
2019-01-30 11:15:01.146 +0900 - info: 세션 아이디 : DzfNcd3kkKOA-v37smtIHBArIBAiRuqy
2019-01-30 11:15:01.147 +0900 - info: 공통페이지 진입 - app.js
2019-01-30 11:15:01.148 +0900 - info: 세션 아이디 : DzfNcd3kkKOA-v37smtIHBArIBAiRuqy
2019-01-30 11:15:01.149 +0900 - info: 공통페이지 진입 - app.js
2019-01-30 11:15:01.149 +0900 - info: 세션 아이디 : DzfNcd3kkKOA-v37smtIHBArIBAiRuqy
2019-01-30 11:15:01.151 +0900 - info: 공통페이지 진입 - app.js
2019-01-30 11:15:01.151 +0900 - info: 세션 아이디 : DzfNcd3kkKOA-v37smtIHBArIBAiRuqy
2019-01-30 11:15:01.153 +0900 - info: 공통페이지 진입 - app.js
2019-01-30 11:15:01.153 +0900 - info: 세션 아이디 : DzfNcd3kkKOA-v37smtIHBArIBAiRuqy
2019-01-30 11:15:01.186 +0900 - info: 공통페이지 진입 - app.js
2019-01-30 11:15:01.186 +0900 - info: 세션 아이디 : DzfNcd3kkKOA-v37smtIHBArIBAiRuqy
2019-01-30 11:15:36.356 +0900 - info: 공통페이지 진입 - app.js
2019-01-30 11:15:36.357 +0900 - info: 세션 아이디 : DzfNcd3kkKOA-v37smtIHBArIBAiRuqy
2019-01-30 11:15:36.531 +0900 - info: 공통페이지 진입 - app.js
2019-01-30 11:15:36.532 +0900 - info: 세션 아이디 : DzfNcd3kkKOA-v37smtIHBArIBAiRuqy
2019-01-30 11:15:36.535 +0900 - info: 공통페이지 진입 - app.js
2019-01-30 11:15:36.536 +0900 - info: 세션 아이디 : DzfNcd3kkKOA-v37smtIHBArIBAiRuqy
2019-01-30 11:15:36.652 +0900 - info: 공통페이지 진입 - app.js
2019-01-30 11:15:36.653 +0900 - info: 세션 아이디 : DzfNcd3kkKOA-v37smtIHBArIBAiRuqy
2019-01-30 11:15:36.655 +0900 - info: 공통페이지 진입 - app.js
2019-01-30 11:15:36.655 +0900 - info: 세션 아이디 : DzfNcd3kkKOA-v37smtIHBArIBAiRuqy
2019-01-30 11:15:36.674 +0900 - info: 공통페이지 진입 - app.js
2019-01-30 11:15:36.675 +0900 - info: 세션 아이디 : DzfNcd3kkKOA-v37smtIHBArIBAiRuqy
2019-01-30 11:15:36.679 +0900 - info: 공통페이지 진입 - app.js
2019-01-30 11:15:36.680 +0900 - info: 세션 아이디 : DzfNcd3kkKOA-v37smtIHBArIBAiRuqy
2019-01-30 11:15:36.707 +0900 - info: 공통페이지 진입 - app.js
2019-01-30 11:15:36.708 +0900 - info: 세션 아이디 : DzfNcd3kkKOA-v37smtIHBArIBAiRuqy
2019-01-30 11:15:36.709 +0900 - info: 공통페이지 진입 - app.js
2019-01-30 11:15:36.710 +0900 - info: 세션 아이디 : DzfNcd3kkKOA-v37smtIHBArIBAiRuqy
2019-01-30 11:15:36.753 +0900 - info: 공통페이지 진입 - app.js
2019-01-30 11:15:36.753 +0900 - info: 세션 아이디 : DzfNcd3kkKOA-v37smtIHBArIBAiRuqy
2019-01-30 11:17:57.768 +0900 - info: 공통페이지 진입 - app.js
2019-01-30 11:17:57.768 +0900 - info: 세션 아이디 : DzfNcd3kkKOA-v37smtIHBArIBAiRuqy
2019-01-30 11:17:57.953 +0900 - info: 공통페이지 진입 - app.js
2019-01-30 11:17:57.953 +0900 - info: 세션 아이디 : DzfNcd3kkKOA-v37smtIHBArIBAiRuqy
2019-01-30 11:17:57.962 +0900 - info: 공통페이지 진입 - app.js
2019-01-30 11:17:57.962 +0900 - info: 세션 아이디 : DzfNcd3kkKOA-v37smtIHBArIBAiRuqy
2019-01-30 11:17:58.085 +0900 - info: 공통페이지 진입 - app.js
2019-01-30 11:17:58.085 +0900 - info: 세션 아이디 : DzfNcd3kkKOA-v37smtIHBArIBAiRuqy
2019-01-30 11:17:58.087 +0900 - info: 공통페이지 진입 - app.js
2019-01-30 11:17:58.087 +0900 - info: 세션 아이디 : DzfNcd3kkKOA-v37smtIHBArIBAiRuqy
2019-01-30 11:17:58.117 +0900 - info: 공통페이지 진입 - app.js
2019-01-30 11:17:58.117 +0900 - info: 세션 아이디 : DzfNcd3kkKOA-v37smtIHBArIBAiRuqy
2019-01-30 11:17:58.119 +0900 - info: 공통페이지 진입 - app.js
2019-01-30 11:17:58.119 +0900 - info: 세션 아이디 : DzfNcd3kkKOA-v37smtIHBArIBAiRuqy
2019-01-30 11:17:58.143 +0900 - info: 공통페이지 진입 - app.js
2019-01-30 11:17:58.144 +0900 - info: 세션 아이디 : DzfNcd3kkKOA-v37smtIHBArIBAiRuqy
2019-01-30 11:17:58.145 +0900 - info: 공통페이지 진입 - app.js
2019-01-30 11:17:58.146 +0900 - info: 세션 아이디 : DzfNcd3kkKOA-v37smtIHBArIBAiRuqy
2019-01-30 11:17:58.220 +0900 - info: 공통페이지 진입 - app.js
2019-01-30 11:17:58.221 +0900 - info: 세션 아이디 : DzfNcd3kkKOA-v37smtIHBArIBAiRuqy
2019-01-30 11:18:34.442 +0900 - info: 공통페이지 진입 - app.js
2019-01-30 11:18:34.442 +0900 - info: 세션 아이디 : DzfNcd3kkKOA-v37smtIHBArIBAiRuqy
2019-01-30 11:18:34.546 +0900 - info: 공통페이지 진입 - app.js
2019-01-30 11:18:34.546 +0900 - info: 세션 아이디 : DzfNcd3kkKOA-v37smtIHBArIBAiRuqy
2019-01-30 11:18:34.548 +0900 - info: 공통페이지 진입 - app.js
2019-01-30 11:18:34.548 +0900 - info: 세션 아이디 : DzfNcd3kkKOA-v37smtIHBArIBAiRuqy
2019-01-30 11:18:34.819 +0900 - info: 공통페이지 진입 - app.js
2019-01-30 11:18:34.819 +0900 - info: 세션 아이디 : DzfNcd3kkKOA-v37smtIHBArIBAiRuqy
2019-01-30 11:18:34.869 +0900 - info: 공통페이지 진입 - app.js
2019-01-30 11:18:34.869 +0900 - info: 세션 아이디 : DzfNcd3kkKOA-v37smtIHBArIBAiRuqy
2019-01-30 11:18:34.871 +0900 - info: 공통페이지 진입 - app.js
2019-01-30 11:18:34.872 +0900 - info: 세션 아이디 : DzfNcd3kkKOA-v37smtIHBArIBAiRuqy
2019-01-30 11:18:34.874 +0900 - info: 공통페이지 진입 - app.js
2019-01-30 11:18:34.874 +0900 - info: 세션 아이디 : DzfNcd3kkKOA-v37smtIHBArIBAiRuqy
2019-01-30 11:18:34.876 +0900 - info: 공통페이지 진입 - app.js
2019-01-30 11:18:34.876 +0900 - info: 세션 아이디 : DzfNcd3kkKOA-v37smtIHBArIBAiRuqy
2019-01-30 11:18:34.877 +0900 - info: 공통페이지 진입 - app.js
2019-01-30 11:18:34.877 +0900 - info: 세션 아이디 : DzfNcd3kkKOA-v37smtIHBArIBAiRuqy
2019-01-30 11:18:34.931 +0900 - info: 공통페이지 진입 - app.js
2019-01-30 11:18:34.931 +0900 - info: 세션 아이디 : DzfNcd3kkKOA-v37smtIHBArIBAiRuqy
2019-01-30 11:18:54.117 +0900 - info: 공통페이지 진입 - app.js
2019-01-30 11:18:54.117 +0900 - info: 세션 아이디 : DzfNcd3kkKOA-v37smtIHBArIBAiRuqy
2019-01-30 11:18:54.230 +0900 - info: 공통페이지 진입 - app.js
2019-01-30 11:18:54.231 +0900 - info: 세션 아이디 : DzfNcd3kkKOA-v37smtIHBArIBAiRuqy
2019-01-30 11:18:54.232 +0900 - info: 공통페이지 진입 - app.js
2019-01-30 11:18:54.233 +0900 - info: 세션 아이디 : DzfNcd3kkKOA-v37smtIHBArIBAiRuqy
2019-01-30 11:18:54.390 +0900 - info: 공통페이지 진입 - app.js
2019-01-30 11:18:54.390 +0900 - info: 세션 아이디 : DzfNcd3kkKOA-v37smtIHBArIBAiRuqy
2019-01-30 11:18:54.458 +0900 - info: 공통페이지 진입 - app.js
2019-01-30 11:18:54.459 +0900 - info: 세션 아이디 : DzfNcd3kkKOA-v37smtIHBArIBAiRuqy
2019-01-30 11:18:54.460 +0900 - info: 공통페이지 진입 - app.js
2019-01-30 11:18:54.461 +0900 - info: 세션 아이디 : DzfNcd3kkKOA-v37smtIHBArIBAiRuqy
2019-01-30 11:18:54.462 +0900 - info: 공통페이지 진입 - app.js
2019-01-30 11:18:54.462 +0900 - info: 세션 아이디 : DzfNcd3kkKOA-v37smtIHBArIBAiRuqy
2019-01-30 11:18:54.466 +0900 - info: 공통페이지 진입 - app.js
2019-01-30 11:18:54.466 +0900 - info: 세션 아이디 : DzfNcd3kkKOA-v37smtIHBArIBAiRuqy
2019-01-30 11:18:54.467 +0900 - info: 공통페이지 진입 - app.js
2019-01-30 11:18:54.468 +0900 - info: 세션 아이디 : DzfNcd3kkKOA-v37smtIHBArIBAiRuqy
2019-01-30 11:18:54.513 +0900 - info: 공통페이지 진입 - app.js
2019-01-30 11:18:54.513 +0900 - info: 세션 아이디 : DzfNcd3kkKOA-v37smtIHBArIBAiRuqy
2019-01-30 11:20:53.837 +0900 - info: 공통페이지 진입 - app.js
2019-01-30 11:20:53.837 +0900 - info: 세션 아이디 : DzfNcd3kkKOA-v37smtIHBArIBAiRuqy
2019-01-30 11:20:53.991 +0900 - info: 공통페이지 진입 - app.js
2019-01-30 11:20:53.992 +0900 - info: 세션 아이디 : DzfNcd3kkKOA-v37smtIHBArIBAiRuqy
2019-01-30 11:20:53.994 +0900 - info: 공통페이지 진입 - app.js
2019-01-30 11:20:53.994 +0900 - info: 세션 아이디 : DzfNcd3kkKOA-v37smtIHBArIBAiRuqy
2019-01-30 11:20:54.192 +0900 - info: 공통페이지 진입 - app.js
2019-01-30 11:20:54.192 +0900 - info: 세션 아이디 : DzfNcd3kkKOA-v37smtIHBArIBAiRuqy
2019-01-30 11:20:54.223 +0900 - info: 공통페이지 진입 - app.js
2019-01-30 11:20:54.223 +0900 - info: 세션 아이디 : DzfNcd3kkKOA-v37smtIHBArIBAiRuqy
2019-01-30 11:20:54.224 +0900 - info: 공통페이지 진입 - app.js
2019-01-30 11:20:54.225 +0900 - info: 세션 아이디 : DzfNcd3kkKOA-v37smtIHBArIBAiRuqy
2019-01-30 11:20:54.236 +0900 - info: 공통페이지 진입 - app.js
2019-01-30 11:20:54.236 +0900 - info: 세션 아이디 : DzfNcd3kkKOA-v37smtIHBArIBAiRuqy
2019-01-30 11:20:54.238 +0900 - info: 공통페이지 진입 - app.js
2019-01-30 11:20:54.238 +0900 - info: 세션 아이디 : DzfNcd3kkKOA-v37smtIHBArIBAiRuqy
2019-01-30 11:20:54.245 +0900 - info: 공통페이지 진입 - app.js
2019-01-30 11:20:54.246 +0900 - info: 세션 아이디 : DzfNcd3kkKOA-v37smtIHBArIBAiRuqy
2019-01-30 11:20:54.294 +0900 - info: 공통페이지 진입 - app.js
2019-01-30 11:20:54.294 +0900 - info: 세션 아이디 : DzfNcd3kkKOA-v37smtIHBArIBAiRuqy
2019-01-30 11:21:14.382 +0900 - info: 공통페이지 진입 - app.js
2019-01-30 11:21:14.382 +0900 - info: 세션 아이디 : DzfNcd3kkKOA-v37smtIHBArIBAiRuqy
2019-01-30 11:21:14.574 +0900 - info: 공통페이지 진입 - app.js
2019-01-30 11:21:14.574 +0900 - info: 세션 아이디 : DzfNcd3kkKOA-v37smtIHBArIBAiRuqy
2019-01-30 11:21:14.581 +0900 - info: 공통페이지 진입 - app.js
2019-01-30 11:21:14.582 +0900 - info: 세션 아이디 : DzfNcd3kkKOA-v37smtIHBArIBAiRuqy
2019-01-30 11:21:14.720 +0900 - info: 공통페이지 진입 - app.js
2019-01-30 11:21:14.721 +0900 - info: 세션 아이디 : DzfNcd3kkKOA-v37smtIHBArIBAiRuqy
2019-01-30 11:21:14.723 +0900 - info: 공통페이지 진입 - app.js
2019-01-30 11:21:14.723 +0900 - info: 세션 아이디 : DzfNcd3kkKOA-v37smtIHBArIBAiRuqy
2019-01-30 11:21:14.754 +0900 - info: 공통페이지 진입 - app.js
2019-01-30 11:21:14.756 +0900 - info: 세션 아이디 : DzfNcd3kkKOA-v37smtIHBArIBAiRuqy
2019-01-30 11:21:14.762 +0900 - info: 공통페이지 진입 - app.js
2019-01-30 11:21:14.762 +0900 - info: 세션 아이디 : DzfNcd3kkKOA-v37smtIHBArIBAiRuqy
2019-01-30 11:21:14.776 +0900 - info: 공통페이지 진입 - app.js
2019-01-30 11:21:14.777 +0900 - info: 세션 아이디 : DzfNcd3kkKOA-v37smtIHBArIBAiRuqy
2019-01-30 11:21:14.779 +0900 - info: 공통페이지 진입 - app.js
2019-01-30 11:21:14.779 +0900 - info: 세션 아이디 : DzfNcd3kkKOA-v37smtIHBArIBAiRuqy
2019-01-30 11:21:14.827 +0900 - info: 공통페이지 진입 - app.js
2019-01-30 11:21:14.828 +0900 - info: 세션 아이디 : DzfNcd3kkKOA-v37smtIHBArIBAiRuqy
2019-01-30 11:21:18.004 +0900 - info: 공통페이지 진입 - app.js
2019-01-30 11:21:18.004 +0900 - info: 세션 아이디 : DzfNcd3kkKOA-v37smtIHBArIBAiRuqy
2019-01-30 11:21:18.153 +0900 - info: 공통페이지 진입 - app.js
2019-01-30 11:21:18.154 +0900 - info: 세션 아이디 : DzfNcd3kkKOA-v37smtIHBArIBAiRuqy
2019-01-30 11:21:18.157 +0900 - info: 공통페이지 진입 - app.js
2019-01-30 11:21:18.157 +0900 - info: 세션 아이디 : DzfNcd3kkKOA-v37smtIHBArIBAiRuqy
2019-01-30 11:21:18.231 +0900 - info: 공통페이지 진입 - app.js
2019-01-30 11:21:18.232 +0900 - info: 세션 아이디 : DzfNcd3kkKOA-v37smtIHBArIBAiRuqy
2019-01-30 11:21:18.233 +0900 - info: 공통페이지 진입 - app.js
2019-01-30 11:21:18.234 +0900 - info: 세션 아이디 : DzfNcd3kkKOA-v37smtIHBArIBAiRuqy
2019-01-30 11:21:18.247 +0900 - info: 공통페이지 진입 - app.js
2019-01-30 11:21:18.248 +0900 - info: 세션 아이디 : DzfNcd3kkKOA-v37smtIHBArIBAiRuqy
2019-01-30 11:21:18.250 +0900 - info: 공통페이지 진입 - app.js
2019-01-30 11:21:18.250 +0900 - info: 세션 아이디 : DzfNcd3kkKOA-v37smtIHBArIBAiRuqy
2019-01-30 11:21:18.270 +0900 - info: 공통페이지 진입 - app.js
2019-01-30 11:21:18.271 +0900 - info: 세션 아이디 : DzfNcd3kkKOA-v37smtIHBArIBAiRuqy
2019-01-30 11:21:18.273 +0900 - info: 공통페이지 진입 - app.js
2019-01-30 11:21:18.273 +0900 - info: 세션 아이디 : DzfNcd3kkKOA-v37smtIHBArIBAiRuqy
2019-01-30 11:21:18.330 +0900 - info: 공통페이지 진입 - app.js
2019-01-30 11:21:18.330 +0900 - info: 세션 아이디 : DzfNcd3kkKOA-v37smtIHBArIBAiRuqy
2019-01-30 11:21:52.012 +0900 - info: 공통페이지 진입 - app.js
2019-01-30 11:21:52.013 +0900 - info: 세션 아이디 : DzfNcd3kkKOA-v37smtIHBArIBAiRuqy
2019-01-30 11:21:52.264 +0900 - info: 공통페이지 진입 - app.js
2019-01-30 11:21:52.264 +0900 - info: 세션 아이디 : DzfNcd3kkKOA-v37smtIHBArIBAiRuqy
2019-01-30 11:21:52.266 +0900 - info: 공통페이지 진입 - app.js
2019-01-30 11:21:52.266 +0900 - info: 세션 아이디 : DzfNcd3kkKOA-v37smtIHBArIBAiRuqy
2019-01-30 11:21:52.389 +0900 - info: 공통페이지 진입 - app.js
2019-01-30 11:21:52.390 +0900 - info: 세션 아이디 : DzfNcd3kkKOA-v37smtIHBArIBAiRuqy
2019-01-30 11:21:52.392 +0900 - info: 공통페이지 진입 - app.js
2019-01-30 11:21:52.392 +0900 - info: 세션 아이디 : DzfNcd3kkKOA-v37smtIHBArIBAiRuqy
2019-01-30 11:21:52.426 +0900 - info: 공통페이지 진입 - app.js
2019-01-30 11:21:52.426 +0900 - info: 세션 아이디 : DzfNcd3kkKOA-v37smtIHBArIBAiRuqy
2019-01-30 11:21:52.440 +0900 - info: 공통페이지 진입 - app.js
2019-01-30 11:21:52.441 +0900 - info: 세션 아이디 : DzfNcd3kkKOA-v37smtIHBArIBAiRuqy
2019-01-30 11:21:52.442 +0900 - info: 공통페이지 진입 - app.js
2019-01-30 11:21:52.442 +0900 - info: 세션 아이디 : DzfNcd3kkKOA-v37smtIHBArIBAiRuqy
2019-01-30 11:21:52.444 +0900 - info: 공통페이지 진입 - app.js
2019-01-30 11:21:52.444 +0900 - info: 세션 아이디 : DzfNcd3kkKOA-v37smtIHBArIBAiRuqy
2019-01-30 11:21:52.502 +0900 - info: 공통페이지 진입 - app.js
2019-01-30 11:21:52.502 +0900 - info: 세션 아이디 : DzfNcd3kkKOA-v37smtIHBArIBAiRuqy
2019-01-30 11:23:04.618 +0900 - info: 공통페이지 진입 - app.js
2019-01-30 11:23:04.618 +0900 - info: 세션 아이디 : DzfNcd3kkKOA-v37smtIHBArIBAiRuqy
2019-01-30 11:23:04.748 +0900 - info: 공통페이지 진입 - app.js
2019-01-30 11:23:04.748 +0900 - info: 세션 아이디 : DzfNcd3kkKOA-v37smtIHBArIBAiRuqy
2019-01-30 11:23:04.753 +0900 - info: 공통페이지 진입 - app.js
2019-01-30 11:23:04.753 +0900 - info: 세션 아이디 : DzfNcd3kkKOA-v37smtIHBArIBAiRuqy
2019-01-30 11:23:04.959 +0900 - info: 공통페이지 진입 - app.js
2019-01-30 11:23:04.960 +0900 - info: 세션 아이디 : DzfNcd3kkKOA-v37smtIHBArIBAiRuqy
2019-01-30 11:23:04.987 +0900 - info: 공통페이지 진입 - app.js
2019-01-30 11:23:04.987 +0900 - info: 세션 아이디 : DzfNcd3kkKOA-v37smtIHBArIBAiRuqy
2019-01-30 11:23:04.989 +0900 - info: 공통페이지 진입 - app.js
2019-01-30 11:23:04.989 +0900 - info: 세션 아이디 : DzfNcd3kkKOA-v37smtIHBArIBAiRuqy
2019-01-30 11:23:05.011 +0900 - info: 공통페이지 진입 - app.js
2019-01-30 11:23:05.011 +0900 - info: 세션 아이디 : DzfNcd3kkKOA-v37smtIHBArIBAiRuqy
2019-01-30 11:23:05.014 +0900 - info: 공통페이지 진입 - app.js
2019-01-30 11:23:05.017 +0900 - info: 세션 아이디 : DzfNcd3kkKOA-v37smtIHBArIBAiRuqy
2019-01-30 11:23:05.019 +0900 - info: 공통페이지 진입 - app.js
2019-01-30 11:23:05.019 +0900 - info: 세션 아이디 : DzfNcd3kkKOA-v37smtIHBArIBAiRuqy
2019-01-30 11:23:05.084 +0900 - info: 공통페이지 진입 - app.js
2019-01-30 11:23:05.084 +0900 - info: 세션 아이디 : DzfNcd3kkKOA-v37smtIHBArIBAiRuqy
2019-01-30 11:24:07.244 +0900 - info: 공통페이지 진입 - app.js
2019-01-30 11:24:07.244 +0900 - info: 세션 아이디 : DzfNcd3kkKOA-v37smtIHBArIBAiRuqy
2019-01-30 11:24:07.449 +0900 - info: 공통페이지 진입 - app.js
2019-01-30 11:24:07.449 +0900 - info: 세션 아이디 : DzfNcd3kkKOA-v37smtIHBArIBAiRuqy
2019-01-30 11:24:07.453 +0900 - info: 공통페이지 진입 - app.js
2019-01-30 11:24:07.453 +0900 - info: 세션 아이디 : DzfNcd3kkKOA-v37smtIHBArIBAiRuqy
2019-01-30 11:24:07.595 +0900 - info: 공통페이지 진입 - app.js
2019-01-30 11:24:07.596 +0900 - info: 세션 아이디 : DzfNcd3kkKOA-v37smtIHBArIBAiRuqy
2019-01-30 11:24:07.650 +0900 - info: 공통페이지 진입 - app.js
2019-01-30 11:24:07.651 +0900 - info: 세션 아이디 : DzfNcd3kkKOA-v37smtIHBArIBAiRuqy
2019-01-30 11:24:07.685 +0900 - info: 공통페이지 진입 - app.js
2019-01-30 11:24:07.685 +0900 - info: 세션 아이디 : DzfNcd3kkKOA-v37smtIHBArIBAiRuqy
2019-01-30 11:24:07.687 +0900 - info: 공통페이지 진입 - app.js
2019-01-30 11:24:07.687 +0900 - info: 세션 아이디 : DzfNcd3kkKOA-v37smtIHBArIBAiRuqy
2019-01-30 11:24:07.689 +0900 - info: 공통페이지 진입 - app.js
2019-01-30 11:24:07.689 +0900 - info: 세션 아이디 : DzfNcd3kkKOA-v37smtIHBArIBAiRuqy
2019-01-30 11:24:07.691 +0900 - info: 공통페이지 진입 - app.js
2019-01-30 11:24:07.691 +0900 - info: 세션 아이디 : DzfNcd3kkKOA-v37smtIHBArIBAiRuqy
2019-01-30 11:24:07.715 +0900 - info: 공통페이지 진입 - app.js
2019-01-30 11:24:07.715 +0900 - info: 세션 아이디 : DzfNcd3kkKOA-v37smtIHBArIBAiRuqy
2019-01-30 11:25:02.112 +0900 - info: 공통페이지 진입 - app.js
2019-01-30 11:25:02.112 +0900 - info: 세션 아이디 : DzfNcd3kkKOA-v37smtIHBArIBAiRuqy
2019-01-30 11:26:43.137 +0900 - info: 공통페이지 진입 - app.js
2019-01-30 11:26:43.138 +0900 - info: 세션 아이디 : DzfNcd3kkKOA-v37smtIHBArIBAiRuqy
2019-01-30 11:26:43.536 +0900 - info: 공통페이지 진입 - app.js
2019-01-30 11:26:43.536 +0900 - info: 세션 아이디 : DzfNcd3kkKOA-v37smtIHBArIBAiRuqy
2019-01-30 11:27:53.614 +0900 - info: 공통페이지 진입 - app.js
2019-01-30 11:27:53.614 +0900 - info: 세션 아이디 : DzfNcd3kkKOA-v37smtIHBArIBAiRuqy
2019-01-30 11:28:08.747 +0900 - info: 공통페이지 진입 - app.js
2019-01-30 11:28:08.748 +0900 - info: 세션 아이디 : DzfNcd3kkKOA-v37smtIHBArIBAiRuqy
2019-01-30 11:28:21.696 +0900 - info: 공통페이지 진입 - app.js
2019-01-30 11:28:21.696 +0900 - info: 세션 아이디 : DzfNcd3kkKOA-v37smtIHBArIBAiRuqy
2019-01-30 11:28:46.040 +0900 - info: 공통페이지 진입 - app.js
2019-01-30 11:28:46.041 +0900 - info: 세션 아이디 : DzfNcd3kkKOA-v37smtIHBArIBAiRuqy
2019-01-30 11:29:56.205 +0900 - info: 공통페이지 진입 - app.js
2019-01-30 11:29:56.205 +0900 - info: 세션 아이디 : DzfNcd3kkKOA-v37smtIHBArIBAiRuqy
2019-01-30 11:29:56.305 +0900 - info: 공통페이지 진입 - app.js
2019-01-30 11:29:56.305 +0900 - info: 세션 아이디 : DzfNcd3kkKOA-v37smtIHBArIBAiRuqy
2019-01-30 11:29:56.308 +0900 - info: 공통페이지 진입 - app.js
2019-01-30 11:29:56.308 +0900 - info: 세션 아이디 : DzfNcd3kkKOA-v37smtIHBArIBAiRuqy
2019-01-30 11:29:56.498 +0900 - info: 공통페이지 진입 - app.js
2019-01-30 11:29:56.498 +0900 - info: 세션 아이디 : DzfNcd3kkKOA-v37smtIHBArIBAiRuqy
2019-01-30 11:29:56.534 +0900 - info: 공통페이지 진입 - app.js
2019-01-30 11:29:56.534 +0900 - info: 세션 아이디 : DzfNcd3kkKOA-v37smtIHBArIBAiRuqy
2019-01-30 11:29:56.536 +0900 - info: 공통페이지 진입 - app.js
2019-01-30 11:29:56.536 +0900 - info: 세션 아이디 : DzfNcd3kkKOA-v37smtIHBArIBAiRuqy
2019-01-30 11:29:56.549 +0900 - info: 공통페이지 진입 - app.js
2019-01-30 11:29:56.550 +0900 - info: 세션 아이디 : DzfNcd3kkKOA-v37smtIHBArIBAiRuqy
2019-01-30 11:29:56.551 +0900 - info: 공통페이지 진입 - app.js
2019-01-30 11:29:56.551 +0900 - info: 세션 아이디 : DzfNcd3kkKOA-v37smtIHBArIBAiRuqy
2019-01-30 11:29:56.553 +0900 - info: 공통페이지 진입 - app.js
2019-01-30 11:29:56.553 +0900 - info: 세션 아이디 : DzfNcd3kkKOA-v37smtIHBArIBAiRuqy
2019-01-30 11:29:56.645 +0900 - info: 공통페이지 진입 - app.js
2019-01-30 11:29:56.646 +0900 - info: 세션 아이디 : DzfNcd3kkKOA-v37smtIHBArIBAiRuqy
2019-01-30 11:33:20.221 +0900 - info: 공통페이지 진입 - app.js
2019-01-30 11:33:20.222 +0900 - info: 세션 아이디 : DzfNcd3kkKOA-v37smtIHBArIBAiRuqy
2019-01-30 11:33:20.339 +0900 - info: 공통페이지 진입 - app.js
2019-01-30 11:33:20.340 +0900 - info: 세션 아이디 : DzfNcd3kkKOA-v37smtIHBArIBAiRuqy
2019-01-30 11:33:20.341 +0900 - info: 공통페이지 진입 - app.js
2019-01-30 11:33:20.341 +0900 - info: 세션 아이디 : DzfNcd3kkKOA-v37smtIHBArIBAiRuqy
2019-01-30 11:33:20.555 +0900 - info: 공통페이지 진입 - app.js
2019-01-30 11:33:20.555 +0900 - info: 세션 아이디 : DzfNcd3kkKOA-v37smtIHBArIBAiRuqy
2019-01-30 11:33:20.557 +0900 - info: 공통페이지 진입 - app.js
2019-01-30 11:33:20.557 +0900 - info: 세션 아이디 : DzfNcd3kkKOA-v37smtIHBArIBAiRuqy
2019-01-30 11:33:20.570 +0900 - info: 공통페이지 진입 - app.js
2019-01-30 11:33:20.571 +0900 - info: 세션 아이디 : DzfNcd3kkKOA-v37smtIHBArIBAiRuqy
2019-01-30 11:33:20.614 +0900 - info: 공통페이지 진입 - app.js
2019-01-30 11:33:20.614 +0900 - info: 세션 아이디 : DzfNcd3kkKOA-v37smtIHBArIBAiRuqy
2019-01-30 11:33:20.617 +0900 - info: 공통페이지 진입 - app.js
2019-01-30 11:33:20.617 +0900 - info: 세션 아이디 : DzfNcd3kkKOA-v37smtIHBArIBAiRuqy
2019-01-30 11:33:20.619 +0900 - info: 공통페이지 진입 - app.js
2019-01-30 11:33:20.619 +0900 - info: 세션 아이디 : DzfNcd3kkKOA-v37smtIHBArIBAiRuqy
2019-01-30 11:33:20.678 +0900 - info: 공통페이지 진입 - app.js
2019-01-30 11:33:20.678 +0900 - info: 세션 아이디 : DzfNcd3kkKOA-v37smtIHBArIBAiRuqy
2019-01-30 11:33:51.722 +0900 - info: 공통페이지 진입 - app.js
2019-01-30 11:33:51.722 +0900 - info: 세션 아이디 : DzfNcd3kkKOA-v37smtIHBArIBAiRuqy
2019-01-30 11:33:51.949 +0900 - info: 공통페이지 진입 - app.js
2019-01-30 11:33:51.949 +0900 - info: 세션 아이디 : DzfNcd3kkKOA-v37smtIHBArIBAiRuqy
2019-01-30 11:33:51.953 +0900 - info: 공통페이지 진입 - app.js
2019-01-30 11:33:51.954 +0900 - info: 세션 아이디 : DzfNcd3kkKOA-v37smtIHBArIBAiRuqy
2019-01-30 11:33:52.142 +0900 - info: 공통페이지 진입 - app.js
2019-01-30 11:33:52.142 +0900 - info: 세션 아이디 : DzfNcd3kkKOA-v37smtIHBArIBAiRuqy
2019-01-30 11:33:52.185 +0900 - info: 공통페이지 진입 - app.js
2019-01-30 11:33:52.186 +0900 - info: 세션 아이디 : DzfNcd3kkKOA-v37smtIHBArIBAiRuqy
2019-01-30 11:33:52.188 +0900 - info: 공통페이지 진입 - app.js
2019-01-30 11:33:52.188 +0900 - info: 세션 아이디 : DzfNcd3kkKOA-v37smtIHBArIBAiRuqy
2019-01-30 11:33:52.196 +0900 - info: 공통페이지 진입 - app.js
2019-01-30 11:33:52.197 +0900 - info: 세션 아이디 : DzfNcd3kkKOA-v37smtIHBArIBAiRuqy
2019-01-30 11:33:52.198 +0900 - info: 공통페이지 진입 - app.js
2019-01-30 11:33:52.206 +0900 - info: 세션 아이디 : DzfNcd3kkKOA-v37smtIHBArIBAiRuqy
2019-01-30 11:33:52.209 +0900 - info: 공통페이지 진입 - app.js
2019-01-30 11:33:52.209 +0900 - info: 세션 아이디 : DzfNcd3kkKOA-v37smtIHBArIBAiRuqy
2019-01-30 11:33:52.248 +0900 - info: 공통페이지 진입 - app.js
2019-01-30 11:33:52.248 +0900 - info: 세션 아이디 : DzfNcd3kkKOA-v37smtIHBArIBAiRuqy
2019-01-30 11:34:25.683 +0900 - info: 공통페이지 진입 - app.js
2019-01-30 11:34:25.685 +0900 - info: 세션 아이디 : DzfNcd3kkKOA-v37smtIHBArIBAiRuqy
2019-01-30 11:34:25.850 +0900 - info: 공통페이지 진입 - app.js
2019-01-30 11:34:25.850 +0900 - info: 세션 아이디 : DzfNcd3kkKOA-v37smtIHBArIBAiRuqy
2019-01-30 11:34:25.858 +0900 - info: 공통페이지 진입 - app.js
2019-01-30 11:34:25.858 +0900 - info: 세션 아이디 : DzfNcd3kkKOA-v37smtIHBArIBAiRuqy
2019-01-30 11:34:26.064 +0900 - info: 공통페이지 진입 - app.js
2019-01-30 11:34:26.064 +0900 - info: 세션 아이디 : DzfNcd3kkKOA-v37smtIHBArIBAiRuqy
2019-01-30 11:34:26.099 +0900 - info: 공통페이지 진입 - app.js
2019-01-30 11:34:26.099 +0900 - info: 세션 아이디 : DzfNcd3kkKOA-v37smtIHBArIBAiRuqy
2019-01-30 11:34:26.101 +0900 - info: 공통페이지 진입 - app.js
2019-01-30 11:34:26.101 +0900 - info: 세션 아이디 : DzfNcd3kkKOA-v37smtIHBArIBAiRuqy
2019-01-30 11:34:26.114 +0900 - info: 공통페이지 진입 - app.js
2019-01-30 11:34:26.114 +0900 - info: 세션 아이디 : DzfNcd3kkKOA-v37smtIHBArIBAiRuqy
2019-01-30 11:34:26.155 +0900 - info: 공통페이지 진입 - app.js
2019-01-30 11:34:26.155 +0900 - info: 세션 아이디 : DzfNcd3kkKOA-v37smtIHBArIBAiRuqy
2019-01-30 11:34:26.156 +0900 - info: 공통페이지 진입 - app.js
2019-01-30 11:34:26.156 +0900 - info: 세션 아이디 : DzfNcd3kkKOA-v37smtIHBArIBAiRuqy
2019-01-30 11:34:26.194 +0900 - info: 공통페이지 진입 - app.js
2019-01-30 11:34:26.196 +0900 - info: 세션 아이디 : DzfNcd3kkKOA-v37smtIHBArIBAiRuqy
2019-01-30 11:34:38.757 +0900 - info: 공통페이지 진입 - app.js
2019-01-30 11:34:38.757 +0900 - info: 세션 아이디 : DzfNcd3kkKOA-v37smtIHBArIBAiRuqy
2019-01-30 11:34:38.846 +0900 - info: 공통페이지 진입 - app.js
2019-01-30 11:34:38.846 +0900 - info: 세션 아이디 : DzfNcd3kkKOA-v37smtIHBArIBAiRuqy
2019-01-30 11:34:38.848 +0900 - info: 공통페이지 진입 - app.js
2019-01-30 11:34:38.849 +0900 - info: 세션 아이디 : DzfNcd3kkKOA-v37smtIHBArIBAiRuqy
2019-01-30 11:34:38.919 +0900 - info: 공통페이지 진입 - app.js
2019-01-30 11:34:38.919 +0900 - info: 세션 아이디 : DzfNcd3kkKOA-v37smtIHBArIBAiRuqy
2019-01-30 11:34:38.921 +0900 - info: 공통페이지 진입 - app.js
2019-01-30 11:34:38.921 +0900 - info: 세션 아이디 : DzfNcd3kkKOA-v37smtIHBArIBAiRuqy
2019-01-30 11:34:38.937 +0900 - info: 공통페이지 진입 - app.js
2019-01-30 11:34:38.938 +0900 - info: 세션 아이디 : DzfNcd3kkKOA-v37smtIHBArIBAiRuqy
2019-01-30 11:34:38.939 +0900 - info: 공통페이지 진입 - app.js
2019-01-30 11:34:38.939 +0900 - info: 세션 아이디 : DzfNcd3kkKOA-v37smtIHBArIBAiRuqy
2019-01-30 11:34:38.958 +0900 - info: 공통페이지 진입 - app.js
2019-01-30 11:34:38.958 +0900 - info: 세션 아이디 : DzfNcd3kkKOA-v37smtIHBArIBAiRuqy
2019-01-30 11:34:38.960 +0900 - info: 공통페이지 진입 - app.js
2019-01-30 11:34:38.960 +0900 - info: 세션 아이디 : DzfNcd3kkKOA-v37smtIHBArIBAiRuqy
2019-01-30 11:34:39.008 +0900 - info: 공통페이지 진입 - app.js
2019-01-30 11:34:39.009 +0900 - info: 세션 아이디 : DzfNcd3kkKOA-v37smtIHBArIBAiRuqy
2019-01-30 11:35:09.863 +0900 - info: 공통페이지 진입 - app.js
2019-01-30 11:35:09.864 +0900 - info: 세션 아이디 : DzfNcd3kkKOA-v37smtIHBArIBAiRuqy
2019-01-30 11:35:10.020 +0900 - info: 공통페이지 진입 - app.js
2019-01-30 11:35:10.020 +0900 - info: 세션 아이디 : DzfNcd3kkKOA-v37smtIHBArIBAiRuqy
2019-01-30 11:35:10.022 +0900 - info: 공통페이지 진입 - app.js
2019-01-30 11:35:10.022 +0900 - info: 세션 아이디 : DzfNcd3kkKOA-v37smtIHBArIBAiRuqy
2019-01-30 11:35:10.213 +0900 - info: 공통페이지 진입 - app.js
2019-01-30 11:35:10.213 +0900 - info: 세션 아이디 : DzfNcd3kkKOA-v37smtIHBArIBAiRuqy
2019-01-30 11:35:10.250 +0900 - info: 공통페이지 진입 - app.js
2019-01-30 11:35:10.250 +0900 - info: 세션 아이디 : DzfNcd3kkKOA-v37smtIHBArIBAiRuqy
2019-01-30 11:35:10.253 +0900 - info: 공통페이지 진입 - app.js
2019-01-30 11:35:10.253 +0900 - info: 세션 아이디 : DzfNcd3kkKOA-v37smtIHBArIBAiRuqy
2019-01-30 11:35:10.281 +0900 - info: 공통페이지 진입 - app.js
2019-01-30 11:35:10.281 +0900 - info: 세션 아이디 : DzfNcd3kkKOA-v37smtIHBArIBAiRuqy
2019-01-30 11:35:10.289 +0900 - info: 공통페이지 진입 - app.js
2019-01-30 11:35:10.289 +0900 - info: 세션 아이디 : DzfNcd3kkKOA-v37smtIHBArIBAiRuqy
2019-01-30 11:35:10.291 +0900 - info: 공통페이지 진입 - app.js
2019-01-30 11:35:10.291 +0900 - info: 세션 아이디 : DzfNcd3kkKOA-v37smtIHBArIBAiRuqy
2019-01-30 11:35:10.338 +0900 - info: 공통페이지 진입 - app.js
2019-01-30 11:35:10.338 +0900 - info: 세션 아이디 : DzfNcd3kkKOA-v37smtIHBArIBAiRuqy
2019-01-30 11:35:59.711 +0900 - info: 공통페이지 진입 - app.js
2019-01-30 11:35:59.712 +0900 - info: 세션 아이디 : DzfNcd3kkKOA-v37smtIHBArIBAiRuqy
2019-01-30 11:36:16.263 +0900 - info: 공통페이지 진입 - app.js
2019-01-30 11:36:16.263 +0900 - info: 세션 아이디 : DzfNcd3kkKOA-v37smtIHBArIBAiRuqy
2019-01-30 11:36:16.606 +0900 - info: 공통페이지 진입 - app.js
2019-01-30 11:36:16.607 +0900 - info: 세션 아이디 : DzfNcd3kkKOA-v37smtIHBArIBAiRuqy
2019-01-30 11:36:38.950 +0900 - info: 공통페이지 진입 - app.js
2019-01-30 11:36:38.951 +0900 - info: 세션 아이디 : DzfNcd3kkKOA-v37smtIHBArIBAiRuqy
2019-01-30 11:36:39.067 +0900 - info: 공통페이지 진입 - app.js
2019-01-30 11:36:39.067 +0900 - info: 세션 아이디 : DzfNcd3kkKOA-v37smtIHBArIBAiRuqy
2019-01-30 11:36:39.069 +0900 - info: 공통페이지 진입 - app.js
2019-01-30 11:36:39.070 +0900 - info: 세션 아이디 : DzfNcd3kkKOA-v37smtIHBArIBAiRuqy
2019-01-30 11:36:39.282 +0900 - info: 공통페이지 진입 - app.js
2019-01-30 11:36:39.282 +0900 - info: 세션 아이디 : DzfNcd3kkKOA-v37smtIHBArIBAiRuqy
2019-01-30 11:36:39.315 +0900 - info: 공통페이지 진입 - app.js
2019-01-30 11:36:39.315 +0900 - info: 세션 아이디 : DzfNcd3kkKOA-v37smtIHBArIBAiRuqy
2019-01-30 11:36:39.348 +0900 - info: 공통페이지 진입 - app.js
2019-01-30 11:36:39.348 +0900 - info: 세션 아이디 : DzfNcd3kkKOA-v37smtIHBArIBAiRuqy
2019-01-30 11:36:39.350 +0900 - info: 공통페이지 진입 - app.js
2019-01-30 11:36:39.351 +0900 - info: 세션 아이디 : DzfNcd3kkKOA-v37smtIHBArIBAiRuqy
2019-01-30 11:36:39.360 +0900 - info: 공통페이지 진입 - app.js
2019-01-30 11:36:39.361 +0900 - info: 세션 아이디 : DzfNcd3kkKOA-v37smtIHBArIBAiRuqy
2019-01-30 11:36:39.362 +0900 - info: 공통페이지 진입 - app.js
2019-01-30 11:36:39.362 +0900 - info: 세션 아이디 : DzfNcd3kkKOA-v37smtIHBArIBAiRuqy
2019-01-30 11:36:39.465 +0900 - info: 공통페이지 진입 - app.js
2019-01-30 11:36:39.465 +0900 - info: 세션 아이디 : DzfNcd3kkKOA-v37smtIHBArIBAiRuqy
2019-01-30 11:37:46.767 +0900 - info: 공통페이지 진입 - app.js
2019-01-30 11:37:46.767 +0900 - info: 세션 아이디 : DzfNcd3kkKOA-v37smtIHBArIBAiRuqy
2019-01-30 11:37:46.880 +0900 - info: 공통페이지 진입 - app.js
2019-01-30 11:37:46.880 +0900 - info: 세션 아이디 : DzfNcd3kkKOA-v37smtIHBArIBAiRuqy
2019-01-30 11:37:46.882 +0900 - info: 공통페이지 진입 - app.js
2019-01-30 11:37:46.882 +0900 - info: 세션 아이디 : DzfNcd3kkKOA-v37smtIHBArIBAiRuqy
2019-01-30 11:37:47.094 +0900 - info: 공통페이지 진입 - app.js
2019-01-30 11:37:47.094 +0900 - info: 세션 아이디 : DzfNcd3kkKOA-v37smtIHBArIBAiRuqy
2019-01-30 11:37:47.110 +0900 - info: 공통페이지 진입 - app.js
2019-01-30 11:37:47.110 +0900 - info: 세션 아이디 : DzfNcd3kkKOA-v37smtIHBArIBAiRuqy
2019-01-30 11:37:47.138 +0900 - info: 공통페이지 진입 - app.js
2019-01-30 11:37:47.138 +0900 - info: 세션 아이디 : DzfNcd3kkKOA-v37smtIHBArIBAiRuqy
2019-01-30 11:37:47.146 +0900 - info: 공통페이지 진입 - app.js
2019-01-30 11:37:47.146 +0900 - info: 세션 아이디 : DzfNcd3kkKOA-v37smtIHBArIBAiRuqy
2019-01-30 11:37:47.190 +0900 - info: 공통페이지 진입 - app.js
2019-01-30 11:37:47.190 +0900 - info: 세션 아이디 : DzfNcd3kkKOA-v37smtIHBArIBAiRuqy
2019-01-30 11:37:47.192 +0900 - info: 공통페이지 진입 - app.js
2019-01-30 11:37:47.192 +0900 - info: 세션 아이디 : DzfNcd3kkKOA-v37smtIHBArIBAiRuqy
2019-01-30 11:37:47.251 +0900 - info: 공통페이지 진입 - app.js
2019-01-30 11:37:47.252 +0900 - info: 세션 아이디 : DzfNcd3kkKOA-v37smtIHBArIBAiRuqy
2019-01-30 11:38:44.330 +0900 - info: 공통페이지 진입 - app.js
2019-01-30 11:38:44.330 +0900 - info: 세션 아이디 : DzfNcd3kkKOA-v37smtIHBArIBAiRuqy
2019-01-30 11:38:44.444 +0900 - info: 공통페이지 진입 - app.js
2019-01-30 11:38:44.444 +0900 - info: 세션 아이디 : DzfNcd3kkKOA-v37smtIHBArIBAiRuqy
2019-01-30 11:38:44.448 +0900 - info: 공통페이지 진입 - app.js
2019-01-30 11:38:44.449 +0900 - info: 세션 아이디 : DzfNcd3kkKOA-v37smtIHBArIBAiRuqy
2019-01-30 11:38:44.651 +0900 - info: 공통페이지 진입 - app.js
2019-01-30 11:38:44.651 +0900 - info: 세션 아이디 : DzfNcd3kkKOA-v37smtIHBArIBAiRuqy
2019-01-30 11:38:44.682 +0900 - info: 공통페이지 진입 - app.js
2019-01-30 11:38:44.683 +0900 - info: 세션 아이디 : DzfNcd3kkKOA-v37smtIHBArIBAiRuqy
2019-01-30 11:38:44.695 +0900 - info: 공통페이지 진입 - app.js
2019-01-30 11:38:44.695 +0900 - info: 세션 아이디 : DzfNcd3kkKOA-v37smtIHBArIBAiRuqy
2019-01-30 11:38:44.704 +0900 - info: 공통페이지 진입 - app.js
2019-01-30 11:38:44.704 +0900 - info: 세션 아이디 : DzfNcd3kkKOA-v37smtIHBArIBAiRuqy
2019-01-30 11:38:44.734 +0900 - info: 공통페이지 진입 - app.js
2019-01-30 11:38:44.734 +0900 - info: 세션 아이디 : DzfNcd3kkKOA-v37smtIHBArIBAiRuqy
2019-01-30 11:38:44.736 +0900 - info: 공통페이지 진입 - app.js
2019-01-30 11:38:44.736 +0900 - info: 세션 아이디 : DzfNcd3kkKOA-v37smtIHBArIBAiRuqy
2019-01-30 11:38:44.814 +0900 - info: 공통페이지 진입 - app.js
2019-01-30 11:38:44.815 +0900 - info: 세션 아이디 : DzfNcd3kkKOA-v37smtIHBArIBAiRuqy
2019-01-30 11:39:15.762 +0900 - info: 공통페이지 진입 - app.js
2019-01-30 11:39:15.763 +0900 - info: 세션 아이디 : DzfNcd3kkKOA-v37smtIHBArIBAiRuqy
2019-01-30 11:39:16.003 +0900 - info: 공통페이지 진입 - app.js
2019-01-30 11:39:16.003 +0900 - info: 세션 아이디 : DzfNcd3kkKOA-v37smtIHBArIBAiRuqy
2019-01-30 11:39:16.013 +0900 - info: 공통페이지 진입 - app.js
2019-01-30 11:39:16.013 +0900 - info: 세션 아이디 : DzfNcd3kkKOA-v37smtIHBArIBAiRuqy
2019-01-30 11:39:16.141 +0900 - info: 공통페이지 진입 - app.js
2019-01-30 11:39:16.143 +0900 - info: 세션 아이디 : DzfNcd3kkKOA-v37smtIHBArIBAiRuqy
2019-01-30 11:39:16.145 +0900 - info: 공통페이지 진입 - app.js
2019-01-30 11:39:16.145 +0900 - info: 세션 아이디 : DzfNcd3kkKOA-v37smtIHBArIBAiRuqy
2019-01-30 11:39:16.162 +0900 - info: 공통페이지 진입 - app.js
2019-01-30 11:39:16.162 +0900 - info: 세션 아이디 : DzfNcd3kkKOA-v37smtIHBArIBAiRuqy
2019-01-30 11:39:16.164 +0900 - info: 공통페이지 진입 - app.js
2019-01-30 11:39:16.164 +0900 - info: 세션 아이디 : DzfNcd3kkKOA-v37smtIHBArIBAiRuqy
2019-01-30 11:39:16.184 +0900 - info: 공통페이지 진입 - app.js
2019-01-30 11:39:16.185 +0900 - info: 세션 아이디 : DzfNcd3kkKOA-v37smtIHBArIBAiRuqy
2019-01-30 11:39:16.186 +0900 - info: 공통페이지 진입 - app.js
2019-01-30 11:39:16.186 +0900 - info: 세션 아이디 : DzfNcd3kkKOA-v37smtIHBArIBAiRuqy
2019-01-30 11:39:16.234 +0900 - info: 공통페이지 진입 - app.js
2019-01-30 11:39:16.234 +0900 - info: 세션 아이디 : DzfNcd3kkKOA-v37smtIHBArIBAiRuqy
2019-01-30 11:41:02.916 +0900 - info: 공통페이지 진입 - app.js
2019-01-30 11:41:02.916 +0900 - info: 세션 아이디 : DzfNcd3kkKOA-v37smtIHBArIBAiRuqy
2019-01-30 11:41:03.020 +0900 - info: 공통페이지 진입 - app.js
2019-01-30 11:41:03.021 +0900 - info: 세션 아이디 : DzfNcd3kkKOA-v37smtIHBArIBAiRuqy
2019-01-30 11:41:03.023 +0900 - info: 공통페이지 진입 - app.js
2019-01-30 11:41:03.024 +0900 - info: 세션 아이디 : DzfNcd3kkKOA-v37smtIHBArIBAiRuqy
2019-01-30 11:41:03.298 +0900 - info: 공통페이지 진입 - app.js
2019-01-30 11:41:03.298 +0900 - info: 세션 아이디 : DzfNcd3kkKOA-v37smtIHBArIBAiRuqy
2019-01-30 11:41:03.361 +0900 - info: 공통페이지 진입 - app.js
2019-01-30 11:41:03.361 +0900 - info: 세션 아이디 : DzfNcd3kkKOA-v37smtIHBArIBAiRuqy
2019-01-30 11:41:03.380 +0900 - info: 공통페이지 진입 - app.js
2019-01-30 11:41:03.381 +0900 - info: 세션 아이디 : DzfNcd3kkKOA-v37smtIHBArIBAiRuqy
2019-01-30 11:41:03.382 +0900 - info: 공통페이지 진입 - app.js
2019-01-30 11:41:03.382 +0900 - info: 세션 아이디 : DzfNcd3kkKOA-v37smtIHBArIBAiRuqy
2019-01-30 11:41:03.384 +0900 - info: 공통페이지 진입 - app.js
2019-01-30 11:41:03.384 +0900 - info: 세션 아이디 : DzfNcd3kkKOA-v37smtIHBArIBAiRuqy
2019-01-30 11:41:03.387 +0900 - info: 공통페이지 진입 - app.js
2019-01-30 11:41:03.387 +0900 - info: 세션 아이디 : DzfNcd3kkKOA-v37smtIHBArIBAiRuqy
2019-01-30 11:41:03.448 +0900 - info: 공통페이지 진입 - app.js
2019-01-30 11:41:03.450 +0900 - info: 세션 아이디 : DzfNcd3kkKOA-v37smtIHBArIBAiRuqy
2019-01-30 13:27:35.644 +0900 - info: 공통페이지 진입 - app.js
2019-01-30 13:27:35.645 +0900 - info: 세션 아이디 : DzfNcd3kkKOA-v37smtIHBArIBAiRuqy
2019-01-30 13:27:35.761 +0900 - info: 공통페이지 진입 - app.js
2019-01-30 13:27:35.761 +0900 - info: 세션 아이디 : DzfNcd3kkKOA-v37smtIHBArIBAiRuqy
2019-01-30 13:27:35.764 +0900 - info: 공통페이지 진입 - app.js
2019-01-30 13:27:35.765 +0900 - info: 세션 아이디 : DzfNcd3kkKOA-v37smtIHBArIBAiRuqy
2019-01-30 13:27:35.865 +0900 - info: 공통페이지 진입 - app.js
2019-01-30 13:27:35.866 +0900 - info: 세션 아이디 : DzfNcd3kkKOA-v37smtIHBArIBAiRuqy
2019-01-30 13:27:35.868 +0900 - info: 공통페이지 진입 - app.js
2019-01-30 13:27:35.868 +0900 - info: 세션 아이디 : DzfNcd3kkKOA-v37smtIHBArIBAiRuqy
2019-01-30 13:27:35.897 +0900 - info: 공통페이지 진입 - app.js
2019-01-30 13:27:35.897 +0900 - info: 세션 아이디 : DzfNcd3kkKOA-v37smtIHBArIBAiRuqy
2019-01-30 13:27:35.899 +0900 - info: 공통페이지 진입 - app.js
2019-01-30 13:27:35.900 +0900 - info: 세션 아이디 : DzfNcd3kkKOA-v37smtIHBArIBAiRuqy
2019-01-30 13:27:35.916 +0900 - info: 공통페이지 진입 - app.js
2019-01-30 13:27:35.916 +0900 - info: 세션 아이디 : DzfNcd3kkKOA-v37smtIHBArIBAiRuqy
2019-01-30 13:27:35.918 +0900 - info: 공통페이지 진입 - app.js
2019-01-30 13:27:35.918 +0900 - info: 세션 아이디 : DzfNcd3kkKOA-v37smtIHBArIBAiRuqy
2019-01-30 13:27:36.017 +0900 - info: 공통페이지 진입 - app.js
2019-01-30 13:27:36.017 +0900 - info: 세션 아이디 : DzfNcd3kkKOA-v37smtIHBArIBAiRuqy
2019-01-30 13:28:27.961 +0900 - info: 공통페이지 진입 - app.js
2019-01-30 13:28:27.961 +0900 - info: 세션 아이디 : DzfNcd3kkKOA-v37smtIHBArIBAiRuqy
2019-01-30 13:28:28.070 +0900 - info: 공통페이지 진입 - app.js
2019-01-30 13:28:28.070 +0900 - info: 세션 아이디 : DzfNcd3kkKOA-v37smtIHBArIBAiRuqy
2019-01-30 13:28:28.072 +0900 - info: 공통페이지 진입 - app.js
2019-01-30 13:28:28.072 +0900 - info: 세션 아이디 : DzfNcd3kkKOA-v37smtIHBArIBAiRuqy
2019-01-30 13:28:28.292 +0900 - info: 공통페이지 진입 - app.js
2019-01-30 13:28:28.292 +0900 - info: 세션 아이디 : DzfNcd3kkKOA-v37smtIHBArIBAiRuqy
2019-01-30 13:28:28.294 +0900 - info: 공통페이지 진입 - app.js
2019-01-30 13:28:28.294 +0900 - info: 세션 아이디 : DzfNcd3kkKOA-v37smtIHBArIBAiRuqy
2019-01-30 13:28:28.369 +0900 - info: 공통페이지 진입 - app.js
2019-01-30 13:28:28.370 +0900 - info: 세션 아이디 : DzfNcd3kkKOA-v37smtIHBArIBAiRuqy
2019-01-30 13:28:28.380 +0900 - info: 공통페이지 진입 - app.js
2019-01-30 13:28:28.381 +0900 - info: 세션 아이디 : DzfNcd3kkKOA-v37smtIHBArIBAiRuqy
2019-01-30 13:28:28.408 +0900 - info: 공통페이지 진입 - app.js
2019-01-30 13:28:28.408 +0900 - info: 세션 아이디 : DzfNcd3kkKOA-v37smtIHBArIBAiRuqy
2019-01-30 13:28:28.410 +0900 - info: 공통페이지 진입 - app.js
2019-01-30 13:28:28.410 +0900 - info: 세션 아이디 : DzfNcd3kkKOA-v37smtIHBArIBAiRuqy
2019-01-30 13:28:28.509 +0900 - info: 공통페이지 진입 - app.js
2019-01-30 13:28:28.509 +0900 - info: 세션 아이디 : DzfNcd3kkKOA-v37smtIHBArIBAiRuqy
2019-01-30 13:29:00.926 +0900 - info: 공통페이지 진입 - app.js
2019-01-30 13:29:00.926 +0900 - info: 세션 아이디 : DzfNcd3kkKOA-v37smtIHBArIBAiRuqy
2019-01-30 13:29:01.037 +0900 - info: 공통페이지 진입 - app.js
2019-01-30 13:29:01.038 +0900 - info: 세션 아이디 : DzfNcd3kkKOA-v37smtIHBArIBAiRuqy
2019-01-30 13:29:01.041 +0900 - info: 공통페이지 진입 - app.js
2019-01-30 13:29:01.041 +0900 - info: 세션 아이디 : DzfNcd3kkKOA-v37smtIHBArIBAiRuqy
2019-01-30 13:29:01.111 +0900 - info: 공통페이지 진입 - app.js
2019-01-30 13:29:01.111 +0900 - info: 세션 아이디 : DzfNcd3kkKOA-v37smtIHBArIBAiRuqy
2019-01-30 13:29:01.119 +0900 - info: 공통페이지 진입 - app.js
2019-01-30 13:29:01.119 +0900 - info: 세션 아이디 : DzfNcd3kkKOA-v37smtIHBArIBAiRuqy
2019-01-30 13:29:01.132 +0900 - info: 공통페이지 진입 - app.js
2019-01-30 13:29:01.133 +0900 - info: 세션 아이디 : DzfNcd3kkKOA-v37smtIHBArIBAiRuqy
2019-01-30 13:29:01.139 +0900 - info: 공통페이지 진입 - app.js
2019-01-30 13:29:01.139 +0900 - info: 세션 아이디 : DzfNcd3kkKOA-v37smtIHBArIBAiRuqy
2019-01-30 13:29:01.162 +0900 - info: 공통페이지 진입 - app.js
2019-01-30 13:29:01.162 +0900 - info: 세션 아이디 : DzfNcd3kkKOA-v37smtIHBArIBAiRuqy
2019-01-30 13:29:01.164 +0900 - info: 공통페이지 진입 - app.js
2019-01-30 13:29:01.164 +0900 - info: 세션 아이디 : DzfNcd3kkKOA-v37smtIHBArIBAiRuqy
2019-01-30 13:29:01.227 +0900 - info: 공통페이지 진입 - app.js
2019-01-30 13:29:01.227 +0900 - info: 세션 아이디 : DzfNcd3kkKOA-v37smtIHBArIBAiRuqy
2019-01-30 13:30:58.980 +0900 - info: 공통페이지 진입 - app.js
2019-01-30 13:30:58.980 +0900 - info: 세션 아이디 : DzfNcd3kkKOA-v37smtIHBArIBAiRuqy
2019-01-30 13:30:59.088 +0900 - info: 공통페이지 진입 - app.js
2019-01-30 13:30:59.088 +0900 - info: 세션 아이디 : DzfNcd3kkKOA-v37smtIHBArIBAiRuqy
2019-01-30 13:30:59.091 +0900 - info: 공통페이지 진입 - app.js
2019-01-30 13:30:59.091 +0900 - info: 세션 아이디 : DzfNcd3kkKOA-v37smtIHBArIBAiRuqy
2019-01-30 13:30:59.294 +0900 - info: 공통페이지 진입 - app.js
2019-01-30 13:30:59.294 +0900 - info: 세션 아이디 : DzfNcd3kkKOA-v37smtIHBArIBAiRuqy
2019-01-30 13:30:59.317 +0900 - info: 공통페이지 진입 - app.js
2019-01-30 13:30:59.317 +0900 - info: 세션 아이디 : DzfNcd3kkKOA-v37smtIHBArIBAiRuqy
2019-01-30 13:30:59.322 +0900 - info: 공통페이지 진입 - app.js
2019-01-30 13:30:59.322 +0900 - info: 세션 아이디 : DzfNcd3kkKOA-v37smtIHBArIBAiRuqy
2019-01-30 13:30:59.360 +0900 - info: 공통페이지 진입 - app.js
2019-01-30 13:30:59.360 +0900 - info: 세션 아이디 : DzfNcd3kkKOA-v37smtIHBArIBAiRuqy
2019-01-30 13:30:59.362 +0900 - info: 공통페이지 진입 - app.js
2019-01-30 13:30:59.362 +0900 - info: 세션 아이디 : DzfNcd3kkKOA-v37smtIHBArIBAiRuqy
2019-01-30 13:30:59.364 +0900 - info: 공통페이지 진입 - app.js
2019-01-30 13:30:59.364 +0900 - info: 세션 아이디 : DzfNcd3kkKOA-v37smtIHBArIBAiRuqy
2019-01-30 13:30:59.467 +0900 - info: 공통페이지 진입 - app.js
2019-01-30 13:30:59.467 +0900 - info: 세션 아이디 : DzfNcd3kkKOA-v37smtIHBArIBAiRuqy
2019-01-30 13:31:35.025 +0900 - info: 공통페이지 진입 - app.js
2019-01-30 13:31:35.026 +0900 - info: 세션 아이디 : DzfNcd3kkKOA-v37smtIHBArIBAiRuqy
2019-01-30 13:31:35.202 +0900 - info: 공통페이지 진입 - app.js
2019-01-30 13:31:35.202 +0900 - info: 세션 아이디 : DzfNcd3kkKOA-v37smtIHBArIBAiRuqy
2019-01-30 13:31:35.207 +0900 - info: 공통페이지 진입 - app.js
2019-01-30 13:31:35.207 +0900 - info: 세션 아이디 : DzfNcd3kkKOA-v37smtIHBArIBAiRuqy
2019-01-30 13:31:35.332 +0900 - info: 공통페이지 진입 - app.js
2019-01-30 13:31:35.332 +0900 - info: 세션 아이디 : DzfNcd3kkKOA-v37smtIHBArIBAiRuqy
2019-01-30 13:31:35.355 +0900 - info: 공통페이지 진입 - app.js
2019-01-30 13:31:35.355 +0900 - info: 세션 아이디 : DzfNcd3kkKOA-v37smtIHBArIBAiRuqy
2019-01-30 13:31:35.359 +0900 - info: 공통페이지 진입 - app.js
2019-01-30 13:31:35.360 +0900 - info: 세션 아이디 : DzfNcd3kkKOA-v37smtIHBArIBAiRuqy
2019-01-30 13:31:35.401 +0900 - info: 공통페이지 진입 - app.js
2019-01-30 13:31:35.401 +0900 - info: 세션 아이디 : DzfNcd3kkKOA-v37smtIHBArIBAiRuqy
2019-01-30 13:31:35.403 +0900 - info: 공통페이지 진입 - app.js
2019-01-30 13:31:35.411 +0900 - info: 세션 아이디 : DzfNcd3kkKOA-v37smtIHBArIBAiRuqy
2019-01-30 13:31:35.413 +0900 - info: 공통페이지 진입 - app.js
2019-01-30 13:31:35.413 +0900 - info: 세션 아이디 : DzfNcd3kkKOA-v37smtIHBArIBAiRuqy
2019-01-30 13:31:35.497 +0900 - info: 공통페이지 진입 - app.js
2019-01-30 13:31:35.498 +0900 - info: 세션 아이디 : DzfNcd3kkKOA-v37smtIHBArIBAiRuqy
2019-01-30 13:33:07.795 +0900 - info: 공통페이지 진입 - app.js
2019-01-30 13:33:07.795 +0900 - info: 세션 아이디 : DzfNcd3kkKOA-v37smtIHBArIBAiRuqy
2019-01-30 13:33:07.925 +0900 - info: 공통페이지 진입 - app.js
2019-01-30 13:33:07.926 +0900 - info: 세션 아이디 : DzfNcd3kkKOA-v37smtIHBArIBAiRuqy
2019-01-30 13:33:07.929 +0900 - info: 공통페이지 진입 - app.js
2019-01-30 13:33:07.929 +0900 - info: 세션 아이디 : DzfNcd3kkKOA-v37smtIHBArIBAiRuqy
2019-01-30 13:33:08.129 +0900 - info: 공통페이지 진입 - app.js
2019-01-30 13:33:08.129 +0900 - info: 세션 아이디 : DzfNcd3kkKOA-v37smtIHBArIBAiRuqy
2019-01-30 13:33:08.171 +0900 - info: 공통페이지 진입 - app.js
2019-01-30 13:33:08.171 +0900 - info: 세션 아이디 : DzfNcd3kkKOA-v37smtIHBArIBAiRuqy
2019-01-30 13:33:08.173 +0900 - info: 공통페이지 진입 - app.js
2019-01-30 13:33:08.173 +0900 - info: 세션 아이디 : DzfNcd3kkKOA-v37smtIHBArIBAiRuqy
2019-01-30 13:33:08.213 +0900 - info: 공통페이지 진입 - app.js
2019-01-30 13:33:08.214 +0900 - info: 세션 아이디 : DzfNcd3kkKOA-v37smtIHBArIBAiRuqy
2019-01-30 13:33:08.215 +0900 - info: 공통페이지 진입 - app.js
2019-01-30 13:33:08.217 +0900 - info: 세션 아이디 : DzfNcd3kkKOA-v37smtIHBArIBAiRuqy
2019-01-30 13:33:08.218 +0900 - info: 공통페이지 진입 - app.js
2019-01-30 13:33:08.219 +0900 - info: 세션 아이디 : DzfNcd3kkKOA-v37smtIHBArIBAiRuqy
2019-01-30 13:33:08.348 +0900 - info: 공통페이지 진입 - app.js
2019-01-30 13:33:08.349 +0900 - info: 세션 아이디 : DzfNcd3kkKOA-v37smtIHBArIBAiRuqy
2019-01-30 13:33:56.818 +0900 - info: 공통페이지 진입 - app.js
2019-01-30 13:33:56.819 +0900 - info: 세션 아이디 : DzfNcd3kkKOA-v37smtIHBArIBAiRuqy
2019-01-30 13:33:56.959 +0900 - info: 공통페이지 진입 - app.js
2019-01-30 13:33:56.959 +0900 - info: 세션 아이디 : DzfNcd3kkKOA-v37smtIHBArIBAiRuqy
2019-01-30 13:33:56.961 +0900 - info: 공통페이지 진입 - app.js
2019-01-30 13:33:56.962 +0900 - info: 세션 아이디 : DzfNcd3kkKOA-v37smtIHBArIBAiRuqy
2019-01-30 13:33:57.176 +0900 - info: 공통페이지 진입 - app.js
2019-01-30 13:33:57.176 +0900 - info: 세션 아이디 : DzfNcd3kkKOA-v37smtIHBArIBAiRuqy
2019-01-30 13:33:57.192 +0900 - info: 공통페이지 진입 - app.js
2019-01-30 13:33:57.193 +0900 - info: 세션 아이디 : DzfNcd3kkKOA-v37smtIHBArIBAiRuqy
2019-01-30 13:33:57.198 +0900 - info: 공통페이지 진입 - app.js
2019-01-30 13:33:57.199 +0900 - info: 세션 아이디 : DzfNcd3kkKOA-v37smtIHBArIBAiRuqy
2019-01-30 13:33:57.244 +0900 - info: 공통페이지 진입 - app.js
2019-01-30 13:33:57.244 +0900 - info: 세션 아이디 : DzfNcd3kkKOA-v37smtIHBArIBAiRuqy
2019-01-30 13:33:57.246 +0900 - info: 공통페이지 진입 - app.js
2019-01-30 13:33:57.248 +0900 - info: 세션 아이디 : DzfNcd3kkKOA-v37smtIHBArIBAiRuqy
2019-01-30 13:33:57.249 +0900 - info: 공통페이지 진입 - app.js
2019-01-30 13:33:57.249 +0900 - info: 세션 아이디 : DzfNcd3kkKOA-v37smtIHBArIBAiRuqy
2019-01-30 13:33:57.332 +0900 - info: 공통페이지 진입 - app.js
2019-01-30 13:33:57.332 +0900 - info: 세션 아이디 : DzfNcd3kkKOA-v37smtIHBArIBAiRuqy
2019-01-30 13:35:11.382 +0900 - info: 공통페이지 진입 - app.js
2019-01-30 13:35:11.382 +0900 - info: 세션 아이디 : DzfNcd3kkKOA-v37smtIHBArIBAiRuqy
2019-01-30 13:35:11.521 +0900 - info: 공통페이지 진입 - app.js
2019-01-30 13:35:11.521 +0900 - info: 세션 아이디 : DzfNcd3kkKOA-v37smtIHBArIBAiRuqy
2019-01-30 13:35:11.524 +0900 - info: 공통페이지 진입 - app.js
2019-01-30 13:35:11.524 +0900 - info: 세션 아이디 : DzfNcd3kkKOA-v37smtIHBArIBAiRuqy
2019-01-30 13:35:11.706 +0900 - info: 공통페이지 진입 - app.js
2019-01-30 13:35:11.707 +0900 - info: 세션 아이디 : DzfNcd3kkKOA-v37smtIHBArIBAiRuqy
2019-01-30 13:35:11.718 +0900 - info: 공통페이지 진입 - app.js
2019-01-30 13:35:11.719 +0900 - info: 세션 아이디 : DzfNcd3kkKOA-v37smtIHBArIBAiRuqy
2019-01-30 13:35:11.760 +0900 - info: 공통페이지 진입 - app.js
2019-01-30 13:35:11.760 +0900 - info: 세션 아이디 : DzfNcd3kkKOA-v37smtIHBArIBAiRuqy
2019-01-30 13:35:11.772 +0900 - info: 공통페이지 진입 - app.js
2019-01-30 13:35:11.772 +0900 - info: 세션 아이디 : DzfNcd3kkKOA-v37smtIHBArIBAiRuqy
2019-01-30 13:35:11.818 +0900 - info: 공통페이지 진입 - app.js
2019-01-30 13:35:11.818 +0900 - info: 세션 아이디 : DzfNcd3kkKOA-v37smtIHBArIBAiRuqy
2019-01-30 13:35:11.820 +0900 - info: 공통페이지 진입 - app.js
2019-01-30 13:35:11.820 +0900 - info: 세션 아이디 : DzfNcd3kkKOA-v37smtIHBArIBAiRuqy
2019-01-30 13:35:11.912 +0900 - info: 공통페이지 진입 - app.js
2019-01-30 13:35:11.912 +0900 - info: 세션 아이디 : DzfNcd3kkKOA-v37smtIHBArIBAiRuqy
2019-01-30 13:35:15.355 +0900 - info: 공통페이지 진입 - app.js
2019-01-30 13:35:15.355 +0900 - info: 세션 아이디 : DzfNcd3kkKOA-v37smtIHBArIBAiRuqy
2019-01-30 13:37:59.467 +0900 - info: 공통페이지 진입 - app.js
2019-01-30 13:37:59.467 +0900 - info: 세션 아이디 : DzfNcd3kkKOA-v37smtIHBArIBAiRuqy
2019-01-30 13:38:50.571 +0900 - info: 공통페이지 진입 - app.js
2019-01-30 13:38:50.571 +0900 - info: 세션 아이디 : DzfNcd3kkKOA-v37smtIHBArIBAiRuqy
2019-01-30 13:38:59.372 +0900 - info: 공통페이지 진입 - app.js
2019-01-30 13:38:59.373 +0900 - info: 세션 아이디 : DzfNcd3kkKOA-v37smtIHBArIBAiRuqy
2019-01-30 13:38:59.522 +0900 - info: 공통페이지 진입 - app.js
2019-01-30 13:38:59.522 +0900 - info: 세션 아이디 : DzfNcd3kkKOA-v37smtIHBArIBAiRuqy
2019-01-30 13:38:59.527 +0900 - info: 공통페이지 진입 - app.js
2019-01-30 13:38:59.527 +0900 - info: 세션 아이디 : DzfNcd3kkKOA-v37smtIHBArIBAiRuqy
2019-01-30 13:38:59.597 +0900 - info: 공통페이지 진입 - app.js
2019-01-30 13:38:59.597 +0900 - info: 세션 아이디 : DzfNcd3kkKOA-v37smtIHBArIBAiRuqy
2019-01-30 13:38:59.599 +0900 - info: 공통페이지 진입 - app.js
2019-01-30 13:38:59.599 +0900 - info: 세션 아이디 : DzfNcd3kkKOA-v37smtIHBArIBAiRuqy
2019-01-30 13:38:59.615 +0900 - info: 공통페이지 진입 - app.js
2019-01-30 13:38:59.616 +0900 - info: 세션 아이디 : DzfNcd3kkKOA-v37smtIHBArIBAiRuqy
2019-01-30 13:38:59.618 +0900 - info: 공통페이지 진입 - app.js
2019-01-30 13:38:59.618 +0900 - info: 세션 아이디 : DzfNcd3kkKOA-v37smtIHBArIBAiRuqy
2019-01-30 13:38:59.651 +0900 - info: 공통페이지 진입 - app.js
2019-01-30 13:38:59.651 +0900 - info: 세션 아이디 : DzfNcd3kkKOA-v37smtIHBArIBAiRuqy
2019-01-30 13:38:59.653 +0900 - info: 공통페이지 진입 - app.js
2019-01-30 13:38:59.653 +0900 - info: 세션 아이디 : DzfNcd3kkKOA-v37smtIHBArIBAiRuqy
2019-01-30 13:38:59.712 +0900 - info: 공통페이지 진입 - app.js
2019-01-30 13:38:59.712 +0900 - info: 세션 아이디 : DzfNcd3kkKOA-v37smtIHBArIBAiRuqy
2019-01-30 13:39:22.355 +0900 - info: 공통페이지 진입 - app.js
2019-01-30 13:39:22.355 +0900 - info: 세션 아이디 : DzfNcd3kkKOA-v37smtIHBArIBAiRuqy
2019-01-30 13:39:23.751 +0900 - info: 공통페이지 진입 - app.js
2019-01-30 13:39:23.751 +0900 - info: 세션 아이디 : DzfNcd3kkKOA-v37smtIHBArIBAiRuqy
2019-01-30 13:39:23.940 +0900 - info: 공통페이지 진입 - app.js
2019-01-30 13:39:23.940 +0900 - info: 세션 아이디 : DzfNcd3kkKOA-v37smtIHBArIBAiRuqy
2019-01-30 13:39:23.942 +0900 - info: 공통페이지 진입 - app.js
2019-01-30 13:39:23.942 +0900 - info: 세션 아이디 : DzfNcd3kkKOA-v37smtIHBArIBAiRuqy
2019-01-30 13:39:24.055 +0900 - info: 공통페이지 진입 - app.js
2019-01-30 13:39:24.056 +0900 - info: 세션 아이디 : DzfNcd3kkKOA-v37smtIHBArIBAiRuqy
2019-01-30 13:39:24.067 +0900 - info: 공통페이지 진입 - app.js
2019-01-30 13:39:24.067 +0900 - info: 세션 아이디 : DzfNcd3kkKOA-v37smtIHBArIBAiRuqy
2019-01-30 13:39:24.075 +0900 - info: 공통페이지 진입 - app.js
2019-01-30 13:39:24.076 +0900 - info: 세션 아이디 : DzfNcd3kkKOA-v37smtIHBArIBAiRuqy
2019-01-30 13:39:24.080 +0900 - info: 공통페이지 진입 - app.js
2019-01-30 13:39:24.080 +0900 - info: 세션 아이디 : DzfNcd3kkKOA-v37smtIHBArIBAiRuqy
2019-01-30 13:39:24.109 +0900 - info: 공통페이지 진입 - app.js
2019-01-30 13:39:24.109 +0900 - info: 세션 아이디 : DzfNcd3kkKOA-v37smtIHBArIBAiRuqy
2019-01-30 13:39:24.111 +0900 - info: 공통페이지 진입 - app.js
2019-01-30 13:39:24.111 +0900 - info: 세션 아이디 : DzfNcd3kkKOA-v37smtIHBArIBAiRuqy
2019-01-30 13:39:24.215 +0900 - info: 공통페이지 진입 - app.js
2019-01-30 13:39:24.216 +0900 - info: 세션 아이디 : DzfNcd3kkKOA-v37smtIHBArIBAiRuqy
2019-01-30 13:42:25.820 +0900 - info: 공통페이지 진입 - app.js
2019-01-30 13:42:25.821 +0900 - info: 세션 아이디 : DzfNcd3kkKOA-v37smtIHBArIBAiRuqy
2019-01-30 13:42:25.971 +0900 - info: 공통페이지 진입 - app.js
2019-01-30 13:42:25.971 +0900 - info: 세션 아이디 : DzfNcd3kkKOA-v37smtIHBArIBAiRuqy
2019-01-30 13:42:25.975 +0900 - info: 공통페이지 진입 - app.js
2019-01-30 13:42:25.975 +0900 - info: 세션 아이디 : DzfNcd3kkKOA-v37smtIHBArIBAiRuqy
2019-01-30 13:42:26.161 +0900 - info: 공통페이지 진입 - app.js
2019-01-30 13:42:26.162 +0900 - info: 세션 아이디 : DzfNcd3kkKOA-v37smtIHBArIBAiRuqy
2019-01-30 13:42:26.183 +0900 - info: 공통페이지 진입 - app.js
2019-01-30 13:42:26.183 +0900 - info: 세션 아이디 : DzfNcd3kkKOA-v37smtIHBArIBAiRuqy
2019-01-30 13:42:26.184 +0900 - info: 공통페이지 진입 - app.js
2019-01-30 13:42:26.185 +0900 - info: 세션 아이디 : DzfNcd3kkKOA-v37smtIHBArIBAiRuqy
2019-01-30 13:42:26.224 +0900 - info: 공통페이지 진입 - app.js
2019-01-30 13:42:26.224 +0900 - info: 세션 아이디 : DzfNcd3kkKOA-v37smtIHBArIBAiRuqy
2019-01-30 13:42:26.226 +0900 - info: 공통페이지 진입 - app.js
2019-01-30 13:42:26.226 +0900 - info: 세션 아이디 : DzfNcd3kkKOA-v37smtIHBArIBAiRuqy
2019-01-30 13:42:26.227 +0900 - info: 공통페이지 진입 - app.js
2019-01-30 13:42:26.227 +0900 - info: 세션 아이디 : DzfNcd3kkKOA-v37smtIHBArIBAiRuqy
2019-01-30 13:42:26.307 +0900 - info: 공통페이지 진입 - app.js
2019-01-30 13:42:26.309 +0900 - info: 세션 아이디 : DzfNcd3kkKOA-v37smtIHBArIBAiRuqy
2019-01-30 13:42:48.444 +0900 - info: 공통페이지 진입 - app.js
2019-01-30 13:42:48.445 +0900 - info: 세션 아이디 : DzfNcd3kkKOA-v37smtIHBArIBAiRuqy
2019-01-30 13:42:48.614 +0900 - info: 공통페이지 진입 - app.js
2019-01-30 13:42:48.614 +0900 - info: 세션 아이디 : DzfNcd3kkKOA-v37smtIHBArIBAiRuqy
2019-01-30 13:42:48.617 +0900 - info: 공통페이지 진입 - app.js
2019-01-30 13:42:48.618 +0900 - info: 세션 아이디 : DzfNcd3kkKOA-v37smtIHBArIBAiRuqy
2019-01-30 13:42:48.787 +0900 - info: 공통페이지 진입 - app.js
2019-01-30 13:42:48.787 +0900 - info: 세션 아이디 : DzfNcd3kkKOA-v37smtIHBArIBAiRuqy
2019-01-30 13:42:48.804 +0900 - info: 공통페이지 진입 - app.js
2019-01-30 13:42:48.804 +0900 - info: 세션 아이디 : DzfNcd3kkKOA-v37smtIHBArIBAiRuqy
2019-01-30 13:42:48.829 +0900 - info: 공통페이지 진입 - app.js
2019-01-30 13:42:48.829 +0900 - info: 세션 아이디 : DzfNcd3kkKOA-v37smtIHBArIBAiRuqy
2019-01-30 13:42:48.834 +0900 - info: 공통페이지 진입 - app.js
2019-01-30 13:42:48.834 +0900 - info: 세션 아이디 : DzfNcd3kkKOA-v37smtIHBArIBAiRuqy
2019-01-30 13:42:48.871 +0900 - info: 공통페이지 진입 - app.js
2019-01-30 13:42:48.871 +0900 - info: 세션 아이디 : DzfNcd3kkKOA-v37smtIHBArIBAiRuqy
2019-01-30 13:42:48.873 +0900 - info: 공통페이지 진입 - app.js
2019-01-30 13:42:48.873 +0900 - info: 세션 아이디 : DzfNcd3kkKOA-v37smtIHBArIBAiRuqy
2019-01-30 13:42:48.949 +0900 - info: 공통페이지 진입 - app.js
2019-01-30 13:42:48.950 +0900 - info: 세션 아이디 : DzfNcd3kkKOA-v37smtIHBArIBAiRuqy
2019-01-30 13:45:16.376 +0900 - info: 공통페이지 진입 - app.js
2019-01-30 13:45:16.376 +0900 - info: 세션 아이디 : DzfNcd3kkKOA-v37smtIHBArIBAiRuqy
2019-01-30 13:45:16.466 +0900 - info: 공통페이지 진입 - app.js
2019-01-30 13:45:16.467 +0900 - info: 세션 아이디 : DzfNcd3kkKOA-v37smtIHBArIBAiRuqy
2019-01-30 13:45:16.468 +0900 - info: 공통페이지 진입 - app.js
2019-01-30 13:45:16.469 +0900 - info: 세션 아이디 : DzfNcd3kkKOA-v37smtIHBArIBAiRuqy
2019-01-30 13:45:16.689 +0900 - info: 공통페이지 진입 - app.js
2019-01-30 13:45:16.689 +0900 - info: 세션 아이디 : DzfNcd3kkKOA-v37smtIHBArIBAiRuqy
2019-01-30 13:45:16.698 +0900 - info: 공통페이지 진입 - app.js
2019-01-30 13:45:16.698 +0900 - info: 세션 아이디 : DzfNcd3kkKOA-v37smtIHBArIBAiRuqy
2019-01-30 13:45:16.733 +0900 - info: 공통페이지 진입 - app.js
2019-01-30 13:45:16.733 +0900 - info: 세션 아이디 : DzfNcd3kkKOA-v37smtIHBArIBAiRuqy
2019-01-30 13:45:16.739 +0900 - info: 공통페이지 진입 - app.js
2019-01-30 13:45:16.739 +0900 - info: 세션 아이디 : DzfNcd3kkKOA-v37smtIHBArIBAiRuqy
2019-01-30 13:45:16.774 +0900 - info: 공통페이지 진입 - app.js
2019-01-30 13:45:16.774 +0900 - info: 세션 아이디 : DzfNcd3kkKOA-v37smtIHBArIBAiRuqy
2019-01-30 13:45:16.777 +0900 - info: 공통페이지 진입 - app.js
2019-01-30 13:45:16.777 +0900 - info: 세션 아이디 : DzfNcd3kkKOA-v37smtIHBArIBAiRuqy
2019-01-30 13:45:16.866 +0900 - info: 공통페이지 진입 - app.js
2019-01-30 13:45:16.867 +0900 - info: 세션 아이디 : DzfNcd3kkKOA-v37smtIHBArIBAiRuqy
2019-01-30 13:45:36.221 +0900 - info: 공통페이지 진입 - app.js
2019-01-30 13:45:36.221 +0900 - info: 세션 아이디 : DzfNcd3kkKOA-v37smtIHBArIBAiRuqy
2019-01-30 13:45:36.351 +0900 - info: 공통페이지 진입 - app.js
2019-01-30 13:45:36.352 +0900 - info: 세션 아이디 : DzfNcd3kkKOA-v37smtIHBArIBAiRuqy
2019-01-30 13:45:36.355 +0900 - info: 공통페이지 진입 - app.js
2019-01-30 13:45:36.355 +0900 - info: 세션 아이디 : DzfNcd3kkKOA-v37smtIHBArIBAiRuqy
2019-01-30 13:45:36.567 +0900 - info: 공통페이지 진입 - app.js
2019-01-30 13:45:36.567 +0900 - info: 세션 아이디 : DzfNcd3kkKOA-v37smtIHBArIBAiRuqy
2019-01-30 13:45:36.569 +0900 - info: 공통페이지 진입 - app.js
2019-01-30 13:45:36.569 +0900 - info: 세션 아이디 : DzfNcd3kkKOA-v37smtIHBArIBAiRuqy
2019-01-30 13:45:36.604 +0900 - info: 공통페이지 진입 - app.js
2019-01-30 13:45:36.605 +0900 - info: 세션 아이디 : DzfNcd3kkKOA-v37smtIHBArIBAiRuqy
2019-01-30 13:45:36.606 +0900 - info: 공통페이지 진입 - app.js
2019-01-30 13:45:36.607 +0900 - info: 세션 아이디 : DzfNcd3kkKOA-v37smtIHBArIBAiRuqy
2019-01-30 13:45:36.632 +0900 - info: 공통페이지 진입 - app.js
2019-01-30 13:45:36.632 +0900 - info: 세션 아이디 : DzfNcd3kkKOA-v37smtIHBArIBAiRuqy
2019-01-30 13:45:36.633 +0900 - info: 공통페이지 진입 - app.js
2019-01-30 13:45:36.634 +0900 - info: 세션 아이디 : DzfNcd3kkKOA-v37smtIHBArIBAiRuqy
2019-01-30 13:45:36.734 +0900 - info: 공통페이지 진입 - app.js
2019-01-30 13:45:36.734 +0900 - info: 세션 아이디 : DzfNcd3kkKOA-v37smtIHBArIBAiRuqy
2019-01-30 13:47:50.750 +0900 - info: 공통페이지 진입 - app.js
2019-01-30 13:47:50.750 +0900 - info: 세션 아이디 : DzfNcd3kkKOA-v37smtIHBArIBAiRuqy
2019-01-30 13:47:50.879 +0900 - info: 공통페이지 진입 - app.js
2019-01-30 13:47:50.879 +0900 - info: 세션 아이디 : DzfNcd3kkKOA-v37smtIHBArIBAiRuqy
2019-01-30 13:47:50.883 +0900 - info: 공통페이지 진입 - app.js
2019-01-30 13:47:50.883 +0900 - info: 세션 아이디 : DzfNcd3kkKOA-v37smtIHBArIBAiRuqy
2019-01-30 13:47:50.936 +0900 - info: 공통페이지 진입 - app.js
2019-01-30 13:47:50.936 +0900 - info: 세션 아이디 : DzfNcd3kkKOA-v37smtIHBArIBAiRuqy
2019-01-30 13:47:50.937 +0900 - info: 공통페이지 진입 - app.js
2019-01-30 13:47:50.937 +0900 - info: 세션 아이디 : DzfNcd3kkKOA-v37smtIHBArIBAiRuqy
2019-01-30 13:47:50.949 +0900 - info: 공통페이지 진입 - app.js
2019-01-30 13:47:50.949 +0900 - info: 세션 아이디 : DzfNcd3kkKOA-v37smtIHBArIBAiRuqy
2019-01-30 13:47:50.952 +0900 - info: 공통페이지 진입 - app.js
2019-01-30 13:47:50.952 +0900 - info: 세션 아이디 : DzfNcd3kkKOA-v37smtIHBArIBAiRuqy
2019-01-30 13:47:50.978 +0900 - info: 공통페이지 진입 - app.js
2019-01-30 13:47:50.979 +0900 - info: 세션 아이디 : DzfNcd3kkKOA-v37smtIHBArIBAiRuqy
2019-01-30 13:47:50.980 +0900 - info: 공통페이지 진입 - app.js
2019-01-30 13:47:50.980 +0900 - info: 세션 아이디 : DzfNcd3kkKOA-v37smtIHBArIBAiRuqy
2019-01-30 13:47:51.071 +0900 - info: 공통페이지 진입 - app.js
2019-01-30 13:47:51.072 +0900 - info: 세션 아이디 : DzfNcd3kkKOA-v37smtIHBArIBAiRuqy
2019-01-30 13:50:28.025 +0900 - info: 공통페이지 진입 - app.js
2019-01-30 13:50:28.025 +0900 - info: 세션 아이디 : DzfNcd3kkKOA-v37smtIHBArIBAiRuqy
2019-01-30 13:50:28.027 +0900 - info: 공통페이지 진입 - app.js
2019-01-30 13:50:28.027 +0900 - info: 세션 아이디 : DzfNcd3kkKOA-v37smtIHBArIBAiRuqy
2019-01-30 13:50:28.297 +0900 - info: 공통페이지 진입 - app.js
2019-01-30 13:50:28.297 +0900 - info: 세션 아이디 : DzfNcd3kkKOA-v37smtIHBArIBAiRuqy
2019-01-30 13:55:17.816 +0900 - info: 공통페이지 진입 - app.js
2019-01-30 13:55:17.816 +0900 - info: 세션 아이디 : DzfNcd3kkKOA-v37smtIHBArIBAiRuqy
2019-01-30 13:55:17.993 +0900 - info: 공통페이지 진입 - app.js
2019-01-30 13:55:17.993 +0900 - info: 세션 아이디 : DzfNcd3kkKOA-v37smtIHBArIBAiRuqy
2019-01-30 13:55:17.998 +0900 - info: 공통페이지 진입 - app.js
2019-01-30 13:55:17.998 +0900 - info: 세션 아이디 : DzfNcd3kkKOA-v37smtIHBArIBAiRuqy
2019-01-30 13:55:18.140 +0900 - info: 공통페이지 진입 - app.js
2019-01-30 13:55:18.140 +0900 - info: 세션 아이디 : DzfNcd3kkKOA-v37smtIHBArIBAiRuqy
2019-01-30 13:55:18.142 +0900 - info: 공통페이지 진입 - app.js
2019-01-30 13:55:18.142 +0900 - info: 세션 아이디 : DzfNcd3kkKOA-v37smtIHBArIBAiRuqy
2019-01-30 13:55:18.149 +0900 - info: 공통페이지 진입 - app.js
2019-01-30 13:55:18.150 +0900 - info: 세션 아이디 : DzfNcd3kkKOA-v37smtIHBArIBAiRuqy
2019-01-30 13:55:18.163 +0900 - info: 공통페이지 진입 - app.js
2019-01-30 13:55:18.163 +0900 - info: 세션 아이디 : DzfNcd3kkKOA-v37smtIHBArIBAiRuqy
2019-01-30 13:55:18.178 +0900 - info: 공통페이지 진입 - app.js
2019-01-30 13:55:18.178 +0900 - info: 세션 아이디 : DzfNcd3kkKOA-v37smtIHBArIBAiRuqy
2019-01-30 13:55:18.180 +0900 - info: 공통페이지 진입 - app.js
2019-01-30 13:55:18.180 +0900 - info: 세션 아이디 : DzfNcd3kkKOA-v37smtIHBArIBAiRuqy
2019-01-30 13:55:18.264 +0900 - info: 공통페이지 진입 - app.js
2019-01-30 13:55:18.264 +0900 - info: 세션 아이디 : DzfNcd3kkKOA-v37smtIHBArIBAiRuqy
2019-01-30 13:58:34.372 +0900 - info: 공통페이지 진입 - app.js
2019-01-30 13:58:34.372 +0900 - info: 세션 아이디 : DzfNcd3kkKOA-v37smtIHBArIBAiRuqy
2019-01-30 13:58:34.577 +0900 - info: 공통페이지 진입 - app.js
2019-01-30 13:58:34.577 +0900 - info: 세션 아이디 : DzfNcd3kkKOA-v37smtIHBArIBAiRuqy
2019-01-30 13:58:34.609 +0900 - info: 공통페이지 진입 - app.js
2019-01-30 13:58:34.610 +0900 - info: 세션 아이디 : DzfNcd3kkKOA-v37smtIHBArIBAiRuqy
2019-01-30 13:58:34.693 +0900 - info: 공통페이지 진입 - app.js
2019-01-30 13:58:34.693 +0900 - info: 세션 아이디 : DzfNcd3kkKOA-v37smtIHBArIBAiRuqy
2019-01-30 13:58:34.710 +0900 - info: 공통페이지 진입 - app.js
2019-01-30 13:58:34.711 +0900 - info: 세션 아이디 : DzfNcd3kkKOA-v37smtIHBArIBAiRuqy
2019-01-30 13:58:34.722 +0900 - info: 공통페이지 진입 - app.js
2019-01-30 13:58:34.722 +0900 - info: 세션 아이디 : DzfNcd3kkKOA-v37smtIHBArIBAiRuqy
2019-01-30 13:58:34.728 +0900 - info: 공통페이지 진입 - app.js
2019-01-30 13:58:34.728 +0900 - info: 세션 아이디 : DzfNcd3kkKOA-v37smtIHBArIBAiRuqy
2019-01-30 13:58:34.779 +0900 - info: 공통페이지 진입 - app.js
2019-01-30 13:58:34.779 +0900 - info: 세션 아이디 : DzfNcd3kkKOA-v37smtIHBArIBAiRuqy
2019-01-30 13:58:34.781 +0900 - info: 공통페이지 진입 - app.js
2019-01-30 13:58:34.781 +0900 - info: 세션 아이디 : DzfNcd3kkKOA-v37smtIHBArIBAiRuqy
2019-01-30 13:58:34.860 +0900 - info: 공통페이지 진입 - app.js
2019-01-30 13:58:34.860 +0900 - info: 세션 아이디 : DzfNcd3kkKOA-v37smtIHBArIBAiRuqy
2019-01-30 13:59:37.347 +0900 - info: 공통페이지 진입 - app.js
2019-01-30 13:59:37.347 +0900 - info: 세션 아이디 : DzfNcd3kkKOA-v37smtIHBArIBAiRuqy
2019-01-30 13:59:37.455 +0900 - info: 공통페이지 진입 - app.js
2019-01-30 13:59:37.455 +0900 - info: 세션 아이디 : DzfNcd3kkKOA-v37smtIHBArIBAiRuqy
2019-01-30 13:59:37.457 +0900 - info: 공통페이지 진입 - app.js
2019-01-30 13:59:37.457 +0900 - info: 세션 아이디 : DzfNcd3kkKOA-v37smtIHBArIBAiRuqy
2019-01-30 13:59:37.693 +0900 - info: 공통페이지 진입 - app.js
2019-01-30 13:59:37.694 +0900 - info: 세션 아이디 : DzfNcd3kkKOA-v37smtIHBArIBAiRuqy
2019-01-30 13:59:37.695 +0900 - info: 공통페이지 진입 - app.js
2019-01-30 13:59:37.696 +0900 - info: 세션 아이디 : DzfNcd3kkKOA-v37smtIHBArIBAiRuqy
2019-01-30 13:59:37.741 +0900 - info: 공통페이지 진입 - app.js
2019-01-30 13:59:37.742 +0900 - info: 세션 아이디 : DzfNcd3kkKOA-v37smtIHBArIBAiRuqy
2019-01-30 13:59:37.744 +0900 - info: 공통페이지 진입 - app.js
2019-01-30 13:59:37.744 +0900 - info: 세션 아이디 : DzfNcd3kkKOA-v37smtIHBArIBAiRuqy
2019-01-30 13:59:37.747 +0900 - info: 공통페이지 진입 - app.js
2019-01-30 13:59:37.747 +0900 - info: 세션 아이디 : DzfNcd3kkKOA-v37smtIHBArIBAiRuqy
2019-01-30 13:59:37.776 +0900 - info: 공통페이지 진입 - app.js
2019-01-30 13:59:37.777 +0900 - info: 세션 아이디 : DzfNcd3kkKOA-v37smtIHBArIBAiRuqy
2019-01-30 13:59:37.883 +0900 - info: 공통페이지 진입 - app.js
2019-01-30 13:59:37.883 +0900 - info: 세션 아이디 : DzfNcd3kkKOA-v37smtIHBArIBAiRuqy
2019-01-30 14:00:36.354 +0900 - info: 공통페이지 진입 - app.js
2019-01-30 14:00:36.354 +0900 - info: 세션 아이디 : DzfNcd3kkKOA-v37smtIHBArIBAiRuqy
2019-01-30 14:00:36.545 +0900 - info: 공통페이지 진입 - app.js
2019-01-30 14:00:36.546 +0900 - info: 세션 아이디 : DzfNcd3kkKOA-v37smtIHBArIBAiRuqy
2019-01-30 14:00:36.548 +0900 - info: 공통페이지 진입 - app.js
2019-01-30 14:00:36.549 +0900 - info: 세션 아이디 : DzfNcd3kkKOA-v37smtIHBArIBAiRuqy
2019-01-30 14:00:36.739 +0900 - info: 공통페이지 진입 - app.js
2019-01-30 14:00:36.739 +0900 - info: 세션 아이디 : DzfNcd3kkKOA-v37smtIHBArIBAiRuqy
2019-01-30 14:00:36.741 +0900 - info: 공통페이지 진입 - app.js
2019-01-30 14:00:36.741 +0900 - info: 세션 아이디 : DzfNcd3kkKOA-v37smtIHBArIBAiRuqy
2019-01-30 14:00:36.743 +0900 - info: 공통페이지 진입 - app.js
2019-01-30 14:00:36.743 +0900 - info: 세션 아이디 : DzfNcd3kkKOA-v37smtIHBArIBAiRuqy
2019-01-30 14:00:36.746 +0900 - info: 공통페이지 진입 - app.js
2019-01-30 14:00:36.746 +0900 - info: 세션 아이디 : DzfNcd3kkKOA-v37smtIHBArIBAiRuqy
2019-01-30 14:00:36.748 +0900 - info: 공통페이지 진입 - app.js
2019-01-30 14:00:36.748 +0900 - info: 세션 아이디 : DzfNcd3kkKOA-v37smtIHBArIBAiRuqy
2019-01-30 14:00:36.751 +0900 - info: 공통페이지 진입 - app.js
2019-01-30 14:00:36.752 +0900 - info: 세션 아이디 : DzfNcd3kkKOA-v37smtIHBArIBAiRuqy
2019-01-30 14:00:36.798 +0900 - info: 공통페이지 진입 - app.js
2019-01-30 14:00:36.798 +0900 - info: 세션 아이디 : DzfNcd3kkKOA-v37smtIHBArIBAiRuqy
