2019-01-31 09:25:42.125 +0900 - info: 메모리 로딩 시작. - index.js
2019-01-31 09:25:42.129 +0900 - info: 메모리 로딩 완료. - index.js
2019-01-31 09:25:42.155 +0900 - info: 메모리 로딩 시작. - write.js
2019-01-31 09:25:42.156 +0900 - info: 메모리 로딩 완료. - write.js
2019-01-31 09:25:42.157 +0900 - info: 메모리 로딩 시작. - read.js
2019-01-31 09:25:42.157 +0900 - info: 메모리 로딩 완료. - read.js
2019-01-31 09:25:42.157 +0900 - info: 메모리 로딩 시작. - read.js
2019-01-31 09:25:42.158 +0900 - info: 메모리 로딩 완료. - read.js
2019-01-31 09:25:42.160 +0900 - info: 서버 작동. - index.js
2019-01-31 09:26:19.588 +0900 - info: 메모리 로딩 시작. - index.js
2019-01-31 09:26:19.594 +0900 - info: 메모리 로딩 완료. - index.js
2019-01-31 09:26:19.626 +0900 - info: 메모리 로딩 시작. - write.js
2019-01-31 09:26:19.627 +0900 - info: 메모리 로딩 완료. - write.js
2019-01-31 09:26:19.628 +0900 - info: 메모리 로딩 시작. - read.js
2019-01-31 09:26:19.628 +0900 - info: 메모리 로딩 완료. - read.js
2019-01-31 09:26:19.629 +0900 - info: 메모리 로딩 시작. - read.js
2019-01-31 09:26:19.629 +0900 - info: 메모리 로딩 완료. - read.js
2019-01-31 09:26:19.632 +0900 - info: 서버 작동. - index.js
2019-01-31 09:26:33.727 +0900 - info: 공통페이지 진입 - app.js
2019-01-31 09:26:33.728 +0900 - info: 세션 아이디 : DzfNcd3kkKOA-v37smtIHBArIBAiRuqy
2019-01-31 09:26:33.728 +0900 - info: / 메인화면 진입. - index.js
2019-01-31 09:26:34.903 +0900 - info: 공통페이지 진입 - app.js
2019-01-31 09:26:34.903 +0900 - info: 세션 아이디 : DzfNcd3kkKOA-v37smtIHBArIBAiRuqy
2019-01-31 09:26:45.713 +0900 - info: 공통페이지 진입 - app.js
2019-01-31 09:26:45.713 +0900 - info: 세션 아이디 : DzfNcd3kkKOA-v37smtIHBArIBAiRuqy
2019-01-31 09:26:50.222 +0900 - info: 공통페이지 진입 - app.js
2019-01-31 09:26:50.222 +0900 - info: 세션 아이디 : DzfNcd3kkKOA-v37smtIHBArIBAiRuqy
2019-01-31 09:29:43.429 +0900 - info: 공통페이지 진입 - app.js
2019-01-31 09:29:43.429 +0900 - info: 세션 아이디 : DzfNcd3kkKOA-v37smtIHBArIBAiRuqy
2019-01-31 09:29:43.694 +0900 - info: 공통페이지 진입 - app.js
2019-01-31 09:29:43.694 +0900 - info: 세션 아이디 : DzfNcd3kkKOA-v37smtIHBArIBAiRuqy
2019-01-31 09:29:43.746 +0900 - info: 공통페이지 진입 - app.js
2019-01-31 09:29:43.747 +0900 - info: 세션 아이디 : DzfNcd3kkKOA-v37smtIHBArIBAiRuqy
2019-01-31 09:29:43.774 +0900 - info: 공통페이지 진입 - app.js
2019-01-31 09:29:43.774 +0900 - info: 세션 아이디 : DzfNcd3kkKOA-v37smtIHBArIBAiRuqy
2019-01-31 09:29:51.233 +0900 - info: 공통페이지 진입 - app.js
2019-01-31 09:29:51.233 +0900 - info: 세션 아이디 : DzfNcd3kkKOA-v37smtIHBArIBAiRuqy
2019-01-31 09:29:52.438 +0900 - info: 공통페이지 진입 - app.js
2019-01-31 09:29:52.438 +0900 - info: 세션 아이디 : DzfNcd3kkKOA-v37smtIHBArIBAiRuqy
2019-01-31 09:29:52.590 +0900 - info: 공통페이지 진입 - app.js
2019-01-31 09:29:52.590 +0900 - info: 세션 아이디 : DzfNcd3kkKOA-v37smtIHBArIBAiRuqy
2019-01-31 09:29:52.613 +0900 - info: 공통페이지 진입 - app.js
2019-01-31 09:29:52.613 +0900 - info: 세션 아이디 : DzfNcd3kkKOA-v37smtIHBArIBAiRuqy
2019-01-31 09:29:52.641 +0900 - info: 공통페이지 진입 - app.js
2019-01-31 09:29:52.642 +0900 - info: 세션 아이디 : DzfNcd3kkKOA-v37smtIHBArIBAiRuqy
2019-01-31 09:30:26.714 +0900 - info: 공통페이지 진입 - app.js
2019-01-31 09:30:26.714 +0900 - info: 세션 아이디 : DzfNcd3kkKOA-v37smtIHBArIBAiRuqy
2019-01-31 09:30:34.207 +0900 - info: 공통페이지 진입 - app.js
2019-01-31 09:30:34.207 +0900 - info: 세션 아이디 : DzfNcd3kkKOA-v37smtIHBArIBAiRuqy
2019-01-31 09:32:04.098 +0900 - info: 메모리 로딩 시작. - index.js
2019-01-31 09:32:04.104 +0900 - info: 메모리 로딩 완료. - index.js
2019-01-31 09:32:04.208 +0900 - info: 메모리 로딩 시작. - write.js
2019-01-31 09:32:04.209 +0900 - info: 메모리 로딩 완료. - write.js
2019-01-31 09:32:04.210 +0900 - info: 메모리 로딩 시작. - read.js
2019-01-31 09:32:04.211 +0900 - info: 메모리 로딩 완료. - read.js
2019-01-31 09:32:04.211 +0900 - info: 메모리 로딩 시작. - read.js
2019-01-31 09:32:04.212 +0900 - info: 메모리 로딩 완료. - read.js
2019-01-31 09:32:04.221 +0900 - info: 서버 작동. - index.js
2019-01-31 09:32:05.070 +0900 - info: 메모리 로딩 시작. - index.js
2019-01-31 09:32:05.075 +0900 - info: 메모리 로딩 완료. - index.js
2019-01-31 09:32:05.104 +0900 - info: 메모리 로딩 시작. - write.js
2019-01-31 09:32:05.105 +0900 - info: 메모리 로딩 완료. - write.js
2019-01-31 09:32:05.106 +0900 - info: 메모리 로딩 시작. - read.js
2019-01-31 09:32:05.106 +0900 - info: 메모리 로딩 완료. - read.js
2019-01-31 09:32:05.107 +0900 - info: 메모리 로딩 시작. - read.js
2019-01-31 09:32:05.107 +0900 - info: 메모리 로딩 완료. - read.js
2019-01-31 09:32:05.109 +0900 - info: 서버 작동. - index.js
2019-01-31 09:32:06.319 +0900 - info: 메모리 로딩 시작. - index.js
2019-01-31 09:32:06.324 +0900 - info: 메모리 로딩 완료. - index.js
2019-01-31 09:32:06.358 +0900 - info: 메모리 로딩 시작. - write.js
2019-01-31 09:32:06.359 +0900 - info: 메모리 로딩 완료. - write.js
2019-01-31 09:32:06.360 +0900 - info: 메모리 로딩 시작. - read.js
2019-01-31 09:32:06.360 +0900 - info: 메모리 로딩 완료. - read.js
2019-01-31 09:32:06.361 +0900 - info: 메모리 로딩 시작. - read.js
2019-01-31 09:32:06.361 +0900 - info: 메모리 로딩 완료. - read.js
2019-01-31 09:32:06.363 +0900 - info: 서버 작동. - index.js
2019-01-31 09:32:11.549 +0900 - info: 메모리 로딩 시작. - index.js
2019-01-31 09:32:11.553 +0900 - info: 메모리 로딩 완료. - index.js
2019-01-31 09:32:11.596 +0900 - info: 메모리 로딩 시작. - write.js
2019-01-31 09:32:11.597 +0900 - info: 메모리 로딩 완료. - write.js
2019-01-31 09:32:11.598 +0900 - info: 메모리 로딩 시작. - read.js
2019-01-31 09:32:11.598 +0900 - info: 메모리 로딩 완료. - read.js
2019-01-31 09:32:11.599 +0900 - info: 메모리 로딩 시작. - read.js
2019-01-31 09:32:11.599 +0900 - info: 메모리 로딩 완료. - read.js
2019-01-31 09:32:11.601 +0900 - info: 서버 작동. - index.js
2019-01-31 09:32:16.797 +0900 - info: 메모리 로딩 시작. - index.js
2019-01-31 09:32:16.805 +0900 - info: 메모리 로딩 완료. - index.js
2019-01-31 09:32:16.849 +0900 - info: 메모리 로딩 시작. - write.js
2019-01-31 09:32:16.849 +0900 - info: 메모리 로딩 완료. - write.js
2019-01-31 09:32:16.850 +0900 - info: 메모리 로딩 시작. - read.js
2019-01-31 09:32:16.851 +0900 - info: 메모리 로딩 완료. - read.js
2019-01-31 09:32:16.852 +0900 - info: 메모리 로딩 시작. - read.js
2019-01-31 09:32:16.852 +0900 - info: 메모리 로딩 완료. - read.js
2019-01-31 09:32:16.854 +0900 - info: 서버 작동. - index.js
2019-01-31 09:32:21.933 +0900 - info: 메모리 로딩 시작. - index.js
2019-01-31 09:32:21.937 +0900 - info: 메모리 로딩 완료. - index.js
2019-01-31 09:32:21.964 +0900 - info: 메모리 로딩 시작. - write.js
2019-01-31 09:32:21.965 +0900 - info: 메모리 로딩 완료. - write.js
2019-01-31 09:32:21.966 +0900 - info: 메모리 로딩 시작. - read.js
2019-01-31 09:32:21.966 +0900 - info: 메모리 로딩 완료. - read.js
2019-01-31 09:32:21.967 +0900 - info: 메모리 로딩 시작. - read.js
2019-01-31 09:32:21.967 +0900 - info: 메모리 로딩 완료. - read.js
2019-01-31 09:32:21.969 +0900 - info: 서버 작동. - index.js
2019-01-31 09:32:27.100 +0900 - info: 메모리 로딩 시작. - index.js
2019-01-31 09:32:27.108 +0900 - info: 메모리 로딩 완료. - index.js
2019-01-31 09:32:27.150 +0900 - info: 메모리 로딩 시작. - write.js
2019-01-31 09:32:27.151 +0900 - info: 메모리 로딩 완료. - write.js
2019-01-31 09:32:27.152 +0900 - info: 메모리 로딩 시작. - read.js
2019-01-31 09:32:27.156 +0900 - info: 메모리 로딩 완료. - read.js
2019-01-31 09:32:27.158 +0900 - info: 메모리 로딩 시작. - read.js
2019-01-31 09:32:27.159 +0900 - info: 메모리 로딩 완료. - read.js
2019-01-31 09:32:27.162 +0900 - info: 서버 작동. - index.js
2019-01-31 09:32:34.037 +0900 - info: 메모리 로딩 시작. - index.js
2019-01-31 09:32:34.042 +0900 - info: 메모리 로딩 완료. - index.js
2019-01-31 09:32:34.075 +0900 - info: 메모리 로딩 시작. - write.js
2019-01-31 09:32:34.076 +0900 - info: 메모리 로딩 완료. - write.js
2019-01-31 09:32:34.076 +0900 - info: 메모리 로딩 시작. - read.js
2019-01-31 09:32:34.077 +0900 - info: 메모리 로딩 완료. - read.js
2019-01-31 09:32:34.077 +0900 - info: 메모리 로딩 시작. - read.js
2019-01-31 09:32:34.078 +0900 - info: 메모리 로딩 완료. - read.js
2019-01-31 09:32:34.081 +0900 - info: 서버 작동. - index.js
2019-01-31 09:34:04.768 +0900 - info: 공통페이지 진입 - app.js
2019-01-31 09:34:04.768 +0900 - info: 세션 아이디 : DzfNcd3kkKOA-v37smtIHBArIBAiRuqy
2019-01-31 09:34:42.019 +0900 - info: 공통페이지 진입 - app.js
2019-01-31 09:34:42.019 +0900 - info: 세션 아이디 : DzfNcd3kkKOA-v37smtIHBArIBAiRuqy
2019-01-31 09:34:42.054 +0900 - info: 대분류 이미지 저장 진입  - /write/bigwritesaveimage - write.js 
2019-01-31 09:34:42.170 +0900 - info: 공통페이지 진입 - app.js
2019-01-31 09:34:42.170 +0900 - info: 세션 아이디 : DzfNcd3kkKOA-v37smtIHBArIBAiRuqy
2019-01-31 09:34:42.170 +0900 - info: 대분류 저장 진입  - /write/bigwritesave - write.js
2019-01-31 09:34:43.402 +0900 - info: 공통페이지 진입 - app.js
2019-01-31 09:34:43.402 +0900 - info: 세션 아이디 : DzfNcd3kkKOA-v37smtIHBArIBAiRuqy
2019-01-31 09:34:46.957 +0900 - info: 공통페이지 진입 - app.js
2019-01-31 09:34:46.958 +0900 - info: 세션 아이디 : DzfNcd3kkKOA-v37smtIHBArIBAiRuqy
2019-01-31 09:34:46.959 +0900 - info: 1
2019-01-31 09:34:47.114 +0900 - info: 공통페이지 진입 - app.js
2019-01-31 09:34:47.114 +0900 - info: 세션 아이디 : DzfNcd3kkKOA-v37smtIHBArIBAiRuqy
2019-01-31 09:34:47.141 +0900 - info: 공통페이지 진입 - app.js
2019-01-31 09:34:47.141 +0900 - info: 세션 아이디 : DzfNcd3kkKOA-v37smtIHBArIBAiRuqy
2019-01-31 09:34:47.167 +0900 - info: 공통페이지 진입 - app.js
2019-01-31 09:34:47.168 +0900 - info: 세션 아이디 : DzfNcd3kkKOA-v37smtIHBArIBAiRuqy
2019-01-31 09:35:03.382 +0900 - info: 공통페이지 진입 - app.js
2019-01-31 09:35:03.383 +0900 - info: 세션 아이디 : DzfNcd3kkKOA-v37smtIHBArIBAiRuqy
2019-01-31 09:35:03.383 +0900 - info: / 메인화면 진입. - index.js
2019-01-31 09:35:18.775 +0900 - info: 메모리 로딩 시작. - index.js
2019-01-31 09:35:18.779 +0900 - info: 메모리 로딩 완료. - index.js
2019-01-31 09:35:18.820 +0900 - info: 메모리 로딩 시작. - write.js
2019-01-31 09:35:18.821 +0900 - info: 메모리 로딩 완료. - write.js
2019-01-31 09:35:18.822 +0900 - info: 메모리 로딩 시작. - read.js
2019-01-31 09:35:18.822 +0900 - info: 메모리 로딩 완료. - read.js
2019-01-31 09:35:18.823 +0900 - info: 메모리 로딩 시작. - read.js
2019-01-31 09:35:18.823 +0900 - info: 메모리 로딩 완료. - read.js
2019-01-31 09:35:18.825 +0900 - info: 서버 작동. - index.js
2019-01-31 09:35:48.937 +0900 - info: 메모리 로딩 시작. - index.js
2019-01-31 09:35:48.941 +0900 - info: 메모리 로딩 완료. - index.js
2019-01-31 09:35:48.969 +0900 - info: 메모리 로딩 시작. - write.js
2019-01-31 09:35:48.970 +0900 - info: 메모리 로딩 완료. - write.js
2019-01-31 09:35:48.970 +0900 - info: 메모리 로딩 시작. - read.js
2019-01-31 09:35:48.971 +0900 - info: 메모리 로딩 완료. - read.js
2019-01-31 09:35:48.971 +0900 - info: 메모리 로딩 시작. - read.js
2019-01-31 09:35:48.971 +0900 - info: 메모리 로딩 완료. - read.js
2019-01-31 09:35:48.974 +0900 - info: 서버 작동. - index.js
2019-01-31 09:35:50.560 +0900 - info: 메모리 로딩 시작. - index.js
2019-01-31 09:35:50.565 +0900 - info: 메모리 로딩 완료. - index.js
2019-01-31 09:35:50.591 +0900 - info: 메모리 로딩 시작. - write.js
2019-01-31 09:35:50.592 +0900 - info: 메모리 로딩 완료. - write.js
2019-01-31 09:35:50.592 +0900 - info: 메모리 로딩 시작. - read.js
2019-01-31 09:35:50.593 +0900 - info: 메모리 로딩 완료. - read.js
2019-01-31 09:35:50.593 +0900 - info: 메모리 로딩 시작. - read.js
2019-01-31 09:35:50.593 +0900 - info: 메모리 로딩 완료. - read.js
2019-01-31 09:35:50.596 +0900 - info: 서버 작동. - index.js
2019-01-31 09:36:04.083 +0900 - info: 메모리 로딩 시작. - index.js
2019-01-31 09:36:04.087 +0900 - info: 메모리 로딩 완료. - index.js
2019-01-31 09:36:04.114 +0900 - info: 메모리 로딩 시작. - write.js
2019-01-31 09:36:04.115 +0900 - info: 메모리 로딩 완료. - write.js
2019-01-31 09:36:04.115 +0900 - info: 메모리 로딩 시작. - read.js
2019-01-31 09:36:04.115 +0900 - info: 메모리 로딩 완료. - read.js
2019-01-31 09:36:04.116 +0900 - info: 메모리 로딩 시작. - read.js
2019-01-31 09:36:04.116 +0900 - info: 메모리 로딩 완료. - read.js
2019-01-31 09:36:04.118 +0900 - info: 서버 작동. - index.js
2019-01-31 09:36:07.461 +0900 - info: 메모리 로딩 시작. - index.js
2019-01-31 09:36:07.471 +0900 - info: 메모리 로딩 완료. - index.js
2019-01-31 09:36:07.519 +0900 - info: 메모리 로딩 시작. - write.js
2019-01-31 09:36:07.520 +0900 - info: 메모리 로딩 완료. - write.js
2019-01-31 09:36:07.521 +0900 - info: 메모리 로딩 시작. - read.js
2019-01-31 09:36:07.521 +0900 - info: 메모리 로딩 완료. - read.js
2019-01-31 09:36:07.522 +0900 - info: 메모리 로딩 시작. - read.js
2019-01-31 09:36:07.522 +0900 - info: 메모리 로딩 완료. - read.js
2019-01-31 09:36:07.527 +0900 - info: 서버 작동. - index.js
2019-01-31 09:36:12.553 +0900 - info: 메모리 로딩 시작. - index.js
2019-01-31 09:36:12.558 +0900 - info: 메모리 로딩 완료. - index.js
2019-01-31 09:36:12.592 +0900 - info: 메모리 로딩 시작. - write.js
2019-01-31 09:36:12.593 +0900 - info: 메모리 로딩 완료. - write.js
2019-01-31 09:36:12.594 +0900 - info: 메모리 로딩 시작. - read.js
2019-01-31 09:36:12.595 +0900 - info: 메모리 로딩 완료. - read.js
2019-01-31 09:36:12.597 +0900 - info: 메모리 로딩 시작. - read.js
2019-01-31 09:36:12.598 +0900 - info: 메모리 로딩 완료. - read.js
2019-01-31 09:36:12.606 +0900 - info: 서버 작동. - index.js
2019-01-31 09:37:22.975 +0900 - info: 메모리 로딩 시작. - index.js
2019-01-31 09:37:22.980 +0900 - info: 메모리 로딩 완료. - index.js
2019-01-31 09:37:23.022 +0900 - info: 메모리 로딩 시작. - write.js
2019-01-31 09:37:23.024 +0900 - info: 메모리 로딩 완료. - write.js
2019-01-31 09:37:23.025 +0900 - info: 메모리 로딩 시작. - read.js
2019-01-31 09:37:23.025 +0900 - info: 메모리 로딩 완료. - read.js
2019-01-31 09:37:23.026 +0900 - info: 메모리 로딩 시작. - read.js
2019-01-31 09:37:23.026 +0900 - info: 메모리 로딩 완료. - read.js
2019-01-31 09:37:23.029 +0900 - info: 서버 작동. - index.js
2019-01-31 09:37:24.085 +0900 - info: 메모리 로딩 시작. - index.js
2019-01-31 09:37:24.089 +0900 - info: 메모리 로딩 완료. - index.js
2019-01-31 09:37:24.120 +0900 - info: 메모리 로딩 시작. - write.js
2019-01-31 09:37:24.121 +0900 - info: 메모리 로딩 완료. - write.js
2019-01-31 09:37:24.122 +0900 - info: 메모리 로딩 시작. - read.js
2019-01-31 09:37:24.122 +0900 - info: 메모리 로딩 완료. - read.js
2019-01-31 09:37:24.123 +0900 - info: 메모리 로딩 시작. - read.js
2019-01-31 09:37:24.124 +0900 - info: 메모리 로딩 완료. - read.js
2019-01-31 09:37:24.128 +0900 - info: 서버 작동. - index.js
2019-01-31 09:37:35.280 +0900 - info: 메모리 로딩 시작. - index.js
2019-01-31 09:37:35.285 +0900 - info: 메모리 로딩 완료. - index.js
2019-01-31 09:37:35.316 +0900 - info: 메모리 로딩 시작. - write.js
2019-01-31 09:37:35.316 +0900 - info: 메모리 로딩 완료. - write.js
2019-01-31 09:37:35.317 +0900 - info: 메모리 로딩 시작. - read.js
2019-01-31 09:37:35.317 +0900 - info: 메모리 로딩 완료. - read.js
2019-01-31 09:37:35.318 +0900 - info: 메모리 로딩 시작. - read.js
2019-01-31 09:37:35.318 +0900 - info: 메모리 로딩 완료. - read.js
2019-01-31 09:37:35.321 +0900 - info: 서버 작동. - index.js
2019-01-31 09:37:36.520 +0900 - info: 메모리 로딩 시작. - index.js
2019-01-31 09:37:36.526 +0900 - info: 메모리 로딩 완료. - index.js
2019-01-31 09:37:36.567 +0900 - info: 메모리 로딩 시작. - write.js
2019-01-31 09:37:36.568 +0900 - info: 메모리 로딩 완료. - write.js
2019-01-31 09:37:36.569 +0900 - info: 메모리 로딩 시작. - read.js
2019-01-31 09:37:36.569 +0900 - info: 메모리 로딩 완료. - read.js
2019-01-31 09:37:36.570 +0900 - info: 메모리 로딩 시작. - read.js
2019-01-31 09:37:36.570 +0900 - info: 메모리 로딩 완료. - read.js
2019-01-31 09:37:36.573 +0900 - info: 서버 작동. - index.js
2019-01-31 09:37:41.626 +0900 - info: 메모리 로딩 시작. - index.js
2019-01-31 09:37:41.631 +0900 - info: 메모리 로딩 완료. - index.js
2019-01-31 09:37:41.662 +0900 - info: 메모리 로딩 시작. - write.js
2019-01-31 09:37:41.663 +0900 - info: 메모리 로딩 완료. - write.js
2019-01-31 09:37:41.664 +0900 - info: 메모리 로딩 시작. - read.js
2019-01-31 09:37:41.665 +0900 - info: 메모리 로딩 완료. - read.js
2019-01-31 09:37:41.665 +0900 - info: 메모리 로딩 시작. - read.js
2019-01-31 09:37:41.666 +0900 - info: 메모리 로딩 완료. - read.js
2019-01-31 09:37:41.675 +0900 - info: 서버 작동. - index.js
2019-01-31 09:37:46.809 +0900 - info: 메모리 로딩 시작. - index.js
2019-01-31 09:37:46.814 +0900 - info: 메모리 로딩 완료. - index.js
2019-01-31 09:37:46.845 +0900 - info: 메모리 로딩 시작. - write.js
2019-01-31 09:37:46.845 +0900 - info: 메모리 로딩 완료. - write.js
2019-01-31 09:37:46.846 +0900 - info: 메모리 로딩 시작. - read.js
2019-01-31 09:37:46.847 +0900 - info: 메모리 로딩 완료. - read.js
2019-01-31 09:37:46.848 +0900 - info: 메모리 로딩 시작. - read.js
2019-01-31 09:37:46.849 +0900 - info: 메모리 로딩 완료. - read.js
2019-01-31 09:37:46.853 +0900 - info: 서버 작동. - index.js
2019-01-31 09:37:58.028 +0900 - info: 메모리 로딩 시작. - index.js
2019-01-31 09:37:58.033 +0900 - info: 메모리 로딩 완료. - index.js
2019-01-31 09:37:58.063 +0900 - info: 메모리 로딩 시작. - write.js
2019-01-31 09:37:58.064 +0900 - info: 메모리 로딩 완료. - write.js
2019-01-31 09:37:58.064 +0900 - info: 메모리 로딩 시작. - read.js
2019-01-31 09:37:58.065 +0900 - info: 메모리 로딩 완료. - read.js
2019-01-31 09:37:58.065 +0900 - info: 메모리 로딩 시작. - read.js
2019-01-31 09:37:58.066 +0900 - info: 메모리 로딩 완료. - read.js
2019-01-31 09:37:58.068 +0900 - info: 서버 작동. - index.js
2019-01-31 09:37:59.221 +0900 - info: 메모리 로딩 시작. - index.js
2019-01-31 09:37:59.227 +0900 - info: 메모리 로딩 완료. - index.js
2019-01-31 09:37:59.269 +0900 - info: 메모리 로딩 시작. - write.js
2019-01-31 09:37:59.269 +0900 - info: 메모리 로딩 완료. - write.js
2019-01-31 09:37:59.270 +0900 - info: 메모리 로딩 시작. - read.js
2019-01-31 09:37:59.270 +0900 - info: 메모리 로딩 완료. - read.js
2019-01-31 09:37:59.271 +0900 - info: 메모리 로딩 시작. - read.js
2019-01-31 09:37:59.271 +0900 - info: 메모리 로딩 완료. - read.js
2019-01-31 09:37:59.273 +0900 - info: 서버 작동. - index.js
2019-01-31 09:38:04.326 +0900 - info: 메모리 로딩 시작. - index.js
2019-01-31 09:38:04.330 +0900 - info: 메모리 로딩 완료. - index.js
2019-01-31 09:38:04.366 +0900 - info: 메모리 로딩 시작. - write.js
2019-01-31 09:38:04.366 +0900 - info: 메모리 로딩 완료. - write.js
2019-01-31 09:38:04.367 +0900 - info: 메모리 로딩 시작. - read.js
2019-01-31 09:38:04.368 +0900 - info: 메모리 로딩 완료. - read.js
2019-01-31 09:38:04.369 +0900 - info: 메모리 로딩 시작. - read.js
2019-01-31 09:38:04.370 +0900 - info: 메모리 로딩 완료. - read.js
2019-01-31 09:38:04.373 +0900 - info: 서버 작동. - index.js
2019-01-31 09:38:09.558 +0900 - info: 메모리 로딩 시작. - index.js
2019-01-31 09:38:09.563 +0900 - info: 메모리 로딩 완료. - index.js
2019-01-31 09:38:09.603 +0900 - info: 메모리 로딩 시작. - write.js
2019-01-31 09:38:09.605 +0900 - info: 메모리 로딩 완료. - write.js
2019-01-31 09:38:09.606 +0900 - info: 메모리 로딩 시작. - read.js
2019-01-31 09:38:09.606 +0900 - info: 메모리 로딩 완료. - read.js
2019-01-31 09:38:09.607 +0900 - info: 메모리 로딩 시작. - read.js
2019-01-31 09:38:09.607 +0900 - info: 메모리 로딩 완료. - read.js
2019-01-31 09:38:09.610 +0900 - info: 서버 작동. - index.js
2019-01-31 09:38:14.762 +0900 - info: 메모리 로딩 시작. - index.js
2019-01-31 09:38:14.768 +0900 - info: 메모리 로딩 완료. - index.js
2019-01-31 09:38:14.820 +0900 - info: 메모리 로딩 시작. - write.js
2019-01-31 09:38:14.821 +0900 - info: 메모리 로딩 완료. - write.js
2019-01-31 09:38:14.823 +0900 - info: 메모리 로딩 시작. - read.js
2019-01-31 09:38:14.823 +0900 - info: 메모리 로딩 완료. - read.js
2019-01-31 09:38:14.824 +0900 - info: 메모리 로딩 시작. - read.js
2019-01-31 09:38:14.825 +0900 - info: 메모리 로딩 완료. - read.js
2019-01-31 09:38:14.830 +0900 - info: 서버 작동. - index.js
2019-01-31 09:38:19.882 +0900 - info: 메모리 로딩 시작. - index.js
2019-01-31 09:38:19.887 +0900 - info: 메모리 로딩 완료. - index.js
2019-01-31 09:38:19.928 +0900 - info: 메모리 로딩 시작. - write.js
2019-01-31 09:38:19.929 +0900 - info: 메모리 로딩 완료. - write.js
2019-01-31 09:38:19.930 +0900 - info: 메모리 로딩 시작. - read.js
2019-01-31 09:38:19.930 +0900 - info: 메모리 로딩 완료. - read.js
2019-01-31 09:38:19.931 +0900 - info: 메모리 로딩 시작. - read.js
2019-01-31 09:38:19.931 +0900 - info: 메모리 로딩 완료. - read.js
2019-01-31 09:38:19.936 +0900 - info: 서버 작동. - index.js
2019-01-31 09:38:24.980 +0900 - info: 메모리 로딩 시작. - index.js
2019-01-31 09:38:24.987 +0900 - info: 메모리 로딩 완료. - index.js
2019-01-31 09:38:25.023 +0900 - info: 메모리 로딩 시작. - write.js
2019-01-31 09:38:25.030 +0900 - info: 메모리 로딩 완료. - write.js
2019-01-31 09:38:25.032 +0900 - info: 메모리 로딩 시작. - read.js
2019-01-31 09:38:25.032 +0900 - info: 메모리 로딩 완료. - read.js
2019-01-31 09:38:25.033 +0900 - info: 메모리 로딩 시작. - read.js
2019-01-31 09:38:25.033 +0900 - info: 메모리 로딩 완료. - read.js
2019-01-31 09:38:25.037 +0900 - info: 서버 작동. - index.js
2019-01-31 09:38:30.126 +0900 - info: 메모리 로딩 시작. - index.js
2019-01-31 09:38:30.132 +0900 - info: 메모리 로딩 완료. - index.js
2019-01-31 09:38:30.160 +0900 - info: 메모리 로딩 시작. - write.js
2019-01-31 09:38:30.161 +0900 - info: 메모리 로딩 완료. - write.js
2019-01-31 09:38:30.162 +0900 - info: 메모리 로딩 시작. - read.js
2019-01-31 09:38:30.162 +0900 - info: 메모리 로딩 완료. - read.js
2019-01-31 09:38:30.163 +0900 - info: 메모리 로딩 시작. - read.js
2019-01-31 09:38:30.163 +0900 - info: 메모리 로딩 완료. - read.js
2019-01-31 09:38:30.165 +0900 - info: 서버 작동. - index.js
2019-01-31 09:38:35.350 +0900 - info: 메모리 로딩 시작. - index.js
2019-01-31 09:38:35.355 +0900 - info: 메모리 로딩 완료. - index.js
2019-01-31 09:38:35.398 +0900 - info: 메모리 로딩 시작. - write.js
2019-01-31 09:38:35.398 +0900 - info: 메모리 로딩 완료. - write.js
2019-01-31 09:38:35.400 +0900 - info: 메모리 로딩 시작. - read.js
2019-01-31 09:38:35.400 +0900 - info: 메모리 로딩 완료. - read.js
2019-01-31 09:38:35.401 +0900 - info: 메모리 로딩 시작. - read.js
2019-01-31 09:38:35.401 +0900 - info: 메모리 로딩 완료. - read.js
2019-01-31 09:38:35.405 +0900 - info: 서버 작동. - index.js
2019-01-31 09:40:59.232 +0900 - info: 메모리 로딩 시작. - index.js
2019-01-31 09:40:59.236 +0900 - info: 메모리 로딩 완료. - index.js
2019-01-31 09:40:59.276 +0900 - info: 메모리 로딩 시작. - write.js
2019-01-31 09:40:59.277 +0900 - info: 메모리 로딩 완료. - write.js
2019-01-31 09:40:59.278 +0900 - info: 메모리 로딩 시작. - read.js
2019-01-31 09:40:59.278 +0900 - info: 메모리 로딩 완료. - read.js
2019-01-31 09:40:59.278 +0900 - info: 메모리 로딩 시작. - read.js
2019-01-31 09:40:59.279 +0900 - info: 메모리 로딩 완료. - read.js
2019-01-31 09:40:59.281 +0900 - info: 서버 작동. - index.js
2019-01-31 09:41:00.492 +0900 - info: 메모리 로딩 시작. - index.js
2019-01-31 09:41:00.497 +0900 - info: 메모리 로딩 완료. - index.js
2019-01-31 09:41:00.538 +0900 - info: 메모리 로딩 시작. - write.js
2019-01-31 09:41:00.539 +0900 - info: 메모리 로딩 완료. - write.js
2019-01-31 09:41:00.540 +0900 - info: 메모리 로딩 시작. - read.js
2019-01-31 09:41:00.540 +0900 - info: 메모리 로딩 완료. - read.js
2019-01-31 09:41:00.541 +0900 - info: 메모리 로딩 시작. - read.js
2019-01-31 09:41:00.542 +0900 - info: 메모리 로딩 완료. - read.js
2019-01-31 09:41:00.545 +0900 - info: 서버 작동. - index.js
2019-01-31 09:41:05.592 +0900 - info: 메모리 로딩 시작. - index.js
2019-01-31 09:41:05.598 +0900 - info: 메모리 로딩 완료. - index.js
2019-01-31 09:41:05.646 +0900 - info: 메모리 로딩 시작. - write.js
2019-01-31 09:41:05.647 +0900 - info: 메모리 로딩 완료. - write.js
2019-01-31 09:41:05.648 +0900 - info: 메모리 로딩 시작. - read.js
2019-01-31 09:41:05.648 +0900 - info: 메모리 로딩 완료. - read.js
2019-01-31 09:41:05.648 +0900 - info: 메모리 로딩 시작. - read.js
2019-01-31 09:41:05.649 +0900 - info: 메모리 로딩 완료. - read.js
2019-01-31 09:41:05.651 +0900 - info: 서버 작동. - index.js
2019-01-31 09:41:10.842 +0900 - info: 메모리 로딩 시작. - index.js
2019-01-31 09:41:10.863 +0900 - info: 메모리 로딩 완료. - index.js
2019-01-31 09:41:10.916 +0900 - info: 메모리 로딩 시작. - write.js
2019-01-31 09:41:10.917 +0900 - info: 메모리 로딩 완료. - write.js
2019-01-31 09:41:10.918 +0900 - info: 메모리 로딩 시작. - read.js
2019-01-31 09:41:10.918 +0900 - info: 메모리 로딩 완료. - read.js
2019-01-31 09:41:10.919 +0900 - info: 메모리 로딩 시작. - read.js
2019-01-31 09:41:10.920 +0900 - info: 메모리 로딩 완료. - read.js
2019-01-31 09:41:10.924 +0900 - info: 서버 작동. - index.js
2019-01-31 09:41:21.496 +0900 - info: 메모리 로딩 시작. - index.js
2019-01-31 09:41:21.500 +0900 - info: 메모리 로딩 완료. - index.js
2019-01-31 09:41:21.527 +0900 - info: 메모리 로딩 시작. - write.js
2019-01-31 09:41:21.528 +0900 - info: 메모리 로딩 완료. - write.js
2019-01-31 09:41:21.529 +0900 - info: 메모리 로딩 시작. - read.js
2019-01-31 09:41:21.529 +0900 - info: 메모리 로딩 완료. - read.js
2019-01-31 09:41:21.530 +0900 - info: 메모리 로딩 시작. - read.js
2019-01-31 09:41:21.530 +0900 - info: 메모리 로딩 완료. - read.js
2019-01-31 09:41:21.532 +0900 - info: 서버 작동. - index.js
2019-01-31 09:41:22.697 +0900 - info: 메모리 로딩 시작. - index.js
2019-01-31 09:41:22.701 +0900 - info: 메모리 로딩 완료. - index.js
2019-01-31 09:41:22.732 +0900 - info: 메모리 로딩 시작. - write.js
2019-01-31 09:41:22.734 +0900 - info: 메모리 로딩 완료. - write.js
2019-01-31 09:41:22.734 +0900 - info: 메모리 로딩 시작. - read.js
2019-01-31 09:41:22.735 +0900 - info: 메모리 로딩 완료. - read.js
2019-01-31 09:41:22.735 +0900 - info: 메모리 로딩 시작. - read.js
2019-01-31 09:41:22.736 +0900 - info: 메모리 로딩 완료. - read.js
2019-01-31 09:41:22.739 +0900 - info: 서버 작동. - index.js
2019-01-31 09:41:26.739 +0900 - info: 메모리 로딩 시작. - index.js
2019-01-31 09:41:26.744 +0900 - info: 메모리 로딩 완료. - index.js
2019-01-31 09:41:26.778 +0900 - info: 메모리 로딩 시작. - write.js
2019-01-31 09:41:26.779 +0900 - info: 메모리 로딩 완료. - write.js
2019-01-31 09:41:26.780 +0900 - info: 메모리 로딩 시작. - read.js
2019-01-31 09:41:26.781 +0900 - info: 메모리 로딩 완료. - read.js
2019-01-31 09:41:26.782 +0900 - info: 메모리 로딩 시작. - read.js
2019-01-31 09:41:26.782 +0900 - info: 메모리 로딩 완료. - read.js
2019-01-31 09:41:26.785 +0900 - info: 서버 작동. - index.js
2019-01-31 09:41:27.385 +0900 - info: 메모리 로딩 시작. - index.js
2019-01-31 09:41:27.389 +0900 - info: 메모리 로딩 완료. - index.js
2019-01-31 09:41:27.420 +0900 - info: 메모리 로딩 시작. - write.js
2019-01-31 09:41:27.421 +0900 - info: 메모리 로딩 완료. - write.js
2019-01-31 09:41:27.422 +0900 - info: 메모리 로딩 시작. - read.js
2019-01-31 09:41:27.422 +0900 - info: 메모리 로딩 완료. - read.js
2019-01-31 09:41:27.423 +0900 - info: 메모리 로딩 시작. - read.js
2019-01-31 09:41:27.423 +0900 - info: 메모리 로딩 완료. - read.js
2019-01-31 09:41:27.426 +0900 - info: 서버 작동. - index.js
2019-01-31 09:41:27.894 +0900 - info: 메모리 로딩 시작. - index.js
2019-01-31 09:41:27.900 +0900 - info: 메모리 로딩 완료. - index.js
2019-01-31 09:41:27.934 +0900 - info: 메모리 로딩 시작. - write.js
2019-01-31 09:41:27.935 +0900 - info: 메모리 로딩 완료. - write.js
2019-01-31 09:41:27.936 +0900 - info: 메모리 로딩 시작. - read.js
2019-01-31 09:41:27.936 +0900 - info: 메모리 로딩 완료. - read.js
2019-01-31 09:41:27.937 +0900 - info: 메모리 로딩 시작. - read.js
2019-01-31 09:41:27.938 +0900 - info: 메모리 로딩 완료. - read.js
2019-01-31 09:41:27.941 +0900 - info: 서버 작동. - index.js
2019-01-31 09:41:31.903 +0900 - info: 메모리 로딩 시작. - index.js
2019-01-31 09:41:31.907 +0900 - info: 메모리 로딩 완료. - index.js
2019-01-31 09:41:31.933 +0900 - info: 메모리 로딩 시작. - write.js
2019-01-31 09:41:31.934 +0900 - info: 메모리 로딩 완료. - write.js
2019-01-31 09:41:31.935 +0900 - info: 메모리 로딩 시작. - read.js
2019-01-31 09:41:31.935 +0900 - info: 메모리 로딩 완료. - read.js
2019-01-31 09:41:31.936 +0900 - info: 메모리 로딩 시작. - read.js
2019-01-31 09:41:31.936 +0900 - info: 메모리 로딩 완료. - read.js
2019-01-31 09:41:31.938 +0900 - info: 서버 작동. - index.js
2019-01-31 09:41:33.020 +0900 - info: 메모리 로딩 시작. - index.js
2019-01-31 09:41:33.025 +0900 - info: 메모리 로딩 완료. - index.js
2019-01-31 09:41:33.059 +0900 - info: 메모리 로딩 시작. - write.js
2019-01-31 09:41:33.065 +0900 - info: 메모리 로딩 완료. - write.js
2019-01-31 09:41:33.066 +0900 - info: 메모리 로딩 시작. - read.js
2019-01-31 09:41:33.066 +0900 - info: 메모리 로딩 완료. - read.js
2019-01-31 09:41:33.067 +0900 - info: 메모리 로딩 시작. - read.js
2019-01-31 09:41:33.067 +0900 - info: 메모리 로딩 완료. - read.js
2019-01-31 09:41:33.069 +0900 - info: 서버 작동. - index.js
2019-01-31 09:41:38.252 +0900 - info: 메모리 로딩 시작. - index.js
2019-01-31 09:41:38.257 +0900 - info: 메모리 로딩 완료. - index.js
2019-01-31 09:41:38.295 +0900 - info: 메모리 로딩 시작. - write.js
2019-01-31 09:41:38.296 +0900 - info: 메모리 로딩 완료. - write.js
2019-01-31 09:41:38.297 +0900 - info: 메모리 로딩 시작. - read.js
2019-01-31 09:41:38.297 +0900 - info: 메모리 로딩 완료. - read.js
2019-01-31 09:41:38.299 +0900 - info: 메모리 로딩 시작. - read.js
2019-01-31 09:41:38.299 +0900 - info: 메모리 로딩 완료. - read.js
2019-01-31 09:41:38.303 +0900 - info: 서버 작동. - index.js
2019-01-31 09:41:43.363 +0900 - info: 메모리 로딩 시작. - index.js
2019-01-31 09:41:43.367 +0900 - info: 메모리 로딩 완료. - index.js
2019-01-31 09:41:43.399 +0900 - info: 메모리 로딩 시작. - write.js
2019-01-31 09:41:43.400 +0900 - info: 메모리 로딩 완료. - write.js
2019-01-31 09:41:43.401 +0900 - info: 메모리 로딩 시작. - read.js
2019-01-31 09:41:43.402 +0900 - info: 메모리 로딩 완료. - read.js
2019-01-31 09:41:43.402 +0900 - info: 메모리 로딩 시작. - read.js
2019-01-31 09:41:43.403 +0900 - info: 메모리 로딩 완료. - read.js
2019-01-31 09:41:43.406 +0900 - info: 서버 작동. - index.js
2019-01-31 09:41:48.553 +0900 - info: 메모리 로딩 시작. - index.js
2019-01-31 09:41:48.558 +0900 - info: 메모리 로딩 완료. - index.js
2019-01-31 09:41:48.592 +0900 - info: 메모리 로딩 시작. - write.js
2019-01-31 09:41:48.593 +0900 - info: 메모리 로딩 완료. - write.js
2019-01-31 09:41:48.594 +0900 - info: 메모리 로딩 시작. - read.js
2019-01-31 09:41:48.594 +0900 - info: 메모리 로딩 완료. - read.js
2019-01-31 09:41:48.595 +0900 - info: 메모리 로딩 시작. - read.js
2019-01-31 09:41:48.595 +0900 - info: 메모리 로딩 완료. - read.js
2019-01-31 09:41:48.599 +0900 - info: 서버 작동. - index.js
2019-01-31 09:41:49.752 +0900 - info: 메모리 로딩 시작. - index.js
2019-01-31 09:41:49.758 +0900 - info: 메모리 로딩 완료. - index.js
2019-01-31 09:41:49.790 +0900 - info: 메모리 로딩 시작. - write.js
2019-01-31 09:41:49.791 +0900 - info: 메모리 로딩 완료. - write.js
2019-01-31 09:41:49.791 +0900 - info: 메모리 로딩 시작. - read.js
2019-01-31 09:41:49.792 +0900 - info: 메모리 로딩 완료. - read.js
2019-01-31 09:41:49.792 +0900 - info: 메모리 로딩 시작. - read.js
2019-01-31 09:41:49.792 +0900 - info: 메모리 로딩 완료. - read.js
2019-01-31 09:41:49.795 +0900 - info: 서버 작동. - index.js
2019-01-31 09:41:53.701 +0900 - info: 메모리 로딩 시작. - index.js
2019-01-31 09:41:53.705 +0900 - info: 메모리 로딩 완료. - index.js
2019-01-31 09:41:53.732 +0900 - info: 메모리 로딩 시작. - write.js
2019-01-31 09:41:53.733 +0900 - info: 메모리 로딩 완료. - write.js
2019-01-31 09:41:53.734 +0900 - info: 메모리 로딩 시작. - read.js
2019-01-31 09:41:53.734 +0900 - info: 메모리 로딩 완료. - read.js
2019-01-31 09:41:53.735 +0900 - info: 메모리 로딩 시작. - read.js
2019-01-31 09:41:53.735 +0900 - info: 메모리 로딩 완료. - read.js
2019-01-31 09:41:53.738 +0900 - info: 서버 작동. - index.js
2019-01-31 09:41:54.557 +0900 - info: 메모리 로딩 시작. - index.js
2019-01-31 09:41:54.563 +0900 - info: 메모리 로딩 완료. - index.js
2019-01-31 09:41:54.592 +0900 - info: 메모리 로딩 시작. - write.js
2019-01-31 09:41:54.593 +0900 - info: 메모리 로딩 완료. - write.js
2019-01-31 09:41:54.593 +0900 - info: 메모리 로딩 시작. - read.js
2019-01-31 09:41:54.594 +0900 - info: 메모리 로딩 완료. - read.js
2019-01-31 09:41:54.594 +0900 - info: 메모리 로딩 시작. - read.js
2019-01-31 09:41:54.595 +0900 - info: 메모리 로딩 완료. - read.js
2019-01-31 09:41:54.598 +0900 - info: 서버 작동. - index.js
2019-01-31 09:41:58.990 +0900 - info: 메모리 로딩 시작. - index.js
2019-01-31 09:41:58.996 +0900 - info: 메모리 로딩 완료. - index.js
2019-01-31 09:41:59.032 +0900 - info: 메모리 로딩 시작. - write.js
2019-01-31 09:41:59.041 +0900 - info: 메모리 로딩 완료. - write.js
2019-01-31 09:41:59.043 +0900 - info: 메모리 로딩 시작. - read.js
2019-01-31 09:41:59.044 +0900 - info: 메모리 로딩 완료. - read.js
2019-01-31 09:41:59.052 +0900 - info: 메모리 로딩 시작. - read.js
2019-01-31 09:41:59.052 +0900 - info: 메모리 로딩 완료. - read.js
2019-01-31 09:41:59.060 +0900 - info: 서버 작동. - index.js
2019-01-31 09:42:50.074 +0900 - info: 메모리 로딩 시작. - index.js
2019-01-31 09:42:50.082 +0900 - info: 메모리 로딩 완료. - index.js
2019-01-31 09:42:50.123 +0900 - info: 메모리 로딩 시작. - write.js
2019-01-31 09:42:50.124 +0900 - info: 메모리 로딩 완료. - write.js
2019-01-31 09:42:50.124 +0900 - info: 메모리 로딩 시작. - read.js
2019-01-31 09:42:50.125 +0900 - info: 메모리 로딩 완료. - read.js
2019-01-31 09:42:50.125 +0900 - info: 메모리 로딩 시작. - read.js
2019-01-31 09:42:50.125 +0900 - info: 메모리 로딩 완료. - read.js
2019-01-31 09:42:50.128 +0900 - info: 서버 작동. - index.js
2019-01-31 09:42:51.332 +0900 - info: 메모리 로딩 시작. - index.js
2019-01-31 09:42:51.337 +0900 - info: 메모리 로딩 완료. - index.js
2019-01-31 09:42:51.382 +0900 - info: 메모리 로딩 시작. - write.js
2019-01-31 09:42:51.383 +0900 - info: 메모리 로딩 완료. - write.js
2019-01-31 09:42:51.384 +0900 - info: 메모리 로딩 시작. - read.js
2019-01-31 09:42:51.384 +0900 - info: 메모리 로딩 완료. - read.js
2019-01-31 09:42:51.385 +0900 - info: 메모리 로딩 시작. - read.js
2019-01-31 09:42:51.385 +0900 - info: 메모리 로딩 완료. - read.js
2019-01-31 09:42:51.388 +0900 - info: 서버 작동. - index.js
2019-01-31 09:42:56.637 +0900 - info: 메모리 로딩 시작. - index.js
2019-01-31 09:42:56.641 +0900 - info: 메모리 로딩 완료. - index.js
2019-01-31 09:42:56.671 +0900 - info: 메모리 로딩 시작. - write.js
2019-01-31 09:42:56.671 +0900 - info: 메모리 로딩 완료. - write.js
2019-01-31 09:42:56.672 +0900 - info: 메모리 로딩 시작. - read.js
2019-01-31 09:42:56.672 +0900 - info: 메모리 로딩 완료. - read.js
2019-01-31 09:42:56.673 +0900 - info: 메모리 로딩 시작. - read.js
2019-01-31 09:42:56.673 +0900 - info: 메모리 로딩 완료. - read.js
2019-01-31 09:42:56.676 +0900 - info: 서버 작동. - index.js
2019-01-31 09:42:57.980 +0900 - info: 메모리 로딩 시작. - index.js
2019-01-31 09:42:57.986 +0900 - info: 메모리 로딩 완료. - index.js
2019-01-31 09:42:58.029 +0900 - info: 메모리 로딩 시작. - write.js
2019-01-31 09:42:58.030 +0900 - info: 메모리 로딩 완료. - write.js
2019-01-31 09:42:58.031 +0900 - info: 메모리 로딩 시작. - read.js
2019-01-31 09:42:58.031 +0900 - info: 메모리 로딩 완료. - read.js
2019-01-31 09:42:58.032 +0900 - info: 메모리 로딩 시작. - read.js
2019-01-31 09:42:58.033 +0900 - info: 메모리 로딩 완료. - read.js
2019-01-31 09:42:58.035 +0900 - info: 서버 작동. - index.js
2019-01-31 09:43:05.653 +0900 - info: 메모리 로딩 시작. - index.js
2019-01-31 09:43:05.658 +0900 - info: 메모리 로딩 완료. - index.js
2019-01-31 09:43:05.685 +0900 - info: 메모리 로딩 시작. - write.js
2019-01-31 09:43:05.686 +0900 - info: 메모리 로딩 완료. - write.js
2019-01-31 09:43:05.687 +0900 - info: 메모리 로딩 시작. - read.js
2019-01-31 09:43:05.687 +0900 - info: 메모리 로딩 완료. - read.js
2019-01-31 09:43:05.687 +0900 - info: 메모리 로딩 시작. - read.js
2019-01-31 09:43:05.688 +0900 - info: 메모리 로딩 완료. - read.js
2019-01-31 09:43:05.690 +0900 - info: 서버 작동. - index.js
2019-01-31 09:43:06.795 +0900 - info: 메모리 로딩 시작. - index.js
2019-01-31 09:43:06.801 +0900 - info: 메모리 로딩 완료. - index.js
2019-01-31 09:43:06.847 +0900 - info: 메모리 로딩 시작. - write.js
2019-01-31 09:43:06.848 +0900 - info: 메모리 로딩 완료. - write.js
2019-01-31 09:43:06.849 +0900 - info: 메모리 로딩 시작. - read.js
2019-01-31 09:43:06.849 +0900 - info: 메모리 로딩 완료. - read.js
2019-01-31 09:43:06.850 +0900 - info: 메모리 로딩 시작. - read.js
2019-01-31 09:43:06.850 +0900 - info: 메모리 로딩 완료. - read.js
2019-01-31 09:43:06.853 +0900 - info: 서버 작동. - index.js
2019-01-31 09:43:07.704 +0900 - info: 메모리 로딩 시작. - index.js
2019-01-31 09:43:07.709 +0900 - info: 메모리 로딩 완료. - index.js
2019-01-31 09:43:07.752 +0900 - info: 메모리 로딩 시작. - write.js
2019-01-31 09:43:07.753 +0900 - info: 메모리 로딩 완료. - write.js
2019-01-31 09:43:07.753 +0900 - info: 메모리 로딩 시작. - read.js
2019-01-31 09:43:07.754 +0900 - info: 메모리 로딩 완료. - read.js
2019-01-31 09:43:07.754 +0900 - info: 메모리 로딩 시작. - read.js
2019-01-31 09:43:07.754 +0900 - info: 메모리 로딩 완료. - read.js
2019-01-31 09:43:07.757 +0900 - info: 서버 작동. - index.js
2019-01-31 09:43:11.907 +0900 - info: 메모리 로딩 시작. - index.js
2019-01-31 09:43:11.911 +0900 - info: 메모리 로딩 완료. - index.js
2019-01-31 09:43:11.939 +0900 - info: 메모리 로딩 시작. - write.js
2019-01-31 09:43:11.940 +0900 - info: 메모리 로딩 완료. - write.js
2019-01-31 09:43:11.940 +0900 - info: 메모리 로딩 시작. - read.js
2019-01-31 09:43:11.941 +0900 - info: 메모리 로딩 완료. - read.js
2019-01-31 09:43:11.941 +0900 - info: 메모리 로딩 시작. - read.js
2019-01-31 09:43:11.941 +0900 - info: 메모리 로딩 완료. - read.js
2019-01-31 09:43:11.944 +0900 - info: 서버 작동. - index.js
2019-01-31 09:43:12.700 +0900 - info: 메모리 로딩 시작. - index.js
2019-01-31 09:43:12.704 +0900 - info: 메모리 로딩 완료. - index.js
2019-01-31 09:43:12.733 +0900 - info: 메모리 로딩 시작. - write.js
2019-01-31 09:43:12.734 +0900 - info: 메모리 로딩 완료. - write.js
2019-01-31 09:43:12.735 +0900 - info: 메모리 로딩 시작. - read.js
2019-01-31 09:43:12.735 +0900 - info: 메모리 로딩 완료. - read.js
2019-01-31 09:43:12.736 +0900 - info: 메모리 로딩 시작. - read.js
2019-01-31 09:43:12.736 +0900 - info: 메모리 로딩 완료. - read.js
2019-01-31 09:43:12.739 +0900 - info: 서버 작동. - index.js
2019-01-31 09:43:16.597 +0900 - info: 메모리 로딩 시작. - index.js
2019-01-31 09:43:16.601 +0900 - info: 메모리 로딩 완료. - index.js
2019-01-31 09:43:16.628 +0900 - info: 메모리 로딩 시작. - write.js
2019-01-31 09:43:16.628 +0900 - info: 메모리 로딩 완료. - write.js
2019-01-31 09:43:16.629 +0900 - info: 메모리 로딩 시작. - read.js
2019-01-31 09:43:16.629 +0900 - info: 메모리 로딩 완료. - read.js
2019-01-31 09:43:16.630 +0900 - info: 메모리 로딩 시작. - read.js
2019-01-31 09:43:16.630 +0900 - info: 메모리 로딩 완료. - read.js
2019-01-31 09:43:16.632 +0900 - info: 서버 작동. - index.js
2019-01-31 09:43:17.130 +0900 - info: 메모리 로딩 시작. - index.js
2019-01-31 09:43:17.135 +0900 - info: 메모리 로딩 완료. - index.js
2019-01-31 09:43:17.167 +0900 - info: 메모리 로딩 시작. - write.js
2019-01-31 09:43:17.168 +0900 - info: 메모리 로딩 완료. - write.js
2019-01-31 09:43:17.169 +0900 - info: 메모리 로딩 시작. - read.js
2019-01-31 09:43:17.169 +0900 - info: 메모리 로딩 완료. - read.js
2019-01-31 09:43:17.170 +0900 - info: 메모리 로딩 시작. - read.js
2019-01-31 09:43:17.170 +0900 - info: 메모리 로딩 완료. - read.js
2019-01-31 09:43:17.174 +0900 - info: 서버 작동. - index.js
2019-01-31 09:43:20.113 +0900 - info: 메모리 로딩 시작. - index.js
2019-01-31 09:43:20.118 +0900 - info: 메모리 로딩 완료. - index.js
2019-01-31 09:43:20.145 +0900 - info: 메모리 로딩 시작. - write.js
2019-01-31 09:43:20.145 +0900 - info: 메모리 로딩 완료. - write.js
2019-01-31 09:43:20.147 +0900 - info: 메모리 로딩 시작. - read.js
2019-01-31 09:43:20.147 +0900 - info: 메모리 로딩 완료. - read.js
2019-01-31 09:43:20.148 +0900 - info: 메모리 로딩 시작. - read.js
2019-01-31 09:43:20.148 +0900 - info: 메모리 로딩 완료. - read.js
2019-01-31 09:43:20.150 +0900 - info: 서버 작동. - index.js
2019-01-31 09:43:23.642 +0900 - info: 메모리 로딩 시작. - index.js
2019-01-31 09:43:23.646 +0900 - info: 메모리 로딩 완료. - index.js
2019-01-31 09:43:23.674 +0900 - info: 메모리 로딩 시작. - write.js
2019-01-31 09:43:23.675 +0900 - info: 메모리 로딩 완료. - write.js
2019-01-31 09:43:23.676 +0900 - info: 메모리 로딩 시작. - read.js
2019-01-31 09:43:23.676 +0900 - info: 메모리 로딩 완료. - read.js
2019-01-31 09:43:23.677 +0900 - info: 메모리 로딩 시작. - read.js
2019-01-31 09:43:23.677 +0900 - info: 메모리 로딩 완료. - read.js
2019-01-31 09:43:23.680 +0900 - info: 서버 작동. - index.js
2019-01-31 09:43:24.916 +0900 - info: 메모리 로딩 시작. - index.js
2019-01-31 09:43:24.920 +0900 - info: 메모리 로딩 완료. - index.js
2019-01-31 09:43:24.947 +0900 - info: 메모리 로딩 시작. - write.js
2019-01-31 09:43:24.947 +0900 - info: 메모리 로딩 완료. - write.js
2019-01-31 09:43:24.948 +0900 - info: 메모리 로딩 시작. - read.js
2019-01-31 09:43:24.948 +0900 - info: 메모리 로딩 완료. - read.js
2019-01-31 09:43:24.949 +0900 - info: 메모리 로딩 시작. - read.js
2019-01-31 09:43:24.949 +0900 - info: 메모리 로딩 완료. - read.js
2019-01-31 09:43:24.951 +0900 - info: 서버 작동. - index.js
2019-01-31 09:43:33.363 +0900 - info: 공통페이지 진입 - app.js
2019-01-31 09:43:33.364 +0900 - info: 세션 아이디 : DzfNcd3kkKOA-v37smtIHBArIBAiRuqy
2019-01-31 09:43:33.365 +0900 - info: / 메인화면 진입. - index.js
2019-01-31 09:43:38.686 +0900 - info: 메모리 로딩 시작. - index.js
2019-01-31 09:43:38.692 +0900 - info: 메모리 로딩 완료. - index.js
2019-01-31 09:43:38.724 +0900 - info: 메모리 로딩 시작. - write.js
2019-01-31 09:43:38.725 +0900 - info: 메모리 로딩 완료. - write.js
2019-01-31 09:43:38.726 +0900 - info: 메모리 로딩 시작. - read.js
2019-01-31 09:43:38.726 +0900 - info: 메모리 로딩 완료. - read.js
2019-01-31 09:43:38.727 +0900 - info: 메모리 로딩 시작. - read.js
2019-01-31 09:43:38.727 +0900 - info: 메모리 로딩 완료. - read.js
2019-01-31 09:43:38.730 +0900 - info: 서버 작동. - index.js
2019-01-31 09:43:39.021 +0900 - info: 공통페이지 진입 - app.js
2019-01-31 09:43:39.022 +0900 - info: 세션 아이디 : DzfNcd3kkKOA-v37smtIHBArIBAiRuqy
2019-01-31 09:43:39.023 +0900 - info: / 메인화면 진입. - index.js
2019-01-31 09:43:58.841 +0900 - info: 메모리 로딩 시작. - index.js
2019-01-31 09:43:58.848 +0900 - info: 메모리 로딩 완료. - index.js
2019-01-31 09:43:58.885 +0900 - info: 메모리 로딩 시작. - write.js
2019-01-31 09:43:58.886 +0900 - info: 메모리 로딩 완료. - write.js
2019-01-31 09:43:58.887 +0900 - info: 메모리 로딩 시작. - read.js
2019-01-31 09:43:58.887 +0900 - info: 메모리 로딩 완료. - read.js
2019-01-31 09:43:58.887 +0900 - info: 메모리 로딩 시작. - read.js
2019-01-31 09:43:58.888 +0900 - info: 메모리 로딩 완료. - read.js
2019-01-31 09:43:58.890 +0900 - info: 서버 작동. - index.js
2019-01-31 09:44:03.948 +0900 - info: 메모리 로딩 시작. - index.js
2019-01-31 09:44:03.954 +0900 - info: 메모리 로딩 완료. - index.js
2019-01-31 09:44:03.989 +0900 - info: 메모리 로딩 시작. - write.js
2019-01-31 09:44:03.990 +0900 - info: 메모리 로딩 완료. - write.js
2019-01-31 09:44:03.991 +0900 - info: 메모리 로딩 시작. - read.js
2019-01-31 09:44:03.991 +0900 - info: 메모리 로딩 완료. - read.js
2019-01-31 09:44:03.992 +0900 - info: 메모리 로딩 시작. - read.js
2019-01-31 09:44:03.992 +0900 - info: 메모리 로딩 완료. - read.js
2019-01-31 09:44:03.996 +0900 - info: 서버 작동. - index.js
2019-01-31 09:44:09.150 +0900 - info: 메모리 로딩 시작. - index.js
2019-01-31 09:44:09.154 +0900 - info: 메모리 로딩 완료. - index.js
2019-01-31 09:44:09.181 +0900 - info: 메모리 로딩 시작. - write.js
2019-01-31 09:44:09.182 +0900 - info: 메모리 로딩 완료. - write.js
2019-01-31 09:44:09.182 +0900 - info: 메모리 로딩 시작. - read.js
2019-01-31 09:44:09.183 +0900 - info: 메모리 로딩 완료. - read.js
2019-01-31 09:44:09.183 +0900 - info: 메모리 로딩 시작. - read.js
2019-01-31 09:44:09.184 +0900 - info: 메모리 로딩 완료. - read.js
2019-01-31 09:44:09.186 +0900 - info: 서버 작동. - index.js
2019-01-31 09:44:13.459 +0900 - info: 메모리 로딩 시작. - index.js
2019-01-31 09:44:13.465 +0900 - info: 메모리 로딩 완료. - index.js
2019-01-31 09:44:13.495 +0900 - info: 메모리 로딩 시작. - write.js
2019-01-31 09:44:13.496 +0900 - info: 메모리 로딩 완료. - write.js
2019-01-31 09:44:13.496 +0900 - info: 메모리 로딩 시작. - read.js
2019-01-31 09:44:13.497 +0900 - info: 메모리 로딩 완료. - read.js
2019-01-31 09:44:13.497 +0900 - info: 메모리 로딩 시작. - read.js
2019-01-31 09:44:13.498 +0900 - info: 메모리 로딩 완료. - read.js
2019-01-31 09:44:13.500 +0900 - info: 서버 작동. - index.js
2019-01-31 09:44:14.379 +0900 - info: 메모리 로딩 시작. - index.js
2019-01-31 09:44:14.384 +0900 - info: 메모리 로딩 완료. - index.js
2019-01-31 09:44:14.425 +0900 - info: 메모리 로딩 시작. - write.js
2019-01-31 09:44:14.426 +0900 - info: 메모리 로딩 완료. - write.js
2019-01-31 09:44:14.427 +0900 - info: 메모리 로딩 시작. - read.js
2019-01-31 09:44:14.428 +0900 - info: 메모리 로딩 완료. - read.js
2019-01-31 09:44:14.429 +0900 - info: 메모리 로딩 시작. - read.js
2019-01-31 09:44:14.429 +0900 - info: 메모리 로딩 완료. - read.js
2019-01-31 09:44:14.433 +0900 - info: 서버 작동. - index.js
2019-01-31 09:44:16.061 +0900 - info: 메모리 로딩 시작. - index.js
2019-01-31 09:44:16.066 +0900 - info: 메모리 로딩 완료. - index.js
2019-01-31 09:44:16.092 +0900 - info: 메모리 로딩 시작. - write.js
2019-01-31 09:44:16.093 +0900 - info: 메모리 로딩 완료. - write.js
2019-01-31 09:44:16.093 +0900 - info: 메모리 로딩 시작. - read.js
2019-01-31 09:44:16.093 +0900 - info: 메모리 로딩 완료. - read.js
2019-01-31 09:44:16.094 +0900 - info: 메모리 로딩 시작. - read.js
2019-01-31 09:44:16.094 +0900 - info: 메모리 로딩 완료. - read.js
2019-01-31 09:44:16.097 +0900 - info: 서버 작동. - index.js
2019-01-31 09:44:19.559 +0900 - info: 메모리 로딩 시작. - index.js
2019-01-31 09:44:19.564 +0900 - info: 메모리 로딩 완료. - index.js
2019-01-31 09:44:19.601 +0900 - info: 메모리 로딩 시작. - write.js
2019-01-31 09:44:19.602 +0900 - info: 메모리 로딩 완료. - write.js
2019-01-31 09:44:19.603 +0900 - info: 메모리 로딩 시작. - read.js
2019-01-31 09:44:19.603 +0900 - info: 메모리 로딩 완료. - read.js
2019-01-31 09:44:19.604 +0900 - info: 메모리 로딩 시작. - read.js
2019-01-31 09:44:19.604 +0900 - info: 메모리 로딩 완료. - read.js
2019-01-31 09:44:19.607 +0900 - info: 서버 작동. - index.js
2019-01-31 09:44:23.817 +0900 - info: 공통페이지 진입 - app.js
2019-01-31 09:44:23.817 +0900 - info: 세션 아이디 : DzfNcd3kkKOA-v37smtIHBArIBAiRuqy
2019-01-31 09:44:23.818 +0900 - info: / 메인화면 진입. - index.js
2019-01-31 09:44:25.351 +0900 - info: 공통페이지 진입 - app.js
2019-01-31 09:44:25.351 +0900 - info: 세션 아이디 : DzfNcd3kkKOA-v37smtIHBArIBAiRuqy
2019-01-31 09:44:25.352 +0900 - info: 
2019-01-31 09:44:27.692 +0900 - info: 공통페이지 진입 - app.js
2019-01-31 09:44:27.692 +0900 - info: 세션 아이디 : DzfNcd3kkKOA-v37smtIHBArIBAiRuqy
2019-01-31 09:44:28.491 +0900 - info: 공통페이지 진입 - app.js
2019-01-31 09:44:28.491 +0900 - info: 세션 아이디 : DzfNcd3kkKOA-v37smtIHBArIBAiRuqy
2019-01-31 09:44:29.369 +0900 - info: 공통페이지 진입 - app.js
2019-01-31 09:44:29.369 +0900 - info: 세션 아이디 : DzfNcd3kkKOA-v37smtIHBArIBAiRuqy
2019-01-31 09:44:30.145 +0900 - info: 공통페이지 진입 - app.js
2019-01-31 09:44:30.145 +0900 - info: 세션 아이디 : DzfNcd3kkKOA-v37smtIHBArIBAiRuqy
2019-01-31 09:44:31.168 +0900 - info: 공통페이지 진입 - app.js
2019-01-31 09:44:31.168 +0900 - info: 세션 아이디 : DzfNcd3kkKOA-v37smtIHBArIBAiRuqy
2019-01-31 09:44:32.193 +0900 - info: 공통페이지 진입 - app.js
2019-01-31 09:44:32.193 +0900 - info: 세션 아이디 : DzfNcd3kkKOA-v37smtIHBArIBAiRuqy
2019-01-31 09:44:33.106 +0900 - info: 공통페이지 진입 - app.js
2019-01-31 09:44:33.107 +0900 - info: 세션 아이디 : DzfNcd3kkKOA-v37smtIHBArIBAiRuqy
2019-01-31 09:44:33.107 +0900 - info: 1
2019-01-31 09:44:33.257 +0900 - info: 공통페이지 진입 - app.js
2019-01-31 09:44:33.257 +0900 - info: 세션 아이디 : DzfNcd3kkKOA-v37smtIHBArIBAiRuqy
2019-01-31 09:44:33.284 +0900 - info: 공통페이지 진입 - app.js
2019-01-31 09:44:33.284 +0900 - info: 세션 아이디 : DzfNcd3kkKOA-v37smtIHBArIBAiRuqy
2019-01-31 09:44:33.311 +0900 - info: 공통페이지 진입 - app.js
2019-01-31 09:44:33.311 +0900 - info: 세션 아이디 : DzfNcd3kkKOA-v37smtIHBArIBAiRuqy
2019-01-31 09:44:48.264 +0900 - info: 메모리 로딩 시작. - index.js
2019-01-31 09:44:48.269 +0900 - info: 메모리 로딩 완료. - index.js
2019-01-31 09:44:48.313 +0900 - info: 메모리 로딩 시작. - write.js
2019-01-31 09:44:48.314 +0900 - info: 메모리 로딩 완료. - write.js
2019-01-31 09:44:48.315 +0900 - info: 메모리 로딩 시작. - read.js
2019-01-31 09:44:48.315 +0900 - info: 메모리 로딩 완료. - read.js
2019-01-31 09:44:48.316 +0900 - info: 메모리 로딩 시작. - read.js
2019-01-31 09:44:48.316 +0900 - info: 메모리 로딩 완료. - read.js
2019-01-31 09:44:48.319 +0900 - info: 서버 작동. - index.js
2019-01-31 09:44:53.570 +0900 - info: 메모리 로딩 시작. - index.js
2019-01-31 09:44:53.577 +0900 - info: 메모리 로딩 완료. - index.js
2019-01-31 09:44:53.627 +0900 - info: 메모리 로딩 시작. - write.js
2019-01-31 09:44:53.627 +0900 - info: 메모리 로딩 완료. - write.js
2019-01-31 09:44:53.628 +0900 - info: 메모리 로딩 시작. - read.js
2019-01-31 09:44:53.629 +0900 - info: 메모리 로딩 완료. - read.js
2019-01-31 09:44:53.630 +0900 - info: 메모리 로딩 시작. - read.js
2019-01-31 09:44:53.630 +0900 - info: 메모리 로딩 완료. - read.js
2019-01-31 09:44:53.633 +0900 - info: 서버 작동. - index.js
2019-01-31 09:45:01.296 +0900 - info: 메모리 로딩 시작. - index.js
2019-01-31 09:45:01.302 +0900 - info: 메모리 로딩 완료. - index.js
2019-01-31 09:45:01.344 +0900 - info: 메모리 로딩 시작. - write.js
2019-01-31 09:45:01.346 +0900 - info: 메모리 로딩 완료. - write.js
2019-01-31 09:45:01.348 +0900 - info: 메모리 로딩 시작. - read.js
2019-01-31 09:45:01.348 +0900 - info: 메모리 로딩 완료. - read.js
2019-01-31 09:45:01.349 +0900 - info: 메모리 로딩 시작. - read.js
2019-01-31 09:45:01.349 +0900 - info: 메모리 로딩 완료. - read.js
2019-01-31 09:45:01.356 +0900 - info: 서버 작동. - index.js
2019-01-31 09:45:29.726 +0900 - info: 메모리 로딩 시작. - index.js
2019-01-31 09:45:29.734 +0900 - info: 메모리 로딩 완료. - index.js
2019-01-31 09:45:29.775 +0900 - info: 메모리 로딩 시작. - write.js
2019-01-31 09:45:29.776 +0900 - info: 메모리 로딩 완료. - write.js
2019-01-31 09:45:29.777 +0900 - info: 메모리 로딩 시작. - read.js
2019-01-31 09:45:29.777 +0900 - info: 메모리 로딩 완료. - read.js
2019-01-31 09:45:29.779 +0900 - info: 메모리 로딩 시작. - read.js
2019-01-31 09:45:29.779 +0900 - info: 메모리 로딩 완료. - read.js
2019-01-31 09:45:29.783 +0900 - info: 서버 작동. - index.js
2019-01-31 09:45:34.441 +0900 - info: 메모리 로딩 시작. - index.js
2019-01-31 09:45:34.446 +0900 - info: 메모리 로딩 완료. - index.js
2019-01-31 09:45:34.487 +0900 - info: 메모리 로딩 시작. - write.js
2019-01-31 09:45:34.488 +0900 - info: 메모리 로딩 완료. - write.js
2019-01-31 09:45:34.488 +0900 - info: 메모리 로딩 시작. - read.js
2019-01-31 09:45:34.489 +0900 - info: 메모리 로딩 완료. - read.js
2019-01-31 09:45:34.489 +0900 - info: 메모리 로딩 시작. - read.js
2019-01-31 09:45:34.490 +0900 - info: 메모리 로딩 완료. - read.js
2019-01-31 09:45:34.492 +0900 - info: 서버 작동. - index.js
2019-01-31 09:45:39.651 +0900 - info: 메모리 로딩 시작. - index.js
2019-01-31 09:45:39.657 +0900 - info: 메모리 로딩 완료. - index.js
2019-01-31 09:45:39.690 +0900 - info: 메모리 로딩 시작. - write.js
2019-01-31 09:45:39.690 +0900 - info: 메모리 로딩 완료. - write.js
2019-01-31 09:45:39.691 +0900 - info: 메모리 로딩 시작. - read.js
2019-01-31 09:45:39.691 +0900 - info: 메모리 로딩 완료. - read.js
2019-01-31 09:45:39.692 +0900 - info: 메모리 로딩 시작. - read.js
2019-01-31 09:45:39.692 +0900 - info: 메모리 로딩 완료. - read.js
2019-01-31 09:45:39.695 +0900 - info: 서버 작동. - index.js
2019-01-31 09:45:44.311 +0900 - info: 메모리 로딩 시작. - index.js
2019-01-31 09:45:44.315 +0900 - info: 메모리 로딩 완료. - index.js
2019-01-31 09:45:44.341 +0900 - info: 메모리 로딩 시작. - write.js
2019-01-31 09:45:44.342 +0900 - info: 메모리 로딩 완료. - write.js
2019-01-31 09:45:44.343 +0900 - info: 메모리 로딩 시작. - read.js
2019-01-31 09:45:44.343 +0900 - info: 메모리 로딩 완료. - read.js
2019-01-31 09:45:44.343 +0900 - info: 메모리 로딩 시작. - read.js
2019-01-31 09:45:44.344 +0900 - info: 메모리 로딩 완료. - read.js
2019-01-31 09:45:44.346 +0900 - info: 서버 작동. - index.js
2019-01-31 09:45:45.454 +0900 - info: 메모리 로딩 시작. - index.js
2019-01-31 09:45:45.459 +0900 - info: 메모리 로딩 완료. - index.js
2019-01-31 09:45:45.493 +0900 - info: 메모리 로딩 시작. - write.js
2019-01-31 09:45:45.494 +0900 - info: 메모리 로딩 완료. - write.js
2019-01-31 09:45:45.495 +0900 - info: 메모리 로딩 시작. - read.js
2019-01-31 09:45:45.495 +0900 - info: 메모리 로딩 완료. - read.js
2019-01-31 09:45:45.496 +0900 - info: 메모리 로딩 시작. - read.js
2019-01-31 09:45:45.496 +0900 - info: 메모리 로딩 완료. - read.js
2019-01-31 09:45:45.499 +0900 - info: 서버 작동. - index.js
2019-01-31 09:45:50.626 +0900 - info: 메모리 로딩 시작. - index.js
2019-01-31 09:45:50.630 +0900 - info: 메모리 로딩 완료. - index.js
2019-01-31 09:45:50.671 +0900 - info: 메모리 로딩 시작. - write.js
2019-01-31 09:45:50.672 +0900 - info: 메모리 로딩 완료. - write.js
2019-01-31 09:45:50.673 +0900 - info: 메모리 로딩 시작. - read.js
2019-01-31 09:45:50.673 +0900 - info: 메모리 로딩 완료. - read.js
2019-01-31 09:45:50.674 +0900 - info: 메모리 로딩 시작. - read.js
2019-01-31 09:45:50.674 +0900 - info: 메모리 로딩 완료. - read.js
2019-01-31 09:45:50.678 +0900 - info: 서버 작동. - index.js
2019-01-31 09:45:55.874 +0900 - info: 메모리 로딩 시작. - index.js
2019-01-31 09:45:55.879 +0900 - info: 메모리 로딩 완료. - index.js
2019-01-31 09:45:55.918 +0900 - info: 메모리 로딩 시작. - write.js
2019-01-31 09:45:55.919 +0900 - info: 메모리 로딩 완료. - write.js
2019-01-31 09:45:55.920 +0900 - info: 메모리 로딩 시작. - read.js
2019-01-31 09:45:55.920 +0900 - info: 메모리 로딩 완료. - read.js
2019-01-31 09:45:55.921 +0900 - info: 메모리 로딩 시작. - read.js
2019-01-31 09:45:55.921 +0900 - info: 메모리 로딩 완료. - read.js
2019-01-31 09:45:55.925 +0900 - info: 서버 작동. - index.js
2019-01-31 09:45:58.464 +0900 - info: 메모리 로딩 시작. - index.js
2019-01-31 09:45:58.471 +0900 - info: 메모리 로딩 완료. - index.js
2019-01-31 09:45:58.515 +0900 - info: 메모리 로딩 시작. - write.js
2019-01-31 09:45:58.516 +0900 - info: 메모리 로딩 완료. - write.js
2019-01-31 09:45:58.516 +0900 - info: 메모리 로딩 시작. - read.js
2019-01-31 09:45:58.517 +0900 - info: 메모리 로딩 완료. - read.js
2019-01-31 09:45:58.518 +0900 - info: 메모리 로딩 시작. - read.js
2019-01-31 09:45:58.518 +0900 - info: 메모리 로딩 완료. - read.js
2019-01-31 09:45:58.521 +0900 - info: 서버 작동. - index.js
2019-01-31 09:46:01.167 +0900 - info: 메모리 로딩 시작. - index.js
2019-01-31 09:46:01.172 +0900 - info: 메모리 로딩 완료. - index.js
2019-01-31 09:46:01.199 +0900 - info: 메모리 로딩 시작. - write.js
2019-01-31 09:46:01.200 +0900 - info: 메모리 로딩 완료. - write.js
2019-01-31 09:46:01.201 +0900 - info: 메모리 로딩 시작. - read.js
2019-01-31 09:46:01.201 +0900 - info: 메모리 로딩 완료. - read.js
2019-01-31 09:46:01.201 +0900 - info: 메모리 로딩 시작. - read.js
2019-01-31 09:46:01.201 +0900 - info: 메모리 로딩 완료. - read.js
2019-01-31 09:46:01.204 +0900 - info: 서버 작동. - index.js
